
===========================================================================
report_checks -unconstrained
===========================================================================
======================= min_ss_100C_1v60 Corner ===================================

Startpoint: _1376_ (rising edge-triggered flip-flop clocked by clk)
Endpoint: _1391_ (rising edge-triggered flip-flop clocked by clk)
Path Group: clk
Path Type: max

Fanout         Cap        Slew       Delay        Time   Description
---------------------------------------------------------------------------------------------
                                  0.000000    0.000000   clock clk (rise edge)
                                  0.000000    0.000000   clock source latency
     1    0.022929    0.170380    0.116833    0.116833 ^ clk (in)
                                                         clk (net)
                      0.170385    0.000000    0.116833 ^ clkbuf_0_clk/A (sky130_fd_sc_hd__clkbuf_16)
     8    0.081926    0.150754    0.341108    0.457941 ^ clkbuf_0_clk/X (sky130_fd_sc_hd__clkbuf_16)
                                                         clknet_0_clk (net)
                      0.150801    0.002533    0.460474 ^ clkbuf_3_2__f_clk/A (sky130_fd_sc_hd__clkbuf_16)
    11    0.036531    0.089516    0.281781    0.742255 ^ clkbuf_3_2__f_clk/X (sky130_fd_sc_hd__clkbuf_16)
                                                         clknet_3_2__leaf_clk (net)
                      0.089521    0.000836    0.743091 ^ _1376_/CLK (sky130_fd_sc_hd__dfxtp_2)
     7    0.022021    0.189401    0.760725    1.503816 ^ _1376_/Q (sky130_fd_sc_hd__dfxtp_2)
                                                         net48 (net)
                      0.189401    0.000239    1.504056 ^ _0712_/B (sky130_fd_sc_hd__nor2_1)
     2    0.010491    0.109944    0.173908    1.677963 v _0712_/Y (sky130_fd_sc_hd__nor2_1)
                                                         _0089_ (net)
                      0.109944    0.000052    1.678015 v _0728_/A1 (sky130_fd_sc_hd__o31ai_4)
     4    0.015175    0.408559    0.524010    2.202025 ^ _0728_/Y (sky130_fd_sc_hd__o31ai_4)
                                                         _0103_ (net)
                      0.408559    0.000283    2.202308 ^ _0736_/A1 (sky130_fd_sc_hd__a21oi_2)
     3    0.013677    0.169089    0.284377    2.486685 v _0736_/Y (sky130_fd_sc_hd__a21oi_2)
                                                         _0110_ (net)
                      0.169089    0.000185    2.486870 v _0754_/B2 (sky130_fd_sc_hd__o221ai_4)
     4    0.012549    0.324365    0.315928    2.802798 ^ _0754_/Y (sky130_fd_sc_hd__o221ai_4)
                                                         _0126_ (net)
                      0.324365    0.000226    2.803024 ^ _0757_/C1 (sky130_fd_sc_hd__o211ai_1)
     1    0.005244    0.223490    0.312914    3.115938 v _0757_/Y (sky130_fd_sc_hd__o211ai_1)
                                                         _0129_ (net)
                      0.223490    0.000058    3.115996 v _0771_/C1 (sky130_fd_sc_hd__o211ai_2)
     3    0.013601    0.345659    0.221602    3.337598 ^ _0771_/Y (sky130_fd_sc_hd__o211ai_2)
                                                         _0141_ (net)
                      0.345659    0.000243    3.337840 ^ _0774_/D1 (sky130_fd_sc_hd__o2111ai_2)
     2    0.007471    0.252293    0.341299    3.679139 v _0774_/Y (sky130_fd_sc_hd__o2111ai_2)
                                                         _0144_ (net)
                      0.252293    0.000125    3.679264 v _0785_/B (sky130_fd_sc_hd__nand3_2)
     3    0.017812    0.183511    0.271313    3.950577 ^ _0785_/Y (sky130_fd_sc_hd__nand3_2)
                                                         _0153_ (net)
                      0.183511    0.000199    3.950776 ^ _0803_/C1 (sky130_fd_sc_hd__o211ai_2)
     1    0.011799    0.215917    0.269395    4.220171 v _0803_/Y (sky130_fd_sc_hd__o211ai_2)
                                                         _0169_ (net)
                      0.215917    0.000257    4.220428 v _0818_/A2 (sky130_fd_sc_hd__a21boi_4)
     7    0.028420    0.373015    0.473462    4.693890 ^ _0818_/Y (sky130_fd_sc_hd__a21boi_4)
                                                         _0182_ (net)
                      0.373015    0.000975    4.694865 ^ _0835_/A2 (sky130_fd_sc_hd__o211a_1)
     1    0.005113    0.104078    0.398750    5.093615 ^ _0835_/X (sky130_fd_sc_hd__o211a_1)
                                                         _0197_ (net)
                      0.104078    0.000103    5.093719 ^ fanout72/A (sky130_fd_sc_hd__clkbuf_2)
     8    0.026643    0.232725    0.325344    5.419063 ^ fanout72/X (sky130_fd_sc_hd__clkbuf_2)
                                                         net72 (net)
                      0.232725    0.000463    5.419526 ^ fanout71/A (sky130_fd_sc_hd__clkbuf_4)
    10    0.033246    0.175248    0.400234    5.819760 ^ fanout71/X (sky130_fd_sc_hd__clkbuf_4)
                                                         net71 (net)
                      0.175250    0.000992    5.820752 ^ _0837_/A2 (sky130_fd_sc_hd__a21oi_1)
     1    0.001899    0.080662    0.158093    5.978845 v _0837_/Y (sky130_fd_sc_hd__a21oi_1)
                                                         _0017_ (net)
                      0.080662    0.000010    5.978855 v hold140/A (sky130_fd_sc_hd__dlygate4sd3_1)
     1    0.001969    0.100381    1.113974    7.092828 v hold140/X (sky130_fd_sc_hd__dlygate4sd3_1)
                                                         net272 (net)
                      0.100381    0.000018    7.092846 v _1391_/D (sky130_fd_sc_hd__dfxtp_2)
                                              7.092846   data arrival time

                                  6.000000    6.000000   clock clk (rise edge)
                                  0.000000    6.000000   clock source latency
     1    0.022929    0.170380    0.116833    6.116833 ^ clk (in)
                                                         clk (net)
                      0.170385    0.000000    6.116833 ^ clkbuf_0_clk/A (sky130_fd_sc_hd__clkbuf_16)
     8    0.081926    0.150754    0.341108    6.457941 ^ clkbuf_0_clk/X (sky130_fd_sc_hd__clkbuf_16)
                                                         clknet_0_clk (net)
                      0.150801    0.002533    6.460474 ^ clkbuf_3_2__f_clk/A (sky130_fd_sc_hd__clkbuf_16)
    11    0.036531    0.089516    0.281781    6.742255 ^ clkbuf_3_2__f_clk/X (sky130_fd_sc_hd__clkbuf_16)
                                                         clknet_3_2__leaf_clk (net)
                      0.089516    0.000171    6.742426 ^ _1391_/CLK (sky130_fd_sc_hd__dfxtp_2)
                                 -0.250000    6.492426   clock uncertainty
                                  0.000000    6.492426   clock reconvergence pessimism
                                 -0.281726    6.210701   library setup time
                                              6.210701   data required time
---------------------------------------------------------------------------------------------
                                              6.210701   data required time
                                             -7.092846   data arrival time
---------------------------------------------------------------------------------------------
                                             -0.882146   slack (VIOLATED)




===========================================================================
report_checks --slack_max -0.01
============================================================================
======================= min_ss_100C_1v60 Corner ===================================

Startpoint: _1376_ (rising edge-triggered flip-flop clocked by clk)
Endpoint: _1391_ (rising edge-triggered flip-flop clocked by clk)
Path Group: clk
Path Type: max

Fanout         Cap        Slew       Delay        Time   Description
---------------------------------------------------------------------------------------------
                                  0.000000    0.000000   clock clk (rise edge)
                                  0.000000    0.000000   clock source latency
     1    0.022929    0.170380    0.116833    0.116833 ^ clk (in)
                                                         clk (net)
                      0.170385    0.000000    0.116833 ^ clkbuf_0_clk/A (sky130_fd_sc_hd__clkbuf_16)
     8    0.081926    0.150754    0.341108    0.457941 ^ clkbuf_0_clk/X (sky130_fd_sc_hd__clkbuf_16)
                                                         clknet_0_clk (net)
                      0.150801    0.002533    0.460474 ^ clkbuf_3_2__f_clk/A (sky130_fd_sc_hd__clkbuf_16)
    11    0.036531    0.089516    0.281781    0.742255 ^ clkbuf_3_2__f_clk/X (sky130_fd_sc_hd__clkbuf_16)
                                                         clknet_3_2__leaf_clk (net)
                      0.089521    0.000836    0.743091 ^ _1376_/CLK (sky130_fd_sc_hd__dfxtp_2)
     7    0.022021    0.189401    0.760725    1.503816 ^ _1376_/Q (sky130_fd_sc_hd__dfxtp_2)
                                                         net48 (net)
                      0.189401    0.000239    1.504056 ^ _0712_/B (sky130_fd_sc_hd__nor2_1)
     2    0.010491    0.109944    0.173908    1.677963 v _0712_/Y (sky130_fd_sc_hd__nor2_1)
                                                         _0089_ (net)
                      0.109944    0.000052    1.678015 v _0728_/A1 (sky130_fd_sc_hd__o31ai_4)
     4    0.015175    0.408559    0.524010    2.202025 ^ _0728_/Y (sky130_fd_sc_hd__o31ai_4)
                                                         _0103_ (net)
                      0.408559    0.000283    2.202308 ^ _0736_/A1 (sky130_fd_sc_hd__a21oi_2)
     3    0.013677    0.169089    0.284377    2.486685 v _0736_/Y (sky130_fd_sc_hd__a21oi_2)
                                                         _0110_ (net)
                      0.169089    0.000185    2.486870 v _0754_/B2 (sky130_fd_sc_hd__o221ai_4)
     4    0.012549    0.324365    0.315928    2.802798 ^ _0754_/Y (sky130_fd_sc_hd__o221ai_4)
                                                         _0126_ (net)
                      0.324365    0.000226    2.803024 ^ _0757_/C1 (sky130_fd_sc_hd__o211ai_1)
     1    0.005244    0.223490    0.312914    3.115938 v _0757_/Y (sky130_fd_sc_hd__o211ai_1)
                                                         _0129_ (net)
                      0.223490    0.000058    3.115996 v _0771_/C1 (sky130_fd_sc_hd__o211ai_2)
     3    0.013601    0.345659    0.221602    3.337598 ^ _0771_/Y (sky130_fd_sc_hd__o211ai_2)
                                                         _0141_ (net)
                      0.345659    0.000243    3.337840 ^ _0774_/D1 (sky130_fd_sc_hd__o2111ai_2)
     2    0.007471    0.252293    0.341299    3.679139 v _0774_/Y (sky130_fd_sc_hd__o2111ai_2)
                                                         _0144_ (net)
                      0.252293    0.000125    3.679264 v _0785_/B (sky130_fd_sc_hd__nand3_2)
     3    0.017812    0.183511    0.271313    3.950577 ^ _0785_/Y (sky130_fd_sc_hd__nand3_2)
                                                         _0153_ (net)
                      0.183511    0.000199    3.950776 ^ _0803_/C1 (sky130_fd_sc_hd__o211ai_2)
     1    0.011799    0.215917    0.269395    4.220171 v _0803_/Y (sky130_fd_sc_hd__o211ai_2)
                                                         _0169_ (net)
                      0.215917    0.000257    4.220428 v _0818_/A2 (sky130_fd_sc_hd__a21boi_4)
     7    0.028420    0.373015    0.473462    4.693890 ^ _0818_/Y (sky130_fd_sc_hd__a21boi_4)
                                                         _0182_ (net)
                      0.373015    0.000975    4.694865 ^ _0835_/A2 (sky130_fd_sc_hd__o211a_1)
     1    0.005113    0.104078    0.398750    5.093615 ^ _0835_/X (sky130_fd_sc_hd__o211a_1)
                                                         _0197_ (net)
                      0.104078    0.000103    5.093719 ^ fanout72/A (sky130_fd_sc_hd__clkbuf_2)
     8    0.026643    0.232725    0.325344    5.419063 ^ fanout72/X (sky130_fd_sc_hd__clkbuf_2)
                                                         net72 (net)
                      0.232725    0.000463    5.419526 ^ fanout71/A (sky130_fd_sc_hd__clkbuf_4)
    10    0.033246    0.175248    0.400234    5.819760 ^ fanout71/X (sky130_fd_sc_hd__clkbuf_4)
                                                         net71 (net)
                      0.175250    0.000992    5.820752 ^ _0837_/A2 (sky130_fd_sc_hd__a21oi_1)
     1    0.001899    0.080662    0.158093    5.978845 v _0837_/Y (sky130_fd_sc_hd__a21oi_1)
                                                         _0017_ (net)
                      0.080662    0.000010    5.978855 v hold140/A (sky130_fd_sc_hd__dlygate4sd3_1)
     1    0.001969    0.100381    1.113974    7.092828 v hold140/X (sky130_fd_sc_hd__dlygate4sd3_1)
                                                         net272 (net)
                      0.100381    0.000018    7.092846 v _1391_/D (sky130_fd_sc_hd__dfxtp_2)
                                              7.092846   data arrival time

                                  6.000000    6.000000   clock clk (rise edge)
                                  0.000000    6.000000   clock source latency
     1    0.022929    0.170380    0.116833    6.116833 ^ clk (in)
                                                         clk (net)
                      0.170385    0.000000    6.116833 ^ clkbuf_0_clk/A (sky130_fd_sc_hd__clkbuf_16)
     8    0.081926    0.150754    0.341108    6.457941 ^ clkbuf_0_clk/X (sky130_fd_sc_hd__clkbuf_16)
                                                         clknet_0_clk (net)
                      0.150801    0.002533    6.460474 ^ clkbuf_3_2__f_clk/A (sky130_fd_sc_hd__clkbuf_16)
    11    0.036531    0.089516    0.281781    6.742255 ^ clkbuf_3_2__f_clk/X (sky130_fd_sc_hd__clkbuf_16)
                                                         clknet_3_2__leaf_clk (net)
                      0.089516    0.000171    6.742426 ^ _1391_/CLK (sky130_fd_sc_hd__dfxtp_2)
                                 -0.250000    6.492426   clock uncertainty
                                  0.000000    6.492426   clock reconvergence pessimism
                                 -0.281726    6.210701   library setup time
                                              6.210701   data required time
---------------------------------------------------------------------------------------------
                                              6.210701   data required time
                                             -7.092846   data arrival time
---------------------------------------------------------------------------------------------
                                             -0.882146   slack (VIOLATED)




===========================================================================
 report_check_types -max_slew -max_cap -max_fanout -violators
============================================================================
======================= min_ss_100C_1v60 Corner ===================================

max slew

Pin                                        Limit        Slew       Slack
------------------------------------------------------------------------
_1357_/Y                                0.750000    0.757585   -0.007585 (VIOLATED)
_1360_/B1                               0.750000    0.757585   -0.007585 (VIOLATED)
max_cap73/A                             0.750000    0.757585   -0.007585 (VIOLATED)

max fanout

Pin                                   Limit Fanout  Slack
---------------------------------------------------------
clkbuf_3_2__f_clk/X                      10     11        (VIOLATED)
clkbuf_3_3__f_clk/X                      10     11        (VIOLATED)
clkbuf_3_7__f_clk/X                      10     11        (VIOLATED)



===========================================================================
report_parasitic_annotation -report_unannotated
============================================================================
Found 7 unannotated drivers.
 clkload0/X
 clkload1/Y
 clkload2/X
 clkload3/Y
 clkload4/Y
 clkload5/Y
 clkload6/X
Found 0 partially unannotated drivers.

===========================================================================
max slew violation count 3
max fanout violation count 3
max cap violation count 0
============================================================================

===========================================================================
check_setup -verbose -unconstrained_endpoints -multiple_clock -no_clock -no_input_delay -loops -generated_clocks
===========================================================================
