Reading OpenROAD database at '/home/anils_0611/vlsi_projects/pe_asic/pnr/config/runs/reg_run4/41-openroad-repairantennas/1-diodeinsertion/PE.odb'…
Reading library file at '/home/anils_0611/.volare/volare/sky130/versions/0fe599b2afb6708d281543108caf8310912f54af/sky130A/libs.ref/sky130_fd_sc_hd/lib/sky130_fd_sc_hd__tt_025C_1v80.lib'…
Reading design constraints file at '/nix/store/9hhfv2x4r4x6v55799pa58jc2yni6awy-python3.11-openlane-2.3.10/lib/python3.11/site-packages/openlane/scripts/base.sdc'…
[INFO] Using clock clk…
[INFO] Setting output delay to: 0
[INFO] Setting input delay to: 0
[INFO] Setting load to: 0.033442
[INFO] Setting clock uncertainty to: 0.25
[INFO] Setting clock transition to: 0.1499999999999999944488848768742172978818416595458984375
[INFO] Setting timing derate to: 5%
[INFO ORD-0030] Using 12 thread(s).
[INFO DRT-0149] Reading tech and libs.
[WARNING DRT-0349] LEF58_ENCLOSURE with no CUTCLASS is not supported. Skipping for layer mcon
[WARNING DRT-0349] LEF58_ENCLOSURE with no CUTCLASS is not supported. Skipping for layer mcon
[WARNING DRT-0349] LEF58_ENCLOSURE with no CUTCLASS is not supported. Skipping for layer via
[WARNING DRT-0349] LEF58_ENCLOSURE with no CUTCLASS is not supported. Skipping for layer via
[WARNING DRT-0349] LEF58_ENCLOSURE with no CUTCLASS is not supported. Skipping for layer via2
[WARNING DRT-0349] LEF58_ENCLOSURE with no CUTCLASS is not supported. Skipping for layer via2
[WARNING DRT-0349] LEF58_ENCLOSURE with no CUTCLASS is not supported. Skipping for layer via3
[WARNING DRT-0349] LEF58_ENCLOSURE with no CUTCLASS is not supported. Skipping for layer via3
[WARNING DRT-0349] LEF58_ENCLOSURE with no CUTCLASS is not supported. Skipping for layer via4
[WARNING DRT-0349] LEF58_ENCLOSURE with no CUTCLASS is not supported. Skipping for layer via4

Units:                1000
Number of layers:     13
Number of macros:     441
Number of vias:       28
Number of viarulegen: 25

[INFO DRT-0150] Reading design.

Design:                   PE
Die area:                 ( 0 0 ) ( 155925 166645 )
Number of track patterns: 12
Number of DEF vias:       0
Number of components:     1482
Number of terminals:      73
Number of snets:          2
Number of nets:           1089

[INFO DRT-0167] List of default vias:
  Layer via
    default via: M1M2_PR
  Layer via2
    default via: M2M3_PR
  Layer via3
    default via: M3M4_PR
  Layer via4
    default via: M4M5_PR
[INFO DRT-0162] Library cell analysis.
[INFO DRT-0163] Instance analysis.
[INFO DRT-0164] Number of unique instances = 307.
[INFO DRT-0168] Init region query.
[INFO DRT-0024]   Complete FR_MASTERSLICE.
[INFO DRT-0024]   Complete licon.
[INFO DRT-0024]   Complete li1.
[INFO DRT-0024]   Complete mcon.
[INFO DRT-0024]   Complete met1.
[INFO DRT-0024]   Complete via.
[INFO DRT-0024]   Complete met2.
[INFO DRT-0024]   Complete via2.
[INFO DRT-0024]   Complete met3.
[INFO DRT-0024]   Complete via3.
[INFO DRT-0024]   Complete met4.
[INFO DRT-0024]   Complete via4.
[INFO DRT-0024]   Complete met5.
[INFO DRT-0033] FR_MASTERSLICE shape region query size = 0.
[INFO DRT-0033] licon shape region query size = 0.
[INFO DRT-0033] li1 shape region query size = 37167.
[INFO DRT-0033] mcon shape region query size = 0.
[INFO DRT-0033] met1 shape region query size = 3662.
[INFO DRT-0033] via shape region query size = 270.
[INFO DRT-0033] met2 shape region query size = 193.
[INFO DRT-0033] via2 shape region query size = 216.
[INFO DRT-0033] met3 shape region query size = 202.
[INFO DRT-0033] via3 shape region query size = 216.
[INFO DRT-0033] met4 shape region query size = 58.
[INFO DRT-0033] via4 shape region query size = 0.
[INFO DRT-0033] met5 shape region query size = 0.
[INFO DRT-0165] Start pin access.
[INFO DRT-0076]   Complete 1000 pins.
[INFO DRT-0078]   Complete 1213 pins.
[INFO DRT-0079]   Complete 100 unique inst patterns.
[INFO DRT-0079]   Complete 200 unique inst patterns.
[INFO DRT-0079]   Complete 300 unique inst patterns.
[INFO DRT-0081]   Complete 301 unique inst patterns.
[INFO DRT-0084]   Complete 602 groups.
#scanned instances     = 1482
#unique  instances     = 307
#stdCellGenAp          = 9130
#stdCellValidPlanarAp  = 0
#stdCellValidViaAp     = 6967
#stdCellPinNoAp        = 0
#stdCellPinCnt         = 3793
#instTermValidViaApCnt = 0
#macroGenAp            = 0
#macroValidPlanarAp    = 0
#macroValidViaAp       = 0
#macroNoAp             = 0
[INFO DRT-0166] Complete pin access.
[INFO DRT-0267] cpu time = 00:01:17, elapsed time = 00:00:06, memory = 146.66 (MB), peak = 146.66 (MB)

[INFO DRT-0157] Number of guides:     8136

[INFO DRT-0169] Post process guides.
[INFO DRT-0176] GCELLGRID X 0 DO 22 STEP 6900 ;
[INFO DRT-0177] GCELLGRID Y 0 DO 24 STEP 6900 ;
[INFO DRT-0028]   Complete FR_MASTERSLICE.
[INFO DRT-0028]   Complete licon.
[INFO DRT-0028]   Complete li1.
[INFO DRT-0028]   Complete mcon.
[INFO DRT-0028]   Complete met1.
[INFO DRT-0028]   Complete via.
[INFO DRT-0028]   Complete met2.
[INFO DRT-0028]   Complete via2.
[INFO DRT-0028]   Complete met3.
[INFO DRT-0028]   Complete via3.
[INFO DRT-0028]   Complete met4.
[INFO DRT-0028]   Complete via4.
[INFO DRT-0028]   Complete met5.
[INFO DRT-0178] Init guide query.
[INFO DRT-0035]   Complete FR_MASTERSLICE (guide).
[INFO DRT-0035]   Complete licon (guide).
[INFO DRT-0035]   Complete li1 (guide).
[INFO DRT-0035]   Complete mcon (guide).
[INFO DRT-0035]   Complete met1 (guide).
[INFO DRT-0035]   Complete via (guide).
[INFO DRT-0035]   Complete met2 (guide).
[INFO DRT-0035]   Complete via2 (guide).
[INFO DRT-0035]   Complete met3 (guide).
[INFO DRT-0035]   Complete via3 (guide).
[INFO DRT-0035]   Complete met4 (guide).
[INFO DRT-0035]   Complete via4 (guide).
[INFO DRT-0035]   Complete met5 (guide).
[INFO DRT-0036] FR_MASTERSLICE guide region query size = 0.
[INFO DRT-0036] licon guide region query size = 0.
[INFO DRT-0036] li1 guide region query size = 2978.
[INFO DRT-0036] mcon guide region query size = 0.
[INFO DRT-0036] met1 guide region query size = 2261.
[INFO DRT-0036] via guide region query size = 0.
[INFO DRT-0036] met2 guide region query size = 1194.
[INFO DRT-0036] via2 guide region query size = 0.
[INFO DRT-0036] met3 guide region query size = 72.
[INFO DRT-0036] via3 guide region query size = 0.
[INFO DRT-0036] met4 guide region query size = 12.
[INFO DRT-0036] via4 guide region query size = 0.
[INFO DRT-0036] met5 guide region query size = 0.
[INFO DRT-0179] Init gr pin query.
[INFO DRT-0245] skipped writing guide updates to database.
[INFO DRT-0185] Post process initialize RPin region query.
[INFO DRT-0181] Start track assignment.
[INFO DRT-0184] Done with 4184 vertical wires in 1 frboxes and 2333 horizontal wires in 1 frboxes.
[INFO DRT-0186] Done with 380 vertical wires in 1 frboxes and 699 horizontal wires in 1 frboxes.
[INFO DRT-0182] Complete track assignment.
[INFO DRT-0267] cpu time = 00:00:04, elapsed time = 00:00:00, memory = 162.29 (MB), peak = 162.29 (MB)
[INFO DRT-0187] Start routing data preparation.
[INFO DRT-0267] cpu time = 00:00:00, elapsed time = 00:00:00, memory = 162.29 (MB), peak = 162.29 (MB)
[INFO DRT-0194] Start detail routing.
[INFO DRT-0195] Start 0th optimization iteration.
    Completing 10% with 0 violations.
    elapsed time = 00:00:01, memory = 229.24 (MB).
    Completing 20% with 0 violations.
    elapsed time = 00:00:02, memory = 198.03 (MB).
    Completing 30% with 104 violations.
    elapsed time = 00:00:02, memory = 242.41 (MB).
    Completing 40% with 104 violations.
    elapsed time = 00:00:03, memory = 224.32 (MB).
    Completing 50% with 104 violations.
    elapsed time = 00:00:03, memory = 224.32 (MB).
    Completing 60% with 180 violations.
    elapsed time = 00:00:04, memory = 271.95 (MB).
    Completing 70% with 180 violations.
    elapsed time = 00:00:05, memory = 293.07 (MB).
    Completing 80% with 244 violations.
    elapsed time = 00:00:05, memory = 298.95 (MB).
    Completing 90% with 244 violations.
    elapsed time = 00:00:06, memory = 302.95 (MB).
    Completing 100% with 303 violations.
    elapsed time = 00:00:06, memory = 302.95 (MB).
[INFO DRT-0199]   Number of violations = 359.
Viol/Layer         li1   mcon   met1   met2   met3
Cut Spacing          0      1      0      0      0
Metal Spacing       19      0     59     11     14
NS Metal             1      0      0      0      0
Recheck              1      0     40     15      0
Short                0      0    185     13      0
[INFO DRT-0267] cpu time = 00:00:26, elapsed time = 00:00:07, memory = 658.07 (MB), peak = 658.07 (MB)
Total wire length = 25537 um.
Total wire length on LAYER li1 = 0 um.
Total wire length on LAYER met1 = 12426 um.
Total wire length on LAYER met2 = 12259 um.
Total wire length on LAYER met3 = 561 um.
Total wire length on LAYER met4 = 289 um.
Total wire length on LAYER met5 = 0 um.
Total number of vias = 7763.
Up-via summary (total 7763):

-----------------------
 FR_MASTERSLICE       0
            li1    3795
           met1    3864
           met2      87
           met3      17
           met4       0
-----------------------
                   7763


[INFO DRT-0195] Start 1st optimization iteration.
    Completing 10% with 359 violations.
    elapsed time = 00:00:00, memory = 702.45 (MB).
    Completing 20% with 359 violations.
    elapsed time = 00:00:01, memory = 704.95 (MB).
    Completing 30% with 323 violations.
    elapsed time = 00:00:01, memory = 724.82 (MB).
    Completing 40% with 323 violations.
    elapsed time = 00:00:02, memory = 724.82 (MB).
    Completing 50% with 323 violations.
    elapsed time = 00:00:03, memory = 724.82 (MB).
    Completing 60% with 268 violations.
    elapsed time = 00:00:03, memory = 751.70 (MB).
    Completing 70% with 268 violations.
    elapsed time = 00:00:04, memory = 751.70 (MB).
    Completing 80% with 184 violations.
    elapsed time = 00:00:04, memory = 753.70 (MB).
    Completing 90% with 184 violations.
    elapsed time = 00:00:05, memory = 754.95 (MB).
    Completing 100% with 145 violations.
    elapsed time = 00:00:05, memory = 754.95 (MB).
[INFO DRT-0199]   Number of violations = 145.
Viol/Layer        mcon   met1   met2   met3
Cut Spacing          1      0      0      0
Metal Spacing        0     27      8      2
Short                0    105      2      0
[INFO DRT-0267] cpu time = 00:00:23, elapsed time = 00:00:06, memory = 755.07 (MB), peak = 755.07 (MB)
Total wire length = 25294 um.
Total wire length on LAYER li1 = 0 um.
Total wire length on LAYER met1 = 12265 um.
Total wire length on LAYER met2 = 12196 um.
Total wire length on LAYER met3 = 540 um.
Total wire length on LAYER met4 = 290 um.
Total wire length on LAYER met5 = 0 um.
Total number of vias = 7772.
Up-via summary (total 7772):

-----------------------
 FR_MASTERSLICE       0
            li1    3793
           met1    3876
           met2      86
           met3      17
           met4       0
-----------------------
                   7772


[INFO DRT-0195] Start 2nd optimization iteration.
    Completing 10% with 145 violations.
    elapsed time = 00:00:00, memory = 755.07 (MB).
    Completing 20% with 145 violations.
    elapsed time = 00:00:00, memory = 755.07 (MB).
    Completing 30% with 148 violations.
    elapsed time = 00:00:01, memory = 756.57 (MB).
    Completing 40% with 148 violations.
    elapsed time = 00:00:01, memory = 797.70 (MB).
    Completing 50% with 148 violations.
    elapsed time = 00:00:02, memory = 803.20 (MB).
    Completing 60% with 151 violations.
    elapsed time = 00:00:02, memory = 803.20 (MB).
    Completing 70% with 151 violations.
    elapsed time = 00:00:02, memory = 803.20 (MB).
    Completing 80% with 151 violations.
    elapsed time = 00:00:04, memory = 807.45 (MB).
    Completing 90% with 140 violations.
    elapsed time = 00:00:06, memory = 840.45 (MB).
    Completing 100% with 98 violations.
    elapsed time = 00:00:07, memory = 840.45 (MB).
[INFO DRT-0199]   Number of violations = 98.
Viol/Layer        met1   met2
Metal Spacing       25      3
Short               68      2
[INFO DRT-0267] cpu time = 00:00:24, elapsed time = 00:00:07, memory = 843.45 (MB), peak = 843.45 (MB)
Total wire length = 25180 um.
Total wire length on LAYER li1 = 0 um.
Total wire length on LAYER met1 = 12195 um.
Total wire length on LAYER met2 = 12154 um.
Total wire length on LAYER met3 = 545 um.
Total wire length on LAYER met4 = 284 um.
Total wire length on LAYER met5 = 0 um.
Total number of vias = 7727.
Up-via summary (total 7727):

-----------------------
 FR_MASTERSLICE       0
            li1    3793
           met1    3827
           met2      90
           met3      17
           met4       0
-----------------------
                   7727


[INFO DRT-0195] Start 3rd optimization iteration.
    Completing 10% with 98 violations.
    elapsed time = 00:00:00, memory = 876.82 (MB).
    Completing 20% with 98 violations.
    elapsed time = 00:00:00, memory = 876.82 (MB).
    Completing 30% with 63 violations.
    elapsed time = 00:00:00, memory = 876.82 (MB).
    Completing 40% with 63 violations.
    elapsed time = 00:00:01, memory = 876.89 (MB).
    Completing 50% with 63 violations.
    elapsed time = 00:00:01, memory = 876.89 (MB).
    Completing 60% with 48 violations.
    elapsed time = 00:00:01, memory = 876.89 (MB).
    Completing 70% with 48 violations.
    elapsed time = 00:00:02, memory = 877.08 (MB).
    Completing 80% with 19 violations.
    elapsed time = 00:00:02, memory = 877.08 (MB).
    Completing 90% with 19 violations.
    elapsed time = 00:00:02, memory = 877.08 (MB).
    Completing 100% with 0 violations.
    elapsed time = 00:00:02, memory = 877.08 (MB).
[INFO DRT-0199]   Number of violations = 0.
[INFO DRT-0267] cpu time = 00:00:15, elapsed time = 00:00:02, memory = 877.08 (MB), peak = 901.89 (MB)
Total wire length = 25197 um.
Total wire length on LAYER li1 = 0 um.
Total wire length on LAYER met1 = 12106 um.
Total wire length on LAYER met2 = 12190 um.
Total wire length on LAYER met3 = 615 um.
Total wire length on LAYER met4 = 284 um.
Total wire length on LAYER met5 = 0 um.
Total number of vias = 7775.
Up-via summary (total 7775):

-----------------------
 FR_MASTERSLICE       0
            li1    3793
           met1    3856
           met2     109
           met3      17
           met4       0
-----------------------
                   7775


[INFO DRT-0198] Complete detail routing.
Total wire length = 25197 um.
Total wire length on LAYER li1 = 0 um.
Total wire length on LAYER met1 = 12106 um.
Total wire length on LAYER met2 = 12190 um.
Total wire length on LAYER met3 = 615 um.
Total wire length on LAYER met4 = 284 um.
Total wire length on LAYER met5 = 0 um.
Total number of vias = 7775.
Up-via summary (total 7775):

-----------------------
 FR_MASTERSLICE       0
            li1    3793
           met1    3856
           met2     109
           met3      17
           met4       0
-----------------------
                   7775


[INFO DRT-0267] cpu time = 00:01:29, elapsed time = 00:00:23, memory = 877.08 (MB), peak = 901.89 (MB)

[INFO DRT-0180] Post processing.
Setting global connections for newly added cells…
[INFO] Setting global connections...
Updating metrics…
Cell type report:                       Count       Area
  Fill cell                               106     397.88
  Tap cell                                302     377.86
  Clock buffer                             11     246.49
  Timing Repair Buffer                    305    2508.66
  Inverter                                 22     105.10
  Clock inverter                            4      51.30
  Sequential cell                          67    1355.05
  Multi-Input combinational cell          665    6964.18
  Total                                  1482   12006.52
Writing OpenROAD database to '/home/anils_0611/vlsi_projects/pe_asic/pnr/config/runs/reg_run4/43-openroad-detailedrouting/PE.odb'…
Writing netlist to '/home/anils_0611/vlsi_projects/pe_asic/pnr/config/runs/reg_run4/43-openroad-detailedrouting/PE.nl.v'…
Writing powered netlist to '/home/anils_0611/vlsi_projects/pe_asic/pnr/config/runs/reg_run4/43-openroad-detailedrouting/PE.pnl.v'…
Writing layout to '/home/anils_0611/vlsi_projects/pe_asic/pnr/config/runs/reg_run4/43-openroad-detailedrouting/PE.def'…
Writing timing constraints to '/home/anils_0611/vlsi_projects/pe_asic/pnr/config/runs/reg_run4/43-openroad-detailedrouting/PE.sdc'…
