
===========================================================================
report_checks -unconstrained
===========================================================================
======================= max_ff_n40C_1v95 Corner ===================================

Startpoint: b_in[5] (input port clocked by clk)
Endpoint: _1432_ (rising edge-triggered flip-flop clocked by clk)
Path Group: clk
Path Type: max

Fanout         Cap        Slew       Delay        Time   Description
---------------------------------------------------------------------------------------------
                                  0.000000    0.000000   clock clk (rise edge)
                                  0.000000    0.000000   clock network delay (propagated)
                                  1.000000    1.000000 ^ input external delay
     1    0.003014    0.014682    0.007843    1.007843 ^ b_in[5] (in)
                                                         b_in[5] (net)
                      0.014684    0.000000    1.007843 ^ input14/A (sky130_fd_sc_hd__clkbuf_1)
     1    0.008139    0.076906    0.079029    1.086873 ^ input14/X (sky130_fd_sc_hd__clkbuf_1)
                                                         net14 (net)
                      0.076913    0.000630    1.087503 ^ fanout117/A (sky130_fd_sc_hd__buf_2)
     5    0.053486    0.197026    0.194179    1.281681 ^ fanout117/X (sky130_fd_sc_hd__buf_2)
                                                         net117 (net)
                      0.197185    0.004636    1.286317 ^ fanout116/A (sky130_fd_sc_hd__buf_4)
    10    0.068360    0.144705    0.177551    1.463868 ^ fanout116/X (sky130_fd_sc_hd__buf_4)
                                                         net116 (net)
                      0.145248    0.007215    1.471084 ^ _0698_/A (sky130_fd_sc_hd__clkinv_4)
    10    0.068662    0.111813    0.111747    1.582831 v _0698_/Y (sky130_fd_sc_hd__clkinv_4)
                                                         _0078_ (net)
                      0.112562    0.007517    1.590348 v _1032_/A2 (sky130_fd_sc_hd__o21a_1)
     3    0.014025    0.058528    0.169246    1.759594 v _1032_/X (sky130_fd_sc_hd__o21a_1)
                                                         _0363_ (net)
                      0.058536    0.000714    1.760308 v _1035_/D (sky130_fd_sc_hd__or4_4)
     4    0.025553    0.083290    0.286961    2.047269 v _1035_/X (sky130_fd_sc_hd__or4_4)
                                                         _0366_ (net)
                      0.083310    0.001049    2.048318 v _1038_/A (sky130_fd_sc_hd__nand2_2)
     4    0.019961    0.088274    0.099356    2.147675 ^ _1038_/Y (sky130_fd_sc_hd__nand2_2)
                                                         _0369_ (net)
                      0.088285    0.000782    2.148457 ^ _1051_/B1 (sky130_fd_sc_hd__a32oi_4)
     3    0.016646    0.078894    0.045802    2.194259 v _1051_/Y (sky130_fd_sc_hd__a32oi_4)
                                                         _0381_ (net)
                      0.078898    0.001153    2.195411 v rebuffer26/A (sky130_fd_sc_hd__dlygate4sd1_1)
     2    0.013302    0.052495    0.192528    2.387939 v rebuffer26/X (sky130_fd_sc_hd__dlygate4sd1_1)
                                                         net158 (net)
                      0.052511    0.000871    2.388810 v _1182_/A2 (sky130_fd_sc_hd__o2111ai_4)
     5    0.025213    0.216412    0.200446    2.589256 ^ _1182_/Y (sky130_fd_sc_hd__o2111ai_4)
                                                         _0511_ (net)
                      0.216415    0.001686    2.590942 ^ _1239_/B (sky130_fd_sc_hd__nand4_4)
     1    0.009826    0.078051    0.072978    2.663920 v _1239_/Y (sky130_fd_sc_hd__nand4_4)
                                                         _0566_ (net)
                      0.078053    0.000752    2.664672 v _1328_/A1 (sky130_fd_sc_hd__o21ai_4)
     4    0.015684    0.121726    0.145535    2.810207 ^ _1328_/Y (sky130_fd_sc_hd__o21ai_4)
                                                         _0653_ (net)
                      0.121729    0.001148    2.811355 ^ _1350_/A (sky130_fd_sc_hd__nand3_1)
     2    0.006633    0.068839    0.065673    2.877027 v _1350_/Y (sky130_fd_sc_hd__nand3_1)
                                                         _0673_ (net)
                      0.068843    0.000414    2.877441 v _1360_/A2_N (sky130_fd_sc_hd__o2bb2ai_1)
     1    0.003805    0.065286    0.081376    2.958818 v _1360_/Y (sky130_fd_sc_hd__o2bb2ai_1)
                                                         _0683_ (net)
                      0.065287    0.000254    2.959072 v _1365_/A2 (sky130_fd_sc_hd__a31oi_1)
     1    0.002386    0.086513    0.113846    3.072917 ^ _1365_/Y (sky130_fd_sc_hd__a31oi_1)
                                                         _0058_ (net)
                      0.086513    0.000110    3.073027 ^ _1432_/D (sky130_fd_sc_hd__dfxtp_1)
                                              3.073027   data arrival time

                                  5.000000    5.000000   clock clk (rise edge)
                                  0.000000    5.000000   clock source latency
     1    0.024167    0.085584    0.059356    5.059356 ^ clk (in)
                                                         clk (net)
                      0.085629    0.000000    5.059356 ^ clkbuf_0_clk/A (sky130_fd_sc_hd__clkbuf_16)
     8    0.088418    0.081330    0.134417    5.193773 ^ clkbuf_0_clk/X (sky130_fd_sc_hd__clkbuf_16)
                                                         clknet_0_clk (net)
                      0.082617    0.008087    5.201860 ^ clkbuf_3_5__f_clk/A (sky130_fd_sc_hd__clkbuf_16)
     8    0.034515    0.041503    0.107387    5.309247 ^ clkbuf_3_5__f_clk/X (sky130_fd_sc_hd__clkbuf_16)
                                                         clknet_3_5__leaf_clk (net)
                      0.041702    0.001961    5.311208 ^ _1432_/CLK (sky130_fd_sc_hd__dfxtp_1)
                                 -0.250000    5.061208   clock uncertainty
                                  0.000000    5.061208   clock reconvergence pessimism
                                 -0.033597    5.027611   library setup time
                                              5.027611   data required time
---------------------------------------------------------------------------------------------
                                              5.027611   data required time
                                             -3.073027   data arrival time
---------------------------------------------------------------------------------------------
                                              1.954584   slack (MET)




===========================================================================
report_checks --slack_max -0.01
============================================================================
======================= max_ff_n40C_1v95 Corner ===================================

No paths found.


===========================================================================
 report_check_types -max_slew -max_cap -max_fanout -violators
============================================================================
======================= max_ff_n40C_1v95 Corner ===================================

max fanout

Pin                                   Limit Fanout  Slack
---------------------------------------------------------
clkbuf_3_2__f_clk/X                      10     11        (VIOLATED)
clkbuf_3_3__f_clk/X                      10     11        (VIOLATED)
clkbuf_3_7__f_clk/X                      10     11        (VIOLATED)



===========================================================================
report_parasitic_annotation -report_unannotated
============================================================================
Found 7 unannotated drivers.
 clkload0/X
 clkload1/Y
 clkload2/X
 clkload3/Y
 clkload4/Y
 clkload5/Y
 clkload6/X
Found 0 partially unannotated drivers.

===========================================================================
max slew violation count 0
max fanout violation count 3
max cap violation count 0
============================================================================

===========================================================================
check_setup -verbose -unconstrained_endpoints -multiple_clock -no_clock -no_input_delay -loops -generated_clocks
===========================================================================
