
===========================================================================
report_checks -unconstrained
===========================================================================
======================= nom_tt_025C_1v80 Corner ===================================

Startpoint: b_in[4] (input port clocked by clk)
Endpoint: _1426_ (rising edge-triggered flip-flop clocked by clk)
Path Group: clk
Path Type: max

Fanout         Cap        Slew       Delay        Time   Description
---------------------------------------------------------------------------------------------
                                  0.000000    0.000000   clock clk (rise edge)
                                  0.000000    0.000000   clock network delay (propagated)
                                  1.000000    1.000000 v input external delay
     1    0.005131    0.013904    0.008323    1.008323 v b_in[4] (in)
                                                         b_in[4] (net)
                      0.013905    0.000000    1.008323 v input13/A (sky130_fd_sc_hd__clkbuf_1)
     1    0.006776    0.047556    0.092708    1.101030 v input13/X (sky130_fd_sc_hd__clkbuf_1)
                                                         net13 (net)
                      0.047558    0.000302    1.101333 v fanout124/A (sky130_fd_sc_hd__buf_6)
     2    0.013469    0.028085    0.119877    1.221210 v fanout124/X (sky130_fd_sc_hd__buf_6)
                                                         net124 (net)
                      0.028097    0.000526    1.221736 v fanout122/A (sky130_fd_sc_hd__buf_12)
     7    0.049928    0.041598    0.133910    1.355646 v fanout122/X (sky130_fd_sc_hd__buf_12)
                                                         net122 (net)
                      0.041711    0.001616    1.357262 v fanout121/A (sky130_fd_sc_hd__buf_12)
    10    0.056588    0.044374    0.143356    1.500618 v fanout121/X (sky130_fd_sc_hd__buf_12)
                                                         net121 (net)
                      0.044528    0.001585    1.502203 v _1124_/A2 (sky130_fd_sc_hd__a22o_4)
     3    0.012911    0.050425    0.265512    1.767716 v _1124_/X (sky130_fd_sc_hd__a22o_4)
                                                         _0453_ (net)
                      0.050426    0.000327    1.768043 v _1126_/B2 (sky130_fd_sc_hd__a22oi_4)
     3    0.010271    0.158529    0.167073    1.935116 ^ _1126_/Y (sky130_fd_sc_hd__a22oi_4)
                                                         _0455_ (net)
                      0.158529    0.000252    1.935369 ^ rebuffer48/A (sky130_fd_sc_hd__clkbuf_1)
     1    0.005590    0.075594    0.129245    2.064613 ^ rebuffer48/X (sky130_fd_sc_hd__clkbuf_1)
                                                         net183 (net)
                      0.075594    0.000138    2.064751 ^ rebuffer31/A (sky130_fd_sc_hd__buf_6)
     1    0.010826    0.034714    0.101945    2.166697 ^ rebuffer31/X (sky130_fd_sc_hd__buf_6)
                                                         net166 (net)
                      0.034721    0.000456    2.167152 ^ _1144_/A1_N (sky130_fd_sc_hd__a2bb2oi_4)
     1    0.011157    0.121883    0.150507    2.317659 ^ _1144_/Y (sky130_fd_sc_hd__a2bb2oi_4)
                                                         _0473_ (net)
                      0.121883    0.000362    2.318021 ^ _1148_/A1 (sky130_fd_sc_hd__o21ai_4)
     6    0.021285    0.082433    0.098471    2.416492 v _1148_/Y (sky130_fd_sc_hd__o21ai_4)
                                                         _0477_ (net)
                      0.082449    0.001057    2.417549 v rebuffer49/A (sky130_fd_sc_hd__buf_1)
     1    0.004221    0.034150    0.110871    2.528420 v rebuffer49/X (sky130_fd_sc_hd__buf_1)
                                                         net184 (net)
                      0.034150    0.000135    2.528555 v rebuffer22/A (sky130_fd_sc_hd__buf_2)
     1    0.009426    0.038142    0.127200    2.655756 v rebuffer22/X (sky130_fd_sc_hd__buf_2)
                                                         net157 (net)
                      0.038143    0.000269    2.656024 v _1166_/A1_N (sky130_fd_sc_hd__o2bb2ai_4)
     1    0.009449    0.064892    0.133874    2.789898 v _1166_/Y (sky130_fd_sc_hd__o2bb2ai_4)
                                                         _0495_ (net)
                      0.064892    0.000286    2.790184 v _1171_/C1 (sky130_fd_sc_hd__o2111ai_4)
     3    0.025133    0.281205    0.135678    2.925861 ^ _1171_/Y (sky130_fd_sc_hd__o2111ai_4)
                                                         _0500_ (net)
                      0.281205    0.000907    2.926768 ^ _1175_/A1 (sky130_fd_sc_hd__a21oi_4)
     3    0.020023    0.094394    0.123116    3.049884 v _1175_/Y (sky130_fd_sc_hd__a21oi_4)
                                                         _0504_ (net)
                      0.094395    0.000412    3.050295 v _1180_/B1 (sky130_fd_sc_hd__o221ai_4)
     4    0.028632    0.300838    0.287210    3.337506 ^ _1180_/Y (sky130_fd_sc_hd__o221ai_4)
                                                         _0509_ (net)
                      0.300839    0.001162    3.338667 ^ _1183_/B1 (sky130_fd_sc_hd__o21ai_2)
     2    0.006034    0.078600    0.104730    3.443398 v _1183_/Y (sky130_fd_sc_hd__o21ai_2)
                                                         _0512_ (net)
                      0.078600    0.000166    3.443563 v _1235_/A1 (sky130_fd_sc_hd__o21a_1)
     2    0.005563    0.047482    0.205940    3.649504 v _1235_/X (sky130_fd_sc_hd__o21a_1)
                                                         _0563_ (net)
                      0.047482    0.000106    3.649610 v _1237_/A3 (sky130_fd_sc_hd__o311a_1)
     1    0.003922    0.057045    0.290023    3.939632 v _1237_/X (sky130_fd_sc_hd__o311a_1)
                                                         _0565_ (net)
                      0.057045    0.000146    3.939778 v _1238_/B1 (sky130_fd_sc_hd__a21o_1)
     1    0.002392    0.031153    0.149214    4.088993 v _1238_/X (sky130_fd_sc_hd__a21o_1)
                                                         _0052_ (net)
                      0.031153    0.000052    4.089044 v _1426_/D (sky130_fd_sc_hd__dfxtp_1)
                                              4.089044   data arrival time

                                  5.000000    5.000000   clock clk (rise edge)
                                  0.000000    5.000000   clock source latency
     1    0.013871    0.068435    0.046756    5.046756 ^ clk (in)
                                                         clk (net)
                      0.068449    0.000000    5.046756 ^ clkbuf_0_clk/A (sky130_fd_sc_hd__clkbuf_16)
     8    0.077060    0.093961    0.176944    5.223701 ^ clkbuf_0_clk/X (sky130_fd_sc_hd__clkbuf_16)
                                                         clknet_0_clk (net)
                      0.094008    0.001972    5.225673 ^ clkbuf_3_1__f_clk/A (sky130_fd_sc_hd__clkbuf_16)
     6    0.028824    0.050030    0.151371    5.377043 ^ clkbuf_3_1__f_clk/X (sky130_fd_sc_hd__clkbuf_16)
                                                         clknet_3_1__leaf_clk (net)
                      0.050032    0.000526    5.377570 ^ _1426_/CLK (sky130_fd_sc_hd__dfxtp_1)
                                 -0.250000    5.127570   clock uncertainty
                                  0.000000    5.127570   clock reconvergence pessimism
                                 -0.103278    5.024292   library setup time
                                              5.024292   data required time
---------------------------------------------------------------------------------------------
                                              5.024292   data required time
                                             -4.089044   data arrival time
---------------------------------------------------------------------------------------------
                                              0.935248   slack (MET)




===========================================================================
report_checks --slack_max -0.01
============================================================================
======================= nom_tt_025C_1v80 Corner ===================================

No paths found.


===========================================================================
 report_check_types -max_slew -max_cap -max_fanout -violators
============================================================================
======================= nom_tt_025C_1v80 Corner ===================================

max fanout

Pin                                   Limit Fanout  Slack
---------------------------------------------------------
clkbuf_3_5__f_clk/X                      10     12     -2 (VIOLATED)
clkbuf_3_7__f_clk/X                      10     12     -2 (VIOLATED)



===========================================================================
report_parasitic_annotation -report_unannotated
============================================================================
Found 6 unannotated drivers.
 clkload0/Y
 clkload1/Y
 clkload2/Y
 clkload3/Y
 clkload4/Y
 clkload5/Y
Found 0 partially unannotated drivers.

===========================================================================
max slew violation count 0
Writing metric design__max_slew_violation__count__corner:nom_tt_025C_1v80: 0
max fanout violation count 2
Writing metric design__max_fanout_violation__count__corner:nom_tt_025C_1v80: 2
max cap violation count 0
Writing metric design__max_cap_violation__count__corner:nom_tt_025C_1v80: 0
============================================================================

===========================================================================
check_setup -verbose -unconstrained_endpoints -multiple_clock -no_clock -no_input_delay -loops -generated_clocks
===========================================================================
