Clock: clk
Sources: clk 
Generated: no
Virtual: yes
Propagated: no
Period: 5.000000

===========================================================================
report_clock_properties
============================================================================
Clock                   Period          Waveform
----------------------------------------------------
clk                   5.000000    0.000000  2.500000

===========================================================================
report_clock_latency
============================================================================
Clock clk
rise -> rise
    min     max
0.000000 0.000000 source latency
0.377417         network latency _1383_/CLK
        0.384150 network latency _1379_/CLK
---------------
0.377417 0.384150 latency
        0.006734 skew

fall -> fall
    min     max
0.000000 0.000000 source latency
0.352422         network latency _1383_/CLK
        0.358227 network latency _1379_/CLK
---------------
0.352422 0.358227 latency
        0.005804 skew



===========================================================================
report_clock_min_period
============================================================================
clk period_min = 3.12 fmax = 320.05
