Starting…
Running 'Verilator.Lint' at 'config/runs/PE_run2/01-verilator-lint'…
Logging subprocess to [repr.filename]'config/runs/PE_run2/01-verilator-lint/verilator-lint.log'[/repr.filename]…
Running 'Checker.LintTimingConstructs' at 'config/runs/PE_run2/02-checker-linttimingconstructs'…
Check for Lint Timing Errors clear.
Running 'Checker.LintErrors' at 'config/runs/PE_run2/03-checker-linterrors'…
Check for Lint errors clear.
Running 'Checker.LintWarnings' at 'config/runs/PE_run2/04-checker-lintwarnings'…
Check for Lint warnings clear.
Running 'Yosys.JsonHeader' at 'config/runs/PE_run2/05-yosys-jsonheader'…
Logging subprocess to [repr.filename]'config/runs/PE_run2/05-yosys-jsonheader/yosys-jsonheader.log'[/repr.filename]…
Running 'Yosys.Synthesis' at 'config/runs/PE_run2/06-yosys-synthesis'…
Logging subprocess to [repr.filename]'config/runs/PE_run2/06-yosys-synthesis/yosys-synthesis.log'[/repr.filename]…
Parsing synthesis checks…
Running 'Checker.YosysUnmappedCells' at 'config/runs/PE_run2/07-checker-yosysunmappedcells'…
Check for Unmapped Yosys instances clear.
Running 'Checker.YosysSynthChecks' at 'config/runs/PE_run2/08-checker-yosyssynthchecks'…
Check for Yosys check errors clear.
Running 'Checker.NetlistAssignStatements' at 'config/runs/PE_run2/09-checker-netlistassignstatements'…
Running 'OpenROAD.CheckSDCFiles' at 'config/runs/PE_run2/10-openroad-checksdcfiles'…
'PNR_SDC_FILE' is not defined. Using generic fallback SDC for OpenROAD PnR steps.
'SIGNOFF_SDC_FILE' is not defined. Using generic fallback SDC for OpenROAD PnR steps.
Running 'OpenROAD.CheckMacroInstances' at 'config/runs/PE_run2/11-openroad-checkmacroinstances'…
No macros found, skipping instance check…
Running 'OpenROAD.STAPrePNR' at 'config/runs/PE_run2/12-openroad-staprepnr'…
Starting STA for the nom_tt_025C_1v80 timing corner…
Starting STA for the nom_ss_100C_1v60 timing corner…
Starting STA for the nom_ff_n40C_1v95 timing corner…
Skipping corner min_tt_025C_1v80 for STA (identical to nom_tt_025C_1v80 at this stage)…
Skipping corner min_ss_100C_1v60 for STA (identical to nom_ss_100C_1v60 at this stage)…
Skipping corner min_ff_n40C_1v95 for STA (identical to nom_ff_n40C_1v95 at this stage)…
Skipping corner max_tt_025C_1v80 for STA (identical to nom_tt_025C_1v80 at this stage)…
Logging subprocess to [repr.filename]'config/runs/PE_run2/12-openroad-staprepnr/nom_ss_100C_1v60/sta.log'[/repr.filename]…
Logging subprocess to [repr.filename]'config/runs/PE_run2/12-openroad-staprepnr/nom_tt_025C_1v80/sta.log'[/repr.filename]…
Skipping corner max_ss_100C_1v60 for STA (identical to nom_ss_100C_1v60 at this stage)…
Logging subprocess to [repr.filename]'config/runs/PE_run2/12-openroad-staprepnr/nom_ff_n40C_1v95/sta.log'[/repr.filename]…
Skipping corner max_ff_n40C_1v95 for STA (identical to nom_ff_n40C_1v95 at this stage)…
Finished STA for the nom_ss_100C_1v60 timing corner.
Finished STA for the nom_ff_n40C_1v95 timing corner.
Finished STA for the nom_tt_025C_1v80 timing corner.
Running 'OpenROAD.Floorplan' at 'config/runs/PE_run2/13-openroad-floorplan'…
Logging subprocess to [repr.filename]'config/runs/PE_run2/13-openroad-floorplan/openroad-floorplan.log'[/repr.filename]…
Running 'Odb.CheckMacroAntennaProperties' at 'config/runs/PE_run2/14-odb-checkmacroantennaproperties'…
No cells provided, skipping…
Running 'Odb.SetPowerConnections' at 'config/runs/PE_run2/15-odb-setpowerconnections'…
Logging subprocess to [repr.filename]'config/runs/PE_run2/15-odb-setpowerconnections/odb-setpowerconnections.log'[/repr.filename]…
Running 'Odb.ManualMacroPlacement' at 'config/runs/PE_run2/16-odb-manualmacroplacement'…
No instances found, skipping 'Odb.ManualMacroPlacement'…
Running 'OpenROAD.CutRows' at 'config/runs/PE_run2/17-openroad-cutrows'…
Logging subprocess to [repr.filename]'config/runs/PE_run2/17-openroad-cutrows/openroad-cutrows.log'[/repr.filename]…
Running 'OpenROAD.TapEndcapInsertion' at 'config/runs/PE_run2/18-openroad-tapendcapinsertion'…
Logging subprocess to [repr.filename]'config/runs/PE_run2/18-openroad-tapendcapinsertion/openroad-tapendcapinsertion.log'[/repr.filename]…
Running 'Odb.AddPDNObstructions' at 'config/runs/PE_run2/19-odb-addpdnobstructions'…
'PDN_OBSTRUCTIONS' is not defined. Skipping 'Odb.AddPDNObstructions'…
Running 'OpenROAD.GeneratePDN' at 'config/runs/PE_run2/20-openroad-generatepdn'…
'FP_PDN_CFG' not explicitly set, setting it to /nix/store/9hhfv2x4r4x6v55799pa58jc2yni6awy-python3.11-openlane-2.3.10/lib/python3.11/site-packages/openlane/scripts/openroad/common/pdn_cfg.tcl…
Logging subprocess to [repr.filename]'config/runs/PE_run2/20-openroad-generatepdn/openroad-generatepdn.log'[/repr.filename]…
Running 'Odb.RemovePDNObstructions' at 'config/runs/PE_run2/21-odb-removepdnobstructions'…
'PDN_OBSTRUCTIONS' is not defined. Skipping 'Odb.RemovePDNObstructions'…
Running 'Odb.AddRoutingObstructions' at 'config/runs/PE_run2/22-odb-addroutingobstructions'…
'ROUTING_OBSTRUCTIONS' is not defined. Skipping 'Odb.AddRoutingObstructions'…
Running 'OpenROAD.GlobalPlacementSkipIO' at 'config/runs/PE_run2/23-openroad-globalplacementskipio'…
Logging subprocess to [repr.filename]'config/runs/PE_run2/23-openroad-globalplacementskipio/openroad-globalplacementskipio.log'[/repr.filename]…
[GPL-0302] Use a higher -density or re-floorplan with a larger core area.
Starting…
Running 'Verilator.Lint' at 'config/runs/PE_run2/24-verilator-lint'…
Logging subprocess to [repr.filename]'config/runs/PE_run2/24-verilator-lint/verilator-lint.log'[/repr.filename]…
Running 'Checker.LintTimingConstructs' at 'config/runs/PE_run2/25-checker-linttimingconstructs'…
Check for Lint Timing Errors clear.
Running 'Checker.LintErrors' at 'config/runs/PE_run2/26-checker-linterrors'…
Check for Lint errors clear.
Running 'Checker.LintWarnings' at 'config/runs/PE_run2/27-checker-lintwarnings'…
Check for Lint warnings clear.
Running 'Yosys.JsonHeader' at 'config/runs/PE_run2/28-yosys-jsonheader'…
Logging subprocess to [repr.filename]'config/runs/PE_run2/28-yosys-jsonheader/yosys-jsonheader.log'[/repr.filename]…
Running 'Yosys.Synthesis' at 'config/runs/PE_run2/29-yosys-synthesis'…
Logging subprocess to [repr.filename]'config/runs/PE_run2/29-yosys-synthesis/yosys-synthesis.log'[/repr.filename]…
Parsing synthesis checks…
Running 'Checker.YosysUnmappedCells' at 'config/runs/PE_run2/30-checker-yosysunmappedcells'…
Check for Unmapped Yosys instances clear.
Running 'Checker.YosysSynthChecks' at 'config/runs/PE_run2/31-checker-yosyssynthchecks'…
Check for Yosys check errors clear.
Running 'Checker.NetlistAssignStatements' at 'config/runs/PE_run2/32-checker-netlistassignstatements'…
Running 'OpenROAD.CheckSDCFiles' at 'config/runs/PE_run2/33-openroad-checksdcfiles'…
'PNR_SDC_FILE' is not defined. Using generic fallback SDC for OpenROAD PnR steps.
'SIGNOFF_SDC_FILE' is not defined. Using generic fallback SDC for OpenROAD PnR steps.
Running 'OpenROAD.CheckMacroInstances' at 'config/runs/PE_run2/34-openroad-checkmacroinstances'…
No macros found, skipping instance check…
Running 'OpenROAD.STAPrePNR' at 'config/runs/PE_run2/35-openroad-staprepnr'…
Starting STA for the nom_tt_025C_1v80 timing corner…
Starting STA for the nom_ss_100C_1v60 timing corner…
Starting STA for the nom_ff_n40C_1v95 timing corner…
Skipping corner min_tt_025C_1v80 for STA (identical to nom_tt_025C_1v80 at this stage)…
Logging subprocess to [repr.filename]'config/runs/PE_run2/35-openroad-staprepnr/nom_ss_100C_1v60/sta.log'[/repr.filename]…
Logging subprocess to [repr.filename]'config/runs/PE_run2/35-openroad-staprepnr/nom_tt_025C_1v80/sta.log'[/repr.filename]…
Skipping corner min_ss_100C_1v60 for STA (identical to nom_ss_100C_1v60 at this stage)…
Skipping corner min_ff_n40C_1v95 for STA (identical to nom_ff_n40C_1v95 at this stage)…
Skipping corner max_tt_025C_1v80 for STA (identical to nom_tt_025C_1v80 at this stage)…
Skipping corner max_ss_100C_1v60 for STA (identical to nom_ss_100C_1v60 at this stage)…
Logging subprocess to [repr.filename]'config/runs/PE_run2/35-openroad-staprepnr/nom_ff_n40C_1v95/sta.log'[/repr.filename]…
Skipping corner max_ff_n40C_1v95 for STA (identical to nom_ff_n40C_1v95 at this stage)…
Finished STA for the nom_ss_100C_1v60 timing corner.
Finished STA for the nom_ff_n40C_1v95 timing corner.
Finished STA for the nom_tt_025C_1v80 timing corner.
Running 'OpenROAD.Floorplan' at 'config/runs/PE_run2/36-openroad-floorplan'…
Logging subprocess to [repr.filename]'config/runs/PE_run2/36-openroad-floorplan/openroad-floorplan.log'[/repr.filename]…
Running 'Odb.CheckMacroAntennaProperties' at 'config/runs/PE_run2/37-odb-checkmacroantennaproperties'…
No cells provided, skipping…
Running 'Odb.SetPowerConnections' at 'config/runs/PE_run2/38-odb-setpowerconnections'…
Logging subprocess to [repr.filename]'config/runs/PE_run2/38-odb-setpowerconnections/odb-setpowerconnections.log'[/repr.filename]…
Running 'Odb.ManualMacroPlacement' at 'config/runs/PE_run2/39-odb-manualmacroplacement'…
No instances found, skipping 'Odb.ManualMacroPlacement'…
Running 'OpenROAD.CutRows' at 'config/runs/PE_run2/40-openroad-cutrows'…
Logging subprocess to [repr.filename]'config/runs/PE_run2/40-openroad-cutrows/openroad-cutrows.log'[/repr.filename]…
Running 'OpenROAD.TapEndcapInsertion' at 'config/runs/PE_run2/41-openroad-tapendcapinsertion'…
Logging subprocess to [repr.filename]'config/runs/PE_run2/41-openroad-tapendcapinsertion/openroad-tapendcapinsertion.log'[/repr.filename]…
Running 'Odb.AddPDNObstructions' at 'config/runs/PE_run2/42-odb-addpdnobstructions'…
'PDN_OBSTRUCTIONS' is not defined. Skipping 'Odb.AddPDNObstructions'…
Running 'OpenROAD.GeneratePDN' at 'config/runs/PE_run2/43-openroad-generatepdn'…
'FP_PDN_CFG' not explicitly set, setting it to /nix/store/9hhfv2x4r4x6v55799pa58jc2yni6awy-python3.11-openlane-2.3.10/lib/python3.11/site-packages/openlane/scripts/openroad/common/pdn_cfg.tcl…
Logging subprocess to [repr.filename]'config/runs/PE_run2/43-openroad-generatepdn/openroad-generatepdn.log'[/repr.filename]…
Running 'Odb.RemovePDNObstructions' at 'config/runs/PE_run2/44-odb-removepdnobstructions'…
'PDN_OBSTRUCTIONS' is not defined. Skipping 'Odb.RemovePDNObstructions'…
Running 'Odb.AddRoutingObstructions' at 'config/runs/PE_run2/45-odb-addroutingobstructions'…
'ROUTING_OBSTRUCTIONS' is not defined. Skipping 'Odb.AddRoutingObstructions'…
Running 'OpenROAD.GlobalPlacementSkipIO' at 'config/runs/PE_run2/46-openroad-globalplacementskipio'…
Logging subprocess to [repr.filename]'config/runs/PE_run2/46-openroad-globalplacementskipio/openroad-globalplacementskipio.log'[/repr.filename]…
[GPL-0302] Use a higher -density or re-floorplan with a larger core area.
Starting…
Running 'Verilator.Lint' at 'config/runs/PE_run2/47-verilator-lint'…
Logging subprocess to [repr.filename]'config/runs/PE_run2/47-verilator-lint/verilator-lint.log'[/repr.filename]…
Running 'Checker.LintTimingConstructs' at 'config/runs/PE_run2/48-checker-linttimingconstructs'…
Check for Lint Timing Errors clear.
Running 'Checker.LintErrors' at 'config/runs/PE_run2/49-checker-linterrors'…
Check for Lint errors clear.
Running 'Checker.LintWarnings' at 'config/runs/PE_run2/50-checker-lintwarnings'…
Check for Lint warnings clear.
Running 'Yosys.JsonHeader' at 'config/runs/PE_run2/51-yosys-jsonheader'…
Logging subprocess to [repr.filename]'config/runs/PE_run2/51-yosys-jsonheader/yosys-jsonheader.log'[/repr.filename]…
Running 'Yosys.Synthesis' at 'config/runs/PE_run2/52-yosys-synthesis'…
Logging subprocess to [repr.filename]'config/runs/PE_run2/52-yosys-synthesis/yosys-synthesis.log'[/repr.filename]…
Parsing synthesis checks…
Running 'Checker.YosysUnmappedCells' at 'config/runs/PE_run2/53-checker-yosysunmappedcells'…
Check for Unmapped Yosys instances clear.
Running 'Checker.YosysSynthChecks' at 'config/runs/PE_run2/54-checker-yosyssynthchecks'…
Check for Yosys check errors clear.
Running 'Checker.NetlistAssignStatements' at 'config/runs/PE_run2/55-checker-netlistassignstatements'…
Running 'OpenROAD.CheckSDCFiles' at 'config/runs/PE_run2/56-openroad-checksdcfiles'…
'PNR_SDC_FILE' is not defined. Using generic fallback SDC for OpenROAD PnR steps.
'SIGNOFF_SDC_FILE' is not defined. Using generic fallback SDC for OpenROAD PnR steps.
Running 'OpenROAD.CheckMacroInstances' at 'config/runs/PE_run2/57-openroad-checkmacroinstances'…
No macros found, skipping instance check…
Running 'OpenROAD.STAPrePNR' at 'config/runs/PE_run2/58-openroad-staprepnr'…
Starting STA for the nom_tt_025C_1v80 timing corner…
Starting STA for the nom_ss_100C_1v60 timing corner…
Starting STA for the nom_ff_n40C_1v95 timing corner…
Logging subprocess to [repr.filename]'config/runs/PE_run2/58-openroad-staprepnr/nom_tt_025C_1v80/sta.log'[/repr.filename]…
Skipping corner min_tt_025C_1v80 for STA (identical to nom_tt_025C_1v80 at this stage)…
Skipping corner min_ss_100C_1v60 for STA (identical to nom_ss_100C_1v60 at this stage)…
Skipping corner min_ff_n40C_1v95 for STA (identical to nom_ff_n40C_1v95 at this stage)…
Skipping corner max_tt_025C_1v80 for STA (identical to nom_tt_025C_1v80 at this stage)…
Logging subprocess to [repr.filename]'config/runs/PE_run2/58-openroad-staprepnr/nom_ff_n40C_1v95/sta.log'[/repr.filename]…
Skipping corner max_ss_100C_1v60 for STA (identical to nom_ss_100C_1v60 at this stage)…
Logging subprocess to [repr.filename]'config/runs/PE_run2/58-openroad-staprepnr/nom_ss_100C_1v60/sta.log'[/repr.filename]…
Skipping corner max_ff_n40C_1v95 for STA (identical to nom_ff_n40C_1v95 at this stage)…
Finished STA for the nom_tt_025C_1v80 timing corner.
Finished STA for the nom_ss_100C_1v60 timing corner.
Finished STA for the nom_ff_n40C_1v95 timing corner.
Running 'OpenROAD.Floorplan' at 'config/runs/PE_run2/59-openroad-floorplan'…
Logging subprocess to [repr.filename]'config/runs/PE_run2/59-openroad-floorplan/openroad-floorplan.log'[/repr.filename]…
Running 'Odb.CheckMacroAntennaProperties' at 'config/runs/PE_run2/60-odb-checkmacroantennaproperties'…
No cells provided, skipping…
Running 'Odb.SetPowerConnections' at 'config/runs/PE_run2/61-odb-setpowerconnections'…
Logging subprocess to [repr.filename]'config/runs/PE_run2/61-odb-setpowerconnections/odb-setpowerconnections.log'[/repr.filename]…
Running 'Odb.ManualMacroPlacement' at 'config/runs/PE_run2/62-odb-manualmacroplacement'…
No instances found, skipping 'Odb.ManualMacroPlacement'…
Running 'OpenROAD.CutRows' at 'config/runs/PE_run2/63-openroad-cutrows'…
Logging subprocess to [repr.filename]'config/runs/PE_run2/63-openroad-cutrows/openroad-cutrows.log'[/repr.filename]…
Running 'OpenROAD.TapEndcapInsertion' at 'config/runs/PE_run2/64-openroad-tapendcapinsertion'…
Logging subprocess to [repr.filename]'config/runs/PE_run2/64-openroad-tapendcapinsertion/openroad-tapendcapinsertion.log'[/repr.filename]…
Running 'Odb.AddPDNObstructions' at 'config/runs/PE_run2/65-odb-addpdnobstructions'…
'PDN_OBSTRUCTIONS' is not defined. Skipping 'Odb.AddPDNObstructions'…
Running 'OpenROAD.GeneratePDN' at 'config/runs/PE_run2/66-openroad-generatepdn'…
'FP_PDN_CFG' not explicitly set, setting it to /nix/store/9hhfv2x4r4x6v55799pa58jc2yni6awy-python3.11-openlane-2.3.10/lib/python3.11/site-packages/openlane/scripts/openroad/common/pdn_cfg.tcl…
Logging subprocess to [repr.filename]'config/runs/PE_run2/66-openroad-generatepdn/openroad-generatepdn.log'[/repr.filename]…
Running 'Odb.RemovePDNObstructions' at 'config/runs/PE_run2/67-odb-removepdnobstructions'…
'PDN_OBSTRUCTIONS' is not defined. Skipping 'Odb.RemovePDNObstructions'…
Running 'Odb.AddRoutingObstructions' at 'config/runs/PE_run2/68-odb-addroutingobstructions'…
'ROUTING_OBSTRUCTIONS' is not defined. Skipping 'Odb.AddRoutingObstructions'…
Running 'OpenROAD.GlobalPlacementSkipIO' at 'config/runs/PE_run2/69-openroad-globalplacementskipio'…
Logging subprocess to [repr.filename]'config/runs/PE_run2/69-openroad-globalplacementskipio/openroad-globalplacementskipio.log'[/repr.filename]…
[GPL-0302] Use a higher -density or re-floorplan with a larger core area.
Starting…
Running 'Verilator.Lint' at 'config/runs/PE_run2/70-verilator-lint'…
Logging subprocess to [repr.filename]'config/runs/PE_run2/70-verilator-lint/verilator-lint.log'[/repr.filename]…
Running 'Checker.LintTimingConstructs' at 'config/runs/PE_run2/71-checker-linttimingconstructs'…
Check for Lint Timing Errors clear.
Running 'Checker.LintErrors' at 'config/runs/PE_run2/72-checker-linterrors'…
Check for Lint errors clear.
Running 'Checker.LintWarnings' at 'config/runs/PE_run2/73-checker-lintwarnings'…
Check for Lint warnings clear.
Running 'Yosys.JsonHeader' at 'config/runs/PE_run2/74-yosys-jsonheader'…
Logging subprocess to [repr.filename]'config/runs/PE_run2/74-yosys-jsonheader/yosys-jsonheader.log'[/repr.filename]…
Running 'Yosys.Synthesis' at 'config/runs/PE_run2/75-yosys-synthesis'…
Logging subprocess to [repr.filename]'config/runs/PE_run2/75-yosys-synthesis/yosys-synthesis.log'[/repr.filename]…
Parsing synthesis checks…
Running 'Checker.YosysUnmappedCells' at 'config/runs/PE_run2/76-checker-yosysunmappedcells'…
Check for Unmapped Yosys instances clear.
Running 'Checker.YosysSynthChecks' at 'config/runs/PE_run2/77-checker-yosyssynthchecks'…
Check for Yosys check errors clear.
Running 'Checker.NetlistAssignStatements' at 'config/runs/PE_run2/78-checker-netlistassignstatements'…
Running 'OpenROAD.CheckSDCFiles' at 'config/runs/PE_run2/79-openroad-checksdcfiles'…
'PNR_SDC_FILE' is not defined. Using generic fallback SDC for OpenROAD PnR steps.
'SIGNOFF_SDC_FILE' is not defined. Using generic fallback SDC for OpenROAD PnR steps.
Running 'OpenROAD.CheckMacroInstances' at 'config/runs/PE_run2/80-openroad-checkmacroinstances'…
No macros found, skipping instance check…
Running 'OpenROAD.STAPrePNR' at 'config/runs/PE_run2/81-openroad-staprepnr'…
Starting STA for the nom_tt_025C_1v80 timing corner…
Starting STA for the nom_ss_100C_1v60 timing corner…
Logging subprocess to [repr.filename]'config/runs/PE_run2/81-openroad-staprepnr/nom_tt_025C_1v80/sta.log'[/repr.filename]…
Logging subprocess to [repr.filename]'config/runs/PE_run2/81-openroad-staprepnr/nom_ss_100C_1v60/sta.log'[/repr.filename]…
Starting STA for the nom_ff_n40C_1v95 timing corner…
Skipping corner min_tt_025C_1v80 for STA (identical to nom_tt_025C_1v80 at this stage)…
Skipping corner min_ss_100C_1v60 for STA (identical to nom_ss_100C_1v60 at this stage)…
Skipping corner min_ff_n40C_1v95 for STA (identical to nom_ff_n40C_1v95 at this stage)…
Skipping corner max_tt_025C_1v80 for STA (identical to nom_tt_025C_1v80 at this stage)…
Skipping corner max_ss_100C_1v60 for STA (identical to nom_ss_100C_1v60 at this stage)…
Logging subprocess to [repr.filename]'config/runs/PE_run2/81-openroad-staprepnr/nom_ff_n40C_1v95/sta.log'[/repr.filename]…
Skipping corner max_ff_n40C_1v95 for STA (identical to nom_ff_n40C_1v95 at this stage)…
Finished STA for the nom_ss_100C_1v60 timing corner.
Finished STA for the nom_tt_025C_1v80 timing corner.
Finished STA for the nom_ff_n40C_1v95 timing corner.
Running 'OpenROAD.Floorplan' at 'config/runs/PE_run2/82-openroad-floorplan'…
Logging subprocess to [repr.filename]'config/runs/PE_run2/82-openroad-floorplan/openroad-floorplan.log'[/repr.filename]…
Running 'Odb.CheckMacroAntennaProperties' at 'config/runs/PE_run2/83-odb-checkmacroantennaproperties'…
No cells provided, skipping…
Running 'Odb.SetPowerConnections' at 'config/runs/PE_run2/84-odb-setpowerconnections'…
Logging subprocess to [repr.filename]'config/runs/PE_run2/84-odb-setpowerconnections/odb-setpowerconnections.log'[/repr.filename]…
Running 'Odb.ManualMacroPlacement' at 'config/runs/PE_run2/85-odb-manualmacroplacement'…
No instances found, skipping 'Odb.ManualMacroPlacement'…
Running 'OpenROAD.CutRows' at 'config/runs/PE_run2/86-openroad-cutrows'…
Logging subprocess to [repr.filename]'config/runs/PE_run2/86-openroad-cutrows/openroad-cutrows.log'[/repr.filename]…
Running 'OpenROAD.TapEndcapInsertion' at 'config/runs/PE_run2/87-openroad-tapendcapinsertion'…
Logging subprocess to [repr.filename]'config/runs/PE_run2/87-openroad-tapendcapinsertion/openroad-tapendcapinsertion.log'[/repr.filename]…
Running 'Odb.AddPDNObstructions' at 'config/runs/PE_run2/88-odb-addpdnobstructions'…
'PDN_OBSTRUCTIONS' is not defined. Skipping 'Odb.AddPDNObstructions'…
Running 'OpenROAD.GeneratePDN' at 'config/runs/PE_run2/89-openroad-generatepdn'…
'FP_PDN_CFG' not explicitly set, setting it to /nix/store/9hhfv2x4r4x6v55799pa58jc2yni6awy-python3.11-openlane-2.3.10/lib/python3.11/site-packages/openlane/scripts/openroad/common/pdn_cfg.tcl…
Logging subprocess to [repr.filename]'config/runs/PE_run2/89-openroad-generatepdn/openroad-generatepdn.log'[/repr.filename]…
Running 'Odb.RemovePDNObstructions' at 'config/runs/PE_run2/90-odb-removepdnobstructions'…
'PDN_OBSTRUCTIONS' is not defined. Skipping 'Odb.RemovePDNObstructions'…
Running 'Odb.AddRoutingObstructions' at 'config/runs/PE_run2/91-odb-addroutingobstructions'…
'ROUTING_OBSTRUCTIONS' is not defined. Skipping 'Odb.AddRoutingObstructions'…
Running 'OpenROAD.GlobalPlacementSkipIO' at 'config/runs/PE_run2/92-openroad-globalplacementskipio'…
Logging subprocess to [repr.filename]'config/runs/PE_run2/92-openroad-globalplacementskipio/openroad-globalplacementskipio.log'[/repr.filename]…
Running 'OpenROAD.IOPlacement' at 'config/runs/PE_run2/93-openroad-ioplacement'…
Logging subprocess to [repr.filename]'config/runs/PE_run2/93-openroad-ioplacement/openroad-ioplacement.log'[/repr.filename]…
Running 'Odb.CustomIOPlacement' at 'config/runs/PE_run2/94-odb-customioplacement'…
No custom floorplan file configured, skipping…
Running 'Odb.ApplyDEFTemplate' at 'config/runs/PE_run2/95-odb-applydeftemplate'…
No DEF template provided, skipping…
Running 'OpenROAD.GlobalPlacement' at 'config/runs/PE_run2/96-openroad-globalplacement'…
Logging subprocess to [repr.filename]'config/runs/PE_run2/96-openroad-globalplacement/openroad-globalplacement.log'[/repr.filename]…
Running 'Odb.WriteVerilogHeader' at 'config/runs/PE_run2/97-odb-writeverilogheader'…
Logging subprocess to [repr.filename]'config/runs/PE_run2/97-odb-writeverilogheader/odb-writeverilogheader.log'[/repr.filename]…
Running 'Checker.PowerGridViolations' at 'config/runs/PE_run2/98-checker-powergridviolations'…
Check for power grid violations (as reported by OpenROAD PSM- you may ignore these if LVS passes) clear.
Running 'OpenROAD.STAMidPNR' at 'config/runs/PE_run2/99-openroad-stamidpnr'…
Logging subprocess to [repr.filename]'config/runs/PE_run2/99-openroad-stamidpnr/openroad-stamidpnr.log'[/repr.filename]…
[GRT-0097] No global routing found for nets.
Running 'OpenROAD.RepairDesignPostGPL' at 'config/runs/PE_run2/100-openroad-repairdesignpostgpl'…
Logging subprocess to [repr.filename]'config/runs/PE_run2/100-openroad-repairdesignpostgpl/openroad-repairdesignpostgpl.log'[/repr.filename]…
Running 'Odb.ManualGlobalPlacement' at 'config/runs/PE_run2/101-odb-manualglobalplacement'…
'MANUAL_GLOBAL_PLACEMENTS' not set, skipping…
Running 'OpenROAD.DetailedPlacement' at 'config/runs/PE_run2/102-openroad-detailedplacement'…
Logging subprocess to [repr.filename]'config/runs/PE_run2/102-openroad-detailedplacement/openroad-detailedplacement.log'[/repr.filename]…
Running 'OpenROAD.CTS' at 'config/runs/PE_run2/103-openroad-cts'…
Logging subprocess to [repr.filename]'config/runs/PE_run2/103-openroad-cts/openroad-cts.log'[/repr.filename]…
Running 'OpenROAD.STAMidPNR-1' at 'config/runs/PE_run2/104-openroad-stamidpnr-1'…
Logging subprocess to [repr.filename]'config/runs/PE_run2/104-openroad-stamidpnr-1/openroad-stamidpnr-1.log'[/repr.filename]…
[GRT-0097] No global routing found for nets.
Running 'OpenROAD.ResizerTimingPostCTS' at 'config/runs/PE_run2/105-openroad-resizertimingpostcts'…
Logging subprocess to [repr.filename]'config/runs/PE_run2/105-openroad-resizertimingpostcts/openroad-resizertimingpostcts.log'[/repr.filename]…
[RSZ-0062] Unable to repair all setup violations.
Running 'OpenROAD.STAMidPNR-2' at 'config/runs/PE_run2/106-openroad-stamidpnr-2'…
Logging subprocess to [repr.filename]'config/runs/PE_run2/106-openroad-stamidpnr-2/openroad-stamidpnr-2.log'[/repr.filename]…
[GRT-0097] No global routing found for nets.
Running 'OpenROAD.GlobalRouting' at 'config/runs/PE_run2/107-openroad-globalrouting'…
Logging subprocess to [repr.filename]'config/runs/PE_run2/107-openroad-globalrouting/openroad-globalrouting.log'[/repr.filename]…
Running 'OpenROAD.CheckAntennas' at 'config/runs/PE_run2/108-openroad-checkantennas'…
Logging subprocess to [repr.filename]'config/runs/PE_run2/108-openroad-checkantennas/openroad-checkantennas.log'[/repr.filename]…
Gating variable for step 'OpenROAD.RepairDesignPostGRT' set to 'False'- the step will be skipped.
Skipping step 'Repair Design (Post-Global Routing)'…
Running 'Odb.DiodesOnPorts' at 'config/runs/PE_run2/109-odb-diodesonports'…
'DIODE_ON_PORTS' is set to 'none': skipping…
Gating variable for step 'Odb.HeuristicDiodeInsertion' set to 'False'- the step will be skipped.
Skipping step 'Heuristic Diode Insertion'…
Running 'OpenROAD.RepairAntennas' at 'config/runs/PE_run2/110-openroad-repairantennas'…
Running 'DiodeInsertion' at 'config/runs/PE_run2/110-openroad-repairantennas/1-diodeinsertion'…
Logging subprocess to [repr.filename]'config/runs/PE_run2/110-openroad-repairantennas/1-diodeinsertion/diodeinsertion.log'[/repr.filename]…
Running 'OpenROAD.CheckAntennas' at 'config/runs/PE_run2/110-openroad-repairantennas/2-openroad-checkantennas'…
Logging subprocess to [repr.filename]'config/runs/PE_run2/110-openroad-repairantennas/2-openroad-checkantennas/openroad-checkantennas.log'[/repr.filename]…
Gating variable for step 'OpenROAD.ResizerTimingPostGRT' set to 'False'- the step will be skipped.
Skipping step 'Resizer Timing Optimizations (Post-Global Routing)'…
Running 'OpenROAD.STAMidPNR-3' at 'config/runs/PE_run2/111-openroad-stamidpnr-3'…
Logging subprocess to [repr.filename]'config/runs/PE_run2/111-openroad-stamidpnr-3/openroad-stamidpnr-3.log'[/repr.filename]…
Running 'OpenROAD.DetailedRouting' at 'config/runs/PE_run2/112-openroad-detailedrouting'…
Running TritonRoute with 12 threads…
Logging subprocess to [repr.filename]'config/runs/PE_run2/112-openroad-detailedrouting/openroad-detailedrouting.log'[/repr.filename]…
[DRT-0349] LEF58_ENCLOSURE with no CUTCLASS is not supported. Skipping for layer mcon
[DRT-0349] LEF58_ENCLOSURE with no CUTCLASS is not supported. Skipping for layer mcon
[DRT-0349] LEF58_ENCLOSURE with no CUTCLASS is not supported. Skipping for layer via
[DRT-0349] LEF58_ENCLOSURE with no CUTCLASS is not supported. Skipping for layer via
[DRT-0349] LEF58_ENCLOSURE with no CUTCLASS is not supported. Skipping for layer via2
[DRT-0349] LEF58_ENCLOSURE with no CUTCLASS is not supported. Skipping for layer via2
[DRT-0349] LEF58_ENCLOSURE with no CUTCLASS is not supported. Skipping for layer via3
[DRT-0349] LEF58_ENCLOSURE with no CUTCLASS is not supported. Skipping for layer via3
[DRT-0349] LEF58_ENCLOSURE with no CUTCLASS is not supported. Skipping for layer via4
[DRT-0349] LEF58_ENCLOSURE with no CUTCLASS is not supported. Skipping for layer via4
Running 'Odb.RemoveRoutingObstructions' at 'config/runs/PE_run2/113-odb-removeroutingobstructions'…
'ROUTING_OBSTRUCTIONS' is not defined. Skipping 'Odb.RemoveRoutingObstructions'…
Running 'OpenROAD.CheckAntennas-1' at 'config/runs/PE_run2/114-openroad-checkantennas-1'…
Logging subprocess to [repr.filename]'config/runs/PE_run2/114-openroad-checkantennas-1/openroad-checkantennas-1.log'[/repr.filename]…
Running 'Checker.TrDRC' at 'config/runs/PE_run2/115-checker-trdrc'…
Check for Routing DRC errors clear.
Running 'Odb.ReportDisconnectedPins' at 'config/runs/PE_run2/116-odb-reportdisconnectedpins'…
Logging subprocess to [repr.filename]'config/runs/PE_run2/116-odb-reportdisconnectedpins/odb-reportdisconnectedpins.log'[/repr.filename]…
Running 'Checker.DisconnectedPins' at 'config/runs/PE_run2/117-checker-disconnectedpins'…
Check for critical disconnected pins clear.
Running 'Odb.ReportWireLength' at 'config/runs/PE_run2/118-odb-reportwirelength'…
Logging subprocess to [repr.filename]'config/runs/PE_run2/118-odb-reportwirelength/odb-reportwirelength.log'[/repr.filename]…
Running 'Checker.WireLength' at 'config/runs/PE_run2/119-checker-wirelength'…
Threshold for Threshold-surpassing long wires is not set. The checker will be skipped.
Running 'OpenROAD.FillInsertion' at 'config/runs/PE_run2/120-openroad-fillinsertion'…
Logging subprocess to [repr.filename]'config/runs/PE_run2/120-openroad-fillinsertion/openroad-fillinsertion.log'[/repr.filename]…
Running 'Odb.CellFrequencyTables' at 'config/runs/PE_run2/121-odb-cellfrequencytables'…
Logging subprocess to [repr.filename]'config/runs/PE_run2/121-odb-cellfrequencytables/buffer_list.txt'[/repr.filename]…
Logging subprocess to [repr.filename]'config/runs/PE_run2/121-odb-cellfrequencytables/odb-cellfrequencytables.log'[/repr.filename]…
Running 'OpenROAD.RCX' at 'config/runs/PE_run2/122-openroad-rcx'…
Running RCX for corners matching nom_* (/home/anils_0611/vlsi_projects/pe_asic/pnr/config/runs/PE_run2/122-openroad-rcx/nom/rcx.log)…
Running RCX for corners matching min_* (/home/anils_0611/vlsi_projects/pe_asic/pnr/config/runs/PE_run2/122-openroad-rcx/min/rcx.log)…
Logging subprocess to [repr.filename]'config/runs/PE_run2/122-openroad-rcx/min/rcx.log'[/repr.filename]…
Running RCX for corners matching max_* (/home/anils_0611/vlsi_projects/pe_asic/pnr/config/runs/PE_run2/122-openroad-rcx/max/rcx.log)…
Logging subprocess to [repr.filename]'config/runs/PE_run2/122-openroad-rcx/nom/rcx.log'[/repr.filename]…
Logging subprocess to [repr.filename]'config/runs/PE_run2/122-openroad-rcx/max/rcx.log'[/repr.filename]…
Finished RCX for corners matching min_*.
Finished RCX for corners matching nom_*.
Finished RCX for corners matching max_*.
Running 'OpenROAD.STAPostPNR' at 'config/runs/PE_run2/123-openroad-stapostpnr'…
Starting STA for the nom_tt_025C_1v80 timing corner…
Starting STA for the nom_ss_100C_1v60 timing corner…
Starting STA for the nom_ff_n40C_1v95 timing corner…
Starting STA for the min_tt_025C_1v80 timing corner…
Logging subprocess to [repr.filename]'config/runs/PE_run2/123-openroad-stapostpnr/nom_ss_100C_1v60/sta.log'[/repr.filename]…
Logging subprocess to [repr.filename]'config/runs/PE_run2/123-openroad-stapostpnr/nom_tt_025C_1v80/sta.log'[/repr.filename]…
Starting STA for the min_ss_100C_1v60 timing corner…
Starting STA for the min_ff_n40C_1v95 timing corner…
Starting STA for the max_tt_025C_1v80 timing corner…
Starting STA for the max_ss_100C_1v60 timing corner…
Starting STA for the max_ff_n40C_1v95 timing corner…
Logging subprocess to [repr.filename]'config/runs/PE_run2/123-openroad-stapostpnr/min_tt_025C_1v80/sta.log'[/repr.filename]…
Logging subprocess to [repr.filename]'config/runs/PE_run2/123-openroad-stapostpnr/nom_ff_n40C_1v95/sta.log'[/repr.filename]…
Logging subprocess to [repr.filename]'config/runs/PE_run2/123-openroad-stapostpnr/min_ss_100C_1v60/sta.log'[/repr.filename]…
Logging subprocess to [repr.filename]'config/runs/PE_run2/123-openroad-stapostpnr/min_ff_n40C_1v95/sta.log'[/repr.filename]…
Logging subprocess to [repr.filename]'config/runs/PE_run2/123-openroad-stapostpnr/max_tt_025C_1v80/sta.log'[/repr.filename]…
Logging subprocess to [repr.filename]'config/runs/PE_run2/123-openroad-stapostpnr/max_ss_100C_1v60/sta.log'[/repr.filename]…
Logging subprocess to [repr.filename]'config/runs/PE_run2/123-openroad-stapostpnr/max_ff_n40C_1v95/sta.log'[/repr.filename]…
Finished STA for the nom_ss_100C_1v60 timing corner.
Finished STA for the nom_tt_025C_1v80 timing corner.
Logging subprocess to [repr.filename]'config/runs/PE_run2/123-openroad-stapostpnr/nom_ss_100C_1v60/filter_unannotated.log'[/repr.filename]…
Logging subprocess to [repr.filename]'config/runs/PE_run2/123-openroad-stapostpnr/nom_tt_025C_1v80/filter_unannotated.log'[/repr.filename]…
Finished STA for the min_tt_025C_1v80 timing corner.
Logging subprocess to [repr.filename]'config/runs/PE_run2/123-openroad-stapostpnr/min_tt_025C_1v80/filter_unannotated.log'[/repr.filename]…
Finished STA for the nom_ff_n40C_1v95 timing corner.
Logging subprocess to [repr.filename]'config/runs/PE_run2/123-openroad-stapostpnr/nom_ff_n40C_1v95/filter_unannotated.log'[/repr.filename]…
Finished STA for the max_tt_025C_1v80 timing corner.
Logging subprocess to [repr.filename]'config/runs/PE_run2/123-openroad-stapostpnr/max_tt_025C_1v80/filter_unannotated.log'[/repr.filename]…
Finished STA for the min_ss_100C_1v60 timing corner.
Logging subprocess to [repr.filename]'config/runs/PE_run2/123-openroad-stapostpnr/min_ss_100C_1v60/filter_unannotated.log'[/repr.filename]…
Finished STA for the max_ss_100C_1v60 timing corner.
Logging subprocess to [repr.filename]'config/runs/PE_run2/123-openroad-stapostpnr/max_ss_100C_1v60/filter_unannotated.log'[/repr.filename]…
Finished STA for the min_ff_n40C_1v95 timing corner.
Logging subprocess to [repr.filename]'config/runs/PE_run2/123-openroad-stapostpnr/min_ff_n40C_1v95/filter_unannotated.log'[/repr.filename]…
Finished STA for the max_ff_n40C_1v95 timing corner.
Logging subprocess to [repr.filename]'config/runs/PE_run2/123-openroad-stapostpnr/max_ff_n40C_1v95/filter_unannotated.log'[/repr.filename]…
Running 'OpenROAD.IRDropReport' at 'config/runs/PE_run2/124-openroad-irdropreport'…
'VSRC_LOC_FILES' was not given a value, which may make the results of IR drop analysis inaccurate. If you are not integrating a top-level chip for manufacture, you may ignore this warning, otherwise, see the documentation for 'VSRC_LOC_FILES'.
Logging subprocess to [repr.filename]'config/runs/PE_run2/124-openroad-irdropreport/openroad-irdropreport.log'[/repr.filename]…
[INFO PSM-0040] All shapes on net VPWR are connected.
########## IR report #################
Net              : VPWR
Corner           : nom_tt_025C_1v80
Supply voltage   : 1.80e+00 V
Worstcase voltage: 1.80e+00 V
Average voltage  : 1.80e+00 V
Average IR drop  : 5.44e-04 V
Worstcase IR drop: 2.41e-03 V
Percentage drop  : 0.13 %
######################################
[INFO PSM-0040] All shapes on net VGND are connected.
########## IR report #################
Net              : VGND
Corner           : nom_tt_025C_1v80
Supply voltage   : 0.00e+00 V
Worstcase voltage: 2.29e-03 V
Average voltage  : 5.27e-04 V
Average IR drop  : 5.27e-04 V
Worstcase IR drop: 2.29e-03 V
Percentage drop  : 0.13 %
######################################

Running 'Magic.StreamOut' at 'config/runs/PE_run2/125-magic-streamout'…
Logging subprocess to [repr.filename]'config/runs/PE_run2/125-magic-streamout/magic-streamout.log'[/repr.filename]…
Running 'KLayout.StreamOut' at 'config/runs/PE_run2/126-klayout-streamout'…
Logging subprocess to [repr.filename]'config/runs/PE_run2/126-klayout-streamout/klayout-streamout.log'[/repr.filename]…
Running 'Magic.WriteLEF' at 'config/runs/PE_run2/127-magic-writelef'…
Logging subprocess to [repr.filename]'config/runs/PE_run2/127-magic-writelef/magic-writelef.log'[/repr.filename]…
Running 'Odb.CheckDesignAntennaProperties' at 'config/runs/PE_run2/128-odb-checkdesignantennaproperties'…
Logging subprocess to [repr.filename]'config/runs/PE_run2/128-odb-checkdesignantennaproperties/odb-checkdesignantennaproperties.log'[/repr.filename]…
Running 'KLayout.XOR' at 'config/runs/PE_run2/129-klayout-xor'…
Running XOR with 12 threads…
Logging subprocess to [repr.filename]'config/runs/PE_run2/129-klayout-xor/klayout-xor.log'[/repr.filename]…
Running 'Checker.XOR' at 'config/runs/PE_run2/130-checker-xor'…
Check for XOR differences clear.
Running 'Magic.DRC' at 'config/runs/PE_run2/131-magic-drc'…
Logging subprocess to [repr.filename]'config/runs/PE_run2/131-magic-drc/magic-drc.log'[/repr.filename]…
Running 'KLayout.DRC' at 'config/runs/PE_run2/132-klayout-drc'…
Running KLayout DRC with 12 threads…
Logging subprocess to [repr.filename]'config/runs/PE_run2/132-klayout-drc/klayout-drc.log'[/repr.filename]…
Logging subprocess to [repr.filename]'config/runs/PE_run2/132-klayout-drc/xml_drc_report_to_json.log'[/repr.filename]…
Running 'Checker.MagicDRC' at 'config/runs/PE_run2/133-checker-magicdrc'…
Check for Magic DRC errors clear.
Running 'Checker.KLayoutDRC' at 'config/runs/PE_run2/134-checker-klayoutdrc'…
Check for KLayout DRC errors clear.
Running 'Magic.SpiceExtraction' at 'config/runs/PE_run2/135-magic-spiceextraction'…
Logging subprocess to [repr.filename]'config/runs/PE_run2/135-magic-spiceextraction/magic-spiceextraction.log'[/repr.filename]…
Running 'Checker.IllegalOverlap' at 'config/runs/PE_run2/136-checker-illegaloverlap'…
Check for Magic Illegal Overlap errors clear.
Running 'Netgen.LVS' at 'config/runs/PE_run2/137-netgen-lvs'…
Logging subprocess to [repr.filename]'config/runs/PE_run2/137-netgen-lvs/netgen-lvs.log'[/repr.filename]…
Running 'Checker.LVS' at 'config/runs/PE_run2/138-checker-lvs'…
Check for LVS errors clear.
Gating variable for step 'Yosys.EQY' set to 'False'- the step will be skipped.
Skipping step 'Equivalence Check'…
Running 'Checker.SetupViolations' at 'config/runs/PE_run2/139-checker-setupviolations'…
Setup violations found in the following corners:
* max_ss_100C_1v60
* min_ss_100C_1v60
* nom_ss_100C_1v60
No setup violations found
Running 'Checker.HoldViolations' at 'config/runs/PE_run2/140-checker-holdviolations'…
No hold violations found
Running 'Checker.MaxSlewViolations' at 'config/runs/PE_run2/141-checker-maxslewviolations'…
Max Slew violations found in the following corners:
* max_ss_100C_1v60
* min_ss_100C_1v60
* nom_ss_100C_1v60
No max slew violations found
Running 'Checker.MaxCapViolations' at 'config/runs/PE_run2/142-checker-maxcapviolations'…
No max cap violations found
Running 'Misc.ReportManufacturability' at 'config/runs/PE_run2/143-misc-reportmanufacturability'…
Saving views to '/home/anils_0611/vlsi_projects/pe_asic/pnr/config/runs/PE_run2/final'…
Flow complete.
Starting…
Running 'Verilator.Lint' at 'config/runs/PE_run2/144-verilator-lint'…
Logging subprocess to [repr.filename]'config/runs/PE_run2/144-verilator-lint/verilator-lint.log'[/repr.filename]…
Running 'Checker.LintTimingConstructs' at 'config/runs/PE_run2/145-checker-linttimingconstructs'…
Check for Lint Timing Errors clear.
Running 'Checker.LintErrors' at 'config/runs/PE_run2/146-checker-linterrors'…
Check for Lint errors clear.
Running 'Checker.LintWarnings' at 'config/runs/PE_run2/147-checker-lintwarnings'…
Check for Lint warnings clear.
Running 'Yosys.JsonHeader' at 'config/runs/PE_run2/148-yosys-jsonheader'…
Logging subprocess to [repr.filename]'config/runs/PE_run2/148-yosys-jsonheader/yosys-jsonheader.log'[/repr.filename]…
Running 'Yosys.Synthesis' at 'config/runs/PE_run2/149-yosys-synthesis'…
Logging subprocess to [repr.filename]'config/runs/PE_run2/149-yosys-synthesis/yosys-synthesis.log'[/repr.filename]…
Parsing synthesis checks…
Running 'Checker.YosysUnmappedCells' at 'config/runs/PE_run2/150-checker-yosysunmappedcells'…
Check for Unmapped Yosys instances clear.
Running 'Checker.YosysSynthChecks' at 'config/runs/PE_run2/151-checker-yosyssynthchecks'…
Check for Yosys check errors clear.
Running 'Checker.NetlistAssignStatements' at 'config/runs/PE_run2/152-checker-netlistassignstatements'…
Running 'OpenROAD.CheckSDCFiles' at 'config/runs/PE_run2/153-openroad-checksdcfiles'…
'PNR_SDC_FILE' is not defined. Using generic fallback SDC for OpenROAD PnR steps.
'SIGNOFF_SDC_FILE' is not defined. Using generic fallback SDC for OpenROAD PnR steps.
Running 'OpenROAD.CheckMacroInstances' at 'config/runs/PE_run2/154-openroad-checkmacroinstances'…
No macros found, skipping instance check…
Running 'OpenROAD.STAPrePNR' at 'config/runs/PE_run2/155-openroad-staprepnr'…
Starting STA for the nom_tt_025C_1v80 timing corner…
Starting STA for the nom_ss_100C_1v60 timing corner…
Logging subprocess to [repr.filename]'config/runs/PE_run2/155-openroad-staprepnr/nom_tt_025C_1v80/sta.log'[/repr.filename]…
Starting STA for the nom_ff_n40C_1v95 timing corner…
Starting STA for the min_tt_025C_1v80 timing corner…
Logging subprocess to [repr.filename]'config/runs/PE_run2/155-openroad-staprepnr/nom_ss_100C_1v60/sta.log'[/repr.filename]…
Starting STA for the min_ss_100C_1v60 timing corner…
Starting STA for the min_ff_n40C_1v95 timing corner…
Logging subprocess to [repr.filename]'config/runs/PE_run2/155-openroad-staprepnr/nom_ff_n40C_1v95/sta.log'[/repr.filename]…
Starting STA for the max_tt_025C_1v80 timing corner…
Logging subprocess to [repr.filename]'config/runs/PE_run2/155-openroad-staprepnr/min_tt_025C_1v80/sta.log'[/repr.filename]…
Starting STA for the max_ss_100C_1v60 timing corner…
Starting STA for the max_ff_n40C_1v95 timing corner…
Logging subprocess to [repr.filename]'config/runs/PE_run2/155-openroad-staprepnr/min_ss_100C_1v60/sta.log'[/repr.filename]…
Logging subprocess to [repr.filename]'config/runs/PE_run2/155-openroad-staprepnr/min_ff_n40C_1v95/sta.log'[/repr.filename]…
Logging subprocess to [repr.filename]'config/runs/PE_run2/155-openroad-staprepnr/max_tt_025C_1v80/sta.log'[/repr.filename]…
Logging subprocess to [repr.filename]'config/runs/PE_run2/155-openroad-staprepnr/max_ss_100C_1v60/sta.log'[/repr.filename]…
Logging subprocess to [repr.filename]'config/runs/PE_run2/155-openroad-staprepnr/max_ff_n40C_1v95/sta.log'[/repr.filename]…
Finished STA for the min_tt_025C_1v80 timing corner.
Finished STA for the nom_ff_n40C_1v95 timing corner.
Finished STA for the nom_tt_025C_1v80 timing corner.
Finished STA for the nom_ss_100C_1v60 timing corner.
Finished STA for the min_ff_n40C_1v95 timing corner.
Finished STA for the max_tt_025C_1v80 timing corner.
Finished STA for the max_ss_100C_1v60 timing corner.
Finished STA for the max_ff_n40C_1v95 timing corner.
Finished STA for the min_ss_100C_1v60 timing corner.
Running 'OpenROAD.Floorplan' at 'config/runs/PE_run2/156-openroad-floorplan'…
Logging subprocess to [repr.filename]'config/runs/PE_run2/156-openroad-floorplan/openroad-floorplan.log'[/repr.filename]…
Running 'Odb.CheckMacroAntennaProperties' at 'config/runs/PE_run2/157-odb-checkmacroantennaproperties'…
No cells provided, skipping…
Running 'Odb.SetPowerConnections' at 'config/runs/PE_run2/158-odb-setpowerconnections'…
Logging subprocess to [repr.filename]'config/runs/PE_run2/158-odb-setpowerconnections/odb-setpowerconnections.log'[/repr.filename]…
Running 'Odb.ManualMacroPlacement' at 'config/runs/PE_run2/159-odb-manualmacroplacement'…
No instances found, skipping 'Odb.ManualMacroPlacement'…
Running 'OpenROAD.CutRows' at 'config/runs/PE_run2/160-openroad-cutrows'…
Logging subprocess to [repr.filename]'config/runs/PE_run2/160-openroad-cutrows/openroad-cutrows.log'[/repr.filename]…
Running 'OpenROAD.TapEndcapInsertion' at 'config/runs/PE_run2/161-openroad-tapendcapinsertion'…
Logging subprocess to [repr.filename]'config/runs/PE_run2/161-openroad-tapendcapinsertion/openroad-tapendcapinsertion.log'[/repr.filename]…
Running 'Odb.AddPDNObstructions' at 'config/runs/PE_run2/162-odb-addpdnobstructions'…
'PDN_OBSTRUCTIONS' is not defined. Skipping 'Odb.AddPDNObstructions'…
Running 'OpenROAD.GeneratePDN' at 'config/runs/PE_run2/163-openroad-generatepdn'…
'FP_PDN_CFG' not explicitly set, setting it to /nix/store/9hhfv2x4r4x6v55799pa58jc2yni6awy-python3.11-openlane-2.3.10/lib/python3.11/site-packages/openlane/scripts/openroad/common/pdn_cfg.tcl…
Logging subprocess to [repr.filename]'config/runs/PE_run2/163-openroad-generatepdn/openroad-generatepdn.log'[/repr.filename]…
Running 'Odb.RemovePDNObstructions' at 'config/runs/PE_run2/164-odb-removepdnobstructions'…
'PDN_OBSTRUCTIONS' is not defined. Skipping 'Odb.RemovePDNObstructions'…
Running 'Odb.AddRoutingObstructions' at 'config/runs/PE_run2/165-odb-addroutingobstructions'…
'ROUTING_OBSTRUCTIONS' is not defined. Skipping 'Odb.AddRoutingObstructions'…
Running 'OpenROAD.GlobalPlacementSkipIO' at 'config/runs/PE_run2/166-openroad-globalplacementskipio'…
Logging subprocess to [repr.filename]'config/runs/PE_run2/166-openroad-globalplacementskipio/openroad-globalplacementskipio.log'[/repr.filename]…
Running 'OpenROAD.IOPlacement' at 'config/runs/PE_run2/167-openroad-ioplacement'…
Logging subprocess to [repr.filename]'config/runs/PE_run2/167-openroad-ioplacement/openroad-ioplacement.log'[/repr.filename]…
Running 'Odb.CustomIOPlacement' at 'config/runs/PE_run2/168-odb-customioplacement'…
No custom floorplan file configured, skipping…
Running 'Odb.ApplyDEFTemplate' at 'config/runs/PE_run2/169-odb-applydeftemplate'…
No DEF template provided, skipping…
Running 'OpenROAD.GlobalPlacement' at 'config/runs/PE_run2/170-openroad-globalplacement'…
Logging subprocess to [repr.filename]'config/runs/PE_run2/170-openroad-globalplacement/openroad-globalplacement.log'[/repr.filename]…
Running 'Odb.WriteVerilogHeader' at 'config/runs/PE_run2/171-odb-writeverilogheader'…
Logging subprocess to [repr.filename]'config/runs/PE_run2/171-odb-writeverilogheader/odb-writeverilogheader.log'[/repr.filename]…
Running 'Checker.PowerGridViolations' at 'config/runs/PE_run2/172-checker-powergridviolations'…
Check for power grid violations (as reported by OpenROAD PSM- you may ignore these if LVS passes) clear.
Running 'OpenROAD.STAMidPNR' at 'config/runs/PE_run2/173-openroad-stamidpnr'…
Logging subprocess to [repr.filename]'config/runs/PE_run2/173-openroad-stamidpnr/openroad-stamidpnr.log'[/repr.filename]…
[GRT-0097] No global routing found for nets.
Running 'OpenROAD.RepairDesignPostGPL' at 'config/runs/PE_run2/174-openroad-repairdesignpostgpl'…
Logging subprocess to [repr.filename]'config/runs/PE_run2/174-openroad-repairdesignpostgpl/openroad-repairdesignpostgpl.log'[/repr.filename]…
Running 'Odb.ManualGlobalPlacement' at 'config/runs/PE_run2/175-odb-manualglobalplacement'…
'MANUAL_GLOBAL_PLACEMENTS' not set, skipping…
Running 'OpenROAD.DetailedPlacement' at 'config/runs/PE_run2/176-openroad-detailedplacement'…
Logging subprocess to [repr.filename]'config/runs/PE_run2/176-openroad-detailedplacement/openroad-detailedplacement.log'[/repr.filename]…
Running 'OpenROAD.CTS' at 'config/runs/PE_run2/177-openroad-cts'…
Logging subprocess to [repr.filename]'config/runs/PE_run2/177-openroad-cts/openroad-cts.log'[/repr.filename]…
Running 'OpenROAD.STAMidPNR-1' at 'config/runs/PE_run2/178-openroad-stamidpnr-1'…
Logging subprocess to [repr.filename]'config/runs/PE_run2/178-openroad-stamidpnr-1/openroad-stamidpnr-1.log'[/repr.filename]…
[GRT-0097] No global routing found for nets.
Running 'OpenROAD.ResizerTimingPostCTS' at 'config/runs/PE_run2/179-openroad-resizertimingpostcts'…
Logging subprocess to [repr.filename]'config/runs/PE_run2/179-openroad-resizertimingpostcts/openroad-resizertimingpostcts.log'[/repr.filename]…
[RSZ-0062] Unable to repair all setup violations.
Running 'OpenROAD.STAMidPNR-2' at 'config/runs/PE_run2/180-openroad-stamidpnr-2'…
Logging subprocess to [repr.filename]'config/runs/PE_run2/180-openroad-stamidpnr-2/openroad-stamidpnr-2.log'[/repr.filename]…
[GRT-0097] No global routing found for nets.
Running 'OpenROAD.GlobalRouting' at 'config/runs/PE_run2/181-openroad-globalrouting'…
Logging subprocess to [repr.filename]'config/runs/PE_run2/181-openroad-globalrouting/openroad-globalrouting.log'[/repr.filename]…
Running 'OpenROAD.CheckAntennas' at 'config/runs/PE_run2/182-openroad-checkantennas'…
Logging subprocess to [repr.filename]'config/runs/PE_run2/182-openroad-checkantennas/openroad-checkantennas.log'[/repr.filename]…
Gating variable for step 'OpenROAD.RepairDesignPostGRT' set to 'False'- the step will be skipped.
Skipping step 'Repair Design (Post-Global Routing)'…
Running 'Odb.DiodesOnPorts' at 'config/runs/PE_run2/183-odb-diodesonports'…
'DIODE_ON_PORTS' is set to 'none': skipping…
Gating variable for step 'Odb.HeuristicDiodeInsertion' set to 'False'- the step will be skipped.
Skipping step 'Heuristic Diode Insertion'…
Running 'OpenROAD.RepairAntennas' at 'config/runs/PE_run2/184-openroad-repairantennas'…
Running 'DiodeInsertion' at 'config/runs/PE_run2/184-openroad-repairantennas/1-diodeinsertion'…
Logging subprocess to [repr.filename]'config/runs/PE_run2/184-openroad-repairantennas/1-diodeinsertion/diodeinsertion.log'[/repr.filename]…
Running 'OpenROAD.CheckAntennas' at 'config/runs/PE_run2/184-openroad-repairantennas/2-openroad-checkantennas'…
Logging subprocess to [repr.filename]'config/runs/PE_run2/184-openroad-repairantennas/2-openroad-checkantennas/openroad-checkantennas.log'[/repr.filename]…
Gating variable for step 'OpenROAD.ResizerTimingPostGRT' set to 'False'- the step will be skipped.
Skipping step 'Resizer Timing Optimizations (Post-Global Routing)'…
Running 'OpenROAD.STAMidPNR-3' at 'config/runs/PE_run2/185-openroad-stamidpnr-3'…
Logging subprocess to [repr.filename]'config/runs/PE_run2/185-openroad-stamidpnr-3/openroad-stamidpnr-3.log'[/repr.filename]…
Running 'OpenROAD.DetailedRouting' at 'config/runs/PE_run2/186-openroad-detailedrouting'…
Running TritonRoute with 12 threads…
Logging subprocess to [repr.filename]'config/runs/PE_run2/186-openroad-detailedrouting/openroad-detailedrouting.log'[/repr.filename]…
[DRT-0349] LEF58_ENCLOSURE with no CUTCLASS is not supported. Skipping for layer mcon
[DRT-0349] LEF58_ENCLOSURE with no CUTCLASS is not supported. Skipping for layer mcon
[DRT-0349] LEF58_ENCLOSURE with no CUTCLASS is not supported. Skipping for layer via
[DRT-0349] LEF58_ENCLOSURE with no CUTCLASS is not supported. Skipping for layer via
[DRT-0349] LEF58_ENCLOSURE with no CUTCLASS is not supported. Skipping for layer via2
[DRT-0349] LEF58_ENCLOSURE with no CUTCLASS is not supported. Skipping for layer via2
[DRT-0349] LEF58_ENCLOSURE with no CUTCLASS is not supported. Skipping for layer via3
[DRT-0349] LEF58_ENCLOSURE with no CUTCLASS is not supported. Skipping for layer via3
[DRT-0349] LEF58_ENCLOSURE with no CUTCLASS is not supported. Skipping for layer via4
[DRT-0349] LEF58_ENCLOSURE with no CUTCLASS is not supported. Skipping for layer via4
Running 'Odb.RemoveRoutingObstructions' at 'config/runs/PE_run2/187-odb-removeroutingobstructions'…
'ROUTING_OBSTRUCTIONS' is not defined. Skipping 'Odb.RemoveRoutingObstructions'…
Running 'OpenROAD.CheckAntennas-1' at 'config/runs/PE_run2/188-openroad-checkantennas-1'…
Logging subprocess to [repr.filename]'config/runs/PE_run2/188-openroad-checkantennas-1/openroad-checkantennas-1.log'[/repr.filename]…
Running 'Checker.TrDRC' at 'config/runs/PE_run2/189-checker-trdrc'…
Check for Routing DRC errors clear.
Running 'Odb.ReportDisconnectedPins' at 'config/runs/PE_run2/190-odb-reportdisconnectedpins'…
Logging subprocess to [repr.filename]'config/runs/PE_run2/190-odb-reportdisconnectedpins/odb-reportdisconnectedpins.log'[/repr.filename]…
Running 'Checker.DisconnectedPins' at 'config/runs/PE_run2/191-checker-disconnectedpins'…
Check for critical disconnected pins clear.
Running 'Odb.ReportWireLength' at 'config/runs/PE_run2/192-odb-reportwirelength'…
Logging subprocess to [repr.filename]'config/runs/PE_run2/192-odb-reportwirelength/odb-reportwirelength.log'[/repr.filename]…
Running 'Checker.WireLength' at 'config/runs/PE_run2/193-checker-wirelength'…
Threshold for Threshold-surpassing long wires is not set. The checker will be skipped.
Running 'OpenROAD.FillInsertion' at 'config/runs/PE_run2/194-openroad-fillinsertion'…
Logging subprocess to [repr.filename]'config/runs/PE_run2/194-openroad-fillinsertion/openroad-fillinsertion.log'[/repr.filename]…
Running 'Odb.CellFrequencyTables' at 'config/runs/PE_run2/195-odb-cellfrequencytables'…
Logging subprocess to [repr.filename]'config/runs/PE_run2/195-odb-cellfrequencytables/buffer_list.txt'[/repr.filename]…
Logging subprocess to [repr.filename]'config/runs/PE_run2/195-odb-cellfrequencytables/odb-cellfrequencytables.log'[/repr.filename]…
Running 'OpenROAD.RCX' at 'config/runs/PE_run2/196-openroad-rcx'…
Running RCX for corners matching nom_* (/home/anils_0611/vlsi_projects/pe_asic/pnr/config/runs/PE_run2/196-openroad-rcx/nom/rcx.log)…
Running RCX for corners matching min_* (/home/anils_0611/vlsi_projects/pe_asic/pnr/config/runs/PE_run2/196-openroad-rcx/min/rcx.log)…
Running RCX for corners matching max_* (/home/anils_0611/vlsi_projects/pe_asic/pnr/config/runs/PE_run2/196-openroad-rcx/max/rcx.log)…
Logging subprocess to [repr.filename]'config/runs/PE_run2/196-openroad-rcx/min/rcx.log'[/repr.filename]…
Logging subprocess to [repr.filename]'config/runs/PE_run2/196-openroad-rcx/nom/rcx.log'[/repr.filename]…
Logging subprocess to [repr.filename]'config/runs/PE_run2/196-openroad-rcx/max/rcx.log'[/repr.filename]…
Finished RCX for corners matching nom_*.
Finished RCX for corners matching min_*.
Finished RCX for corners matching max_*.
Running 'OpenROAD.STAPostPNR' at 'config/runs/PE_run2/197-openroad-stapostpnr'…
Starting STA for the nom_tt_025C_1v80 timing corner…
Starting STA for the nom_ss_100C_1v60 timing corner…
Starting STA for the nom_ff_n40C_1v95 timing corner…
Starting STA for the min_tt_025C_1v80 timing corner…
Starting STA for the min_ss_100C_1v60 timing corner…
Starting STA for the min_ff_n40C_1v95 timing corner…
Logging subprocess to [repr.filename]'config/runs/PE_run2/197-openroad-stapostpnr/min_tt_025C_1v80/sta.log'[/repr.filename]…
Logging subprocess to [repr.filename]'config/runs/PE_run2/197-openroad-stapostpnr/nom_ff_n40C_1v95/sta.log'[/repr.filename]…
Logging subprocess to [repr.filename]'config/runs/PE_run2/197-openroad-stapostpnr/nom_tt_025C_1v80/sta.log'[/repr.filename]…
Starting STA for the max_tt_025C_1v80 timing corner…
Starting STA for the max_ss_100C_1v60 timing corner…
Starting STA for the max_ff_n40C_1v95 timing corner…
Logging subprocess to [repr.filename]'config/runs/PE_run2/197-openroad-stapostpnr/min_ss_100C_1v60/sta.log'[/repr.filename]…
Logging subprocess to [repr.filename]'config/runs/PE_run2/197-openroad-stapostpnr/nom_ss_100C_1v60/sta.log'[/repr.filename]…
Logging subprocess to [repr.filename]'config/runs/PE_run2/197-openroad-stapostpnr/max_tt_025C_1v80/sta.log'[/repr.filename]…
Logging subprocess to [repr.filename]'config/runs/PE_run2/197-openroad-stapostpnr/max_ff_n40C_1v95/sta.log'[/repr.filename]…
Logging subprocess to [repr.filename]'config/runs/PE_run2/197-openroad-stapostpnr/max_ss_100C_1v60/sta.log'[/repr.filename]…
Logging subprocess to [repr.filename]'config/runs/PE_run2/197-openroad-stapostpnr/min_ff_n40C_1v95/sta.log'[/repr.filename]…
Finished STA for the min_tt_025C_1v80 timing corner.
Logging subprocess to [repr.filename]'config/runs/PE_run2/197-openroad-stapostpnr/min_tt_025C_1v80/filter_unannotated.log'[/repr.filename]…
Finished STA for the nom_ff_n40C_1v95 timing corner.
Logging subprocess to [repr.filename]'config/runs/PE_run2/197-openroad-stapostpnr/nom_ff_n40C_1v95/filter_unannotated.log'[/repr.filename]…
Finished STA for the nom_tt_025C_1v80 timing corner.
Finished STA for the nom_ss_100C_1v60 timing corner.
Logging subprocess to [repr.filename]'config/runs/PE_run2/197-openroad-stapostpnr/nom_tt_025C_1v80/filter_unannotated.log'[/repr.filename]…
Finished STA for the max_tt_025C_1v80 timing corner.
Finished STA for the min_ff_n40C_1v95 timing corner.
Finished STA for the max_ff_n40C_1v95 timing corner.
Finished STA for the max_ss_100C_1v60 timing corner.
Logging subprocess to [repr.filename]'config/runs/PE_run2/197-openroad-stapostpnr/nom_ss_100C_1v60/filter_unannotated.log'[/repr.filename]…
Logging subprocess to [repr.filename]'config/runs/PE_run2/197-openroad-stapostpnr/max_tt_025C_1v80/filter_unannotated.log'[/repr.filename]…
Logging subprocess to [repr.filename]'config/runs/PE_run2/197-openroad-stapostpnr/max_ff_n40C_1v95/filter_unannotated.log'[/repr.filename]…
Logging subprocess to [repr.filename]'config/runs/PE_run2/197-openroad-stapostpnr/min_ff_n40C_1v95/filter_unannotated.log'[/repr.filename]…
Logging subprocess to [repr.filename]'config/runs/PE_run2/197-openroad-stapostpnr/max_ss_100C_1v60/filter_unannotated.log'[/repr.filename]…
Finished STA for the min_ss_100C_1v60 timing corner.
Logging subprocess to [repr.filename]'config/runs/PE_run2/197-openroad-stapostpnr/min_ss_100C_1v60/filter_unannotated.log'[/repr.filename]…
Running 'OpenROAD.IRDropReport' at 'config/runs/PE_run2/198-openroad-irdropreport'…
'VSRC_LOC_FILES' was not given a value, which may make the results of IR drop analysis inaccurate. If you are not integrating a top-level chip for manufacture, you may ignore this warning, otherwise, see the documentation for 'VSRC_LOC_FILES'.
Logging subprocess to [repr.filename]'config/runs/PE_run2/198-openroad-irdropreport/openroad-irdropreport.log'[/repr.filename]…
[INFO PSM-0040] All shapes on net VPWR are connected.
########## IR report #################
Net              : VPWR
Corner           : nom_tt_025C_1v80
Supply voltage   : 1.80e+00 V
Worstcase voltage: 1.80e+00 V
Average voltage  : 1.80e+00 V
Average IR drop  : 5.30e-04 V
Worstcase IR drop: 2.12e-03 V
Percentage drop  : 0.12 %
######################################
[INFO PSM-0040] All shapes on net VGND are connected.
########## IR report #################
Net              : VGND
Corner           : nom_tt_025C_1v80
Supply voltage   : 0.00e+00 V
Worstcase voltage: 2.34e-03 V
Average voltage  : 5.23e-04 V
Average IR drop  : 5.23e-04 V
Worstcase IR drop: 2.34e-03 V
Percentage drop  : 0.13 %
######################################

Running 'Magic.StreamOut' at 'config/runs/PE_run2/199-magic-streamout'…
Logging subprocess to [repr.filename]'config/runs/PE_run2/199-magic-streamout/magic-streamout.log'[/repr.filename]…
Running 'KLayout.StreamOut' at 'config/runs/PE_run2/200-klayout-streamout'…
Logging subprocess to [repr.filename]'config/runs/PE_run2/200-klayout-streamout/klayout-streamout.log'[/repr.filename]…
Running 'Magic.WriteLEF' at 'config/runs/PE_run2/201-magic-writelef'…
Logging subprocess to [repr.filename]'config/runs/PE_run2/201-magic-writelef/magic-writelef.log'[/repr.filename]…
Running 'Odb.CheckDesignAntennaProperties' at 'config/runs/PE_run2/202-odb-checkdesignantennaproperties'…
Logging subprocess to [repr.filename]'config/runs/PE_run2/202-odb-checkdesignantennaproperties/odb-checkdesignantennaproperties.log'[/repr.filename]…
Running 'KLayout.XOR' at 'config/runs/PE_run2/203-klayout-xor'…
Running XOR with 12 threads…
Logging subprocess to [repr.filename]'config/runs/PE_run2/203-klayout-xor/klayout-xor.log'[/repr.filename]…
Running 'Checker.XOR' at 'config/runs/PE_run2/204-checker-xor'…
Check for XOR differences clear.
Running 'Magic.DRC' at 'config/runs/PE_run2/205-magic-drc'…
Logging subprocess to [repr.filename]'config/runs/PE_run2/205-magic-drc/magic-drc.log'[/repr.filename]…
Running 'KLayout.DRC' at 'config/runs/PE_run2/206-klayout-drc'…
Running KLayout DRC with 12 threads…
Logging subprocess to [repr.filename]'config/runs/PE_run2/206-klayout-drc/klayout-drc.log'[/repr.filename]…
Logging subprocess to [repr.filename]'config/runs/PE_run2/206-klayout-drc/xml_drc_report_to_json.log'[/repr.filename]…
Running 'Checker.MagicDRC' at 'config/runs/PE_run2/207-checker-magicdrc'…
Check for Magic DRC errors clear.
Running 'Checker.KLayoutDRC' at 'config/runs/PE_run2/208-checker-klayoutdrc'…
Check for KLayout DRC errors clear.
Running 'Magic.SpiceExtraction' at 'config/runs/PE_run2/209-magic-spiceextraction'…
Logging subprocess to [repr.filename]'config/runs/PE_run2/209-magic-spiceextraction/magic-spiceextraction.log'[/repr.filename]…
Running 'Checker.IllegalOverlap' at 'config/runs/PE_run2/210-checker-illegaloverlap'…
Check for Magic Illegal Overlap errors clear.
Running 'Netgen.LVS' at 'config/runs/PE_run2/211-netgen-lvs'…
Logging subprocess to [repr.filename]'config/runs/PE_run2/211-netgen-lvs/netgen-lvs.log'[/repr.filename]…
Running 'Checker.LVS' at 'config/runs/PE_run2/212-checker-lvs'…
Check for LVS errors clear.
Gating variable for step 'Yosys.EQY' set to 'False'- the step will be skipped.
Skipping step 'Equivalence Check'…
Running 'Checker.SetupViolations' at 'config/runs/PE_run2/213-checker-setupviolations'…
Setup violations found in the following corners:
* max_ss_100C_1v60
* min_ss_100C_1v60
* nom_ss_100C_1v60
No setup violations found
Running 'Checker.HoldViolations' at 'config/runs/PE_run2/214-checker-holdviolations'…
No hold violations found
Running 'Checker.MaxSlewViolations' at 'config/runs/PE_run2/215-checker-maxslewviolations'…
Max Slew violations found in the following corners:
* max_ss_100C_1v60
* min_ss_100C_1v60
* nom_ss_100C_1v60
No max slew violations found
Running 'Checker.MaxCapViolations' at 'config/runs/PE_run2/216-checker-maxcapviolations'…
No max cap violations found
Running 'Misc.ReportManufacturability' at 'config/runs/PE_run2/217-misc-reportmanufacturability'…
Saving views to '/home/anils_0611/vlsi_projects/pe_asic/pnr/config/runs/PE_run2/final'…
Flow complete.
