Reading OpenROAD database at '/home/anils_0611/vlsi_projects/pe_asic/pnr/config/runs/PE_run2/89-openroad-generatepdn/PE.odb'…
Reading library file at '/home/anils_0611/.volare/volare/sky130/versions/0fe599b2afb6708d281543108caf8310912f54af/sky130A/libs.ref/sky130_fd_sc_hd/lib/sky130_fd_sc_hd__tt_025C_1v80.lib'…
Reading design constraints file at '/nix/store/9hhfv2x4r4x6v55799pa58jc2yni6awy-python3.11-openlane-2.3.10/lib/python3.11/site-packages/openlane/scripts/base.sdc'…
[INFO] Using clock clk…
[INFO] Setting output delay to: 1.0
[INFO] Setting input delay to: 1.0
[INFO] Setting load to: 0.033442
[INFO] Setting clock uncertainty to: 0.25
[INFO] Setting clock transition to: 0.1499999999999999944488848768742172978818416595458984375
[INFO] Setting timing derate to: 5%
+ global_placement -density 0.65 -skip_io -pad_right 0 -pad_left 0 -init_wirelength_coef 0.25
[INFO GPL-0002] DBU: 1000
[INFO GPL-0003] SiteSize: (  0.460  2.720 ) um
[INFO GPL-0004] CoreBBox: (  5.520 10.880 ) ( 123.740 127.840 ) um
[INFO GPL-0006] NumInstances:              1042
[INFO GPL-0007] NumPlaceInstances:          754
[INFO GPL-0008] NumFixedInstances:          288
[INFO GPL-0009] NumDummyInstances:            0
[INFO GPL-0010] NumNets:                    775
[INFO GPL-0011] NumPins:                   3159
[INFO GPL-0012] DieBBox:  (  0.000  0.000 ) ( 129.340 140.060 ) um
[INFO GPL-0013] CoreBBox: (  5.520 10.880 ) ( 123.740 127.840 ) um
[INFO GPL-0016] CoreArea:             13827.011 um^2
[INFO GPL-0017] NonPlaceInstsArea:      575.552 um^2
[INFO GPL-0018] PlaceInstsArea:        8396.803 um^2
[INFO GPL-0019] Util:                    63.365 %
[INFO GPL-0020] StdInstsArea:          8396.803 um^2
[INFO GPL-0021] MacroInstsArea:           0.000 um^2
[INFO GPL-0031] FillerInit:NumGCells:       773
[INFO GPL-0032] FillerInit:NumGNets:        775
[INFO GPL-0033] FillerInit:NumGPins:       3159
[INFO GPL-0023] TargetDensity:            0.650
[INFO GPL-0024] AvrgPlaceInstArea:       11.136 um^2
[INFO GPL-0025] IdealBinArea:            17.133 um^2
[INFO GPL-0026] IdealBinCnt:                807
[INFO GPL-0027] TotalBinArea:         13827.011 um^2
[INFO GPL-0028] BinCnt:        16     16
[INFO GPL-0029] BinSize: (  7.389  7.310 )
[INFO GPL-0030] NumBins: 256
[NesterovSolve] Iter:    1 overflow: 0.983 HPWL: 2378011
[NesterovSolve] Iter:   10 overflow: 0.980 HPWL: 1674835
[NesterovSolve] Iter:   20 overflow: 0.978 HPWL: 1662987
[NesterovSolve] Iter:   30 overflow: 0.977 HPWL: 1659235
[NesterovSolve] Iter:   40 overflow: 0.977 HPWL: 1657642
[NesterovSolve] Iter:   50 overflow: 0.975 HPWL: 1656556
[NesterovSolve] Iter:   60 overflow: 0.975 HPWL: 1656526
[NesterovSolve] Iter:   70 overflow: 0.975 HPWL: 1657248
[NesterovSolve] Iter:   80 overflow: 0.974 HPWL: 1658304
[NesterovSolve] Iter:   90 overflow: 0.974 HPWL: 1661128
[NesterovSolve] Iter:  100 overflow: 0.973 HPWL: 1669469
[NesterovSolve] Iter:  110 overflow: 0.968 HPWL: 1695155
[NesterovSolve] Iter:  120 overflow: 0.966 HPWL: 1814419
[NesterovSolve] Iter:  130 overflow: 0.943 HPWL: 2121815
[NesterovSolve] Iter:  140 overflow: 0.920 HPWL: 2490775
[NesterovSolve] Iter:  150 overflow: 0.908 HPWL: 2812352
[NesterovSolve] Iter:  160 overflow: 0.894 HPWL: 3322539
[NesterovSolve] Iter:  170 overflow: 0.848 HPWL: 4115626
[NesterovSolve] Iter:  180 overflow: 0.815 HPWL: 4637689
[NesterovSolve] Iter:  190 overflow: 0.780 HPWL: 5224644
[NesterovSolve] Iter:  200 overflow: 0.740 HPWL: 5740067
[NesterovSolve] Iter:  210 overflow: 0.700 HPWL: 6432959
[NesterovSolve] Iter:  220 overflow: 0.655 HPWL: 6790393
[NesterovSolve] Iter:  230 overflow: 0.601 HPWL: 7476718
[NesterovSolve] Iter:  240 overflow: 0.554 HPWL: 7932875
[NesterovSolve] Iter:  250 overflow: 0.508 HPWL: 8513463
[NesterovSolve] Iter:  260 overflow: 0.463 HPWL: 9025329
[NesterovSolve] Iter:  270 overflow: 0.411 HPWL: 9493373
[NesterovSolve] Iter:  280 overflow: 0.366 HPWL: 9886836
[NesterovSolve] Iter:  290 overflow: 0.321 HPWL: 10103684
[NesterovSolve] Iter:  300 overflow: 0.280 HPWL: 10359698
[NesterovSolve] Iter:  310 overflow: 0.258 HPWL: 10564181
[NesterovSolve] Iter:  320 overflow: 0.230 HPWL: 10712851
[NesterovSolve] Iter:  330 overflow: 0.203 HPWL: 10901060
[NesterovSolve] Iter:  340 overflow: 0.183 HPWL: 11067640
[NesterovSolve] Iter:  350 overflow: 0.159 HPWL: 11186044
[NesterovSolve] Iter:  360 overflow: 0.135 HPWL: 11241709
[NesterovSolve] Iter:  370 overflow: 0.121 HPWL: 11303166
[NesterovSolve] Finished with Overflow: 0.098285
[INFO] Setting RC values…
Setting global connections for newly added cells…
[INFO] Setting global connections...
Updating metrics…
Cell type report:                       Count       Area
  Fill cell                                86     322.81
  Tap cell                                202     252.74
  Inverter                                 22      82.58
  Sequential cell                          67    1425.12
  Multi-Input combinational cell          665    6889.11
  Total                                  1042    8972.36
Writing OpenROAD database to '/home/anils_0611/vlsi_projects/pe_asic/pnr/config/runs/PE_run2/92-openroad-globalplacementskipio/PE.odb'…
Writing netlist to '/home/anils_0611/vlsi_projects/pe_asic/pnr/config/runs/PE_run2/92-openroad-globalplacementskipio/PE.nl.v'…
Writing powered netlist to '/home/anils_0611/vlsi_projects/pe_asic/pnr/config/runs/PE_run2/92-openroad-globalplacementskipio/PE.pnl.v'…
Writing layout to '/home/anils_0611/vlsi_projects/pe_asic/pnr/config/runs/PE_run2/92-openroad-globalplacementskipio/PE.def'…
Writing timing constraints to '/home/anils_0611/vlsi_projects/pe_asic/pnr/config/runs/PE_run2/92-openroad-globalplacementskipio/PE.sdc'…
