
===========================================================================
Violator List
============================================================================
[setup in-reg] b_in[1] -> _1426_/D : -2.062207
[setup in-reg] b_in[1] -> _1428_/D : -1.993874
[setup in-reg] b_in[1] -> _1427_/D : -1.954412
[setup in-reg] b_in[1] -> _1430_/D : -1.829030
[setup in-reg] b_in[1] -> _1432_/D : -1.822866
[setup reg-reg] _1376_/Q -> _1388_/D : -1.810065
[setup reg-reg] _1376_/Q -> _1402_/D : -1.802247
[setup in-reg] b_in[1] -> _1431_/D : -1.801793
[setup reg-reg] _1376_/Q -> _1401_/D : -1.795471
[setup reg-reg] _1376_/Q -> _1406_/D : -1.782520
[setup in-reg] b_in[1] -> _1424_/D : -1.740400
[setup reg-reg] _1376_/Q -> _1393_/D : -1.737436
[setup reg-reg] _1376_/Q -> _1394_/D : -1.731951
[setup in-reg] b_in[1] -> _1429_/D : -1.730183
[setup reg-reg] _1376_/Q -> _1400_/D : -1.726612
[setup reg-reg] _1376_/Q -> _1399_/D : -1.725672
[setup reg-reg] _1376_/Q -> _1396_/D : -1.685294
[setup reg-reg] _1376_/Q -> _1390_/D : -1.661384
[setup reg-reg] _1376_/Q -> _1392_/D : -1.577531
[setup reg-reg] _1376_/Q -> _1398_/D : -1.565309
[setup in-reg] b_in[1] -> _1425_/D : -1.549245
[setup reg-reg] _1376_/Q -> _1397_/D : -1.547887
[setup reg-reg] _1376_/Q -> _1395_/D : -1.446066
[setup reg-reg] _1376_/Q -> _1405_/D : -1.433324
[setup reg-reg] _1376_/Q -> _1389_/D : -1.366698
[setup reg-reg] _1376_/Q -> _1404_/D : -1.363602
[setup reg-reg] _1376_/Q -> _1391_/D : -1.342278
[setup reg-reg] _1376_/Q -> _1386_/D : -1.308901
[setup reg-reg] _1376_/Q -> _1387_/D : -1.281971
[setup reg-reg] _1376_/Q -> _1403_/D : -1.115810
[setup reg-reg] _1376_/Q -> _1384_/D : -0.946690
[setup reg-reg] _1376_/Q -> _1385_/D : -0.803041
[setup in-reg] b_in[1] -> _1423_/D : -0.745279
[setup in-reg] b_in[1] -> _1422_/D : -0.400523
[setup reg-reg] _1378_/Q -> _1382_/D : -0.356212
[setup reg-reg] _1378_/Q -> _1383_/D : -0.028323
[setup in-reg] b_in[1] -> _1420_/D : -0.013553
