
===========================================================================
report_checks -unconstrained
===========================================================================
======================= nom_ff_n40C_1v95 Corner ===================================

Startpoint: b_in[2] (input port clocked by clk)
Endpoint: _1432_ (rising edge-triggered flip-flop clocked by clk)
Path Group: clk
Path Type: max

Fanout         Cap        Slew       Delay        Time   Description
---------------------------------------------------------------------------------------------
                                  0.000000    0.000000   clock clk (rise edge)
                                  0.000000    0.000000   clock network delay (propagated)
                                  1.000000    1.000000 ^ input external delay
     1    0.003958    0.018069    0.010289    1.010289 ^ b_in[2] (in)
                                                         b_in[2] (net)
                      0.018070    0.000000    1.010289 ^ input11/A (sky130_fd_sc_hd__buf_1)
     2    0.011156    0.102361    0.097758    1.108046 ^ input11/X (sky130_fd_sc_hd__buf_1)
                                                         net11 (net)
                      0.102362    0.000253    1.108299 ^ fanout126/A (sky130_fd_sc_hd__buf_4)
    10    0.073141    0.153712    0.175747    1.284046 ^ fanout126/X (sky130_fd_sc_hd__buf_4)
                                                         net126 (net)
                      0.153806    0.003132    1.287179 ^ fanout125/A (sky130_fd_sc_hd__buf_4)
    10    0.064458    0.136703    0.170163    1.457342 ^ fanout125/X (sky130_fd_sc_hd__buf_4)
                                                         net125 (net)
                      0.136891    0.004158    1.461500 ^ _0694_/A (sky130_fd_sc_hd__clkinv_4)
     7    0.070264    0.110538    0.113597    1.575097 v _0694_/Y (sky130_fd_sc_hd__clkinv_4)
                                                         _0074_ (net)
                      0.110897    0.005229    1.580326 v _1070_/A1 (sky130_fd_sc_hd__o211ai_4)
     1    0.010984    0.129656    0.166425    1.746751 ^ _1070_/Y (sky130_fd_sc_hd__o211ai_4)
                                                         _0400_ (net)
                      0.129656    0.000428    1.747180 ^ _1077_/A (sky130_fd_sc_hd__nand3_4)
     6    0.041723    0.107179    0.103974    1.851153 v _1077_/Y (sky130_fd_sc_hd__nand3_4)
                                                         _0407_ (net)
                      0.107196    0.001092    1.852245 v _1147_/A1 (sky130_fd_sc_hd__a21oi_4)
     3    0.020452    0.139793    0.159110    2.011355 ^ _1147_/Y (sky130_fd_sc_hd__a21oi_4)
                                                         _0476_ (net)
                      0.139794    0.000493    2.011849 ^ rebuffer4/A (sky130_fd_sc_hd__clkbuf_2)
     3    0.009406    0.047160    0.100909    2.112758 ^ rebuffer4/X (sky130_fd_sc_hd__clkbuf_2)
                                                         net136 (net)
                      0.047160    0.000227    2.112985 ^ rebuffer5/A (sky130_fd_sc_hd__buf_1)
     1    0.009625    0.089451    0.095070    2.208055 ^ rebuffer5/X (sky130_fd_sc_hd__buf_1)
                                                         net137 (net)
                      0.089453    0.000280    2.208334 ^ _1164_/B1 (sky130_fd_sc_hd__o221ai_4)
     1    0.010027    0.057796    0.062083    2.270417 v _1164_/Y (sky130_fd_sc_hd__o221ai_4)
                                                         _0493_ (net)
                      0.057797    0.000356    2.270774 v _1169_/B (sky130_fd_sc_hd__nand3_4)
     4    0.025032    0.085350    0.089429    2.360203 ^ _1169_/Y (sky130_fd_sc_hd__nand3_4)
                                                         _0498_ (net)
                      0.085355    0.001241    2.361444 ^ rebuffer21/A (sky130_fd_sc_hd__buf_6)
     1    0.009918    0.025255    0.069949    2.431392 ^ rebuffer21/X (sky130_fd_sc_hd__buf_6)
                                                         net153 (net)
                      0.025257    0.000323    2.431715 ^ _1175_/A1 (sky130_fd_sc_hd__a21oi_4)
     3    0.019742    0.063108    0.038433    2.470149 v _1175_/Y (sky130_fd_sc_hd__a21oi_4)
                                                         _0504_ (net)
                      0.063139    0.000684    2.470833 v _1180_/B1 (sky130_fd_sc_hd__o221ai_4)
     4    0.023150    0.184347    0.178921    2.649754 ^ _1180_/Y (sky130_fd_sc_hd__o221ai_4)
                                                         _0509_ (net)
                      0.184348    0.000662    2.650416 ^ _1239_/A (sky130_fd_sc_hd__nand4_4)
     1    0.009309    0.077177    0.061944    2.712360 v _1239_/Y (sky130_fd_sc_hd__nand4_4)
                                                         _0566_ (net)
                      0.077177    0.000282    2.712642 v _1328_/A1 (sky130_fd_sc_hd__o21ai_4)
     4    0.016757    0.126469    0.148932    2.861574 ^ _1328_/Y (sky130_fd_sc_hd__o21ai_4)
                                                         _0653_ (net)
                      0.126470    0.000768    2.862342 ^ _1350_/A (sky130_fd_sc_hd__nand3_1)
     2    0.006485    0.069564    0.065391    2.927733 v _1350_/Y (sky130_fd_sc_hd__nand3_1)
                                                         _0673_ (net)
                      0.069587    0.000160    2.927894 v _1360_/A2_N (sky130_fd_sc_hd__o2bb2ai_1)
     1    0.003672    0.064285    0.081298    3.009192 v _1360_/Y (sky130_fd_sc_hd__o2bb2ai_1)
                                                         _0683_ (net)
                      0.064285    0.000114    3.009305 v _1365_/A2 (sky130_fd_sc_hd__a31oi_1)
     1    0.002354    0.086072    0.113122    3.122427 ^ _1365_/Y (sky130_fd_sc_hd__a31oi_1)
                                                         _0058_ (net)
                      0.086072    0.000048    3.122475 ^ _1432_/D (sky130_fd_sc_hd__dfxtp_1)
                                              3.122475   data arrival time

                                  6.000000    6.000000   clock clk (rise edge)
                                  0.000000    6.000000   clock source latency
     1    0.024154    0.085509    0.059044    6.059044 ^ clk (in)
                                                         clk (net)
                      0.085533    0.000000    6.059044 ^ clkbuf_0_clk/A (sky130_fd_sc_hd__clkbuf_16)
     8    0.084411    0.077775    0.134539    6.193583 ^ clkbuf_0_clk/X (sky130_fd_sc_hd__clkbuf_16)
                                                         clknet_0_clk (net)
                      0.078102    0.004026    6.197609 ^ clkbuf_3_5__f_clk/A (sky130_fd_sc_hd__clkbuf_16)
     8    0.033752    0.041111    0.106259    6.303868 ^ clkbuf_3_5__f_clk/X (sky130_fd_sc_hd__clkbuf_16)
                                                         clknet_3_5__leaf_clk (net)
                      0.041118    0.000978    6.304846 ^ _1432_/CLK (sky130_fd_sc_hd__dfxtp_1)
                                 -0.250000    6.054846   clock uncertainty
                                  0.000000    6.054846   clock reconvergence pessimism
                                 -0.033575    6.021270   library setup time
                                              6.021270   data required time
---------------------------------------------------------------------------------------------
                                              6.021270   data required time
                                             -3.122475   data arrival time
---------------------------------------------------------------------------------------------
                                              2.898795   slack (MET)




===========================================================================
report_checks --slack_max -0.01
============================================================================
======================= nom_ff_n40C_1v95 Corner ===================================

No paths found.


===========================================================================
 report_check_types -max_slew -max_cap -max_fanout -violators
============================================================================
======================= nom_ff_n40C_1v95 Corner ===================================

max fanout

Pin                                   Limit Fanout  Slack
---------------------------------------------------------
clkbuf_3_2__f_clk/X                      10     11        (VIOLATED)
clkbuf_3_3__f_clk/X                      10     11        (VIOLATED)
clkbuf_3_7__f_clk/X                      10     11        (VIOLATED)



===========================================================================
report_parasitic_annotation -report_unannotated
============================================================================
Found 7 unannotated drivers.
 clkload0/X
 clkload1/Y
 clkload2/X
 clkload3/Y
 clkload4/Y
 clkload5/Y
 clkload6/X
Found 0 partially unannotated drivers.

===========================================================================
max slew violation count 0
max fanout violation count 3
max cap violation count 0
============================================================================

===========================================================================
check_setup -verbose -unconstrained_endpoints -multiple_clock -no_clock -no_input_delay -loops -generated_clocks
===========================================================================
