Clock: clk
Sources: clk 
Generated: no
Virtual: yes
Propagated: no
Period: 6.000000

===========================================================================
report_clock_properties
============================================================================
Clock                   Period          Waveform
----------------------------------------------------
clk                   6.000000    0.000000  3.000000

===========================================================================
report_clock_latency
============================================================================
Clock clk
rise -> rise
    min     max
0.000000 0.000000 source latency
0.301457         network latency _1422_/CLK
        0.310332 network latency _1380_/CLK
---------------
0.301457 0.310332 latency
        0.008875 skew

fall -> fall
    min     max
0.000000 0.000000 source latency
0.263920         network latency _1422_/CLK
        0.271689 network latency _1380_/CLK
---------------
0.263920 0.271689 latency
        0.007769 skew



===========================================================================
report_clock_min_period
============================================================================
clk period_min = 2.40 fmax = 416.18
