Clock: clk
Sources: clk 
Generated: no
Virtual: yes
Propagated: no
Period: 5.000000

===========================================================================
report_clock_properties
============================================================================
Clock                   Period          Waveform
----------------------------------------------------
clk                   5.000000    0.000000  2.500000

===========================================================================
report_clock_latency
============================================================================
Clock clk
rise -> rise
    min     max
0.000000 0.000000 source latency
0.386514         network latency _1423_/CLK
        0.391914 network latency _1377_/CLK
---------------
0.386514 0.391914 latency
        0.005401 skew

fall -> fall
    min     max
0.000000 0.000000 source latency
0.354996         network latency _1423_/CLK
        0.360348 network latency _1377_/CLK
---------------
0.354996 0.360348 latency
        0.005352 skew



===========================================================================
report_clock_min_period
============================================================================
clk period_min = 3.25 fmax = 307.34
