Reading OpenROAD database at '/home/anils_0611/vlsi_projects/pe_asic/pnr/config/runs/reg_run4/20-openroad-generatepdn/PE.odb'…
Reading library file at '/home/anils_0611/.volare/volare/sky130/versions/0fe599b2afb6708d281543108caf8310912f54af/sky130A/libs.ref/sky130_fd_sc_hd/lib/sky130_fd_sc_hd__tt_025C_1v80.lib'…
Reading design constraints file at '/nix/store/9hhfv2x4r4x6v55799pa58jc2yni6awy-python3.11-openlane-2.3.10/lib/python3.11/site-packages/openlane/scripts/base.sdc'…
[INFO] Using clock clk…
[INFO] Setting output delay to: 0
[INFO] Setting input delay to: 0
[INFO] Setting load to: 0.033442
[INFO] Setting clock uncertainty to: 0.25
[INFO] Setting clock transition to: 0.1499999999999999944488848768742172978818416595458984375
[INFO] Setting timing derate to: 5%
+ global_placement -density 0.45 -skip_io -pad_right 0 -pad_left 0 -init_wirelength_coef 0.25
[INFO GPL-0002] DBU: 1000
[INFO GPL-0003] SiteSize: (  0.460  2.720 ) um
[INFO GPL-0004] CoreBBox: (  5.520 10.880 ) ( 149.960 155.040 ) um
[INFO GPL-0006] NumInstances:              1162
[INFO GPL-0007] NumPlaceInstances:          754
[INFO GPL-0008] NumFixedInstances:          408
[INFO GPL-0009] NumDummyInstances:            0
[INFO GPL-0010] NumNets:                    775
[INFO GPL-0011] NumPins:                   3159
[INFO GPL-0012] DieBBox:  (  0.000  0.000 ) ( 155.925 166.645 ) um
[INFO GPL-0013] CoreBBox: (  5.520 10.880 ) ( 149.960 155.040 ) um
[INFO GPL-0016] CoreArea:             20822.470 um^2
[INFO GPL-0017] NonPlaceInstsArea:      775.744 um^2
[INFO GPL-0018] PlaceInstsArea:        8396.803 um^2
[INFO GPL-0019] Util:                    41.886 %
[INFO GPL-0020] StdInstsArea:          8396.803 um^2
[INFO GPL-0021] MacroInstsArea:           0.000 um^2
[INFO GPL-0031] FillerInit:NumGCells:       811
[INFO GPL-0032] FillerInit:NumGNets:        775
[INFO GPL-0033] FillerInit:NumGPins:       3159
[INFO GPL-0023] TargetDensity:            0.450
[INFO GPL-0024] AvrgPlaceInstArea:       11.136 um^2
[INFO GPL-0025] IdealBinArea:            24.747 um^2
[INFO GPL-0026] IdealBinCnt:                841
[INFO GPL-0027] TotalBinArea:         20822.470 um^2
[INFO GPL-0028] BinCnt:        16     16
[INFO GPL-0029] BinSize: (  9.028  9.010 )
[INFO GPL-0030] NumBins: 256
[NesterovSolve] Iter:    1 overflow: 0.983 HPWL: 2453357
[NesterovSolve] Iter:   10 overflow: 0.982 HPWL: 1674710
[NesterovSolve] Iter:   20 overflow: 0.981 HPWL: 1662848
[NesterovSolve] Iter:   30 overflow: 0.981 HPWL: 1659341
[NesterovSolve] Iter:   40 overflow: 0.980 HPWL: 1657661
[NesterovSolve] Iter:   50 overflow: 0.980 HPWL: 1656743
[NesterovSolve] Iter:   60 overflow: 0.980 HPWL: 1656772
[NesterovSolve] Iter:   70 overflow: 0.980 HPWL: 1657883
[NesterovSolve] Iter:   80 overflow: 0.979 HPWL: 1659440
[NesterovSolve] Iter:   90 overflow: 0.978 HPWL: 1663081
[NesterovSolve] Iter:  100 overflow: 0.975 HPWL: 1672204
[NesterovSolve] Iter:  110 overflow: 0.972 HPWL: 1696960
[NesterovSolve] Iter:  120 overflow: 0.965 HPWL: 1814778
[NesterovSolve] Iter:  130 overflow: 0.947 HPWL: 2195208
[NesterovSolve] Iter:  140 overflow: 0.920 HPWL: 2730784
[NesterovSolve] Iter:  150 overflow: 0.906 HPWL: 3141159
[NesterovSolve] Iter:  160 overflow: 0.896 HPWL: 3608607
[NesterovSolve] Iter:  170 overflow: 0.857 HPWL: 4617332
[NesterovSolve] Iter:  180 overflow: 0.809 HPWL: 5417473
[NesterovSolve] Iter:  190 overflow: 0.790 HPWL: 5983975
[NesterovSolve] Iter:  200 overflow: 0.725 HPWL: 6790204
[NesterovSolve] Iter:  210 overflow: 0.706 HPWL: 7294281
[NesterovSolve] Iter:  220 overflow: 0.643 HPWL: 8120662
[NesterovSolve] Iter:  230 overflow: 0.609 HPWL: 8608254
[NesterovSolve] Iter:  240 overflow: 0.559 HPWL: 9443810
[NesterovSolve] Iter:  250 overflow: 0.510 HPWL: 10063201
[NesterovSolve] Iter:  260 overflow: 0.458 HPWL: 10694546
[NesterovSolve] Iter:  270 overflow: 0.407 HPWL: 11319895
[NesterovSolve] Iter:  280 overflow: 0.357 HPWL: 11822872
[NesterovSolve] Iter:  290 overflow: 0.314 HPWL: 12088929
[NesterovSolve] Iter:  300 overflow: 0.279 HPWL: 12298367
[NesterovSolve] Iter:  310 overflow: 0.256 HPWL: 12652026
[NesterovSolve] Iter:  320 overflow: 0.232 HPWL: 12908548
[NesterovSolve] Iter:  330 overflow: 0.202 HPWL: 13047799
[NesterovSolve] Iter:  340 overflow: 0.171 HPWL: 13198755
[NesterovSolve] Iter:  350 overflow: 0.148 HPWL: 13294956
[NesterovSolve] Iter:  360 overflow: 0.128 HPWL: 13373498
[NesterovSolve] Iter:  370 overflow: 0.107 HPWL: 13461656
[NesterovSolve] Finished with Overflow: 0.098876
[INFO] Setting RC values…
Setting global connections for newly added cells…
[INFO] Setting global connections...
Updating metrics…
Cell type report:                       Count       Area
  Fill cell                               106     397.88
  Tap cell                                302     377.86
  Inverter                                 22      82.58
  Sequential cell                          67    1425.12
  Multi-Input combinational cell          665    6889.11
  Total                                  1162    9172.55
Writing OpenROAD database to '/home/anils_0611/vlsi_projects/pe_asic/pnr/config/runs/reg_run4/23-openroad-globalplacementskipio/PE.odb'…
Writing netlist to '/home/anils_0611/vlsi_projects/pe_asic/pnr/config/runs/reg_run4/23-openroad-globalplacementskipio/PE.nl.v'…
Writing powered netlist to '/home/anils_0611/vlsi_projects/pe_asic/pnr/config/runs/reg_run4/23-openroad-globalplacementskipio/PE.pnl.v'…
Writing layout to '/home/anils_0611/vlsi_projects/pe_asic/pnr/config/runs/reg_run4/23-openroad-globalplacementskipio/PE.def'…
Writing timing constraints to '/home/anils_0611/vlsi_projects/pe_asic/pnr/config/runs/reg_run4/23-openroad-globalplacementskipio/PE.sdc'…
