
===========================================================================
report_checks -unconstrained
===========================================================================
======================= nom_ff_n40C_1v95 Corner ===================================

Startpoint: b_in[2] (input port clocked by clk)
Endpoint: _1432_ (rising edge-triggered flip-flop clocked by clk)
Path Group: clk
Path Type: max

Fanout         Cap        Slew       Delay        Time   Description
---------------------------------------------------------------------------------------------
                                  0.000000    0.000000   clock clk (rise edge)
                                  0.000000    0.000000   clock network delay (propagated)
                                  0.000000    0.000000 ^ input external delay
     1    0.003186    0.015301    0.008257    0.008257 ^ b_in[2] (in)
                                                         b_in[2] (net)
                      0.015301    0.000000    0.008257 ^ input11/A (sky130_fd_sc_hd__buf_1)
     2    0.011902    0.108727    0.101318    0.109575 ^ input11/X (sky130_fd_sc_hd__buf_1)
                                                         net11 (net)
                      0.108728    0.000313    0.109888 ^ fanout127/A (sky130_fd_sc_hd__buf_4)
    10    0.073565    0.154485    0.178047    0.287935 ^ fanout127/X (sky130_fd_sc_hd__buf_4)
                                                         net127 (net)
                      0.154566    0.002922    0.290858 ^ fanout126/A (sky130_fd_sc_hd__buf_6)
    10    0.064217    0.100861    0.130627    0.421485 ^ fanout126/X (sky130_fd_sc_hd__buf_6)
                                                         net126 (net)
                      0.101157    0.004446    0.425931 ^ _0694_/A (sky130_fd_sc_hd__clkinv_4)
     7    0.066944    0.099757    0.102063    0.527994 v _0694_/Y (sky130_fd_sc_hd__clkinv_4)
                                                         _0074_ (net)
                      0.099939    0.003544    0.531537 v _1070_/A1 (sky130_fd_sc_hd__o211ai_2)
     1    0.011620    0.146508    0.174901    0.706438 ^ _1070_/Y (sky130_fd_sc_hd__o211ai_2)
                                                         _0400_ (net)
                      0.146508    0.000480    0.706918 ^ _1077_/A (sky130_fd_sc_hd__nand3_4)
     5    0.036886    0.102284    0.098991    0.805909 v _1077_/Y (sky130_fd_sc_hd__nand3_4)
                                                         _0407_ (net)
                      0.102300    0.001030    0.806939 v _1147_/A1 (sky130_fd_sc_hd__a21oi_4)
     5    0.026672    0.168175    0.179029    0.985968 ^ _1147_/Y (sky130_fd_sc_hd__a21oi_4)
                                                         _0476_ (net)
                      0.168234    0.000727    0.986695 ^ _1148_/B1 (sky130_fd_sc_hd__o21ai_4)
     6    0.029796    0.069615    0.061516    1.048212 v _1148_/Y (sky130_fd_sc_hd__o21ai_4)
                                                         _0477_ (net)
                      0.069651    0.001314    1.049525 v rebuffer44/A (sky130_fd_sc_hd__buf_6)
     1    0.009827    0.019002    0.090988    1.140514 v rebuffer44/X (sky130_fd_sc_hd__buf_6)
                                                         net176 (net)
                      0.019002    0.000236    1.140750 v _1167_/B1 (sky130_fd_sc_hd__o211ai_4)
     2    0.020880    0.173718    0.074887    1.215637 ^ _1167_/Y (sky130_fd_sc_hd__o211ai_4)
                                                         _0496_ (net)
                      0.173719    0.000631    1.216268 ^ _1170_/C1 (sky130_fd_sc_hd__o211ai_4)
     2    0.016692    0.069943    0.052879    1.269147 v _1170_/Y (sky130_fd_sc_hd__o211ai_4)
                                                         _0499_ (net)
                      0.069963    0.000718    1.269865 v _1177_/B2 (sky130_fd_sc_hd__o221a_4)
     1    0.008815    0.036131    0.149331    1.419197 v _1177_/X (sky130_fd_sc_hd__o221a_4)
                                                         _0506_ (net)
                      0.036131    0.000218    1.419415 v _1180_/B2 (sky130_fd_sc_hd__o221ai_4)
     4    0.022132    0.180191    0.148984    1.568399 ^ _1180_/Y (sky130_fd_sc_hd__o221ai_4)
                                                         _0509_ (net)
                      0.180192    0.000686    1.569085 ^ _1239_/A (sky130_fd_sc_hd__nand4_4)
     1    0.009710    0.076903    0.062885    1.631970 v _1239_/Y (sky130_fd_sc_hd__nand4_4)
                                                         _0566_ (net)
                      0.076903    0.000226    1.632196 v _1328_/A1 (sky130_fd_sc_hd__o21ai_4)
     4    0.022053    0.149816    0.166245    1.798441 ^ _1328_/Y (sky130_fd_sc_hd__o21ai_4)
                                                         _0653_ (net)
                      0.149823    0.001056    1.799498 ^ rebuffer112/A (sky130_fd_sc_hd__clkbuf_1)
     1    0.005481    0.055158    0.076402    1.875899 ^ rebuffer112/X (sky130_fd_sc_hd__clkbuf_1)
                                                         net244 (net)
                      0.055158    0.000174    1.876073 ^ _1350_/A (sky130_fd_sc_hd__nand3_2)
     2    0.008159    0.064121    0.046459    1.922532 v _1350_/Y (sky130_fd_sc_hd__nand3_2)
                                                         _0673_ (net)
                      0.064121    0.000260    1.922792 v _1360_/A2_N (sky130_fd_sc_hd__o2bb2ai_1)
     1    0.003441    0.064698    0.078409    2.001201 v _1360_/Y (sky130_fd_sc_hd__o2bb2ai_1)
                                                         _0683_ (net)
                      0.064698    0.000105    2.001306 v _1365_/A2 (sky130_fd_sc_hd__a31oi_1)
     1    0.002650    0.090179    0.116740    2.118046 ^ _1365_/Y (sky130_fd_sc_hd__a31oi_1)
                                                         _0058_ (net)
                      0.090179    0.000079    2.118125 ^ _1432_/D (sky130_fd_sc_hd__dfxtp_1)
                                              2.118125   data arrival time

                                  4.000000    4.000000   clock clk (rise edge)
                                  0.000000    4.000000   clock source latency
     1    0.023839    0.084471    0.058308    4.058308 ^ clk (in)
                                                         clk (net)
                      0.084495    0.000000    4.058308 ^ clkbuf_0_clk/A (sky130_fd_sc_hd__clkbuf_16)
     8    0.083469    0.077071    0.133757    4.192064 ^ clkbuf_0_clk/X (sky130_fd_sc_hd__clkbuf_16)
                                                         clknet_0_clk (net)
                      0.077393    0.003975    4.196039 ^ clkbuf_3_4__f_clk/A (sky130_fd_sc_hd__clkbuf_16)
     6    0.030368    0.038701    0.104199    4.300238 ^ clkbuf_3_4__f_clk/X (sky130_fd_sc_hd__clkbuf_16)
                                                         clknet_3_4__leaf_clk (net)
                      0.038714    0.000659    4.300898 ^ _1432_/CLK (sky130_fd_sc_hd__dfxtp_1)
                                 -0.250000    4.050898   clock uncertainty
                                  0.000000    4.050898   clock reconvergence pessimism
                                 -0.034020    4.016878   library setup time
                                              4.016878   data required time
---------------------------------------------------------------------------------------------
                                              4.016878   data required time
                                             -2.118125   data arrival time
---------------------------------------------------------------------------------------------
                                              1.898753   slack (MET)




===========================================================================
report_checks --slack_max -0.01
============================================================================
======================= nom_ff_n40C_1v95 Corner ===================================

No paths found.


===========================================================================
 report_check_types -max_slew -max_cap -max_fanout -violators
============================================================================
======================= nom_ff_n40C_1v95 Corner ===================================

max fanout

Pin                                   Limit Fanout  Slack
---------------------------------------------------------
clkbuf_3_2__f_clk/X                      10     11        (VIOLATED)
clkbuf_3_3__f_clk/X                      10     11        (VIOLATED)
clkbuf_3_7__f_clk/X                      10     11        (VIOLATED)



===========================================================================
report_parasitic_annotation -report_unannotated
============================================================================
Found 6 unannotated drivers.
 clkload0/X
 clkload1/Y
 clkload2/Y
 clkload3/Y
 clkload4/Y
 clkload5/X
Found 0 partially unannotated drivers.

===========================================================================
max slew violation count 0
max fanout violation count 3
max cap violation count 0
============================================================================

===========================================================================
check_setup -verbose -unconstrained_endpoints -multiple_clock -no_clock -no_input_delay -loops -generated_clocks
===========================================================================
