Clock: clk
Sources: clk 
Generated: no
Virtual: yes
Propagated: no
Period: 4.000000

===========================================================================
report_clock_properties
============================================================================
Clock                   Period          Waveform
----------------------------------------------------
clk                   4.000000    0.000000  2.000000

===========================================================================
report_clock_latency
============================================================================
Clock clk
rise -> rise
    min     max
0.000000 0.000000 source latency
0.299107         network latency _1422_/CLK
        0.308310 network latency _1380_/CLK
---------------
0.299107 0.308310 latency
        0.009203 skew

fall -> fall
    min     max
0.000000 0.000000 source latency
0.262258         network latency _1422_/CLK
        0.270387 network latency _1380_/CLK
---------------
0.262258 0.270387 latency
        0.008129 skew



===========================================================================
report_clock_min_period
============================================================================
clk period_min = 2.04 fmax = 489.21
