
===========================================================================
report_checks -unconstrained
===========================================================================
======================= nom_tt_025C_1v80 Corner ===================================

Startpoint: b_in[2] (input port clocked by clk)
Endpoint: _1431_ (rising edge-triggered flip-flop clocked by clk)
Path Group: clk
Path Type: max

Fanout         Cap        Slew       Delay        Time   Description
---------------------------------------------------------------------------------------------
                                  0.000000    0.000000   clock clk (rise edge)
                                  0.000000    0.000000   clock network delay (propagated)
                                  1.000000    1.000000 ^ input external delay
     1    0.003036    0.020747    0.011146    1.011146 ^ b_in[2] (in)
                                                         b_in[2] (net)
                      0.020747    0.000000    1.011146 ^ input11/A (sky130_fd_sc_hd__clkbuf_1)
     2    0.020551    0.244776    0.211574    1.222720 ^ input11/X (sky130_fd_sc_hd__clkbuf_1)
                                                         net11 (net)
                      0.244779    0.000722    1.223442 ^ fanout128/A (sky130_fd_sc_hd__clkbuf_4)
    10    0.060416    0.185446    0.307929    1.531371 ^ fanout128/X (sky130_fd_sc_hd__clkbuf_4)
                                                         net128 (net)
                      0.185455    0.001499    1.532871 ^ _1065_/A (sky130_fd_sc_hd__nand2_4)
     4    0.028071    0.088564    0.109181    1.642052 v _1065_/Y (sky130_fd_sc_hd__nand2_4)
                                                         _0395_ (net)
                      0.088569    0.000535    1.642587 v _1073_/B1 (sky130_fd_sc_hd__a41o_4)
     3    0.019766    0.059041    0.279850    1.922437 v _1073_/X (sky130_fd_sc_hd__a41o_4)
                                                         _0403_ (net)
                      0.059041    0.000406    1.922843 v _1076_/A1 (sky130_fd_sc_hd__o211ai_4)
     5    0.031317    0.293070    0.298746    2.221589 ^ _1076_/Y (sky130_fd_sc_hd__o211ai_4)
                                                         _0406_ (net)
                      0.293159    0.001425    2.223013 ^ _1090_/A2_N (sky130_fd_sc_hd__o2bb2ai_4)
     2    0.018668    0.167198    0.177890    2.400903 ^ _1090_/Y (sky130_fd_sc_hd__o2bb2ai_4)
                                                         _0420_ (net)
                      0.167198    0.000319    2.401222 ^ _1097_/B2 (sky130_fd_sc_hd__a22oi_4)
     5    0.021481    0.098549    0.099474    2.500696 v _1097_/Y (sky130_fd_sc_hd__a22oi_4)
                                                         _0427_ (net)
                      0.098608    0.001195    2.501891 v rebuffer4/A (sky130_fd_sc_hd__dlymetal6s2s_1)
     1    0.006472    0.052522    0.173219    2.675110 v rebuffer4/X (sky130_fd_sc_hd__dlymetal6s2s_1)
                                                         net139 (net)
                      0.052522    0.000242    2.675352 v _1168_/A2 (sky130_fd_sc_hd__o21ai_2)
     1    0.009960    0.152785    0.156026    2.831378 ^ _1168_/Y (sky130_fd_sc_hd__o21ai_2)
                                                         _0497_ (net)
                      0.152785    0.000312    2.831691 ^ _1169_/B (sky130_fd_sc_hd__nand3_4)
     6    0.029605    0.129594    0.141491    2.973181 v _1169_/Y (sky130_fd_sc_hd__nand3_4)
                                                         _0498_ (net)
                      0.129644    0.000650    2.973831 v rebuffer15/A (sky130_fd_sc_hd__buf_6)
     1    0.008819    0.024726    0.152337    3.126169 v rebuffer15/X (sky130_fd_sc_hd__buf_6)
                                                         net150 (net)
                      0.024726    0.000277    3.126446 v _1178_/C1 (sky130_fd_sc_hd__o221ai_4)
     2    0.015664    0.222308    0.068339    3.194784 ^ _1178_/Y (sky130_fd_sc_hd__o221ai_4)
                                                         _0507_ (net)
                      0.222308    0.000414    3.195199 ^ _1181_/C1 (sky130_fd_sc_hd__o211ai_2)
     2    0.010843    0.128481    0.149637    3.344835 v _1181_/Y (sky130_fd_sc_hd__o211ai_2)
                                                         _0510_ (net)
                      0.128481    0.000323    3.345158 v _1241_/A2 (sky130_fd_sc_hd__o21ai_1)
     1    0.012261    0.260379    0.266755    3.611913 ^ _1241_/Y (sky130_fd_sc_hd__o21ai_1)
                                                         _0568_ (net)
                      0.260381    0.000450    3.612364 ^ _1327_/A2 (sky130_fd_sc_hd__a21oi_4)
     1    0.010966    0.073483    0.101672    3.714036 v _1327_/Y (sky130_fd_sc_hd__a21oi_4)
                                                         _0652_ (net)
                      0.073484    0.000426    3.714462 v _1328_/B1 (sky130_fd_sc_hd__o21ai_4)
     4    0.018022    0.176305    0.092938    3.807400 ^ _1328_/Y (sky130_fd_sc_hd__o21ai_4)
                                                         _0653_ (net)
                      0.176308    0.000759    3.808158 ^ _1350_/A (sky130_fd_sc_hd__nand3_1)
     2    0.008304    0.126725    0.137537    3.945695 v _1350_/Y (sky130_fd_sc_hd__nand3_1)
                                                         _0673_ (net)
                      0.126725    0.000151    3.945846 v _1359_/A (sky130_fd_sc_hd__nand3_1)
     1    0.006054    0.088899    0.120001    4.065846 ^ _1359_/Y (sky130_fd_sc_hd__nand3_1)
                                                         _0682_ (net)
                      0.088899    0.000154    4.066000 ^ _1361_/C1 (sky130_fd_sc_hd__o211ai_2)
     1    0.008392    0.089144    0.100929    4.166930 v _1361_/Y (sky130_fd_sc_hd__o211ai_2)
                                                         _0684_ (net)
                      0.089145    0.000327    4.167257 v _1362_/B1 (sky130_fd_sc_hd__o41ai_1)
     1    0.002482    0.246751    0.073027    4.240284 ^ _1362_/Y (sky130_fd_sc_hd__o41ai_1)
                                                         _0057_ (net)
                      0.246751    0.000054    4.240338 ^ _1431_/D (sky130_fd_sc_hd__dfxtp_1)
                                              4.240338   data arrival time

                                  5.000000    5.000000   clock clk (rise edge)
                                  0.000000    5.000000   clock source latency
     1    0.019638    0.094141    0.064855    5.064855 ^ clk (in)
                                                         clk (net)
                      0.094159    0.000000    5.064855 ^ clkbuf_0_clk/A (sky130_fd_sc_hd__clkbuf_16)
     8    0.088646    0.104897    0.194883    5.259737 ^ clkbuf_0_clk/X (sky130_fd_sc_hd__clkbuf_16)
                                                         clknet_0_clk (net)
                      0.105058    0.002828    5.262565 ^ clkbuf_3_3__f_clk/A (sky130_fd_sc_hd__clkbuf_16)
     8    0.034858    0.055208    0.159860    5.422425 ^ clkbuf_3_3__f_clk/X (sky130_fd_sc_hd__clkbuf_16)
                                                         clknet_3_3__leaf_clk (net)
                      0.055239    0.000933    5.423358 ^ _1431_/CLK (sky130_fd_sc_hd__dfxtp_1)
                                 -0.250000    5.173358   clock uncertainty
                                  0.000000    5.173358   clock reconvergence pessimism
                                 -0.099059    5.074298   library setup time
                                              5.074298   data required time
---------------------------------------------------------------------------------------------
                                              5.074298   data required time
                                             -4.240338   data arrival time
---------------------------------------------------------------------------------------------
                                              0.833960   slack (MET)




===========================================================================
report_checks --slack_max -0.01
============================================================================
======================= nom_tt_025C_1v80 Corner ===================================

No paths found.


===========================================================================
 report_check_types -max_slew -max_cap -max_fanout -violators
============================================================================
======================= nom_tt_025C_1v80 Corner ===================================

max fanout

Pin                                   Limit Fanout  Slack
---------------------------------------------------------
clkbuf_3_5__f_clk/X                      10     12     -2 (VIOLATED)
clkbuf_3_7__f_clk/X                      10     12     -2 (VIOLATED)



===========================================================================
report_parasitic_annotation -report_unannotated
============================================================================
Found 6 unannotated drivers.
 clkload0/Y
 clkload1/Y
 clkload2/Y
 clkload3/Y
 clkload4/Y
 clkload5/Y
Found 0 partially unannotated drivers.

===========================================================================
max slew violation count 0
max fanout violation count 2
max cap violation count 0
============================================================================

===========================================================================
check_setup -verbose -unconstrained_endpoints -multiple_clock -no_clock -no_input_delay -loops -generated_clocks
===========================================================================
