Clock: clk
Sources: clk 
Generated: no
Virtual: yes
Propagated: no
Period: 5.000000

===========================================================================
report_clock_properties
============================================================================
Clock                   Period          Waveform
----------------------------------------------------
clk                   5.000000    0.000000  2.500000

===========================================================================
report_clock_latency
============================================================================
Clock clk
rise -> rise
    min     max
0.000000 0.000000 source latency
0.417656         network latency _1383_/CLK
        0.428381 network latency _1437_/CLK
---------------
0.417656 0.428381 latency
        0.010724 skew

fall -> fall
    min     max
0.000000 0.000000 source latency
0.376921         network latency _1383_/CLK
        0.385639 network latency _1437_/CLK
---------------
0.376921 0.385639 latency
        0.008718 skew



===========================================================================
report_clock_min_period
============================================================================
clk period_min = 3.15 fmax = 317.63
