Reading OpenROAD database at '/home/anils_0611/vlsi_projects/pe_asic/pnr/config/runs/PE_run2/93-openroad-ioplacement/PE.odb'…
Reading library file at '/home/anils_0611/.volare/volare/sky130/versions/0fe599b2afb6708d281543108caf8310912f54af/sky130A/libs.ref/sky130_fd_sc_hd/lib/sky130_fd_sc_hd__tt_025C_1v80.lib'…
Reading design constraints file at '/nix/store/9hhfv2x4r4x6v55799pa58jc2yni6awy-python3.11-openlane-2.3.10/lib/python3.11/site-packages/openlane/scripts/base.sdc'…
[INFO] Using clock clk…
[INFO] Setting output delay to: 1.0
[INFO] Setting input delay to: 1.0
[INFO] Setting load to: 0.033442
[INFO] Setting clock uncertainty to: 0.25
[INFO] Setting clock transition to: 0.1499999999999999944488848768742172978818416595458984375
[INFO] Setting timing derate to: 5%
[INFO] Setting RC values…
[INFO] Setting signal min routing layer to: met1 and clock min routing layer to met1. 
[INFO] Setting signal max routing layer to: met5 and clock max routing layer to met5. 
+ global_placement -density 0.65 -timing_driven -routability_driven -pad_right 0 -pad_left 0 -init_wirelength_coef 0.25
[INFO GPL-0002] DBU: 1000
[INFO GPL-0003] SiteSize: (  0.460  2.720 ) um
[INFO GPL-0004] CoreBBox: (  5.520 10.880 ) ( 123.740 127.840 ) um
[INFO GPL-0006] NumInstances:              1042
[INFO GPL-0007] NumPlaceInstances:          754
[INFO GPL-0008] NumFixedInstances:          288
[INFO GPL-0009] NumDummyInstances:            0
[INFO GPL-0010] NumNets:                    775
[INFO GPL-0011] NumPins:                   3230
[INFO GPL-0012] DieBBox:  (  0.000  0.000 ) ( 129.340 140.060 ) um
[INFO GPL-0013] CoreBBox: (  5.520 10.880 ) ( 123.740 127.840 ) um
[INFO GPL-0016] CoreArea:             13827.011 um^2
[INFO GPL-0017] NonPlaceInstsArea:      575.552 um^2
[INFO GPL-0018] PlaceInstsArea:        8396.803 um^2
[INFO GPL-0019] Util:                    63.365 %
[INFO GPL-0020] StdInstsArea:          8396.803 um^2
[INFO GPL-0021] MacroInstsArea:           0.000 um^2
[InitialPlace]  Iter: 1 CG residual: 0.00000009 HPWL: 18615413
[InitialPlace]  Iter: 2 CG residual: 0.00000009 HPWL: 12736631
[InitialPlace]  Iter: 3 CG residual: 0.00000012 HPWL: 12613219
[InitialPlace]  Iter: 4 CG residual: 0.00000011 HPWL: 12468349
[InitialPlace]  Iter: 5 CG residual: 0.00000011 HPWL: 12317890
[INFO GPL-0031] FillerInit:NumGCells:       773
[INFO GPL-0032] FillerInit:NumGNets:        775
[INFO GPL-0033] FillerInit:NumGPins:       3230
[INFO GPL-0023] TargetDensity:            0.650
[INFO GPL-0024] AvrgPlaceInstArea:       11.136 um^2
[INFO GPL-0025] IdealBinArea:            17.133 um^2
[INFO GPL-0026] IdealBinCnt:                807
[INFO GPL-0027] TotalBinArea:         13827.011 um^2
[INFO GPL-0028] BinCnt:        16     16
[INFO GPL-0029] BinSize: (  7.389  7.310 )
[INFO GPL-0030] NumBins: 256
[NesterovSolve] Iter:    1 overflow: 0.839 HPWL: 7233611
[INFO GPL-0100] Timing-driven: executing resizer for reweighting nets.
[INFO GPL-0101] Timing-driven: worst slack 1.01e-09
[INFO GPL-0103] Timing-driven: weighted 77 nets.
[NesterovSolve] Iter:   10 overflow: 0.766 HPWL: 7896091
[NesterovSolve] Iter:   20 overflow: 0.737 HPWL: 8166832
[NesterovSolve] Iter:   30 overflow: 0.732 HPWL: 8269837
[NesterovSolve] Iter:   40 overflow: 0.740 HPWL: 8248913
[NesterovSolve] Iter:   50 overflow: 0.744 HPWL: 8203258
[NesterovSolve] Iter:   60 overflow: 0.742 HPWL: 8189611
[NesterovSolve] Iter:   70 overflow: 0.742 HPWL: 8203408
[NesterovSolve] Iter:   80 overflow: 0.743 HPWL: 8219495
[NesterovSolve] Iter:   90 overflow: 0.743 HPWL: 8220752
[NesterovSolve] Iter:  100 overflow: 0.742 HPWL: 8214038
[NesterovSolve] Iter:  110 overflow: 0.742 HPWL: 8216699
[NesterovSolve] Iter:  120 overflow: 0.741 HPWL: 8232307
[NesterovSolve] Iter:  130 overflow: 0.740 HPWL: 8253322
[NesterovSolve] Iter:  140 overflow: 0.738 HPWL: 8280671
[NesterovSolve] Iter:  150 overflow: 0.735 HPWL: 8325081
[NesterovSolve] Iter:  160 overflow: 0.720 HPWL: 8399969
[NesterovSolve] Iter:  170 overflow: 0.703 HPWL: 8512739
[NesterovSolve] Iter:  180 overflow: 0.682 HPWL: 8662847
[NesterovSolve] Iter:  190 overflow: 0.662 HPWL: 8860344
[NesterovSolve] Iter:  200 overflow: 0.634 HPWL: 9113444
[INFO GPL-0100] Timing-driven: executing resizer for reweighting nets.
[INFO GPL-0101] Timing-driven: worst slack 1.23e-09
[INFO GPL-0103] Timing-driven: weighted 76 nets.
[NesterovSolve] Iter:  210 overflow: 0.605 HPWL: 9411282
[NesterovSolve] Snapshot saved at iter = 211
[NesterovSolve] Iter:  220 overflow: 0.565 HPWL: 9675838
[NesterovSolve] Iter:  230 overflow: 0.529 HPWL: 9955206
[NesterovSolve] Iter:  240 overflow: 0.487 HPWL: 10271812
[INFO GPL-0100] Timing-driven: executing resizer for reweighting nets.
[INFO GPL-0101] Timing-driven: worst slack 1.02e-09
[INFO GPL-0103] Timing-driven: weighted 77 nets.
[NesterovSolve] Iter:  250 overflow: 0.437 HPWL: 10577740
[NesterovSolve] Iter:  260 overflow: 0.388 HPWL: 10866478
[NesterovSolve] Iter:  270 overflow: 0.341 HPWL: 11142896
[NesterovSolve] Iter:  280 overflow: 0.313 HPWL: 11273523
[INFO GPL-0075] Routability numCall: 1 inflationIterCnt: 1 bloatIterCnt: 0
[INFO GPL-0036] TileBBox: (    0    0 ) ( 6900 6900 ) DBU
[INFO GPL-0038] TileCnt:      18   20
[INFO GPL-0040] NumTiles: 360
[INFO GPL-0081] TotalRouteOverflow: 0
[INFO GPL-0082] OverflowTileCnt: 0
[INFO GPL-0083] 0.5%RC: 0.8939040005207062
[INFO GPL-0084] 1.0%RC: 0.8745303303003311
[INFO GPL-0085] 2.0%RC: 0.8551035895943642
[INFO GPL-0086] 5.0%RC: 0.8179081711504195
[INFO GPL-0087] FinalRC: 0.88421714
[INFO GPL-0077] FinalRC lower than targetRC(1.01), routability not needed.
[NesterovSolve] Iter:  290 overflow: 0.284 HPWL: 11472543
[INFO GPL-0100] Timing-driven: executing resizer for reweighting nets.
[INFO GPL-0101] Timing-driven: worst slack 1.27e-09
[INFO GPL-0103] Timing-driven: weighted 76 nets.
[NesterovSolve] Iter:  300 overflow: 0.256 HPWL: 11636251
[NesterovSolve] Iter:  310 overflow: 0.234 HPWL: 11787377
[NesterovSolve] Iter:  320 overflow: 0.212 HPWL: 11951577
[INFO GPL-0100] Timing-driven: executing resizer for reweighting nets.
[INFO GPL-0101] Timing-driven: worst slack 1.15e-09
[INFO GPL-0103] Timing-driven: weighted 77 nets.
[NesterovSolve] Iter:  330 overflow: 0.191 HPWL: 12068993
[NesterovSolve] Iter:  340 overflow: 0.173 HPWL: 12177360
[NesterovSolve] Iter:  350 overflow: 0.154 HPWL: 12277926
[INFO GPL-0100] Timing-driven: executing resizer for reweighting nets.
[INFO GPL-0101] Timing-driven: worst slack 1.08e-09
[INFO GPL-0103] Timing-driven: weighted 77 nets.
[NesterovSolve] Iter:  360 overflow: 0.135 HPWL: 12369008
[NesterovSolve] Iter:  370 overflow: 0.117 HPWL: 12461603
[NesterovSolve] Iter:  380 overflow: 0.099 HPWL: 12549578
[NesterovSolve] Finished with Overflow: 0.099076
[INFO] Setting RC values…
Setting global connections for newly added cells…
[INFO] Setting global connections...
Updating metrics…
Cell type report:                       Count       Area
  Fill cell                                86     322.81
  Tap cell                                202     252.74
  Inverter                                 22      82.58
  Sequential cell                          67    1425.12
  Multi-Input combinational cell          665    6889.11
  Total                                  1042    8972.36
Writing OpenROAD database to '/home/anils_0611/vlsi_projects/pe_asic/pnr/config/runs/PE_run2/96-openroad-globalplacement/PE.odb'…
Writing netlist to '/home/anils_0611/vlsi_projects/pe_asic/pnr/config/runs/PE_run2/96-openroad-globalplacement/PE.nl.v'…
Writing powered netlist to '/home/anils_0611/vlsi_projects/pe_asic/pnr/config/runs/PE_run2/96-openroad-globalplacement/PE.pnl.v'…
Writing layout to '/home/anils_0611/vlsi_projects/pe_asic/pnr/config/runs/PE_run2/96-openroad-globalplacement/PE.def'…
Writing timing constraints to '/home/anils_0611/vlsi_projects/pe_asic/pnr/config/runs/PE_run2/96-openroad-globalplacement/PE.sdc'…
