
===========================================================================
report_checks -unconstrained
===========================================================================
======================= min_tt_025C_1v80 Corner ===================================

Startpoint: a_in[6] (input port clocked by clk)
Endpoint: _1426_ (rising edge-triggered flip-flop clocked by clk)
Path Group: clk
Path Type: max

Fanout         Cap        Slew       Delay        Time   Description
---------------------------------------------------------------------------------------------
                                  0.000000    0.000000   clock clk (rise edge)
                                  0.000000    0.000000   clock network delay (propagated)
                                  1.000000    1.000000 ^ input external delay
     1    0.002722    0.019400    0.010027    1.010027 ^ a_in[6] (in)
                                                         a_in[6] (net)
                      0.019400    0.000000    1.010027 ^ input7/A (sky130_fd_sc_hd__clkbuf_1)
     1    0.009074    0.114183    0.121506    1.131532 ^ input7/X (sky130_fd_sc_hd__clkbuf_1)
                                                         net7 (net)
                      0.114184    0.000214    1.131746 ^ fanout96/A (sky130_fd_sc_hd__buf_6)
     2    0.007456    0.029674    0.109640    1.241386 ^ fanout96/X (sky130_fd_sc_hd__buf_6)
                                                         net96 (net)
                      0.029674    0.000072    1.241458 ^ fanout95/A (sky130_fd_sc_hd__buf_6)
     6    0.050370    0.106837    0.141377    1.382835 ^ fanout95/X (sky130_fd_sc_hd__buf_6)
                                                         net95 (net)
                      0.106837    0.000309    1.383144 ^ fanout94/A (sky130_fd_sc_hd__buf_12)
     4    0.020688    0.039594    0.116810    1.499955 ^ fanout94/X (sky130_fd_sc_hd__buf_12)
                                                         net94 (net)
                      0.039595    0.000406    1.500361 ^ fanout93/A (sky130_fd_sc_hd__buf_12)
    10    0.063392    0.082473    0.131804    1.632165 ^ fanout93/X (sky130_fd_sc_hd__buf_12)
                                                         net93 (net)
                      0.082473    0.000232    1.632396 ^ _1066_/A1 (sky130_fd_sc_hd__a22oi_4)
     4    0.017481    0.078704    0.094217    1.726614 v _1066_/Y (sky130_fd_sc_hd__a22oi_4)
                                                         _0396_ (net)
                      0.078704    0.000273    1.726887 v rebuffer32/A (sky130_fd_sc_hd__dlymetal6s2s_1)
     1    0.004763    0.045913    0.157013    1.883900 v rebuffer32/X (sky130_fd_sc_hd__dlymetal6s2s_1)
                                                         net164 (net)
                      0.045913    0.000044    1.883944 v rebuffer28/A (sky130_fd_sc_hd__buf_6)
     1    0.005514    0.021997    0.110336    1.994280 v rebuffer28/X (sky130_fd_sc_hd__buf_6)
                                                         net160 (net)
                      0.021997    0.000063    1.994343 v _1075_/A1 (sky130_fd_sc_hd__o211a_4)
     3    0.020352    0.058806    0.262801    2.257144 v _1075_/X (sky130_fd_sc_hd__o211a_4)
                                                         _0405_ (net)
                      0.058834    0.000299    2.257443 v _1147_/B1 (sky130_fd_sc_hd__a21oi_4)
     3    0.017341    0.167473    0.167383    2.424827 ^ _1147_/Y (sky130_fd_sc_hd__a21oi_4)
                                                         _0476_ (net)
                      0.167473    0.000238    2.425064 ^ _1148_/B1 (sky130_fd_sc_hd__o21ai_4)
     3    0.017758    0.073777    0.101835    2.526899 v _1148_/Y (sky130_fd_sc_hd__o21ai_4)
                                                         _0477_ (net)
                      0.073777    0.000294    2.527193 v rebuffer16/A (sky130_fd_sc_hd__buf_6)
     4    0.021298    0.034219    0.140110    2.667303 v rebuffer16/X (sky130_fd_sc_hd__buf_6)
                                                         net148 (net)
                      0.034232    0.000184    2.667487 v _1162_/A1_N (sky130_fd_sc_hd__o2bb2ai_1)
     1    0.009085    0.095724    0.151017    2.818504 v _1162_/Y (sky130_fd_sc_hd__o2bb2ai_1)
                                                         _0491_ (net)
                      0.095724    0.000099    2.818603 v _1169_/C (sky130_fd_sc_hd__nand3_4)
     4    0.024532    0.108371    0.136732    2.955334 ^ _1169_/Y (sky130_fd_sc_hd__nand3_4)
                                                         _0498_ (net)
                      0.108371    0.000536    2.955871 ^ rebuffer25/A (sky130_fd_sc_hd__buf_6)
     1    0.009798    0.033417    0.111364    3.067235 ^ rebuffer25/X (sky130_fd_sc_hd__buf_6)
                                                         net157 (net)
                      0.033418    0.000116    3.067351 ^ _1175_/A1 (sky130_fd_sc_hd__a21oi_4)
     3    0.019444    0.081599    0.061094    3.128445 v _1175_/Y (sky130_fd_sc_hd__a21oi_4)
                                                         _0504_ (net)
                      0.081600    0.000358    3.128802 v _1180_/B1 (sky130_fd_sc_hd__o221ai_4)
     4    0.022997    0.266563    0.255144    3.383946 ^ _1180_/Y (sky130_fd_sc_hd__o221ai_4)
                                                         _0509_ (net)
                      0.266563    0.000245    3.384192 ^ _1183_/B1 (sky130_fd_sc_hd__o21ai_2)
     2    0.006101    0.073898    0.101178    3.485369 v _1183_/Y (sky130_fd_sc_hd__o21ai_2)
                                                         _0512_ (net)
                      0.073898    0.000018    3.485387 v _1235_/A1 (sky130_fd_sc_hd__o21a_1)
     2    0.005560    0.047449    0.204182    3.689570 v _1235_/X (sky130_fd_sc_hd__o21a_1)
                                                         _0563_ (net)
                      0.047449    0.000049    3.689619 v _1237_/A3 (sky130_fd_sc_hd__o311a_1)
     1    0.002820    0.051351    0.281592    3.971211 v _1237_/X (sky130_fd_sc_hd__o311a_1)
                                                         _0565_ (net)
                      0.051351    0.000027    3.971238 v _1238_/B1 (sky130_fd_sc_hd__a21o_1)
     1    0.001986    0.029502    0.144553    4.115791 v _1238_/X (sky130_fd_sc_hd__a21o_1)
                                                         _0052_ (net)
                      0.029502    0.000017    4.115808 v _1426_/D (sky130_fd_sc_hd__dfxtp_2)
                                              4.115808   data arrival time

                                  5.000000    5.000000   clock clk (rise edge)
                                  0.000000    5.000000   clock source latency
     1    0.021894    0.104154    0.071841    5.071841 ^ clk (in)
                                                         clk (net)
                      0.104163    0.000000    5.071841 ^ clkbuf_0_clk/A (sky130_fd_sc_hd__clkbuf_16)
     8    0.083208    0.099762    0.194467    5.266308 ^ clkbuf_0_clk/X (sky130_fd_sc_hd__clkbuf_16)
                                                         clknet_0_clk (net)
                      0.099815    0.002146    5.268454 ^ clkbuf_3_3__f_clk/A (sky130_fd_sc_hd__clkbuf_16)
    11    0.034174    0.054704    0.157679    5.426133 ^ clkbuf_3_3__f_clk/X (sky130_fd_sc_hd__clkbuf_16)
                                                         clknet_3_3__leaf_clk (net)
                      0.054705    0.000440    5.426573 ^ _1426_/CLK (sky130_fd_sc_hd__dfxtp_2)
                                 -0.250000    5.176573   clock uncertainty
                                  0.000000    5.176573   clock reconvergence pessimism
                                 -0.103856    5.072717   library setup time
                                              5.072717   data required time
---------------------------------------------------------------------------------------------
                                              5.072717   data required time
                                             -4.115808   data arrival time
---------------------------------------------------------------------------------------------
                                              0.956908   slack (MET)




===========================================================================
report_checks --slack_max -0.01
============================================================================
======================= min_tt_025C_1v80 Corner ===================================

No paths found.


===========================================================================
 report_check_types -max_slew -max_cap -max_fanout -violators
============================================================================
======================= min_tt_025C_1v80 Corner ===================================

max fanout

Pin                                   Limit Fanout  Slack
---------------------------------------------------------
clkbuf_3_2__f_clk/X                      10     11        (VIOLATED)
clkbuf_3_3__f_clk/X                      10     11        (VIOLATED)
clkbuf_3_7__f_clk/X                      10     11        (VIOLATED)



===========================================================================
report_parasitic_annotation -report_unannotated
============================================================================
Found 7 unannotated drivers.
 clkload0/X
 clkload1/Y
 clkload2/X
 clkload3/Y
 clkload4/Y
 clkload5/Y
 clkload6/X
Found 0 partially unannotated drivers.

===========================================================================
max slew violation count 0
max fanout violation count 3
max cap violation count 0
============================================================================

===========================================================================
check_setup -verbose -unconstrained_endpoints -multiple_clock -no_clock -no_input_delay -loops -generated_clocks
===========================================================================
