Clock: clk
Sources: clk 
Generated: no
Virtual: yes
Propagated: no
Period: 5.000000

===========================================================================
report_clock_properties
============================================================================
Clock                   Period          Waveform
----------------------------------------------------
clk                   5.000000    0.000000  2.500000

===========================================================================
report_clock_latency
============================================================================
Clock clk
rise -> rise
    min     max
0.000000 0.000000 source latency
0.421450         network latency _1423_/CLK
        0.431407 network latency _1382_/CLK
---------------
0.421450 0.431407 latency
        0.009958 skew

fall -> fall
    min     max
0.000000 0.000000 source latency
0.377155         network latency _1423_/CLK
        0.385874 network latency _1382_/CLK
---------------
0.377155 0.385874 latency
        0.008719 skew



===========================================================================
report_clock_min_period
============================================================================
clk period_min = 3.20 fmax = 312.84
