Clock: clk
Sources: clk 
Generated: no
Virtual: yes
Propagated: no
Period: 5.000000

===========================================================================
report_clock_properties
============================================================================
Clock                   Period          Waveform
----------------------------------------------------
clk                   5.000000    0.000000  2.500000

===========================================================================
report_clock_latency
============================================================================
Clock clk
rise -> rise
    min     max
0.000000 0.000000 source latency
0.292348         network latency _1423_/CLK
        0.300454 network latency _1382_/CLK
---------------
0.292348 0.300454 latency
        0.008106 skew

fall -> fall
    min     max
0.000000 0.000000 source latency
0.258236         network latency _1423_/CLK
        0.265466 network latency _1382_/CLK
---------------
0.258236 0.265466 latency
        0.007230 skew



===========================================================================
report_clock_min_period
============================================================================
clk period_min = 2.06 fmax = 484.87
