
===========================================================================
report_checks -unconstrained
===========================================================================
======================= min_ff_n40C_1v95 Corner ===================================

Startpoint: a_in[4] (input port clocked by clk)
Endpoint: _1432_ (rising edge-triggered flip-flop clocked by clk)
Path Group: clk
Path Type: max

Fanout         Cap        Slew       Delay        Time   Description
---------------------------------------------------------------------------------------------
                                  0.000000    0.000000   clock clk (rise edge)
                                  0.000000    0.000000   clock network delay (propagated)
                                  1.000000    1.000000 v input external delay
     1    0.003076    0.005132    0.002509    1.002509 v a_in[4] (in)
                                                         a_in[4] (net)
                      0.005132    0.000000    1.002509 v input5/A (sky130_fd_sc_hd__clkbuf_4)
     6    0.045550    0.070907    0.123539    1.126048 v input5/X (sky130_fd_sc_hd__clkbuf_4)
                                                         net5 (net)
                      0.070979    0.001429    1.127477 v fanout103/A (sky130_fd_sc_hd__buf_12)
     3    0.022029    0.022084    0.100044    1.227521 v fanout103/X (sky130_fd_sc_hd__buf_12)
                                                         net103 (net)
                      0.022084    0.000572    1.228093 v rebuffer60/A (sky130_fd_sc_hd__buf_4)
     4    0.025439    0.036088    0.100874    1.328967 v rebuffer60/X (sky130_fd_sc_hd__buf_4)
                                                         net195 (net)
                      0.036092    0.000418    1.329385 v _1081_/C (sky130_fd_sc_hd__and4_1)
     3    0.008363    0.044774    0.137265    1.466650 v _1081_/X (sky130_fd_sc_hd__and4_1)
                                                         _0411_ (net)
                      0.044774    0.000098    1.466747 v _1086_/A2 (sky130_fd_sc_hd__o21bai_1)
     2    0.011159    0.178877    0.162081    1.628829 ^ _1086_/Y (sky130_fd_sc_hd__o21bai_1)
                                                         _0416_ (net)
                      0.178877    0.000172    1.629001 ^ _1089_/B (sky130_fd_sc_hd__nand2_1)
     1    0.010147    0.068455    0.076109    1.705110 v _1089_/Y (sky130_fd_sc_hd__nand2_1)
                                                         _0419_ (net)
                      0.068456    0.000124    1.705234 v _1147_/A1 (sky130_fd_sc_hd__a21oi_4)
     4    0.022758    0.150361    0.153522    1.858756 ^ _1147_/Y (sky130_fd_sc_hd__a21oi_4)
                                                         _0476_ (net)
                      0.150361    0.000316    1.859072 ^ _1148_/B1 (sky130_fd_sc_hd__o21ai_4)
     6    0.023396    0.057728    0.051727    1.910799 v _1148_/Y (sky130_fd_sc_hd__o21ai_4)
                                                         _0477_ (net)
                      0.057739    0.000631    1.911430 v rebuffer49/A (sky130_fd_sc_hd__buf_1)
     1    0.005702    0.028940    0.076680    1.988110 v rebuffer49/X (sky130_fd_sc_hd__buf_1)
                                                         net184 (net)
                      0.028940    0.000126    1.988237 v rebuffer22/A (sky130_fd_sc_hd__buf_2)
     1    0.009265    0.026808    0.082926    2.071163 v rebuffer22/X (sky130_fd_sc_hd__buf_2)
                                                         net157 (net)
                      0.026808    0.000107    2.071270 v _1166_/A1_N (sky130_fd_sc_hd__o2bb2ai_4)
     1    0.008895    0.044750    0.076119    2.147389 v _1166_/Y (sky130_fd_sc_hd__o2bb2ai_4)
                                                         _0495_ (net)
                      0.044750    0.000065    2.147454 v _1171_/C1 (sky130_fd_sc_hd__o2111ai_4)
     3    0.026216    0.221048    0.098387    2.245841 ^ _1171_/Y (sky130_fd_sc_hd__o2111ai_4)
                                                         _0500_ (net)
                      0.221048    0.000411    2.246252 ^ _1175_/A1 (sky130_fd_sc_hd__a21oi_4)
     3    0.021992    0.072267    0.061410    2.307662 v _1175_/Y (sky130_fd_sc_hd__a21oi_4)
                                                         _0504_ (net)
                      0.072267    0.000179    2.307842 v _1180_/B1 (sky130_fd_sc_hd__o221ai_4)
     4    0.030062    0.212636    0.206219    2.514060 ^ _1180_/Y (sky130_fd_sc_hd__o221ai_4)
                                                         _0509_ (net)
                      0.212636    0.000598    2.514658 ^ _1239_/A (sky130_fd_sc_hd__nand4_4)
     1    0.009051    0.076803    0.062386    2.577044 v _1239_/Y (sky130_fd_sc_hd__nand4_4)
                                                         _0566_ (net)
                      0.076803    0.000045    2.577090 v _1328_/A1 (sky130_fd_sc_hd__o21ai_4)
     4    0.017466    0.129617    0.151262    2.728351 ^ _1328_/Y (sky130_fd_sc_hd__o21ai_4)
                                                         _0653_ (net)
                      0.129617    0.000435    2.728786 ^ _1350_/A (sky130_fd_sc_hd__nand3_1)
     2    0.007983    0.082278    0.073603    2.802389 v _1350_/Y (sky130_fd_sc_hd__nand3_1)
                                                         _0673_ (net)
                      0.082278    0.000088    2.802477 v _1360_/A2_N (sky130_fd_sc_hd__o2bb2ai_1)
     1    0.003821    0.067204    0.086823    2.889300 v _1360_/Y (sky130_fd_sc_hd__o2bb2ai_1)
                                                         _0683_ (net)
                      0.067204    0.000049    2.889349 v _1365_/A2 (sky130_fd_sc_hd__a31oi_1)
     1    0.002415    0.086924    0.114896    3.004245 ^ _1365_/Y (sky130_fd_sc_hd__a31oi_1)
                                                         _0058_ (net)
                      0.086924    0.000024    3.004269 ^ _1432_/D (sky130_fd_sc_hd__dfxtp_1)
                                              3.004269   data arrival time

                                  5.000000    5.000000   clock clk (rise edge)
                                  0.000000    5.000000   clock source latency
     1    0.018413    0.066467    0.045388    5.045388 ^ clk (in)
                                                         clk (net)
                      0.066479    0.000000    5.045388 ^ clkbuf_0_clk/A (sky130_fd_sc_hd__clkbuf_16)
     8    0.086551    0.078813    0.132153    5.177542 ^ clkbuf_0_clk/X (sky130_fd_sc_hd__clkbuf_16)
                                                         clknet_0_clk (net)
                      0.078890    0.001469    5.179011 ^ clkbuf_3_2__f_clk/A (sky130_fd_sc_hd__clkbuf_16)
    10    0.035186    0.042112    0.107479    5.286490 ^ clkbuf_3_2__f_clk/X (sky130_fd_sc_hd__clkbuf_16)
                                                         clknet_3_2__leaf_clk (net)
                      0.042119    0.000788    5.287278 ^ _1432_/CLK (sky130_fd_sc_hd__dfxtp_1)
                                 -0.250000    5.037278   clock uncertainty
                                  0.000000    5.037278   clock reconvergence pessimism
                                 -0.033621    5.003658   library setup time
                                              5.003658   data required time
---------------------------------------------------------------------------------------------
                                              5.003658   data required time
                                             -3.004269   data arrival time
---------------------------------------------------------------------------------------------
                                              1.999389   slack (MET)




===========================================================================
report_checks --slack_max -0.01
============================================================================
======================= min_ff_n40C_1v95 Corner ===================================

No paths found.


===========================================================================
 report_check_types -max_slew -max_cap -max_fanout -violators
============================================================================
======================= min_ff_n40C_1v95 Corner ===================================

max fanout

Pin                                   Limit Fanout  Slack
---------------------------------------------------------
clkbuf_3_5__f_clk/X                      10     12     -2 (VIOLATED)
clkbuf_3_7__f_clk/X                      10     12     -2 (VIOLATED)



===========================================================================
report_parasitic_annotation -report_unannotated
============================================================================
Found 6 unannotated drivers.
 clkload0/Y
 clkload1/Y
 clkload2/Y
 clkload3/Y
 clkload4/Y
 clkload5/Y
Found 0 partially unannotated drivers.

===========================================================================
max slew violation count 0
max fanout violation count 2
max cap violation count 0
============================================================================

===========================================================================
check_setup -verbose -unconstrained_endpoints -multiple_clock -no_clock -no_input_delay -loops -generated_clocks
===========================================================================
