Clock: clk
Sources: clk 
Generated: no
Virtual: yes
Propagated: no
Period: 5.000000

===========================================================================
report_clock_properties
============================================================================
Clock                   Period          Waveform
----------------------------------------------------
clk                   5.000000    0.000000  2.500000

===========================================================================
report_clock_latency
============================================================================
Clock clk
rise -> rise
    min     max
0.000000 0.000000 source latency
0.282379         network latency _1383_/CLK
        0.290199 network latency _1437_/CLK
---------------
0.282379 0.290199 latency
        0.007821 skew

fall -> fall
    min     max
0.000000 0.000000 source latency
0.253032         network latency _1383_/CLK
        0.259707 network latency _1437_/CLK
---------------
0.253032 0.259707 latency
        0.006675 skew



===========================================================================
report_clock_min_period
============================================================================
clk period_min = 2.02 fmax = 495.57
