
===========================================================================
Violator List
============================================================================
[setup in-reg] b_in[2] -> _1431_/D : -1.821221
[setup in-reg] b_in[2] -> _1432_/D : -1.797405
[setup in-reg] a_in[4] -> _1426_/D : -1.728302
[setup in-reg] b_in[2] -> _1430_/D : -1.617543
[setup in-reg] b_in[1] -> _1428_/D : -1.612194
[setup in-reg] b_in[1] -> _1427_/D : -1.598605
[setup in-reg] b_in[2] -> _1429_/D : -1.573426
[setup in-reg] a_in[4] -> _1425_/D : -1.255784
[setup in-reg] b_in[2] -> _1424_/D : -1.081804
[setup reg-reg] _1376_/Q -> _1397_/D : -0.772311
[setup reg-reg] _1376_/Q -> _1396_/D : -0.759377
[setup reg-reg] _1376_/Q -> _1394_/D : -0.755632
[setup reg-reg] _1376_/Q -> _1402_/D : -0.729002
[setup reg-reg] _1376_/Q -> _1393_/D : -0.721117
[setup reg-reg] _1376_/Q -> _1395_/D : -0.675056
[setup reg-reg] _1376_/Q -> _1401_/D : -0.611249
[setup reg-reg] _1376_/Q -> _1399_/D : -0.598811
[setup reg-reg] _1376_/Q -> _1400_/D : -0.555503
[setup reg-reg] _1376_/Q -> _1391_/D : -0.513385
[setup reg-reg] _1376_/Q -> _1406_/D : -0.511329
[setup reg-reg] _1376_/Q -> _1390_/D : -0.357779
[setup reg-reg] _1376_/Q -> _1398_/D : -0.301141
[setup reg-reg] _1376_/Q -> _1405_/D : -0.260220
[setup reg-reg] _1376_/Q -> _1392_/D : -0.250433
[setup reg-reg] _1376_/Q -> _1388_/D : -0.237657
[setup in-reg] b_in[1] -> _1423_/D : -0.166335
[setup reg-out] _1376_/Q -> psum[1] : -0.147789
[setup reg-reg] _1376_/Q -> _1404_/D : -0.134897
[setup reg-reg] _1376_/Q -> _1389_/D : -0.125795
[setup in-reg] a_in[3] -> _1422_/D : -0.088250
