
===========================================================================
report_checks -unconstrained
===========================================================================
======================= max_tt_025C_1v80 Corner ===================================

Startpoint: b_in[1] (input port clocked by clk)
Endpoint: _1426_ (rising edge-triggered flip-flop clocked by clk)
Path Group: clk
Path Type: max

Fanout         Cap        Slew       Delay        Time   Description
---------------------------------------------------------------------------------------------
                      0.150000    0.000000    0.000000   clock clk (rise edge)
                                  0.000000    0.000000   clock network delay (ideal)
                                  1.000000    1.000000 ^ input external delay
    32    0.114454    0.521723    0.356071    1.356071 ^ b_in[1] (in)
                                                         b_in[1] (net)
                      0.521723    0.000000    1.356071 ^ _1000_/B (sky130_fd_sc_hd__nand4_2)
     4    0.020866    0.230674    0.287107    1.643178 v _1000_/Y (sky130_fd_sc_hd__nand4_2)
                                                         _0331_ (net)
                      0.230674    0.000903    1.644081 v _1003_/B2 (sky130_fd_sc_hd__a22o_2)
     2    0.015858    0.070696    0.335527    1.979607 v _1003_/X (sky130_fd_sc_hd__a22o_2)
                                                         _0334_ (net)
                      0.070712    0.001033    1.980641 v _1008_/C1 (sky130_fd_sc_hd__o221ai_4)
     5    0.024488    0.283713    0.107384    2.088024 ^ _1008_/Y (sky130_fd_sc_hd__o221ai_4)
                                                         _0339_ (net)
                      0.283713    0.000000    2.088024 ^ _1022_/A2_N (sky130_fd_sc_hd__o2bb2ai_2)
     4    0.026769    0.331221    0.231216    2.319240 ^ _1022_/Y (sky130_fd_sc_hd__o2bb2ai_2)
                                                         _0353_ (net)
                      0.331237    0.001865    2.321105 ^ _1030_/C1 (sky130_fd_sc_hd__o211ai_2)
     4    0.022270    0.183002    0.231739    2.552845 v _1030_/Y (sky130_fd_sc_hd__o211ai_2)
                                                         _0361_ (net)
                      0.183022    0.001894    2.554739 v _1051_/B1 (sky130_fd_sc_hd__a32oi_4)
     4    0.019744    0.265868    0.282161    2.836900 ^ _1051_/Y (sky130_fd_sc_hd__a32oi_4)
                                                         _0381_ (net)
                      0.265868    0.000000    2.836900 ^ _1107_/B (sky130_fd_sc_hd__nand3_4)
     5    0.023078    0.118837    0.149935    2.986835 v _1107_/Y (sky130_fd_sc_hd__nand3_4)
                                                         _0437_ (net)
                      0.118837    0.000000    2.986835 v _1113_/B (sky130_fd_sc_hd__nand3b_2)
     2    0.011420    0.103838    0.129636    3.116471 ^ _1113_/Y (sky130_fd_sc_hd__nand3b_2)
                                                         _0443_ (net)
                      0.103840    0.000733    3.117203 ^ _1117_/B (sky130_fd_sc_hd__nand3_2)
     1    0.005053    0.085693    0.084743    3.201946 v _1117_/Y (sky130_fd_sc_hd__nand3_2)
                                                         _0447_ (net)
                      0.085694    0.000375    3.202322 v _1184_/B1 (sky130_fd_sc_hd__o21ai_2)
     1    0.004895    0.104232    0.073252    3.275573 ^ _1184_/Y (sky130_fd_sc_hd__o21ai_2)
                                                         _0513_ (net)
                      0.104233    0.000369    3.275942 ^ _1186_/B1 (sky130_fd_sc_hd__o21ai_2)
     3    0.016825    0.083234    0.101198    3.377140 v _1186_/Y (sky130_fd_sc_hd__o21ai_2)
                                                         _0515_ (net)
                      0.083234    0.000000    3.377140 v _1235_/A2 (sky130_fd_sc_hd__o21a_2)
     2    0.007239    0.044226    0.217399    3.594539 v _1235_/X (sky130_fd_sc_hd__o21a_2)
                                                         _0563_ (net)
                      0.044262    0.000517    3.595056 v _1237_/A3 (sky130_fd_sc_hd__o311a_2)
     1    0.005085    0.061345    0.334821    3.929878 v _1237_/X (sky130_fd_sc_hd__o311a_2)
                                                         _0565_ (net)
                      0.061345    0.000365    3.930243 v _1238_/B1 (sky130_fd_sc_hd__a21o_4)
     1    0.002019    0.029129    0.175362    4.105605 v _1238_/X (sky130_fd_sc_hd__a21o_4)
                                                         _0052_ (net)
                      0.029129    0.000145    4.105750 v _1426_/D (sky130_fd_sc_hd__dfxtp_2)
                                              4.105750   data arrival time

                      0.150000    5.000000    5.000000   clock clk (rise edge)
                                  0.000000    5.000000   clock network delay (ideal)
                                 -0.250000    4.750000   clock uncertainty
                                  0.000000    4.750000   clock reconvergence pessimism
                                              4.750000 ^ _1426_/CLK (sky130_fd_sc_hd__dfxtp_2)
                                 -0.081461    4.668540   library setup time
                                              4.668540   data required time
---------------------------------------------------------------------------------------------
                                              4.668540   data required time
                                             -4.105750   data arrival time
---------------------------------------------------------------------------------------------
                                              0.562789   slack (MET)




===========================================================================
report_checks --slack_max -0.01
============================================================================
======================= max_tt_025C_1v80 Corner ===================================

No paths found.


===========================================================================
 report_check_types -max_slew -max_cap -max_fanout -violators
============================================================================
======================= max_tt_025C_1v80 Corner ===================================

max slew

Pin                                        Limit        Slew       Slack
------------------------------------------------------------------------
_0702_/Y                                0.750000    1.087365   -0.337365 (VIOLATED)
_0706_/B                                0.750000    1.087365   -0.337365 (VIOLATED)
_0718_/B1                               0.750000    1.087365   -0.337365 (VIOLATED)
_0727_/B1                               0.750000    1.087365   -0.337365 (VIOLATED)
_0735_/B1                               0.750000    1.087365   -0.337365 (VIOLATED)
_0743_/B1                               0.750000    1.087365   -0.337365 (VIOLATED)
_0759_/B1                               0.750000    1.087365   -0.337365 (VIOLATED)
_0775_/C1                               0.750000    1.087365   -0.337365 (VIOLATED)
_0782_/C1                               0.750000    1.087365   -0.337365 (VIOLATED)
_0789_/B1                               0.750000    1.087365   -0.337365 (VIOLATED)
_0796_/C1                               0.750000    1.087365   -0.337365 (VIOLATED)
_0807_/B1                               0.750000    1.087365   -0.337365 (VIOLATED)
_0814_/B1                               0.750000    1.087365   -0.337365 (VIOLATED)
_0823_/B1                               0.750000    1.087365   -0.337365 (VIOLATED)
_0829_/C1                               0.750000    1.087365   -0.337365 (VIOLATED)
_0836_/B1                               0.750000    1.087365   -0.337365 (VIOLATED)
_0840_/C                                0.750000    1.087365   -0.337365 (VIOLATED)
_0843_/C                                0.750000    1.087365   -0.337365 (VIOLATED)
_0847_/C                                0.750000    1.087365   -0.337365 (VIOLATED)
_0852_/B1                               0.750000    1.087365   -0.337365 (VIOLATED)
_0858_/C                                0.750000    1.087365   -0.337365 (VIOLATED)
_0861_/C                                0.750000    1.087365   -0.337365 (VIOLATED)
_0865_/C                                0.750000    1.087365   -0.337365 (VIOLATED)
_0868_/C1                               0.750000    1.087365   -0.337365 (VIOLATED)
_0877_/C1                               0.750000    1.087365   -0.337365 (VIOLATED)
_0880_/B1                               0.750000    1.087365   -0.337365 (VIOLATED)
_0885_/B1                               0.750000    1.087365   -0.337365 (VIOLATED)
_0886_/B                                0.750000    1.087365   -0.337365 (VIOLATED)
_0888_/B                                0.750000    1.087365   -0.337365 (VIOLATED)
_0889_/B                                0.750000    1.087365   -0.337365 (VIOLATED)
_0893_/B                                0.750000    1.087365   -0.337365 (VIOLATED)
_0896_/C                                0.750000    1.087365   -0.337365 (VIOLATED)
_0901_/A2                               0.750000    1.087365   -0.337365 (VIOLATED)
_0909_/C                                0.750000    1.087365   -0.337365 (VIOLATED)
_0910_/A2                               0.750000    1.087365   -0.337365 (VIOLATED)
_0926_/C                                0.750000    1.087365   -0.337365 (VIOLATED)
_0927_/A2                               0.750000    1.087365   -0.337365 (VIOLATED)
_0953_/B1                               0.750000    1.087365   -0.337365 (VIOLATED)
_1188_/B1                               0.750000    1.087365   -0.337365 (VIOLATED)
_1304_/B1                               0.750000    1.087365   -0.337365 (VIOLATED)
_1347_/B1                               0.750000    1.087365   -0.337365 (VIOLATED)
_1364_/B1                               0.750000    1.087365   -0.337365 (VIOLATED)
_1366_/B                                0.750000    1.087365   -0.337365 (VIOLATED)
_1367_/B                                0.750000    1.087365   -0.337365 (VIOLATED)
_1369_/B                                0.750000    1.087365   -0.337365 (VIOLATED)
_1370_/B                                0.750000    1.087365   -0.337365 (VIOLATED)

max fanout

Pin                                   Limit Fanout  Slack
---------------------------------------------------------
_0702_/Y                                 10     45    -35 (VIOLATED)
b_in[1]                                  10     32    -22 (VIOLATED)
a_in[6]                                  10     30    -20 (VIOLATED)
_1374_/Q                                 10     30    -20 (VIOLATED)
b_in[4]                                  10     29    -19 (VIOLATED)
b_in[0]                                  10     28    -18 (VIOLATED)
a_in[1]                                  10     27    -17 (VIOLATED)
b_in[3]                                  10     27    -17 (VIOLATED)
a_in[2]                                  10     26    -16 (VIOLATED)
a_in[3]                                  10     26    -16 (VIOLATED)
a_in[5]                                  10     24    -14 (VIOLATED)
a_in[4]                                  10     23    -13 (VIOLATED)
b_in[5]                                  10     23    -13 (VIOLATED)
a_in[7]                                  10     20    -10 (VIOLATED)
b_in[2]                                  10     20    -10 (VIOLATED)
a_in[0]                                  10     19     -9 (VIOLATED)
b_in[6]                                  10     18     -8 (VIOLATED)
b_in[7]                                  10     18     -8 (VIOLATED)
_0835_/X                                 10     17     -7 (VIOLATED)
_0703_/X                                 10     15     -5 (VIOLATED)
_0854_/X                                 10     12     -2 (VIOLATED)
_0701_/Y                                 10     11        (VIOLATED)
_0704_/X                                 10     11        (VIOLATED)



===========================================================================
report_parasitic_annotation -report_unannotated
============================================================================
Found 0 unannotated drivers.
Found 213 partially unannotated drivers.
 a_in[0]
  _0695_/A
  _0896_/B
  _0898_/D
  _0899_/B1
  _0906_/D
  _0911_/A
  _0918_/A2
  _0923_/A1
  _0942_/B
  _0943_/B2
  _0962_/C
  _1031_/A
  _1033_/A3
  _1036_/B1
  _1059_/C
  _1061_/B1
  _1111_/D
  _1173_/C
  _1174_/A1
 a_in[1]
  _0888_/A
  _0898_/C
  _0899_/A2
  _0902_/D
  _0903_/B1
  _0904_/B1
  _0912_/B
  _0916_/A2
  _0917_/B
  _0941_/A
  _0942_/A
  _0943_/A1
  _0957_/B
  _0958_/B
  _0959_/B2
  _0960_/B2
  _1009_/A
  _1013_/A1
  _1014_/A1
  _1015_/C
  _1017_/C
  _1052_/A
  _1054_/B
  _1055_/C
  _1151_/A
  _1157_/A1
  _1158_/C
 a_in[2]
  _0889_/A
  _0902_/C
  _0903_/A2
  _0904_/A2
  _0913_/D
  _0914_/B2
  _0915_/B2
  _0931_/A
  _0937_/A1
  _0957_/A
  _0958_/A
  _0959_/A1
  _0960_/A1
  _1010_/B2
  _1011_/B2
  _1012_/B
  _1016_/A2
  _1078_/A
  _1085_/B1
  _1087_/A1_N
  _1088_/C
  _1152_/A
  _1154_/C
  _1216_/A1
  _1217_/C
  _1268_/A1
 a_in[3]
  _0693_/A
  _0913_/A
  _0914_/A1
  _0915_/A1
  _0932_/A1
  _0933_/A1
  _0934_/A
  _0938_/A1
  _0967_/A
  _0973_/C
  _1010_/A1
  _1011_/A1
  _1012_/A
  _1016_/A1
  _1079_/B2
  _1080_/B2
  _1081_/A
  _1082_/A
  _1122_/A
  _1126_/A1
  _1128_/C
  _1213_/B
  _1214_/C
  _1247_/A1
  _1248_/C
  _1293_/C
 a_in[4]
  _0696_/A
  _0932_/B1
  _0933_/B1
  _0934_/D
  _0938_/A4
  _0968_/A2
  _0969_/A2
  _0970_/C
  _0971_/C
  _0995_/B
  _1003_/A2
  _1079_/A2
  _1080_/A2
  _1081_/C
  _1082_/C
  _1123_/A1
  _1124_/A1
  _1125_/B
  _1196_/A
  _1205_/C
  _1246_/C
  _1283_/C
  _1294_/A1
 a_in[5]
  _0697_/A
  _0968_/B1
  _0969_/B1
  _0970_/D
  _0971_/D
  _0996_/B1
  _0997_/B1
  _0999_/D
  _1000_/D
  _1004_/A4
  _1065_/B
  _1123_/B1
  _1124_/B1
  _1125_/D
  _1137_/A2
  _1197_/B1
  _1198_/B1
  _1200_/D
  _1201_/D
  _1249_/A
  _1255_/A1
  _1256_/C
  _1281_/C
  _1311_/C
 a_in[6]
  _0893_/A
  _0996_/A2
  _0997_/A2
  _0998_/B
  _0999_/C
  _1000_/C
  _1004_/A3
  _1066_/A2
  _1067_/A2
  _1068_/C
  _1069_/C
  _1073_/A3
  _1130_/A2
  _1131_/A2
  _1133_/C
  _1134_/C
  _1197_/A2
  _1198_/A2
  _1199_/B
  _1200_/C
  _1201_/C
  _1250_/A2
  _1251_/A2
  _1252_/C
  _1285_/B
  _1286_/A1
  _1307_/A
  _1308_/A
  _1335_/B2
  _1357_/A1
 a_in[7]
  _0700_/A
  _1066_/B1
  _1067_/B1
  _1068_/D
  _1069_/D
  _1073_/A4
  _1130_/B1
  _1131_/B1
  _1132_/B
  _1133_/D
  _1134_/D
  _1195_/B
  _1250_/B1
  _1251_/B1
  _1252_/D
  _1284_/B
  _1285_/D
  _1286_/B1
  _1335_/A2
  _1336_/A1
 b_in[0]
  _0896_/A
  _0898_/A
  _0899_/A1
  _0902_/A
  _0903_/A1
  _0904_/A1
  _0913_/B
  _0914_/A2
  _0915_/A2
  _0932_/B2
  _0933_/B2
  _0934_/B
  _0938_/A2
  _0968_/B2
  _0969_/B2
  _0970_/A
  _0971_/A
  _0996_/A1
  _0997_/A1
  _0999_/A
  _1000_/A
  _1004_/A1
  _1066_/B2
  _1067_/B2
  _1068_/A
  _1069_/A
  _1073_/A1
  _1366_/A
 b_in[1]
  _0898_/B
  _0899_/B2
  _0902_/B
  _0903_/B2
  _0904_/B2
  _0913_/C
  _0914_/B1
  _0915_/B1
  _0932_/A2
  _0933_/A2
  _0934_/C
  _0938_/A3
  _0968_/A1
  _0969_/A1
  _0970_/B
  _0971_/B
  _0996_/B2
  _0997_/B2
  _0998_/A
  _0999_/B
  _1000_/B
  _1004_/A2
  _1066_/A1
  _1067_/A1
  _1068_/B
  _1069_/B
  _1073_/A2
  _1130_/B2
  _1131_/B2
  _1133_/A
  _1134_/A
  _1367_/A
 b_in[2]
  _0694_/A
  _0906_/C
  _0912_/A
  _0916_/A1
  _0917_/C
  _0918_/A3
  _0931_/B
  _0937_/A2
  _0967_/B
  _0973_/D
  _0995_/A
  _1003_/A1
  _1065_/A
  _1130_/A1
  _1131_/A1
  _1132_/A
  _1133_/B
  _1134_/B
  _1137_/A3
  _1195_/C
 b_in[3]
  _0911_/B
  _0923_/A2
  _0942_/C
  _0943_/A2
  _0957_/C
  _0958_/C
  _0959_/A2
  _0960_/A2
  _1010_/A2
  _1011_/A2
  _1012_/C
  _1016_/A3
  _1079_/A1
  _1080_/A1
  _1081_/B
  _1082_/B
  _1123_/B2
  _1124_/B2
  _1125_/A
  _1197_/A1
  _1198_/A1
  _1200_/A
  _1201_/A
  _1250_/B2
  _1251_/B2
  _1252_/A
  _1369_/A
 b_in[4]
  _0941_/B
  _0942_/D
  _0943_/B1
  _0957_/D
  _0958_/D
  _0959_/B1
  _0960_/B1
  _1010_/B1
  _1011_/B1
  _1012_/D
  _1016_/A4
  _1079_/B1
  _1080_/B1
  _1081_/D
  _1082_/D
  _1123_/A2
  _1124_/A2
  _1125_/C
  _1197_/B2
  _1198_/B2
  _1199_/A
  _1200_/B
  _1201_/B
  _1250_/A1
  _1251_/A1
  _1252_/B
  _1285_/A
  _1286_/B2
  _1370_/A
 b_in[5]
  _0698_/A
  _0962_/B
  _1009_/B
  _1013_/A2
  _1014_/A2
  _1015_/B
  _1017_/D
  _1033_/A2
  _1078_/B
  _1085_/C1
  _1087_/A2_N
  _1088_/D
  _1122_/B
  _1126_/A2
  _1128_/B
  _1196_/B
  _1205_/D
  _1249_/B
  _1255_/A2
  _1256_/D
  _1284_/A
  _1285_/C
  _1286_/A2
 b_in[6]
  _0699_/A
  _1031_/B
  _1036_/B2
  _1052_/B
  _1054_/D
  _1055_/B
  _1111_/C
  _1152_/B
  _1154_/B
  _1213_/D
  _1214_/B
  _1246_/B
  _1281_/B
  _1294_/A2
  _1307_/B
  _1308_/B
  _1335_/A1
  _1357_/A2
 b_in[7]
  _0701_/A
  _1059_/D
  _1061_/C1
  _1151_/B
  _1157_/A2
  _1158_/D
  _1173_/B
  _1174_/A2
  _1216_/A2
  _1217_/D
  _1247_/A2
  _1248_/B
  _1268_/A2
  _1283_/D
  _1293_/B
  _1311_/B
  _1335_/B1
  _1336_/A2
 clear_acc
  _0702_/A
  _0703_/A
  _0707_/A
  _0750_/B1
  _0766_/B1
  _1362_/A2
 clk
  _1374_/CLK
  _1375_/CLK
  _1376_/CLK
  _1377_/CLK
  _1378_/CLK
  _1379_/CLK
  _1380_/CLK
  _1381_/CLK
  _1382_/CLK
  _1383_/CLK
  _1384_/CLK
  _1385_/CLK
  _1386_/CLK
  _1387_/CLK
  _1388_/CLK
  _1389_/CLK
  _1390_/CLK
  _1391_/CLK
  _1392_/CLK
  _1393_/CLK
  _1394_/CLK
  _1395_/CLK
  _1396_/CLK
  _1397_/CLK
  _1398_/CLK
  _1399_/CLK
  _1400_/CLK
  _1401_/CLK
  _1402_/CLK
  _1403_/CLK
  _1404_/CLK
  _1405_/CLK
  _1406_/CLK
  _1407_/CLK
  _1408_/CLK
  _1409_/CLK
  _1410_/CLK
  _1411_/CLK
  _1412_/CLK
  _1413_/CLK
  _1414_/CLK
  _1415_/CLK
  _1416_/CLK
  _1417_/CLK
  _1418_/CLK
  _1419_/CLK
  _1420_/CLK
  _1421_/CLK
  _1422_/CLK
  _1423_/CLK
  _1424_/CLK
  _1425_/CLK
  _1426_/CLK
  _1427_/CLK
  _1428_/CLK
  _1429_/CLK
  _1430_/CLK
  _1431_/CLK
  _1432_/CLK
  _1433_/CLK
  _1434_/CLK
  _1435_/CLK
  _1436_/CLK
  _1437_/CLK
  _1438_/CLK
  _1439_/CLK
  _1440_/CLK
 reset
  _0702_/B
  _0703_/B
  _0707_/B
  _0750_/C1
  _0766_/C1
  _1362_/A3
 v_a_in
  _0704_/B
  _0705_/B
  _0886_/A
  _0895_/A2
  _1363_/B1
 v_b_in
  _0704_/A
  _0705_/A
  _0706_/A
  _0895_/A1
  _1363_/C1
 _0701_/Y
  _1058_/B2
  _1060_/A2
  _1282_/B2
  _1312_/A2
  _1334_/A2
  _1355_/B
  _1356_/A2
  _1357_/C1
  _1363_/A2
  _1373_/A
 _0702_/Y
  _0706_/B
  _0718_/B1
  _0727_/B1
  _0735_/B1
  _0743_/B1
  _0759_/B1
  _0775_/C1
  _0782_/C1
  _0789_/B1
  _0796_/C1
  _0807_/B1
  _0814_/B1
  _0823_/B1
  _0829_/C1
  _0836_/B1
  _0840_/C
  _0843_/C
  _0847_/C
  _0852_/B1
  _0858_/C
  _0861_/C
  _0865_/C
  _0868_/C1
  _0877_/C1
  _0880_/B1
  _0885_/B1
  _0886_/B
  _0888_/B
  _0889_/B
  _0893_/B
  _0896_/C
  _0901_/A2
  _0909_/C
  _0910_/A2
  _0926_/C
  _0927_/A2
  _0953_/B1
  _1188_/B1
  _1304_/B1
  _1347_/B1
  _1364_/B1
  _1366_/B
  _1367_/B
  _1369_/B
  _1370_/B
 _0703_/X
  _0710_/B1
  _0849_/B1
  _0855_/B1
  _0870_/C1
  _0883_/B
  _0887_/B
  _0890_/B
  _0891_/B
  _0892_/B
  _0894_/B
  _0895_/B1
  _1368_/B
  _1371_/B
  _1372_/B
  _1373_/B
 _0704_/X
  _0897_/A2
  _0909_/D
  _0926_/B
  _0953_/A2
  _0954_/A1
  _1304_/A2
  _1347_/A2
  _1348_/A3
  _1362_/A4
  _1364_/A2
 _0709_/Y
  _0711_/A
 _0712_/Y
  _0728_/A1
 _0722_/Y
  _0728_/A3
 _0728_/Y
  _0732_/B1
  _0736_/A1
  _0740_/A1
 _0731_/X
  _0736_/A2
 _0751_/Y
  _0771_/B1
 _0753_/X
  _0757_/B1
 _0754_/Y
  _0755_/A2
  _0756_/B
  _0757_/C1
 _0757_/Y
  _0771_/C1
 _0769_/X
  _0774_/C1
 _0771_/Y
  _0774_/D1
 _0774_/Y
  _0785_/B
 _0776_/Y
  _0785_/C
 _0783_/Y
  _0792_/A
 _0787_/Y
  _0792_/B
 _0792_/Y
  _0804_/B1
 _0798_/Y
  _0804_/D1
  _0812_/A
 _0801_/Y
  _0818_/A2
 _0803_/Y
  _0818_/A1
 _0804_/Y
  _0812_/B
 _0816_/Y
  _0827_/A1
 _0818_/Y
  _0820_/B1
  _0821_/A1
  _0834_/A2
  _0835_/A2
  _0876_/A2
 _0819_/X
  _0821_/A2
 _0820_/X
  _0822_/A1
 _0821_/Y
  _0822_/A2
  _0827_/A2
 _0833_/X
  _0834_/A1
  _0835_/A1
 _0834_/X
  _0839_/D
  _0857_/C
  _0878_/C
  _0879_/C
 _0835_/X
  _0836_/A2
  _0837_/A2
  _0841_/A3
  _0842_/D
  _0844_/A4
  _0846_/A
  _0848_/A1
  _0849_/A2
  _0850_/A2
  _0853_/A3
  _0855_/A1
  _0859_/A2
  _0860_/C
  _0862_/A3
  _0866_/A
  _0867_/B
  _0869_/A2
 _0838_/X
  _0840_/A
 _0839_/Y
  _0840_/B
 _0841_/X
  _0843_/A
 _0842_/Y
  _0843_/B
 _0853_/Y
  _0855_/C1
 _0854_/X
  _0855_/A2
  _0856_/A3
  _0857_/D
  _0859_/A3
  _0864_/C
  _0866_/B
  _0867_/C
  _0869_/A3
  _0872_/A
  _0873_/A
 _0856_/X
  _0858_/A
 _0857_/Y
  _0858_/B
 _0859_/X
  _0861_/A
 _0860_/Y
  _0861_/B
 _0869_/Y
  _0870_/B1
 _0876_/X
  _0882_/C
 _0878_/X
  _0884_/C
 _0882_/X
  _0883_/A
 _0911_/Y
  _0922_/B1
 _0919_/Y
  _0922_/C1
 _0972_/Y
  _0975_/B1
 _0973_/Y
  _0975_/B2
 _0994_/X
  _1006_/A
 _0995_/Y
  _1063_/A1
  _1064_/A1
 _0996_/Y
  _1002_/A1
  _1005_/A1
  _1008_/A1
  _1063_/A2
  _1064_/A2
 _1002_/Y
  _1006_/C
 _1004_/X
  _1008_/A2
 _1006_/Y
  _1020_/A1
  _1021_/B1
 _1008_/Y
  _1020_/A2
  _1021_/C1
  _1024_/D1
  _1097_/A1
 _1020_/X
  _1051_/A1
 _1023_/Y
  _1097_/A2
 _1025_/X
  _1051_/A3
 _1043_/Y
  _1048_/B
 _1045_/Y
  _1048_/C
 _1051_/Y
  _1107_/B
  _1181_/A2
  _1182_/A2
 _1063_/Y
  _1075_/B1
 _1066_/Y
  _1074_/A1
  _1075_/A1
  _1076_/A1
  _1139_/A2
 _1068_/X
  _1071_/A2
  _1137_/B1
 _1073_/X
  _1074_/A2
  _1075_/A2
  _1076_/A2
 _1075_/X
  _1098_/A2
 _1076_/Y
  _1090_/A1_N
  _1091_/B1
  _1149_/A1
 _1077_/Y
  _1090_/A2_N
  _1091_/C1
  _1094_/B1
  _1095_/C1
  _1147_/A1
 _1087_/X
  _1091_/A1
 _1088_/X
  _1091_/A2
 _1089_/Y
  _1147_/A2
 _1090_/Y
  _1100_/C1
 _1091_/Y
  _1097_/B2
  _1100_/D1
 _1092_/Y
  _1099_/A1
 _1094_/Y
  _1098_/A1
  _1149_/A2
 _1095_/Y
  _1099_/A2
 _1097_/Y
  _1102_/B1
  _1168_/A2
  _1170_/A2
  _1171_/A2
 _1098_/Y
  _1101_/B1
 _1099_/Y
  _1102_/B2
 _1100_/Y
  _1101_/C1
  _1103_/C1
  _1168_/B1
  _1170_/B1
 _1101_/Y
  _1108_/B1
 _1102_/Y
  _1108_/C1
 _1104_/Y
  _1107_/A
 _1107_/Y
  _1110_/A1_N
  _1112_/B
  _1180_/C1
 _1108_/Y
  _1110_/A2_N
  _1112_/C
  _1113_/C
 _1124_/X
  _1126_/B1
 _1125_/Y
  _1126_/B2
 _1127_/Y
  _1143_/B1
 _1131_/X
  _1141_/D1
 _1136_/Y
  _1141_/B1
 _1141_/Y
  _1143_/D1
  _1208_/B1
 _1143_/X
  _1148_/A1
 _1144_/Y
  _1148_/A2
 _1147_/Y
  _1164_/B1
  _1193_/B1
  _1194_/B1
 _1148_/Y
  _1164_/C1
  _1165_/A1
  _1167_/B1
  _1225_/A1
 _1162_/Y
  _1169_/C
 _1163_/Y
  _1225_/A2
 _1168_/Y
  _1169_/A
 _1169_/Y
  _1175_/A1
  _1176_/A1_N
  _1178_/C1
  _1230_/B2
  _1231_/B2
  _1232_/A
  _1233_/A
 _1171_/Y
  _1175_/A2
  _1176_/A2_N
 _1175_/Y
  _1180_/B2
  _1183_/A1
  _1241_/A1
 _1176_/Y
  _1182_/C1
 _1177_/X
  _1180_/B1
 _1178_/Y
  _1182_/B1
 _1180_/Y
  _1240_/B
 _1182_/Y
  _1239_/B
  _1240_/D
  _1242_/A1
 _1183_/Y
  _1235_/A1
 _1186_/Y
  _1235_/A2
  _1328_/A1
 _1206_/Y
  _1210_/B1
 _1208_/Y
  _1210_/D1
 _1227_/Y
  _1231_/A1
 _1228_/Y
  _1231_/A2
  _1232_/C
 _1229_/Y
  _1230_/B1
 _1230_/Y
  _1234_/A
 _1231_/X
  _1239_/C
  _1327_/A1
 _1232_/X
  _1234_/B
  _1236_/A2
  _1237_/A2
 _1233_/Y
  _1242_/A2
 _1235_/X
  _1236_/B1
 _1239_/Y
  _1328_/A2
 _1240_/Y
  _1275_/A1
  _1276_/A1
  _1277_/A1
 _1241_/Y
  _1327_/A2
 _1242_/X
  _1275_/A2
  _1276_/A2
  _1277_/A2
 _1322_/Y
  _1349_/A
 _1328_/Y
  _1331_/A2_N
  _1350_/A
 _1343_/Y
  _1349_/D
 _1355_/X
  _1365_/A1
 _1357_/Y
  _1358_/B
 _1360_/Y
  _1365_/A2
 _1374_/Q
  _0690_/A
  _0709_/A2
  _0710_/A2
  _0717_/B1
  _0718_/A1
  _0726_/B1
  _0727_/A1
  _0734_/B1
  _0735_/A1
  _0743_/A1
  _0748_/B1
  _0758_/B1
  _0759_/A1
  _0767_/A3
  _0775_/A1
  _0781_/A
  _0789_/A1
  _0807_/A1
  _0813_/B
  _0814_/A1
  _0823_/A1
  _0828_/A
  _0835_/B1
  _0838_/A1
  _0839_/A
  _0856_/A1
  _0857_/A
  _0871_/A
 _1375_/Q
  psum[0]
  _0709_/B1
  _0710_/A3
  _0715_/A2
  _0716_/D
  _0722_/B1
  _0723_/B1
 _1376_/Q
  psum[1]
  _0712_/B
  _0713_/B
  _0714_/B
  _0718_/A2
  _0722_/A2
  _0723_/A2
 _1377_/Q
  psum[2]
  _0719_/B
  _0720_/B
  _0721_/B
  _0727_/A2
 _1378_/Q
  psum[3]
  _0729_/B
  _0730_/B
  _0731_/B
  _0735_/A2
 _1379_/Q
  psum[4]
  _0737_/B
  _0738_/B
  _0743_/A2
 _1380_/Q
  psum[5]
  _0692_/A
  _0745_/B
  _0746_/B
  _0757_/A2
 _1381_/Q
  psum[6]
  _0751_/B
  _0752_/B
  _0759_/A2
  _0763_/B2
 _1382_/Q
  psum[7]
  _0691_/A
  _0760_/B
  _0761_/B
  _0774_/A2
 _1383_/Q
  psum[8]
  _0768_/B
  _0769_/B
  _0775_/A2
 _1384_/Q
  psum[9]
  _0776_/B
  _0777_/B
  _0781_/B
  _0787_/A2
  _0803_/A2
 _1385_/Q
  psum[10]
  _0783_/B
  _0784_/B
  _0789_/A2
  _0800_/B
 _1386_/Q
  psum[11]
  _0790_/B
  _0791_/B
  _0795_/B
  _0801_/A2
  _0804_/A2
 _1387_/Q
  psum[12]
  _0797_/B
  _0798_/B
  _0807_/A2
  _0819_/A2
 _1388_/Q
  psum[13]
  _0808_/B
  _0809_/B
  _0810_/B
  _0814_/A2
 _1389_/Q
  psum[14]
  _0815_/B
  _0816_/B
  _0823_/A2
  _0830_/B1
  _0832_/B
 _1390_/Q
  psum[15]
  _0824_/B
  _0825_/B
  _0828_/B
  _0830_/A2
  _0831_/A2
  _0833_/A2
 _1391_/Q
  psum[16]
  _0836_/A1
  _0837_/A1
  _0838_/A2
  _0839_/C
  _0841_/A2
  _0842_/C
  _0844_/A3
  _0845_/D
 _1392_/Q
  psum[17]
  _0838_/B1
  _0839_/B
  _0841_/A1
  _0842_/B
  _0844_/A2
  _0845_/C
 _1393_/Q
  psum[18]
  _0841_/B1
  _0842_/A
  _0844_/A1
  _0845_/B
 _1394_/Q
  psum[19]
  _0844_/B1
  _0845_/A
 _1395_/Q
  psum[20]
  _0848_/B1
  _0849_/A1
  _0850_/A1
  _0851_/B
  _0853_/A2
  _0854_/C
 _1396_/Q
  psum[21]
  _0850_/B1
  _0851_/A
  _0853_/A1
  _0854_/B
 _1397_/Q
  psum[22]
  _0853_/B1
  _0854_/A
 _1398_/Q
  psum[23]
  _0856_/B1
  _0857_/B
  _0859_/A1
  _0860_/B
  _0862_/A2
  _0863_/C
 _1399_/Q
  psum[24]
  _0859_/B1
  _0860_/A
  _0862_/A1
  _0863_/B
 _1400_/Q
  psum[25]
  _0862_/B1
  _0863_/A
 _1401_/Q
  psum[26]
  _0867_/A
  _0868_/A1
  _0869_/A1
  _0870_/A2
  _0871_/C
 _1402_/Q
  psum[27]
  _0869_/B1
  _0870_/A1
  _0871_/B
 _1403_/Q
  psum[28]
  _0875_/B1
  _0876_/B1
  _0877_/A1
  _0878_/B
  _0879_/B
  _0881_/A2
 _1404_/Q
  psum[29]
  _0878_/A
  _0879_/A
  _0880_/A1
  _0881_/A1
  _0882_/B
 _1405_/Q
  psum[30]
  _0881_/B1
  _0882_/A
  _0884_/B
 _1406_/Q
  psum[31]
  _0884_/A
  _0885_/A1
 _1407_/Q
  v_a_out
 _1408_/Q
  v_b_out
 _1409_/Q
  a_out[0]
 _1410_/Q
  a_out[1]
 _1411_/Q
  a_out[2]
 _1412_/Q
  a_out[3]
 _1413_/Q
  a_out[4]
 _1414_/Q
  a_out[5]
 _1415_/Q
  a_out[6]
 _1416_/Q
  a_out[7]
 _1417_/Q
  _0897_/A1
 _1418_/Q
  _0713_/A
  _0714_/A
  _0722_/A1
  _0723_/A1
  _0901_/A1
 _1419_/Q
  _0910_/A1
 _1420_/Q
  _0927_/A1
 _1421_/Q
  _0953_/A1
 _1423_/Q
  _1049_/B2
 _1425_/Q
  _1189_/A1
 _1427_/Q
  _1278_/B1
 _1429_/Q
  _1333_/A1_N
 _1430_/Q
  _1347_/A1
 _1431_/Q
  _0687_/A
 _1433_/Q
  b_out[0]
 _1434_/Q
  b_out[1]
 _1435_/Q
  b_out[2]
 _1436_/Q
  b_out[3]
 _1437_/Q
  b_out[4]
 _1438_/Q
  b_out[5]
 _1439_/Q
  b_out[6]
 _1440_/Q
  b_out[7]

===========================================================================
max slew violation count 46
max fanout violation count 23
max cap violation count 0
============================================================================

===========================================================================
check_setup -verbose -unconstrained_endpoints -multiple_clock -no_clock -no_input_delay -loops -generated_clocks
===========================================================================
