
===========================================================================
report_checks -unconstrained
===========================================================================
======================= min_tt_025C_1v80 Corner ===================================

Startpoint: b_in[2] (input port clocked by clk)
Endpoint: _1432_ (rising edge-triggered flip-flop clocked by clk)
Path Group: clk
Path Type: max

Fanout         Cap        Slew       Delay        Time   Description
---------------------------------------------------------------------------------------------
                                  0.000000    0.000000   clock clk (rise edge)
                                  0.000000    0.000000   clock network delay (propagated)
                                  0.000000    0.000000 ^ input external delay
     1    0.003055    0.020829    0.011194    0.011194 ^ b_in[2] (in)
                                                         b_in[2] (net)
                      0.020829    0.000000    0.011194 ^ input11/A (sky130_fd_sc_hd__buf_1)
     2    0.011089    0.136988    0.137943    0.149137 ^ input11/X (sky130_fd_sc_hd__buf_1)
                                                         net11 (net)
                      0.136988    0.000098    0.149235 ^ fanout127/A (sky130_fd_sc_hd__buf_4)
    10    0.070358    0.196715    0.255559    0.404794 ^ fanout127/X (sky130_fd_sc_hd__buf_4)
                                                         net127 (net)
                      0.196804    0.001717    0.406511 ^ fanout126/A (sky130_fd_sc_hd__buf_6)
    10    0.061955    0.128804    0.203812    0.610323 ^ fanout126/X (sky130_fd_sc_hd__buf_6)
                                                         net126 (net)
                      0.128929    0.002521    0.612845 ^ _0694_/A (sky130_fd_sc_hd__clkinv_4)
     7    0.063913    0.129959    0.150100    0.762945 v _0694_/Y (sky130_fd_sc_hd__clkinv_4)
                                                         _0074_ (net)
                      0.130034    0.001992    0.764937 v _1070_/A1 (sky130_fd_sc_hd__o211ai_2)
     1    0.011365    0.195463    0.246091    1.011028 ^ _1070_/Y (sky130_fd_sc_hd__o211ai_2)
                                                         _0400_ (net)
                      0.195463    0.000223    1.011250 ^ _1077_/A (sky130_fd_sc_hd__nand3_4)
     5    0.035933    0.146263    0.165278    1.176528 v _1077_/Y (sky130_fd_sc_hd__nand3_4)
                                                         _0407_ (net)
                      0.146265    0.000496    1.177025 v _1147_/A1 (sky130_fd_sc_hd__a21oi_4)
     5    0.025476    0.216989    0.250776    1.427801 ^ _1147_/Y (sky130_fd_sc_hd__a21oi_4)
                                                         _0476_ (net)
                      0.216989    0.000344    1.428145 ^ _1148_/B1 (sky130_fd_sc_hd__o21ai_4)
     6    0.028596    0.101802    0.135504    1.563649 v _1148_/Y (sky130_fd_sc_hd__o21ai_4)
                                                         _0477_ (net)
                      0.101806    0.000752    1.564401 v rebuffer44/A (sky130_fd_sc_hd__buf_6)
     1    0.009667    0.025146    0.140690    1.705091 v rebuffer44/X (sky130_fd_sc_hd__buf_6)
                                                         net176 (net)
                      0.025146    0.000079    1.705170 v _1167_/B1 (sky130_fd_sc_hd__o211ai_4)
     2    0.020337    0.227023    0.101664    1.806834 ^ _1167_/Y (sky130_fd_sc_hd__o211ai_4)
                                                         _0496_ (net)
                      0.227023    0.000286    1.807121 ^ _1170_/C1 (sky130_fd_sc_hd__o211ai_4)
     2    0.016101    0.106244    0.129716    1.936836 v _1170_/Y (sky130_fd_sc_hd__o211ai_4)
                                                         _0499_ (net)
                      0.106245    0.000389    1.937225 v _1177_/B2 (sky130_fd_sc_hd__o221a_4)
     1    0.008698    0.047528    0.243827    2.181052 v _1177_/X (sky130_fd_sc_hd__o221a_4)
                                                         _0506_ (net)
                      0.047528    0.000079    2.181131 v _1180_/B2 (sky130_fd_sc_hd__o221ai_4)
     4    0.021653    0.258463    0.210639    2.391770 ^ _1180_/Y (sky130_fd_sc_hd__o221ai_4)
                                                         _0509_ (net)
                      0.258463    0.000318    2.392088 ^ _1239_/A (sky130_fd_sc_hd__nand4_4)
     1    0.009590    0.108904    0.124467    2.516555 v _1239_/Y (sky130_fd_sc_hd__nand4_4)
                                                         _0566_ (net)
                      0.108904    0.000070    2.516625 v _1328_/A1 (sky130_fd_sc_hd__o21ai_4)
     4    0.021276    0.195882    0.235487    2.752113 ^ _1328_/Y (sky130_fd_sc_hd__o21ai_4)
                                                         _0653_ (net)
                      0.195882    0.000649    2.752762 ^ rebuffer112/A (sky130_fd_sc_hd__clkbuf_1)
     1    0.005384    0.073575    0.133014    2.885776 ^ rebuffer112/X (sky130_fd_sc_hd__clkbuf_1)
                                                         net244 (net)
                      0.073575    0.000061    2.885837 ^ _1350_/A (sky130_fd_sc_hd__nand3_2)
     2    0.007793    0.089396    0.076817    2.962654 v _1350_/Y (sky130_fd_sc_hd__nand3_2)
                                                         _0673_ (net)
                      0.089396    0.000116    2.962770 v _1360_/A2_N (sky130_fd_sc_hd__o2bb2ai_1)
     1    0.003329    0.088206    0.137798    3.100568 v _1360_/Y (sky130_fd_sc_hd__o2bb2ai_1)
                                                         _0683_ (net)
                      0.088206    0.000038    3.100606 v _1365_/A2 (sky130_fd_sc_hd__a31oi_1)
     1    0.002485    0.118310    0.165736    3.266342 ^ _1365_/Y (sky130_fd_sc_hd__a31oi_1)
                                                         _0058_ (net)
                      0.118310    0.000026    3.266368 ^ _1432_/D (sky130_fd_sc_hd__dfxtp_1)
                                              3.266368   data arrival time

                                  4.000000    4.000000   clock clk (rise edge)
                                  0.000000    4.000000   clock source latency
     1    0.022613    0.107367    0.074099    4.074099 ^ clk (in)
                                                         clk (net)
                      0.107377    0.000000    4.074099 ^ clkbuf_0_clk/A (sky130_fd_sc_hd__clkbuf_16)
     8    0.081094    0.097763    0.194167    4.268266 ^ clkbuf_0_clk/X (sky130_fd_sc_hd__clkbuf_16)
                                                         clknet_0_clk (net)
                      0.097839    0.002476    4.270741 ^ clkbuf_3_4__f_clk/A (sky130_fd_sc_hd__clkbuf_16)
     6    0.029275    0.050478    0.153304    4.424046 ^ clkbuf_3_4__f_clk/X (sky130_fd_sc_hd__clkbuf_16)
                                                         clknet_3_4__leaf_clk (net)
                      0.050479    0.000283    4.424329 ^ _1432_/CLK (sky130_fd_sc_hd__dfxtp_1)
                                 -0.250000    4.174329   clock uncertainty
                                  0.000000    4.174329   clock reconvergence pessimism
                                 -0.070135    4.104194   library setup time
                                              4.104194   data required time
---------------------------------------------------------------------------------------------
                                              4.104194   data required time
                                             -3.266368   data arrival time
---------------------------------------------------------------------------------------------
                                              0.837826   slack (MET)




===========================================================================
report_checks --slack_max -0.01
============================================================================
======================= min_tt_025C_1v80 Corner ===================================

No paths found.


===========================================================================
 report_check_types -max_slew -max_cap -max_fanout -violators
============================================================================
======================= min_tt_025C_1v80 Corner ===================================

max fanout

Pin                                   Limit Fanout  Slack
---------------------------------------------------------
clkbuf_3_2__f_clk/X                      10     11        (VIOLATED)
clkbuf_3_3__f_clk/X                      10     11        (VIOLATED)
clkbuf_3_7__f_clk/X                      10     11        (VIOLATED)



===========================================================================
report_parasitic_annotation -report_unannotated
============================================================================
Found 6 unannotated drivers.
 clkload0/X
 clkload1/Y
 clkload2/Y
 clkload3/Y
 clkload4/Y
 clkload5/X
Found 0 partially unannotated drivers.

===========================================================================
max slew violation count 0
max fanout violation count 3
max cap violation count 0
============================================================================

===========================================================================
check_setup -verbose -unconstrained_endpoints -multiple_clock -no_clock -no_input_delay -loops -generated_clocks
===========================================================================
