Clock: clk
Sources: clk 
Generated: no
Virtual: yes
Propagated: no
Period: 4.000000

===========================================================================
report_clock_properties
============================================================================
Clock                   Period          Waveform
----------------------------------------------------
clk                   4.000000    0.000000  2.000000

===========================================================================
report_clock_latency
============================================================================
Clock clk
rise -> rise
    min     max
0.000000 0.000000 source latency
0.421731         network latency _1422_/CLK
        0.431849 network latency _1380_/CLK
---------------
0.421731 0.431849 latency
        0.010118 skew

fall -> fall
    min     max
0.000000 0.000000 source latency
0.376380         network latency _1422_/CLK
        0.385247 network latency _1380_/CLK
---------------
0.376380 0.385247 latency
        0.008867 skew



===========================================================================
report_clock_min_period
============================================================================
clk period_min = 3.12 fmax = 320.88
