Clock: clk
Sources: clk 
Generated: no
Virtual: no
Propagated: no
Period: 5.000000

===========================================================================
report_clock_properties
============================================================================
Clock                   Period          Waveform
----------------------------------------------------
clk                   5.000000    0.000000  2.500000

===========================================================================
report_clock_latency
============================================================================
Clock clk
rise -> rise
    min     max
0.000000 0.000000 source latency
0.390531         network latency _1374_/CLK
        0.390531 network latency _1374_/CLK
---------------
0.390531 0.390531 latency
        0.000000 skew

fall -> fall
    min     max
0.000000 0.000000 source latency
0.183423         network latency _1374_/CLK
        0.183423 network latency _1374_/CLK
---------------
0.183423 0.183423 latency
        0.000000 skew



===========================================================================
report_clock_min_period
============================================================================
clk period_min = 3.12 fmax = 320.24
