
===========================================================================
report_checks -unconstrained
===========================================================================
======================= max_tt_025C_1v80 Corner ===================================

Startpoint: b_in[5] (input port clocked by clk)
Endpoint: _1432_ (rising edge-triggered flip-flop clocked by clk)
Path Group: clk
Path Type: max

Fanout         Cap        Slew       Delay        Time   Description
---------------------------------------------------------------------------------------------
                                  0.000000    0.000000   clock clk (rise edge)
                                  0.000000    0.000000   clock network delay (propagated)
                                  1.000000    1.000000 ^ input external delay
     1    0.010289    0.052726    0.035138    1.035138 ^ b_in[5] (in)
                                                         b_in[5] (net)
                      0.052731    0.000000    1.035138 ^ input14/A (sky130_fd_sc_hd__clkbuf_1)
     1    0.013151    0.160605    0.164808    1.199946 ^ input14/X (sky130_fd_sc_hd__clkbuf_1)
                                                         net14 (net)
                      0.160617    0.001156    1.201101 ^ fanout120/A (sky130_fd_sc_hd__clkbuf_2)
     5    0.051116    0.277802    0.303275    1.504376 ^ fanout120/X (sky130_fd_sc_hd__clkbuf_2)
                                                         net120 (net)
                      0.277967    0.005579    1.509955 ^ fanout119/A (sky130_fd_sc_hd__clkbuf_4)
    10    0.067073    0.204797    0.327423    1.837379 ^ fanout119/X (sky130_fd_sc_hd__clkbuf_4)
                                                         net119 (net)
                      0.205068    0.006171    1.843550 ^ _1078_/B (sky130_fd_sc_hd__nand2_2)
     5    0.035862    0.157774    0.181351    2.024901 v _1078_/Y (sky130_fd_sc_hd__nand2_2)
                                                         _0408_ (net)
                      0.157930    0.004025    2.028925 v _1086_/B1_N (sky130_fd_sc_hd__o21bai_1)
     2    0.016404    0.150808    0.275911    2.304836 v _1086_/Y (sky130_fd_sc_hd__o21bai_1)
                                                         _0416_ (net)
                      0.150885    0.001484    2.306320 v _1089_/B (sky130_fd_sc_hd__nand2_1)
     1    0.014305    0.145264    0.179107    2.485427 ^ _1089_/Y (sky130_fd_sc_hd__nand2_1)
                                                         _0419_ (net)
                      0.145290    0.001565    2.486992 ^ _1147_/A1 (sky130_fd_sc_hd__a21oi_4)
     4    0.023218    0.075116    0.099492    2.586485 v _1147_/Y (sky130_fd_sc_hd__a21oi_4)
                                                         _0476_ (net)
                      0.075264    0.002546    2.589030 v rebuffer8/A (sky130_fd_sc_hd__buf_1)
     2    0.005871    0.042903    0.115195    2.704225 v rebuffer8/X (sky130_fd_sc_hd__buf_1)
                                                         net144 (net)
                      0.042906    0.000369    2.704593 v rebuffer9/A (sky130_fd_sc_hd__buf_1)
     1    0.002778    0.026465    0.086324    2.790917 v rebuffer9/X (sky130_fd_sc_hd__buf_1)
                                                         net145 (net)
                      0.026466    0.000204    2.791121 v _1193_/B1 (sky130_fd_sc_hd__a2bb2oi_1)
     2    0.016514    0.387494    0.339619    3.130740 ^ _1193_/Y (sky130_fd_sc_hd__a2bb2oi_1)
                                                         _0521_ (net)
                      0.387496    0.000681    3.131421 ^ _1224_/A2_N (sky130_fd_sc_hd__a2bb2o_4)
     2    0.012098    0.044561    0.258570    3.389991 v _1224_/X (sky130_fd_sc_hd__a2bb2o_4)
                                                         _0552_ (net)
                      0.044613    0.000908    3.390899 v _1227_/B (sky130_fd_sc_hd__nand2_4)
     4    0.026681    0.100410    0.100912    3.491812 ^ _1227_/Y (sky130_fd_sc_hd__nand2_4)
                                                         _0555_ (net)
                      0.100462    0.001791    3.493603 ^ _1231_/A2 (sky130_fd_sc_hd__a22o_4)
     2    0.019812    0.072211    0.171588    3.665190 ^ _1231_/X (sky130_fd_sc_hd__a22o_4)
                                                         _0559_ (net)
                      0.072232    0.001180    3.666370 ^ _1239_/B (sky130_fd_sc_hd__nand4_4)
     1    0.009974    0.110100    0.099961    3.766331 v _1239_/Y (sky130_fd_sc_hd__nand4_4)
                                                         _0566_ (net)
                      0.110101    0.000793    3.767124 v _1328_/A1 (sky130_fd_sc_hd__o21ai_4)
     4    0.024898    0.217906    0.251470    4.018594 ^ _1328_/Y (sky130_fd_sc_hd__o21ai_4)
                                                         _0653_ (net)
                      0.217976    0.003016    4.021611 ^ rebuffer58/A (sky130_fd_sc_hd__buf_6)
     1    0.009785    0.035715    0.135670    4.157280 ^ rebuffer58/X (sky130_fd_sc_hd__buf_6)
                                                         net194 (net)
                      0.035728    0.000751    4.158032 ^ _1350_/A (sky130_fd_sc_hd__nand3_4)
     2    0.013951    0.098396    0.067863    4.225894 v _1350_/Y (sky130_fd_sc_hd__nand3_4)
                                                         _0673_ (net)
                      0.098408    0.001082    4.226977 v _1360_/A2_N (sky130_fd_sc_hd__o2bb2ai_2)
     1    0.003595    0.084433    0.137256    4.364233 v _1360_/Y (sky130_fd_sc_hd__o2bb2ai_2)
                                                         _0683_ (net)
                      0.084433    0.000231    4.364464 v _1365_/A1 (sky130_fd_sc_hd__a31oi_1)
     1    0.002818    0.124493    0.139061    4.503525 ^ _1365_/Y (sky130_fd_sc_hd__a31oi_1)
                                                         _0058_ (net)
                      0.124493    0.000210    4.503736 ^ _1432_/D (sky130_fd_sc_hd__dfxtp_1)
                                              4.503736   data arrival time

                                  5.000000    5.000000   clock clk (rise edge)
                                  0.000000    5.000000   clock source latency
     1    0.023045    0.108998    0.076190    5.076190 ^ clk (in)
                                                         clk (net)
                      0.109081    0.000000    5.076190 ^ clkbuf_0_clk/A (sky130_fd_sc_hd__clkbuf_16)
     8    0.091528    0.108340    0.200536    5.276727 ^ clkbuf_0_clk/X (sky130_fd_sc_hd__clkbuf_16)
                                                         clknet_0_clk (net)
                      0.108758    0.005047    5.281774 ^ clkbuf_3_0__f_clk/A (sky130_fd_sc_hd__clkbuf_16)
     8    0.032385    0.053108    0.159182    5.440956 ^ clkbuf_3_0__f_clk/X (sky130_fd_sc_hd__clkbuf_16)
                                                         clknet_3_0__leaf_clk (net)
                      0.053144    0.001607    5.442564 ^ _1432_/CLK (sky130_fd_sc_hd__dfxtp_1)
                                 -0.250000    5.192564   clock uncertainty
                                  0.000000    5.192564   clock reconvergence pessimism
                                 -0.071172    5.121391   library setup time
                                              5.121391   data required time
---------------------------------------------------------------------------------------------
                                              5.121391   data required time
                                             -4.503736   data arrival time
---------------------------------------------------------------------------------------------
                                              0.617656   slack (MET)




===========================================================================
report_checks --slack_max -0.01
============================================================================
======================= max_tt_025C_1v80 Corner ===================================

No paths found.


===========================================================================
 report_check_types -max_slew -max_cap -max_fanout -violators
============================================================================
======================= max_tt_025C_1v80 Corner ===================================

max fanout

Pin                                   Limit Fanout  Slack
---------------------------------------------------------
clkbuf_3_2__f_clk/X                      10     11        (VIOLATED)
clkbuf_3_5__f_clk/X                      10     11        (VIOLATED)
clkbuf_3_6__f_clk/X                      10     11        (VIOLATED)
clkbuf_3_7__f_clk/X                      10     11        (VIOLATED)



===========================================================================
report_parasitic_annotation -report_unannotated
============================================================================
Found 7 unannotated drivers.
 clkload0/Y
 clkload1/Y
 clkload2/X
 clkload3/Y
 clkload4/Y
 clkload5/X
 clkload6/X
Found 0 partially unannotated drivers.

===========================================================================
max slew violation count 0
max fanout violation count 4
max cap violation count 0
============================================================================

===========================================================================
check_setup -verbose -unconstrained_endpoints -multiple_clock -no_clock -no_input_delay -loops -generated_clocks
===========================================================================
