Clock: clk
Sources: clk 
Generated: no
Virtual: yes
Propagated: no
Period: 5.000000

===========================================================================
report_clock_properties
============================================================================
Clock                   Period          Waveform
----------------------------------------------------
clk                   5.000000    0.000000  2.500000

===========================================================================
report_clock_latency
============================================================================
Clock clk
rise -> rise
    min     max
0.000000 0.000000 source latency
0.439915         network latency _1419_/CLK
        0.450893 network latency _1382_/CLK
---------------
0.439915 0.450893 latency
        0.010978 skew

fall -> fall
    min     max
0.000000 0.000000 source latency
0.391159         network latency _1419_/CLK
        0.400612 network latency _1382_/CLK
---------------
0.391159 0.400612 latency
        0.009452 skew



===========================================================================
report_clock_min_period
============================================================================
clk period_min = 3.26 fmax = 306.54
