
===========================================================================
report_checks -unconstrained
===========================================================================
======================= nom_tt_025C_1v80 Corner ===================================

Startpoint: b_in[1] (input port clocked by clk)
Endpoint: _1426_ (rising edge-triggered flip-flop clocked by clk)
Path Group: clk
Path Type: max

Fanout         Cap        Slew       Delay        Time   Description
---------------------------------------------------------------------------------------------
                                  0.000000    0.000000   clock clk (rise edge)
                                  0.000000    0.000000   clock network delay (propagated)
                                  1.000000    1.000000 ^ input external delay
    32    0.135348    0.608832    0.420598    1.420598 ^ b_in[1] (in)
                                                         b_in[1] (net)
                      0.608867    0.000000    1.420598 ^ _1000_/B (sky130_fd_sc_hd__nand4_2)
     4    0.016162    0.223032    0.271309    1.691906 v _1000_/Y (sky130_fd_sc_hd__nand4_2)
                                                         _0331_ (net)
                      0.223032    0.000003    1.691910 v _1003_/B2 (sky130_fd_sc_hd__a22o_2)
     2    0.013469    0.065617    0.327054    2.018964 v _1003_/X (sky130_fd_sc_hd__a22o_2)
                                                         _0334_ (net)
                      0.065617    0.000046    2.019010 v _1008_/C1 (sky130_fd_sc_hd__o221ai_4)
     5    0.027836    0.295842    0.111945    2.130955 ^ _1008_/Y (sky130_fd_sc_hd__o221ai_4)
                                                         _0339_ (net)
                      0.295842    0.000235    2.131190 ^ _1022_/A2_N (sky130_fd_sc_hd__o2bb2ai_2)
     4    0.016971    0.229687    0.191692    2.322882 ^ _1022_/Y (sky130_fd_sc_hd__o2bb2ai_2)
                                                         _0353_ (net)
                      0.229687    0.000008    2.322891 ^ _1030_/C1 (sky130_fd_sc_hd__o211ai_2)
     4    0.018181    0.148837    0.186177    2.509068 v _1030_/Y (sky130_fd_sc_hd__o211ai_2)
                                                         _0361_ (net)
                      0.148837    0.000070    2.509137 v _1051_/B1 (sky130_fd_sc_hd__a32oi_4)
     4    0.023742    0.285306    0.288822    2.797959 ^ _1051_/Y (sky130_fd_sc_hd__a32oi_4)
                                                         _0381_ (net)
                      0.285306    0.000360    2.798319 ^ _1107_/B (sky130_fd_sc_hd__nand3_4)
     5    0.025794    0.123579    0.160736    2.959055 v _1107_/Y (sky130_fd_sc_hd__nand3_4)
                                                         _0437_ (net)
                      0.123579    0.000075    2.959130 v _1113_/B (sky130_fd_sc_hd__nand3b_2)
     2    0.010029    0.101862    0.126702    3.085832 ^ _1113_/Y (sky130_fd_sc_hd__nand3b_2)
                                                         _0443_ (net)
                      0.101862    0.000012    3.085844 ^ _1117_/B (sky130_fd_sc_hd__nand3_2)
     1    0.004337    0.080787    0.081198    3.167043 v _1117_/Y (sky130_fd_sc_hd__nand3_2)
                                                         _0447_ (net)
                      0.080787    0.000002    3.167045 v _1184_/B1 (sky130_fd_sc_hd__o21ai_2)
     1    0.005055    0.107854    0.071946    3.238991 ^ _1184_/Y (sky130_fd_sc_hd__o21ai_2)
                                                         _0513_ (net)
                      0.107854    0.000013    3.239004 ^ _1186_/B1 (sky130_fd_sc_hd__o21ai_2)
     3    0.015999    0.078235    0.100746    3.339750 v _1186_/Y (sky130_fd_sc_hd__o21ai_2)
                                                         _0515_ (net)
                      0.078235    0.000119    3.339869 v _1235_/A2 (sky130_fd_sc_hd__o21a_2)
     2    0.006825    0.044787    0.214203    3.554072 v _1235_/X (sky130_fd_sc_hd__o21a_2)
                                                         _0563_ (net)
                      0.044787    0.000011    3.554083 v _1237_/A3 (sky130_fd_sc_hd__o311a_2)
     1    0.004639    0.060348    0.333107    3.887190 v _1237_/X (sky130_fd_sc_hd__o311a_2)
                                                         _0565_ (net)
                      0.060348    0.000015    3.887205 v _1238_/B1 (sky130_fd_sc_hd__a21o_4)
     1    0.001870    0.028960    0.174574    4.061779 v _1238_/X (sky130_fd_sc_hd__a21o_4)
                                                         _0052_ (net)
                      0.028960    0.000002    4.061780 v _1426_/D (sky130_fd_sc_hd__dfxtp_2)
                                              4.061780   data arrival time

                                  5.000000    5.000000   clock clk (rise edge)
                                  0.000000    5.000000   clock source latency
    67    0.181533    0.812962    0.561872    5.561872 ^ clk (in)
                                                         clk (net)
                      0.812977    0.000000    5.561872 ^ _1426_/CLK (sky130_fd_sc_hd__dfxtp_2)
                                 -0.250000    5.311872   clock uncertainty
                                  0.000000    5.311872   clock reconvergence pessimism
                                  0.027932    5.339804   library setup time
                                              5.339804   data required time
---------------------------------------------------------------------------------------------
                                              5.339804   data required time
                                             -4.061780   data arrival time
---------------------------------------------------------------------------------------------
                                              1.278024   slack (MET)




===========================================================================
report_checks --slack_max -0.01
============================================================================
======================= nom_tt_025C_1v80 Corner ===================================

No paths found.


===========================================================================
 report_check_types -max_slew -max_cap -max_fanout -violators
============================================================================
======================= nom_tt_025C_1v80 Corner ===================================

max slew

Pin                                        Limit        Slew       Slack
------------------------------------------------------------------------
_0888_/B                                0.750000    1.537261   -0.787261 (VIOLATED)
_0889_/B                                0.750000    1.537261   -0.787261 (VIOLATED)
_0759_/B1                               0.750000    1.537260   -0.787260 (VIOLATED)
_0896_/C                                0.750000    1.537260   -0.787260 (VIOLATED)
_0901_/A2                               0.750000    1.537260   -0.787260 (VIOLATED)
_0909_/C                                0.750000    1.537260   -0.787260 (VIOLATED)
_1366_/B                                0.750000    1.537261   -0.787261 (VIOLATED)
_1367_/B                                0.750000    1.537261   -0.787261 (VIOLATED)
_1369_/B                                0.750000    1.537261   -0.787261 (VIOLATED)
_1370_/B                                0.750000    1.537261   -0.787261 (VIOLATED)
_0910_/A2                               0.750000    1.537260   -0.787260 (VIOLATED)
_0926_/C                                0.750000    1.537260   -0.787260 (VIOLATED)
_0927_/A2                               0.750000    1.537260   -0.787260 (VIOLATED)
_0953_/B1                               0.750000    1.537260   -0.787260 (VIOLATED)
_0702_/Y                                0.750000    1.537258   -0.787258 (VIOLATED)
_0706_/B                                0.750000    1.537258   -0.787258 (VIOLATED)
_0718_/B1                               0.750000    1.537258   -0.787258 (VIOLATED)
_0727_/B1                               0.750000    1.537258   -0.787258 (VIOLATED)
_0735_/B1                               0.750000    1.537258   -0.787258 (VIOLATED)
_0743_/B1                               0.750000    1.537258   -0.787258 (VIOLATED)
_0775_/C1                               0.750000    1.537258   -0.787258 (VIOLATED)
_0782_/C1                               0.750000    1.537258   -0.787258 (VIOLATED)
_0789_/B1                               0.750000    1.537258   -0.787258 (VIOLATED)
_0796_/C1                               0.750000    1.537258   -0.787258 (VIOLATED)
_0807_/B1                               0.750000    1.537258   -0.787258 (VIOLATED)
_0814_/B1                               0.750000    1.537258   -0.787258 (VIOLATED)
_0823_/B1                               0.750000    1.537258   -0.787258 (VIOLATED)
_0829_/C1                               0.750000    1.537258   -0.787258 (VIOLATED)
_0836_/B1                               0.750000    1.537258   -0.787258 (VIOLATED)
_0840_/C                                0.750000    1.537258   -0.787258 (VIOLATED)
_0843_/C                                0.750000    1.537258   -0.787258 (VIOLATED)
_0847_/C                                0.750000    1.537258   -0.787258 (VIOLATED)
_0852_/B1                               0.750000    1.537258   -0.787258 (VIOLATED)
_0858_/C                                0.750000    1.537258   -0.787258 (VIOLATED)
_0861_/C                                0.750000    1.537258   -0.787258 (VIOLATED)
_0865_/C                                0.750000    1.537258   -0.787258 (VIOLATED)
_0868_/C1                               0.750000    1.537258   -0.787258 (VIOLATED)
_0877_/C1                               0.750000    1.537258   -0.787258 (VIOLATED)
_0880_/B1                               0.750000    1.537258   -0.787258 (VIOLATED)
_0885_/B1                               0.750000    1.537258   -0.787258 (VIOLATED)
_0886_/B                                0.750000    1.537258   -0.787258 (VIOLATED)
_0893_/B                                0.750000    1.537258   -0.787258 (VIOLATED)
_1188_/B1                               0.750000    1.537258   -0.787258 (VIOLATED)
_1304_/B1                               0.750000    1.537258   -0.787258 (VIOLATED)
_1347_/B1                               0.750000    1.537258   -0.787258 (VIOLATED)
_1364_/B1                               0.750000    1.537258   -0.787258 (VIOLATED)
_1412_/CLK                              0.750000    0.812987   -0.062987 (VIOLATED)
_1413_/CLK                              0.750000    0.812987   -0.062987 (VIOLATED)
_1414_/CLK                              0.750000    0.812987   -0.062987 (VIOLATED)
_1415_/CLK                              0.750000    0.812986   -0.062986 (VIOLATED)
_1440_/CLK                              0.750000    0.812985   -0.062986 (VIOLATED)
_1416_/CLK                              0.750000    0.812985   -0.062985 (VIOLATED)
_1432_/CLK                              0.750000    0.812984   -0.062984 (VIOLATED)
_1430_/CLK                              0.750000    0.812983   -0.062983 (VIOLATED)
_1429_/CLK                              0.750000    0.812982   -0.062982 (VIOLATED)
_1428_/CLK                              0.750000    0.812980   -0.062980 (VIOLATED)
_1427_/CLK                              0.750000    0.812978   -0.062978 (VIOLATED)
_1426_/CLK                              0.750000    0.812977   -0.062977 (VIOLATED)
_1407_/CLK                              0.750000    0.812977   -0.062977 (VIOLATED)
_1408_/CLK                              0.750000    0.812977   -0.062977 (VIOLATED)
_1388_/CLK                              0.750000    0.812977   -0.062977 (VIOLATED)
_1387_/CLK                              0.750000    0.812977   -0.062977 (VIOLATED)
_1386_/CLK                              0.750000    0.812976   -0.062976 (VIOLATED)
_1385_/CLK                              0.750000    0.812976   -0.062976 (VIOLATED)
_1439_/CLK                              0.750000    0.812976   -0.062976 (VIOLATED)
_1383_/CLK                              0.750000    0.812976   -0.062976 (VIOLATED)
_1390_/CLK                              0.750000    0.812976   -0.062976 (VIOLATED)
_1406_/CLK                              0.750000    0.812975   -0.062975 (VIOLATED)
_1389_/CLK                              0.750000    0.812975   -0.062975 (VIOLATED)
_1405_/CLK                              0.750000    0.812974   -0.062974 (VIOLATED)
_1384_/CLK                              0.750000    0.812974   -0.062974 (VIOLATED)
_1425_/CLK                              0.750000    0.812974   -0.062974 (VIOLATED)
_1431_/CLK                              0.750000    0.812974   -0.062974 (VIOLATED)
_1382_/CLK                              0.750000    0.812973   -0.062973 (VIOLATED)
_1424_/CLK                              0.750000    0.812973   -0.062973 (VIOLATED)
_1403_/CLK                              0.750000    0.812972   -0.062972 (VIOLATED)
_1398_/CLK                              0.750000    0.812970   -0.062970 (VIOLATED)
_1423_/CLK                              0.750000    0.812970   -0.062970 (VIOLATED)
_1380_/CLK                              0.750000    0.812969   -0.062969 (VIOLATED)
_1401_/CLK                              0.750000    0.812969   -0.062969 (VIOLATED)
_1402_/CLK                              0.750000    0.812969   -0.062969 (VIOLATED)
_1422_/CLK                              0.750000    0.812969   -0.062969 (VIOLATED)
_1397_/CLK                              0.750000    0.812968   -0.062968 (VIOLATED)
_1417_/CLK                              0.750000    0.812968   -0.062969 (VIOLATED)
_1400_/CLK                              0.750000    0.812968   -0.062968 (VIOLATED)
_1404_/CLK                              0.750000    0.812968   -0.062968 (VIOLATED)
_1399_/CLK                              0.750000    0.812968   -0.062968 (VIOLATED)
_1391_/CLK                              0.750000    0.812968   -0.062968 (VIOLATED)
_1393_/CLK                              0.750000    0.812968   -0.062968 (VIOLATED)
_1379_/CLK                              0.750000    0.812967   -0.062967 (VIOLATED)
_1381_/CLK                              0.750000    0.812967   -0.062967 (VIOLATED)
_1392_/CLK                              0.750000    0.812967   -0.062967 (VIOLATED)
_1394_/CLK                              0.750000    0.812967   -0.062967 (VIOLATED)
_1421_/CLK                              0.750000    0.812967   -0.062967 (VIOLATED)
_1396_/CLK                              0.750000    0.812967   -0.062967 (VIOLATED)
_1395_/CLK                              0.750000    0.812966   -0.062966 (VIOLATED)
_1420_/CLK                              0.750000    0.812966   -0.062966 (VIOLATED)
_1419_/CLK                              0.750000    0.812966   -0.062966 (VIOLATED)
_1378_/CLK                              0.750000    0.812965   -0.062965 (VIOLATED)
_1436_/CLK                              0.750000    0.812964   -0.062965 (VIOLATED)
_1411_/CLK                              0.750000    0.812964   -0.062964 (VIOLATED)
_1434_/CLK                              0.750000    0.812964   -0.062964 (VIOLATED)
_1437_/CLK                              0.750000    0.812964   -0.062964 (VIOLATED)
_1410_/CLK                              0.750000    0.812964   -0.062964 (VIOLATED)
_1374_/CLK                              0.750000    0.812964   -0.062964 (VIOLATED)
_1375_/CLK                              0.750000    0.812964   -0.062964 (VIOLATED)
_1409_/CLK                              0.750000    0.812964   -0.062964 (VIOLATED)
_1418_/CLK                              0.750000    0.812964   -0.062964 (VIOLATED)
_1433_/CLK                              0.750000    0.812964   -0.062964 (VIOLATED)
_1435_/CLK                              0.750000    0.812964   -0.062964 (VIOLATED)
_1438_/CLK                              0.750000    0.812964   -0.062964 (VIOLATED)
_1376_/CLK                              0.750000    0.812963   -0.062963 (VIOLATED)
_1377_/CLK                              0.750000    0.812963   -0.062963 (VIOLATED)
clk                                     0.750000    0.812962   -0.062962 (VIOLATED)

max fanout

Pin                                   Limit Fanout  Slack
---------------------------------------------------------
clk                                      10     67    -57 (VIOLATED)
_0702_/Y                                 10     45    -35 (VIOLATED)
b_in[1]                                  10     32    -22 (VIOLATED)
a_in[6]                                  10     30    -20 (VIOLATED)
_1374_/Q                                 10     30    -20 (VIOLATED)
b_in[4]                                  10     29    -19 (VIOLATED)
b_in[0]                                  10     28    -18 (VIOLATED)
a_in[1]                                  10     27    -17 (VIOLATED)
b_in[3]                                  10     27    -17 (VIOLATED)
a_in[2]                                  10     26    -16 (VIOLATED)
a_in[3]                                  10     26    -16 (VIOLATED)
a_in[5]                                  10     24    -14 (VIOLATED)
a_in[4]                                  10     23    -13 (VIOLATED)
b_in[5]                                  10     23    -13 (VIOLATED)
a_in[7]                                  10     20    -10 (VIOLATED)
b_in[2]                                  10     20    -10 (VIOLATED)
a_in[0]                                  10     19     -9 (VIOLATED)
b_in[6]                                  10     18     -8 (VIOLATED)
b_in[7]                                  10     18     -8 (VIOLATED)
_0835_/X                                 10     17     -7 (VIOLATED)
_0703_/X                                 10     15     -5 (VIOLATED)
_0854_/X                                 10     12     -2 (VIOLATED)
_0701_/Y                                 10     11        (VIOLATED)
_0704_/X                                 10     11        (VIOLATED)

max capacitance

Pin                                        Limit         Cap       Slack
------------------------------------------------------------------------
_0702_/Y                                0.141917    0.148086   -0.006169 (VIOLATED)



===========================================================================
report_parasitic_annotation -report_unannotated
============================================================================
Found 0 unannotated drivers.
Found 0 partially unannotated drivers.

===========================================================================
max slew violation count 114
Writing metric design__max_slew_violation__count__corner:nom_tt_025C_1v80: 114
max fanout violation count 24
Writing metric design__max_fanout_violation__count__corner:nom_tt_025C_1v80: 24
max cap violation count 1
Writing metric design__max_cap_violation__count__corner:nom_tt_025C_1v80: 1
============================================================================

===========================================================================
check_setup -verbose -unconstrained_endpoints -multiple_clock -no_clock -no_input_delay -loops -generated_clocks
===========================================================================
