
===========================================================================
report_checks -unconstrained
===========================================================================
======================= max_tt_025C_1v80 Corner ===================================

Startpoint: a_in[6] (input port clocked by clk)
Endpoint: _1432_ (rising edge-triggered flip-flop clocked by clk)
Path Group: clk
Path Type: max

Fanout         Cap        Slew       Delay        Time   Description
---------------------------------------------------------------------------------------------
                                  0.000000    0.000000   clock clk (rise edge)
                                  0.000000    0.000000   clock network delay (propagated)
                                  1.000000    1.000000 v input external delay
     1    0.002630    0.008221    0.004186    1.004186 v a_in[6] (in)
                                                         a_in[6] (net)
                      0.008228    0.000000    1.004186 v input7/A (sky130_fd_sc_hd__clkbuf_1)
     1    0.009440    0.061442    0.102094    1.106280 v input7/X (sky130_fd_sc_hd__clkbuf_1)
                                                         net7 (net)
                      0.061448    0.000644    1.106924 v fanout96/A (sky130_fd_sc_hd__buf_6)
     2    0.006976    0.023249    0.119027    1.225951 v fanout96/X (sky130_fd_sc_hd__buf_6)
                                                         net96 (net)
                      0.023249    0.000437    1.226388 v fanout95/A (sky130_fd_sc_hd__buf_6)
     6    0.048829    0.055855    0.136356    1.362745 v fanout95/X (sky130_fd_sc_hd__buf_6)
                                                         net95 (net)
                      0.055960    0.001598    1.364343 v fanout94/A (sky130_fd_sc_hd__buf_12)
     4    0.020374    0.028869    0.129816    1.494159 v fanout94/X (sky130_fd_sc_hd__buf_12)
                                                         net94 (net)
                      0.028909    0.001810    1.495969 v fanout93/A (sky130_fd_sc_hd__buf_12)
    10    0.062393    0.046749    0.139036    1.635005 v fanout93/X (sky130_fd_sc_hd__buf_12)
                                                         net93 (net)
                      0.047180    0.003050    1.638055 v _1067_/A2 (sky130_fd_sc_hd__a22o_4)
     5    0.029604    0.070717    0.291195    1.929250 v _1067_/X (sky130_fd_sc_hd__a22o_4)
                                                         _0397_ (net)
                      0.070833    0.002506    1.931756 v _1070_/B1 (sky130_fd_sc_hd__o211ai_2)
     1    0.011415    0.196178    0.105040    2.036796 ^ _1070_/Y (sky130_fd_sc_hd__o211ai_2)
                                                         _0400_ (net)
                      0.196179    0.000957    2.037752 ^ _1077_/A (sky130_fd_sc_hd__nand3_4)
     6    0.042528    0.165261    0.180157    2.217909 v _1077_/Y (sky130_fd_sc_hd__nand3_4)
                                                         _0407_ (net)
                      0.165385    0.003698    2.221607 v _1090_/A1_N (sky130_fd_sc_hd__o2bb2ai_4)
     2    0.019136    0.079465    0.208634    2.430241 v _1090_/Y (sky130_fd_sc_hd__o2bb2ai_4)
                                                         _0420_ (net)
                      0.079489    0.001214    2.431455 v _1097_/B2 (sky130_fd_sc_hd__a22oi_4)
     5    0.035659    0.308864    0.295196    2.726651 ^ _1097_/Y (sky130_fd_sc_hd__a22oi_4)
                                                         _0427_ (net)
                      0.308902    0.002666    2.729317 ^ rebuffer7/A (sky130_fd_sc_hd__clkbuf_2)
     1    0.010544    0.069750    0.194366    2.923683 ^ rebuffer7/X (sky130_fd_sc_hd__clkbuf_2)
                                                         net139 (net)
                      0.069753    0.000518    2.924201 ^ _1171_/A2 (sky130_fd_sc_hd__o2111ai_4)
     3    0.024312    0.175025    0.162869    3.087070 v _1171_/Y (sky130_fd_sc_hd__o2111ai_4)
                                                         _0500_ (net)
                      0.175026    0.000817    3.087887 v _1176_/A2_N (sky130_fd_sc_hd__o2bb2ai_2)
     1    0.010594    0.065833    0.189722    3.277609 v _1176_/Y (sky130_fd_sc_hd__o2bb2ai_2)
                                                         _0505_ (net)
                      0.065847    0.000860    3.278469 v _1182_/B1 (sky130_fd_sc_hd__o2111ai_4)
     5    0.025163    0.281598    0.150772    3.429241 ^ _1182_/Y (sky130_fd_sc_hd__o2111ai_4)
                                                         _0511_ (net)
                      0.281600    0.001686    3.430927 ^ _1239_/B (sky130_fd_sc_hd__nand4_4)
     1    0.009823    0.111772    0.144227    3.575154 v _1239_/Y (sky130_fd_sc_hd__nand4_4)
                                                         _0566_ (net)
                      0.111773    0.000752    3.575906 v _1328_/A1 (sky130_fd_sc_hd__o21ai_4)
     4    0.015584    0.161942    0.210162    3.786067 ^ _1328_/Y (sky130_fd_sc_hd__o21ai_4)
                                                         _0653_ (net)
                      0.161944    0.001140    3.787208 ^ _1350_/A (sky130_fd_sc_hd__nand3_1)
     2    0.006590    0.105268    0.119830    3.907037 v _1350_/Y (sky130_fd_sc_hd__nand3_1)
                                                         _0673_ (net)
                      0.105268    0.000411    3.907448 v _1360_/A2_N (sky130_fd_sc_hd__o2bb2ai_1)
     1    0.003807    0.089126    0.147837    4.055285 v _1360_/Y (sky130_fd_sc_hd__o2bb2ai_1)
                                                         _0683_ (net)
                      0.089126    0.000254    4.055539 v _1365_/A2 (sky130_fd_sc_hd__a31oi_1)
     1    0.002312    0.115048    0.163253    4.218791 ^ _1365_/Y (sky130_fd_sc_hd__a31oi_1)
                                                         _0058_ (net)
                      0.115048    0.000106    4.218898 ^ _1432_/D (sky130_fd_sc_hd__dfxtp_1)
                                              4.218898   data arrival time

                                  5.000000    5.000000   clock clk (rise edge)
                                  0.000000    5.000000   clock source latency
     1    0.024098    0.114049    0.079211    5.079211 ^ clk (in)
                                                         clk (net)
                      0.114082    0.000000    5.079211 ^ clkbuf_0_clk/A (sky130_fd_sc_hd__clkbuf_16)
     8    0.087866    0.104975    0.198364    5.277575 ^ clkbuf_0_clk/X (sky130_fd_sc_hd__clkbuf_16)
                                                         clknet_0_clk (net)
                      0.105941    0.008062    5.285637 ^ clkbuf_3_5__f_clk/A (sky130_fd_sc_hd__clkbuf_16)
     8    0.034019    0.054385    0.158946    5.444583 ^ clkbuf_3_5__f_clk/X (sky130_fd_sc_hd__clkbuf_16)
                                                         clknet_3_5__leaf_clk (net)
                      0.054487    0.001932    5.446516 ^ _1432_/CLK (sky130_fd_sc_hd__dfxtp_1)
                                 -0.250000    5.196516   clock uncertainty
                                  0.000000    5.196516   clock reconvergence pessimism
                                 -0.068797    5.127719   library setup time
                                              5.127719   data required time
---------------------------------------------------------------------------------------------
                                              5.127719   data required time
                                             -4.218898   data arrival time
---------------------------------------------------------------------------------------------
                                              0.908821   slack (MET)




===========================================================================
report_checks --slack_max -0.01
============================================================================
======================= max_tt_025C_1v80 Corner ===================================

No paths found.


===========================================================================
 report_check_types -max_slew -max_cap -max_fanout -violators
============================================================================
======================= max_tt_025C_1v80 Corner ===================================

max fanout

Pin                                   Limit Fanout  Slack
---------------------------------------------------------
clkbuf_3_2__f_clk/X                      10     11        (VIOLATED)
clkbuf_3_3__f_clk/X                      10     11        (VIOLATED)
clkbuf_3_7__f_clk/X                      10     11        (VIOLATED)



===========================================================================
report_parasitic_annotation -report_unannotated
============================================================================
Found 7 unannotated drivers.
 clkload0/X
 clkload1/Y
 clkload2/X
 clkload3/Y
 clkload4/Y
 clkload5/Y
 clkload6/X
Found 0 partially unannotated drivers.

===========================================================================
max slew violation count 0
max fanout violation count 3
max cap violation count 0
============================================================================

===========================================================================
check_setup -verbose -unconstrained_endpoints -multiple_clock -no_clock -no_input_delay -loops -generated_clocks
===========================================================================
