
===========================================================================
report_checks -unconstrained
===========================================================================
======================= nom_tt_025C_1v80 Corner ===================================

Startpoint: a_in[5] (input port clocked by clk)
Endpoint: _1432_ (rising edge-triggered flip-flop clocked by clk)
Path Group: clk
Path Type: max

Fanout         Cap        Slew       Delay        Time   Description
---------------------------------------------------------------------------------------------
                                  0.000000    0.000000   clock clk (rise edge)
                                  0.000000    0.000000   clock network delay (propagated)
                                  1.000000    1.000000 ^ input external delay
     1    0.006184    0.034488    0.021717    1.021717 ^ a_in[5] (in)
                                                         a_in[5] (net)
                      0.034489    0.000000    1.021717 ^ input6/A (sky130_fd_sc_hd__clkbuf_2)
     2    0.018169    0.105124    0.144664    1.166381 ^ input6/X (sky130_fd_sc_hd__clkbuf_2)
                                                         net6 (net)
                      0.105127    0.000712    1.167094 ^ fanout101/A (sky130_fd_sc_hd__buf_8)
     3    0.022034    0.048093    0.120007    1.287101 ^ fanout101/X (sky130_fd_sc_hd__buf_8)
                                                         net101 (net)
                      0.048113    0.000891    1.287991 ^ fanout100/A (sky130_fd_sc_hd__buf_6)
     5    0.045362    0.097222    0.140653    1.428644 ^ fanout100/X (sky130_fd_sc_hd__buf_6)
                                                         net100 (net)
                      0.097302    0.001672    1.430316 ^ _1065_/B (sky130_fd_sc_hd__nand2_4)
     4    0.027852    0.070056    0.089806    1.520122 v _1065_/Y (sky130_fd_sc_hd__nand2_4)
                                                         _0395_ (net)
                      0.070091    0.001272    1.521394 v _1073_/B1 (sky130_fd_sc_hd__a41o_4)
     3    0.013413    0.050905    0.261325    1.782719 v _1073_/X (sky130_fd_sc_hd__a41o_4)
                                                         _0403_ (net)
                      0.050905    0.000297    1.783017 v _1076_/A1 (sky130_fd_sc_hd__o211ai_4)
     5    0.020686    0.228970    0.245831    2.028848 ^ _1076_/Y (sky130_fd_sc_hd__o211ai_4)
                                                         _0406_ (net)
                      0.228971    0.000694    2.029542 ^ rebuffer46/A (sky130_fd_sc_hd__buf_1)
     1    0.002994    0.047963    0.118509    2.148051 ^ rebuffer46/X (sky130_fd_sc_hd__buf_1)
                                                         net182 (net)
                      0.047963    0.000071    2.148122 ^ rebuffer45/A (sky130_fd_sc_hd__buf_1)
     1    0.004573    0.063581    0.095795    2.243917 ^ rebuffer45/X (sky130_fd_sc_hd__buf_1)
                                                         net181 (net)
                      0.063581    0.000177    2.244094 ^ rebuffer41/A (sky130_fd_sc_hd__buf_1)
     1    0.004415    0.061886    0.099102    2.343196 ^ rebuffer41/X (sky130_fd_sc_hd__buf_1)
                                                         net177 (net)
                      0.061886    0.000138    2.343334 ^ rebuffer40/A (sky130_fd_sc_hd__buf_1)
     1    0.003852    0.055629    0.094163    2.437497 ^ rebuffer40/X (sky130_fd_sc_hd__buf_1)
                                                         net176 (net)
                      0.055629    0.000136    2.437633 ^ rebuffer39/A (sky130_fd_sc_hd__dlymetal6s4s_1)
     1    0.010704    0.129729    0.230715    2.668348 ^ rebuffer39/X (sky130_fd_sc_hd__dlymetal6s4s_1)
                                                         net175 (net)
                      0.129729    0.000394    2.668742 ^ _1149_/A2 (sky130_fd_sc_hd__a21oi_4)
     2    0.016869    0.082627    0.088644    2.757386 v _1149_/Y (sky130_fd_sc_hd__a21oi_4)
                                                         _0478_ (net)
                      0.082631    0.001016    2.758402 v _1223_/A1_N (sky130_fd_sc_hd__a2bb2oi_4)
     2    0.012671    0.069300    0.187545    2.945946 v _1223_/Y (sky130_fd_sc_hd__a2bb2oi_4)
                                                         _0551_ (net)
                      0.069300    0.000404    2.946350 v _1228_/B1 (sky130_fd_sc_hd__o22ai_4)
     4    0.027522    0.266114    0.231442    3.177792 ^ _1228_/Y (sky130_fd_sc_hd__o22ai_4)
                                                         _0556_ (net)
                      0.266121    0.001017    3.178809 ^ _1231_/A1 (sky130_fd_sc_hd__a22o_4)
     2    0.019465    0.071392    0.213465    3.392274 ^ _1231_/X (sky130_fd_sc_hd__a22o_4)
                                                         _0559_ (net)
                      0.071396    0.000613    3.392887 ^ _1239_/B (sky130_fd_sc_hd__nand4_4)
     1    0.010688    0.111828    0.101967    3.494855 v _1239_/Y (sky130_fd_sc_hd__nand4_4)
                                                         _0566_ (net)
                      0.111829    0.000480    3.495335 v _1328_/A1 (sky130_fd_sc_hd__o21ai_4)
     4    0.022770    0.204865    0.243288    3.738622 ^ _1328_/Y (sky130_fd_sc_hd__o21ai_4)
                                                         _0653_ (net)
                      0.204867    0.001035    3.739657 ^ rebuffer58/A (sky130_fd_sc_hd__buf_6)
     1    0.009953    0.035690    0.133350    3.873007 ^ rebuffer58/X (sky130_fd_sc_hd__buf_6)
                                                         net194 (net)
                      0.035701    0.000373    3.873380 ^ _1350_/A (sky130_fd_sc_hd__nand3_4)
     2    0.011407    0.090640    0.062275    3.935655 v _1350_/Y (sky130_fd_sc_hd__nand3_4)
                                                         _0673_ (net)
                      0.090641    0.000443    3.936098 v _1360_/A2_N (sky130_fd_sc_hd__o2bb2ai_2)
     1    0.003104    0.083370    0.132175    4.068273 v _1360_/Y (sky130_fd_sc_hd__o2bb2ai_2)
                                                         _0683_ (net)
                      0.083370    0.000100    4.068372 v _1365_/A1 (sky130_fd_sc_hd__a31oi_1)
     1    0.002197    0.112884    0.129472    4.197844 ^ _1365_/Y (sky130_fd_sc_hd__a31oi_1)
                                                         _0058_ (net)
                      0.112884    0.000048    4.197892 ^ _1432_/D (sky130_fd_sc_hd__dfxtp_1)
                                              4.197892   data arrival time

                                  5.000000    5.000000   clock clk (rise edge)
                                  0.000000    5.000000   clock source latency
     1    0.016131    0.078289    0.054038    5.054038 ^ clk (in)
                                                         clk (net)
                      0.078316    0.000000    5.054038 ^ clkbuf_0_clk/A (sky130_fd_sc_hd__clkbuf_16)
     8    0.077486    0.094373    0.180763    5.234800 ^ clkbuf_0_clk/X (sky130_fd_sc_hd__clkbuf_16)
                                                         clknet_0_clk (net)
                      0.094450    0.002448    5.237248 ^ clkbuf_3_0__f_clk/A (sky130_fd_sc_hd__clkbuf_16)
     8    0.028467    0.049716    0.151274    5.388522 ^ clkbuf_3_0__f_clk/X (sky130_fd_sc_hd__clkbuf_16)
                                                         clknet_3_0__leaf_clk (net)
                      0.049730    0.000891    5.389413 ^ _1432_/CLK (sky130_fd_sc_hd__dfxtp_1)
                                 -0.250000    5.139413   clock uncertainty
                                  0.000000    5.139413   clock reconvergence pessimism
                                 -0.068992    5.070422   library setup time
                                              5.070422   data required time
---------------------------------------------------------------------------------------------
                                              5.070422   data required time
                                             -4.197892   data arrival time
---------------------------------------------------------------------------------------------
                                              0.872530   slack (MET)




===========================================================================
report_checks --slack_max -0.01
============================================================================
======================= nom_tt_025C_1v80 Corner ===================================

No paths found.


===========================================================================
 report_check_types -max_slew -max_cap -max_fanout -violators
============================================================================
======================= nom_tt_025C_1v80 Corner ===================================

max fanout

Pin                                   Limit Fanout  Slack
---------------------------------------------------------
clkbuf_3_2__f_clk/X                      10     11        (VIOLATED)
clkbuf_3_5__f_clk/X                      10     11        (VIOLATED)
clkbuf_3_6__f_clk/X                      10     11        (VIOLATED)
clkbuf_3_7__f_clk/X                      10     11        (VIOLATED)



===========================================================================
report_parasitic_annotation -report_unannotated
============================================================================
Found 7 unannotated drivers.
 clkload0/Y
 clkload1/Y
 clkload2/X
 clkload3/Y
 clkload4/Y
 clkload5/X
 clkload6/X
Found 0 partially unannotated drivers.

===========================================================================
max slew violation count 0
Writing metric design__max_slew_violation__count__corner:nom_tt_025C_1v80: 0
max fanout violation count 4
Writing metric design__max_fanout_violation__count__corner:nom_tt_025C_1v80: 4
max cap violation count 0
Writing metric design__max_cap_violation__count__corner:nom_tt_025C_1v80: 0
============================================================================

===========================================================================
check_setup -verbose -unconstrained_endpoints -multiple_clock -no_clock -no_input_delay -loops -generated_clocks
===========================================================================
