
===========================================================================
report_checks -unconstrained
===========================================================================
======================= nom_tt_025C_1v80 Corner ===================================

Startpoint: a_in[6] (input port clocked by clk)
Endpoint: _1432_ (rising edge-triggered flip-flop clocked by clk)
Path Group: clk
Path Type: max

Fanout         Cap        Slew       Delay        Time   Description
---------------------------------------------------------------------------------------------
                                  0.000000    0.000000   clock clk (rise edge)
                                  0.000000    0.000000   clock network delay (propagated)
                                  0.000000    0.000000 v input external delay
     1    0.004931    0.013465    0.007959    0.007959 v a_in[6] (in)
                                                         a_in[6] (net)
                      0.013465    0.000000    0.007959 v input7/A (sky130_fd_sc_hd__buf_6)
     1    0.006531    0.022779    0.097633    0.105592 v input7/X (sky130_fd_sc_hd__buf_6)
                                                         net7 (net)
                      0.022779    0.000055    0.105647 v fanout97/A (sky130_fd_sc_hd__buf_6)
     2    0.008777    0.024477    0.103996    0.209643 v fanout97/X (sky130_fd_sc_hd__buf_6)
                                                         net97 (net)
                      0.024477    0.000011    0.209654 v fanout96/A (sky130_fd_sc_hd__buf_8)
     2    0.010931    0.025507    0.108279    0.317933 v fanout96/X (sky130_fd_sc_hd__buf_8)
                                                         net96 (net)
                      0.025507    0.000012    0.317945 v fanout95/A (sky130_fd_sc_hd__buf_12)
     5    0.018605    0.028001    0.115709    0.433654 v fanout95/X (sky130_fd_sc_hd__buf_12)
                                                         net95 (net)
                      0.028001    0.000124    0.433778 v fanout94/A (sky130_fd_sc_hd__buf_12)
     5    0.022144    0.029414    0.118854    0.552632 v fanout94/X (sky130_fd_sc_hd__buf_12)
                                                         net94 (net)
                      0.029414    0.000064    0.552696 v _1066_/A1 (sky130_fd_sc_hd__a22oi_4)
     6    0.029773    0.273043    0.262528    0.815224 ^ _1066_/Y (sky130_fd_sc_hd__a22oi_4)
                                                         _0396_ (net)
                      0.273043    0.000270    0.815494 ^ _1072_/B1 (sky130_fd_sc_hd__o22ai_4)
     3    0.016369    0.096633    0.140819    0.956313 v _1072_/Y (sky130_fd_sc_hd__o22ai_4)
                                                         _0402_ (net)
                      0.096633    0.000080    0.956393 v _1076_/C1 (sky130_fd_sc_hd__o211ai_4)
     4    0.021601    0.234763    0.126914    1.083306 ^ _1076_/Y (sky130_fd_sc_hd__o211ai_4)
                                                         _0406_ (net)
                      0.234763    0.000188    1.083494 ^ rebuffer82/A (sky130_fd_sc_hd__buf_6)
     1    0.010070    0.036564    0.139886    1.223380 ^ rebuffer82/X (sky130_fd_sc_hd__buf_6)
                                                         net214 (net)
                      0.036564    0.000037    1.223417 ^ _1091_/B1 (sky130_fd_sc_hd__o211ai_4)
     2    0.017471    0.089453    0.092100    1.315518 v _1091_/Y (sky130_fd_sc_hd__o211ai_4)
                                                         _0421_ (net)
                      0.089453    0.000109    1.315627 v _1097_/B1 (sky130_fd_sc_hd__a22oi_4)
     5    0.020713    0.219547    0.205850    1.521476 ^ _1097_/Y (sky130_fd_sc_hd__a22oi_4)
                                                         _0427_ (net)
                      0.219547    0.000329    1.521805 ^ rebuffer7/A (sky130_fd_sc_hd__clkbuf_1)
     1    0.005027    0.072188    0.133594    1.655399 ^ rebuffer7/X (sky130_fd_sc_hd__clkbuf_1)
                                                         net139 (net)
                      0.072188    0.000006    1.655405 ^ _1168_/A2 (sky130_fd_sc_hd__o21ai_2)
     1    0.008747    0.088985    0.068069    1.723475 v _1168_/Y (sky130_fd_sc_hd__o21ai_2)
                                                         _0497_ (net)
                      0.088985    0.000025    1.723500 v _1169_/B (sky130_fd_sc_hd__nand3_4)
     5    0.028780    0.119385    0.136324    1.859824 ^ _1169_/Y (sky130_fd_sc_hd__nand3_4)
                                                         _0498_ (net)
                      0.119385    0.000255    1.860079 ^ rebuffer9/A (sky130_fd_sc_hd__buf_6)
     1    0.009525    0.033114    0.114623    1.974702 ^ rebuffer9/X (sky130_fd_sc_hd__buf_6)
                                                         net141 (net)
                      0.033114    0.000034    1.974736 ^ _1175_/A1 (sky130_fd_sc_hd__a21oi_4)
     3    0.016332    0.079498    0.056614    2.031350 v _1175_/Y (sky130_fd_sc_hd__a21oi_4)
                                                         _0504_ (net)
                      0.079498    0.000095    2.031445 v _1180_/B1 (sky130_fd_sc_hd__o221ai_4)
     4    0.020452    0.251235    0.242042    2.273487 ^ _1180_/Y (sky130_fd_sc_hd__o221ai_4)
                                                         _0509_ (net)
                      0.251235    0.000139    2.273625 ^ _1239_/A (sky130_fd_sc_hd__nand4_4)
     1    0.009442    0.107214    0.122353    2.395978 v _1239_/Y (sky130_fd_sc_hd__nand4_4)
                                                         _0566_ (net)
                      0.107214    0.000030    2.396008 v _1328_/A1 (sky130_fd_sc_hd__o21ai_4)
     4    0.018711    0.180531    0.223148    2.619156 ^ _1328_/Y (sky130_fd_sc_hd__o21ai_4)
                                                         _0653_ (net)
                      0.180531    0.000305    2.619461 ^ rebuffer112/A (sky130_fd_sc_hd__clkbuf_1)
     1    0.004923    0.070710    0.127148    2.746609 ^ rebuffer112/X (sky130_fd_sc_hd__clkbuf_1)
                                                         net244 (net)
                      0.070710    0.000015    2.746624 ^ _1350_/A (sky130_fd_sc_hd__nand3_2)
     2    0.006704    0.084336    0.071410    2.818033 v _1350_/Y (sky130_fd_sc_hd__nand3_2)
                                                         _0673_ (net)
                      0.084336    0.000040    2.818074 v _1360_/A2_N (sky130_fd_sc_hd__o2bb2ai_1)
     1    0.003016    0.084413    0.133632    2.951706 v _1360_/Y (sky130_fd_sc_hd__o2bb2ai_1)
                                                         _0683_ (net)
                      0.084413    0.000009    2.951715 v _1365_/A2 (sky130_fd_sc_hd__a31oi_1)
     1    0.002193    0.114328    0.159438    3.111153 ^ _1365_/Y (sky130_fd_sc_hd__a31oi_1)
                                                         _0058_ (net)
                      0.114328    0.000005    3.111158 ^ _1432_/D (sky130_fd_sc_hd__dfxtp_1)
                                              3.111158   data arrival time

                                  4.000000    4.000000   clock clk (rise edge)
                                  0.000000    4.000000   clock source latency
     1    0.017118    0.082870    0.056818    4.056818 ^ clk (in)
                                                         clk (net)
                      0.082878    0.000000    4.056818 ^ clkbuf_0_clk/A (sky130_fd_sc_hd__clkbuf_16)
     8    0.074962    0.092119    0.181609    4.238428 ^ clkbuf_0_clk/X (sky130_fd_sc_hd__clkbuf_16)
                                                         clknet_0_clk (net)
                      0.092126    0.000874    4.239302 ^ clkbuf_3_4__f_clk/A (sky130_fd_sc_hd__clkbuf_16)
     6    0.026118    0.047331    0.148590    4.387892 ^ clkbuf_3_4__f_clk/X (sky130_fd_sc_hd__clkbuf_16)
                                                         clknet_3_4__leaf_clk (net)
                      0.047331    0.000111    4.388003 ^ _1432_/CLK (sky130_fd_sc_hd__dfxtp_1)
                                 -0.250000    4.138003   clock uncertainty
                                  0.000000    4.138003   clock reconvergence pessimism
                                 -0.069676    4.068328   library setup time
                                              4.068328   data required time
---------------------------------------------------------------------------------------------
                                              4.068328   data required time
                                             -3.111158   data arrival time
---------------------------------------------------------------------------------------------
                                              0.957170   slack (MET)




===========================================================================
report_checks --slack_max -0.01
============================================================================
======================= nom_tt_025C_1v80 Corner ===================================

No paths found.


===========================================================================
 report_check_types -max_slew -max_cap -max_fanout -violators
============================================================================
======================= nom_tt_025C_1v80 Corner ===================================

max fanout

Pin                                   Limit Fanout  Slack
---------------------------------------------------------
clkbuf_3_2__f_clk/X                      10     11        (VIOLATED)
clkbuf_3_3__f_clk/X                      10     11        (VIOLATED)
clkbuf_3_7__f_clk/X                      10     11        (VIOLATED)



===========================================================================
report_parasitic_annotation -report_unannotated
============================================================================
Found 6 unannotated drivers.
 clkload0/X
 clkload1/Y
 clkload2/Y
 clkload3/Y
 clkload4/Y
 clkload5/X
Found 0 partially unannotated drivers.

===========================================================================
max slew violation count 0
Writing metric design__max_slew_violation__count__corner:nom_tt_025C_1v80: 0
max fanout violation count 3
Writing metric design__max_fanout_violation__count__corner:nom_tt_025C_1v80: 3
max cap violation count 0
Writing metric design__max_cap_violation__count__corner:nom_tt_025C_1v80: 0
============================================================================

===========================================================================
check_setup -verbose -unconstrained_endpoints -multiple_clock -no_clock -no_input_delay -loops -generated_clocks
===========================================================================
