Clock: clk
Sources: clk 
Generated: no
Virtual: yes
Propagated: no
Period: 4.000000

===========================================================================
report_clock_properties
============================================================================
Clock                   Period          Waveform
----------------------------------------------------
clk                   4.000000    0.000000  2.000000

===========================================================================
report_clock_latency
============================================================================
Clock clk
rise -> rise
    min     max
0.000000 0.000000 source latency
0.386159         network latency _1422_/CLK
        0.391725 network latency _1378_/CLK
---------------
0.386159 0.391725 latency
        0.005566 skew

fall -> fall
    min     max
0.000000 0.000000 source latency
0.354706         network latency _1422_/CLK
        0.360194 network latency _1378_/CLK
---------------
0.354706 0.360194 latency
        0.005488 skew



===========================================================================
report_clock_min_period
============================================================================
clk period_min = 3.01 fmax = 332.67
