
===========================================================================
report_checks -unconstrained
===========================================================================
======================= nom_tt_025C_1v80 Corner ===================================

Startpoint: a_in[5] (input port clocked by clk)
Endpoint: _1432_ (rising edge-triggered flip-flop clocked by clk)
Path Group: clk
Path Type: max

Fanout         Cap        Slew       Delay        Time   Description
---------------------------------------------------------------------------------------------
                                  0.000000    0.000000   clock clk (rise edge)
                                  0.000000    0.000000   clock network delay (propagated)
                                  1.000000    1.000000 ^ input external delay
     1    0.005970    0.033546    0.021004    1.021004 ^ a_in[5] (in)
                                                         a_in[5] (net)
                      0.033546    0.000000    1.021004 ^ input6/A (sky130_fd_sc_hd__clkbuf_2)
     2    0.017093    0.099500    0.140693    1.161698 ^ input6/X (sky130_fd_sc_hd__clkbuf_2)
                                                         net6 (net)
                      0.099500    0.000207    1.161905 ^ fanout101/A (sky130_fd_sc_hd__buf_8)
     3    0.020134    0.045327    0.116706    1.278611 ^ fanout101/X (sky130_fd_sc_hd__buf_8)
                                                         net101 (net)
                      0.045327    0.000186    1.278797 ^ fanout100/A (sky130_fd_sc_hd__buf_6)
     5    0.043569    0.094080    0.138029    1.416826 ^ fanout100/X (sky130_fd_sc_hd__buf_6)
                                                         net100 (net)
                      0.094080    0.000378    1.417204 ^ _1065_/B (sky130_fd_sc_hd__nand2_4)
     4    0.027074    0.068355    0.088334    1.505538 v _1065_/Y (sky130_fd_sc_hd__nand2_4)
                                                         _0395_ (net)
                      0.068355    0.000329    1.505867 v _1073_/B1 (sky130_fd_sc_hd__a41o_4)
     3    0.012484    0.051190    0.258795    1.764662 v _1073_/X (sky130_fd_sc_hd__a41o_4)
                                                         _0403_ (net)
                      0.051190    0.000013    1.764675 v _1076_/A1 (sky130_fd_sc_hd__o211ai_4)
     5    0.019311    0.220806    0.239619    2.004294 ^ _1076_/Y (sky130_fd_sc_hd__o211ai_4)
                                                         _0406_ (net)
                      0.220806    0.000168    2.004462 ^ rebuffer54/A (sky130_fd_sc_hd__buf_6)
     1    0.009970    0.036093    0.136821    2.141283 ^ rebuffer54/X (sky130_fd_sc_hd__buf_6)
                                                         net190 (net)
                      0.036093    0.000033    2.141316 ^ _1091_/B1 (sky130_fd_sc_hd__o211ai_4)
     2    0.013989    0.077280    0.084734    2.226050 v _1091_/Y (sky130_fd_sc_hd__o211ai_4)
                                                         _0421_ (net)
                      0.077280    0.000047    2.226096 v rebuffer36/A (sky130_fd_sc_hd__buf_6)
     1    0.008703    0.024444    0.128333    2.354430 v rebuffer36/X (sky130_fd_sc_hd__buf_6)
                                                         net172 (net)
                      0.024444    0.000028    2.354458 v _1097_/B2 (sky130_fd_sc_hd__a22oi_4)
     5    0.021839    0.226088    0.211847    2.566305 ^ _1097_/Y (sky130_fd_sc_hd__a22oi_4)
                                                         _0427_ (net)
                      0.226088    0.000242    2.566546 ^ rebuffer70/A (sky130_fd_sc_hd__clkbuf_1)
     1    0.005952    0.080030    0.141922    2.708468 ^ rebuffer70/X (sky130_fd_sc_hd__clkbuf_1)
                                                         net206 (net)
                      0.080030    0.000037    2.708505 ^ _1168_/A2 (sky130_fd_sc_hd__o21ai_2)
     1    0.008608    0.076190    0.069634    2.778138 v _1168_/Y (sky130_fd_sc_hd__o21ai_2)
                                                         _0497_ (net)
                      0.076190    0.000014    2.778153 v _1169_/C (sky130_fd_sc_hd__nand3_4)
     3    0.017654    0.089770    0.113941    2.892094 ^ _1169_/Y (sky130_fd_sc_hd__nand3_4)
                                                         _0498_ (net)
                      0.089770    0.000066    2.892160 ^ rebuffer16/A (sky130_fd_sc_hd__buf_8)
     2    0.018963    0.043505    0.112996    3.005156 ^ rebuffer16/X (sky130_fd_sc_hd__buf_8)
                                                         net152 (net)
                      0.043505    0.000046    3.005202 ^ _1175_/A2 (sky130_fd_sc_hd__a21oi_4)
     2    0.014144    0.088159    0.062003    3.067205 v _1175_/Y (sky130_fd_sc_hd__a21oi_4)
                                                         _0504_ (net)
                      0.088159    0.000068    3.067273 v _1180_/B1 (sky130_fd_sc_hd__o221ai_4)
     4    0.019361    0.250549    0.240151    3.307424 ^ _1180_/Y (sky130_fd_sc_hd__o221ai_4)
                                                         _0509_ (net)
                      0.250549    0.000046    3.307470 ^ _1239_/A (sky130_fd_sc_hd__nand4_4)
     1    0.009717    0.108046    0.123364    3.430834 v _1239_/Y (sky130_fd_sc_hd__nand4_4)
                                                         _0566_ (net)
                      0.108046    0.000049    3.430883 v _1328_/A1 (sky130_fd_sc_hd__o21ai_4)
     4    0.020654    0.192165    0.232483    3.663366 ^ _1328_/Y (sky130_fd_sc_hd__o21ai_4)
                                                         _0653_ (net)
                      0.192165    0.000150    3.663517 ^ rebuffer58/A (sky130_fd_sc_hd__buf_6)
     1    0.009266    0.034335    0.129736    3.793252 ^ rebuffer58/X (sky130_fd_sc_hd__buf_6)
                                                         net194 (net)
                      0.034335    0.000026    3.793278 ^ _1350_/A (sky130_fd_sc_hd__nand3_4)
     2    0.010581    0.086665    0.060105    3.853384 v _1350_/Y (sky130_fd_sc_hd__nand3_4)
                                                         _0673_ (net)
                      0.086665    0.000054    3.853438 v _1360_/A2_N (sky130_fd_sc_hd__o2bb2ai_2)
     1    0.002832    0.079569    0.129435    3.982872 v _1360_/Y (sky130_fd_sc_hd__o2bb2ai_2)
                                                         _0683_ (net)
                      0.079569    0.000009    3.982882 v _1365_/A1 (sky130_fd_sc_hd__a31oi_1)
     1    0.002233    0.115124    0.128460    4.111342 ^ _1365_/Y (sky130_fd_sc_hd__a31oi_1)
                                                         _0058_ (net)
                      0.115124    0.000005    4.111347 ^ _1432_/D (sky130_fd_sc_hd__dfxtp_1)
                                              4.111347   data arrival time

                                  5.000000    5.000000   clock clk (rise edge)
                                  0.000000    5.000000   clock source latency
     1    0.015268    0.074615    0.050928    5.050928 ^ clk (in)
                                                         clk (net)
                      0.074618    0.000000    5.050928 ^ clkbuf_0_clk/A (sky130_fd_sc_hd__clkbuf_16)
     8    0.075417    0.092468    0.179198    5.230127 ^ clkbuf_0_clk/X (sky130_fd_sc_hd__clkbuf_16)
                                                         clknet_0_clk (net)
                      0.092468    0.000327    5.230453 ^ clkbuf_3_0__f_clk/A (sky130_fd_sc_hd__clkbuf_16)
     8    0.026396    0.047584    0.148988    5.379442 ^ clkbuf_3_0__f_clk/X (sky130_fd_sc_hd__clkbuf_16)
                                                         clknet_3_0__leaf_clk (net)
                      0.047584    0.000109    5.379551 ^ _1432_/CLK (sky130_fd_sc_hd__dfxtp_1)
                                 -0.250000    5.129551   clock uncertainty
                                  0.000000    5.129551   clock reconvergence pessimism
                                 -0.069823    5.059728   library setup time
                                              5.059728   data required time
---------------------------------------------------------------------------------------------
                                              5.059728   data required time
                                             -4.111347   data arrival time
---------------------------------------------------------------------------------------------
                                              0.948381   slack (MET)




===========================================================================
report_checks --slack_max -0.01
============================================================================
======================= nom_tt_025C_1v80 Corner ===================================

No paths found.


===========================================================================
 report_check_types -max_slew -max_cap -max_fanout -violators
============================================================================
======================= nom_tt_025C_1v80 Corner ===================================

max fanout

Pin                                   Limit Fanout  Slack
---------------------------------------------------------
clkbuf_3_2__f_clk/X                      10     11        (VIOLATED)
clkbuf_3_5__f_clk/X                      10     11        (VIOLATED)
clkbuf_3_6__f_clk/X                      10     11        (VIOLATED)
clkbuf_3_7__f_clk/X                      10     11        (VIOLATED)



===========================================================================
report_parasitic_annotation -report_unannotated
============================================================================
Found 7 unannotated drivers.
 clkload0/Y
 clkload1/Y
 clkload2/X
 clkload3/Y
 clkload4/Y
 clkload5/X
 clkload6/X
Found 0 partially unannotated drivers.

===========================================================================
max slew violation count 0
Writing metric design__max_slew_violation__count__corner:nom_tt_025C_1v80: 0
max fanout violation count 4
Writing metric design__max_fanout_violation__count__corner:nom_tt_025C_1v80: 4
max cap violation count 0
Writing metric design__max_cap_violation__count__corner:nom_tt_025C_1v80: 0
============================================================================

===========================================================================
check_setup -verbose -unconstrained_endpoints -multiple_clock -no_clock -no_input_delay -loops -generated_clocks
===========================================================================
