Clock: clk
Sources: clk 
Generated: no
Virtual: yes
Propagated: no
Period: 5.000000

===========================================================================
report_clock_properties
============================================================================
Clock                   Period          Waveform
----------------------------------------------------
clk                   5.000000    0.000000  2.500000

===========================================================================
report_clock_latency
============================================================================
Clock clk
rise -> rise
    min     max
0.000000 0.000000 source latency
0.377421         network latency _1419_/CLK
        0.381456 network latency _1377_/CLK
---------------
0.377421 0.381456 latency
        0.004035 skew

fall -> fall
    min     max
0.000000 0.000000 source latency
0.350331         network latency _1419_/CLK
        0.353871 network latency _1377_/CLK
---------------
0.350331 0.353871 latency
        0.003540 skew



===========================================================================
report_clock_min_period
============================================================================
clk period_min = 3.05 fmax = 328.41
