
===========================================================================
report_checks -unconstrained
===========================================================================
======================= min_ss_100C_1v60 Corner ===================================

Startpoint: a_in[6] (input port clocked by clk)
Endpoint: _1427_ (rising edge-triggered flip-flop clocked by clk)
Path Group: clk
Path Type: max

Fanout         Cap        Slew       Delay        Time   Description
---------------------------------------------------------------------------------------------
                                  0.000000    0.000000   clock clk (rise edge)
                                  0.000000    0.000000   clock network delay (propagated)
                                  1.000000    1.000000 v input external delay
     1    0.002527    0.017427    0.008357    1.008357 v a_in[6] (in)
                                                         a_in[6] (net)
                      0.017427    0.000000    1.008357 v input7/A (sky130_fd_sc_hd__clkbuf_1)
     1    0.008658    0.110731    0.186714    1.195070 v input7/X (sky130_fd_sc_hd__clkbuf_1)
                                                         net7 (net)
                      0.110731    0.000202    1.195272 v fanout96/A (sky130_fd_sc_hd__buf_6)
     2    0.006823    0.039082    0.222348    1.417620 v fanout96/X (sky130_fd_sc_hd__buf_6)
                                                         net96 (net)
                      0.039082    0.000066    1.417686 v fanout95/A (sky130_fd_sc_hd__buf_6)
     6    0.047426    0.093047    0.248027    1.665712 v fanout95/X (sky130_fd_sc_hd__buf_6)
                                                         net95 (net)
                      0.093047    0.000290    1.666003 v fanout94/A (sky130_fd_sc_hd__buf_12)
     4    0.019014    0.046950    0.234389    1.900391 v fanout94/X (sky130_fd_sc_hd__buf_12)
                                                         net94 (net)
                      0.046950    0.000371    1.900763 v fanout93/A (sky130_fd_sc_hd__buf_12)
    10    0.060148    0.077335    0.249871    2.150634 v fanout93/X (sky130_fd_sc_hd__buf_12)
                                                         net93 (net)
                      0.077337    0.000529    2.151163 v _1067_/A2 (sky130_fd_sc_hd__a22o_4)
     5    0.028876    0.119973    0.531317    2.682479 v _1067_/X (sky130_fd_sc_hd__a22o_4)
                                                         _0397_ (net)
                      0.119973    0.000459    2.682938 v _1070_/B1 (sky130_fd_sc_hd__o211ai_2)
     1    0.010933    0.302911    0.172489    2.855427 ^ _1070_/Y (sky130_fd_sc_hd__o211ai_2)
                                                         _0400_ (net)
                      0.302911    0.000195    2.855622 ^ _1077_/A (sky130_fd_sc_hd__nand3_4)
     6    0.041596    0.320646    0.369218    3.224840 v _1077_/Y (sky130_fd_sc_hd__nand3_4)
                                                         _0407_ (net)
                      0.320749    0.000951    3.225791 v _1090_/A1_N (sky130_fd_sc_hd__o2bb2ai_4)
     2    0.018877    0.137910    0.399918    3.625709 v _1090_/Y (sky130_fd_sc_hd__o2bb2ai_4)
                                                         _0420_ (net)
                      0.137910    0.000234    3.625942 v _1097_/B2 (sky130_fd_sc_hd__a22oi_4)
     5    0.033658    0.462550    0.471945    4.097887 ^ _1097_/Y (sky130_fd_sc_hd__a22oi_4)
                                                         _0427_ (net)
                      0.462694    0.000982    4.098869 ^ _1102_/B1 (sky130_fd_sc_hd__o22ai_2)
     2    0.013056    0.209170    0.356468    4.455337 v _1102_/Y (sky130_fd_sc_hd__o22ai_2)
                                                         _0432_ (net)
                      0.209170    0.000233    4.455569 v _1108_/C1 (sky130_fd_sc_hd__o211ai_4)
     5    0.020618    0.356757    0.227829    4.683399 ^ _1108_/Y (sky130_fd_sc_hd__o211ai_4)
                                                         _0438_ (net)
                      0.356757    0.000454    4.683853 ^ _1110_/A2_N (sky130_fd_sc_hd__o2bb2ai_2)
     4    0.014314    0.343445    0.352482    5.036334 ^ _1110_/Y (sky130_fd_sc_hd__o2bb2ai_2)
                                                         _0440_ (net)
                      0.343445    0.000122    5.036456 ^ _1116_/A (sky130_fd_sc_hd__nand2_1)
     2    0.007220    0.163339    0.254741    5.291197 v _1116_/Y (sky130_fd_sc_hd__nand2_1)
                                                         _0446_ (net)
                      0.163339    0.000071    5.291269 v _1185_/A2 (sky130_fd_sc_hd__o22ai_2)
     2    0.009782    0.287720    0.335741    5.627010 ^ _1185_/Y (sky130_fd_sc_hd__o22ai_2)
                                                         _0514_ (net)
                      0.287720    0.000198    5.627207 ^ _1240_/C (sky130_fd_sc_hd__nand4_2)
     3    0.012174    0.286248    0.379476    6.006683 v _1240_/Y (sky130_fd_sc_hd__nand4_2)
                                                         _0567_ (net)
                      0.286248    0.000194    6.006877 v _1275_/A1 (sky130_fd_sc_hd__a21oi_2)
     2    0.005089    0.170500    0.300637    6.307514 ^ _1275_/Y (sky130_fd_sc_hd__a21oi_2)
                                                         _0602_ (net)
                      0.170500    0.000027    6.307541 ^ _1278_/A1_N (sky130_fd_sc_hd__a2bb2o_1)
     1    0.002540    0.095992    0.627498    6.935039 v _1278_/X (sky130_fd_sc_hd__a2bb2o_1)
                                                         _0053_ (net)
                      0.095992    0.000028    6.935067 v _1427_/D (sky130_fd_sc_hd__dfxtp_1)
                                              6.935067   data arrival time

                                  5.000000    5.000000   clock clk (rise edge)
                                  0.000000    5.000000   clock source latency
     1    0.021894    0.163146    0.111704    5.111704 ^ clk (in)
                                                         clk (net)
                      0.163152    0.000000    5.111704 ^ clkbuf_0_clk/A (sky130_fd_sc_hd__clkbuf_16)
     8    0.083208    0.152541    0.339110    5.450814 ^ clkbuf_0_clk/X (sky130_fd_sc_hd__clkbuf_16)
                                                         clknet_0_clk (net)
                      0.152591    0.002625    5.453439 ^ clkbuf_3_4__f_clk/A (sky130_fd_sc_hd__clkbuf_16)
     7    0.029117    0.079194    0.272430    5.725869 ^ clkbuf_3_4__f_clk/X (sky130_fd_sc_hd__clkbuf_16)
                                                         clknet_3_4__leaf_clk (net)
                      0.079194    0.000409    5.726278 ^ _1427_/CLK (sky130_fd_sc_hd__dfxtp_1)
                                 -0.250000    5.476278   clock uncertainty
                                  0.000000    5.476278   clock reconvergence pessimism
                                 -0.277305    5.198973   library setup time
                                              5.198973   data required time
---------------------------------------------------------------------------------------------
                                              5.198973   data required time
                                             -6.935067   data arrival time
---------------------------------------------------------------------------------------------
                                             -1.736094   slack (VIOLATED)




===========================================================================
report_checks --slack_max -0.01
============================================================================
======================= min_ss_100C_1v60 Corner ===================================

Startpoint: a_in[6] (input port clocked by clk)
Endpoint: _1427_ (rising edge-triggered flip-flop clocked by clk)
Path Group: clk
Path Type: max

Fanout         Cap        Slew       Delay        Time   Description
---------------------------------------------------------------------------------------------
                                  0.000000    0.000000   clock clk (rise edge)
                                  0.000000    0.000000   clock network delay (propagated)
                                  1.000000    1.000000 v input external delay
     1    0.002527    0.017427    0.008357    1.008357 v a_in[6] (in)
                                                         a_in[6] (net)
                      0.017427    0.000000    1.008357 v input7/A (sky130_fd_sc_hd__clkbuf_1)
     1    0.008658    0.110731    0.186714    1.195070 v input7/X (sky130_fd_sc_hd__clkbuf_1)
                                                         net7 (net)
                      0.110731    0.000202    1.195272 v fanout96/A (sky130_fd_sc_hd__buf_6)
     2    0.006823    0.039082    0.222348    1.417620 v fanout96/X (sky130_fd_sc_hd__buf_6)
                                                         net96 (net)
                      0.039082    0.000066    1.417686 v fanout95/A (sky130_fd_sc_hd__buf_6)
     6    0.047426    0.093047    0.248027    1.665712 v fanout95/X (sky130_fd_sc_hd__buf_6)
                                                         net95 (net)
                      0.093047    0.000290    1.666003 v fanout94/A (sky130_fd_sc_hd__buf_12)
     4    0.019014    0.046950    0.234389    1.900391 v fanout94/X (sky130_fd_sc_hd__buf_12)
                                                         net94 (net)
                      0.046950    0.000371    1.900763 v fanout93/A (sky130_fd_sc_hd__buf_12)
    10    0.060148    0.077335    0.249871    2.150634 v fanout93/X (sky130_fd_sc_hd__buf_12)
                                                         net93 (net)
                      0.077337    0.000529    2.151163 v _1067_/A2 (sky130_fd_sc_hd__a22o_4)
     5    0.028876    0.119973    0.531317    2.682479 v _1067_/X (sky130_fd_sc_hd__a22o_4)
                                                         _0397_ (net)
                      0.119973    0.000459    2.682938 v _1070_/B1 (sky130_fd_sc_hd__o211ai_2)
     1    0.010933    0.302911    0.172489    2.855427 ^ _1070_/Y (sky130_fd_sc_hd__o211ai_2)
                                                         _0400_ (net)
                      0.302911    0.000195    2.855622 ^ _1077_/A (sky130_fd_sc_hd__nand3_4)
     6    0.041596    0.320646    0.369218    3.224840 v _1077_/Y (sky130_fd_sc_hd__nand3_4)
                                                         _0407_ (net)
                      0.320749    0.000951    3.225791 v _1090_/A1_N (sky130_fd_sc_hd__o2bb2ai_4)
     2    0.018877    0.137910    0.399918    3.625709 v _1090_/Y (sky130_fd_sc_hd__o2bb2ai_4)
                                                         _0420_ (net)
                      0.137910    0.000234    3.625942 v _1097_/B2 (sky130_fd_sc_hd__a22oi_4)
     5    0.033658    0.462550    0.471945    4.097887 ^ _1097_/Y (sky130_fd_sc_hd__a22oi_4)
                                                         _0427_ (net)
                      0.462694    0.000982    4.098869 ^ _1102_/B1 (sky130_fd_sc_hd__o22ai_2)
     2    0.013056    0.209170    0.356468    4.455337 v _1102_/Y (sky130_fd_sc_hd__o22ai_2)
                                                         _0432_ (net)
                      0.209170    0.000233    4.455569 v _1108_/C1 (sky130_fd_sc_hd__o211ai_4)
     5    0.020618    0.356757    0.227829    4.683399 ^ _1108_/Y (sky130_fd_sc_hd__o211ai_4)
                                                         _0438_ (net)
                      0.356757    0.000454    4.683853 ^ _1110_/A2_N (sky130_fd_sc_hd__o2bb2ai_2)
     4    0.014314    0.343445    0.352482    5.036334 ^ _1110_/Y (sky130_fd_sc_hd__o2bb2ai_2)
                                                         _0440_ (net)
                      0.343445    0.000122    5.036456 ^ _1116_/A (sky130_fd_sc_hd__nand2_1)
     2    0.007220    0.163339    0.254741    5.291197 v _1116_/Y (sky130_fd_sc_hd__nand2_1)
                                                         _0446_ (net)
                      0.163339    0.000071    5.291269 v _1185_/A2 (sky130_fd_sc_hd__o22ai_2)
     2    0.009782    0.287720    0.335741    5.627010 ^ _1185_/Y (sky130_fd_sc_hd__o22ai_2)
                                                         _0514_ (net)
                      0.287720    0.000198    5.627207 ^ _1240_/C (sky130_fd_sc_hd__nand4_2)
     3    0.012174    0.286248    0.379476    6.006683 v _1240_/Y (sky130_fd_sc_hd__nand4_2)
                                                         _0567_ (net)
                      0.286248    0.000194    6.006877 v _1275_/A1 (sky130_fd_sc_hd__a21oi_2)
     2    0.005089    0.170500    0.300637    6.307514 ^ _1275_/Y (sky130_fd_sc_hd__a21oi_2)
                                                         _0602_ (net)
                      0.170500    0.000027    6.307541 ^ _1278_/A1_N (sky130_fd_sc_hd__a2bb2o_1)
     1    0.002540    0.095992    0.627498    6.935039 v _1278_/X (sky130_fd_sc_hd__a2bb2o_1)
                                                         _0053_ (net)
                      0.095992    0.000028    6.935067 v _1427_/D (sky130_fd_sc_hd__dfxtp_1)
                                              6.935067   data arrival time

                                  5.000000    5.000000   clock clk (rise edge)
                                  0.000000    5.000000   clock source latency
     1    0.021894    0.163146    0.111704    5.111704 ^ clk (in)
                                                         clk (net)
                      0.163152    0.000000    5.111704 ^ clkbuf_0_clk/A (sky130_fd_sc_hd__clkbuf_16)
     8    0.083208    0.152541    0.339110    5.450814 ^ clkbuf_0_clk/X (sky130_fd_sc_hd__clkbuf_16)
                                                         clknet_0_clk (net)
                      0.152591    0.002625    5.453439 ^ clkbuf_3_4__f_clk/A (sky130_fd_sc_hd__clkbuf_16)
     7    0.029117    0.079194    0.272430    5.725869 ^ clkbuf_3_4__f_clk/X (sky130_fd_sc_hd__clkbuf_16)
                                                         clknet_3_4__leaf_clk (net)
                      0.079194    0.000409    5.726278 ^ _1427_/CLK (sky130_fd_sc_hd__dfxtp_1)
                                 -0.250000    5.476278   clock uncertainty
                                  0.000000    5.476278   clock reconvergence pessimism
                                 -0.277305    5.198973   library setup time
                                              5.198973   data required time
---------------------------------------------------------------------------------------------
                                              5.198973   data required time
                                             -6.935067   data arrival time
---------------------------------------------------------------------------------------------
                                             -1.736094   slack (VIOLATED)




===========================================================================
 report_check_types -max_slew -max_cap -max_fanout -violators
============================================================================
======================= min_ss_100C_1v60 Corner ===================================

max slew

Pin                                        Limit        Slew       Slack
------------------------------------------------------------------------
_1357_/Y                                0.750000    0.758457   -0.008457 (VIOLATED)
_1360_/B1                               0.750000    0.758457   -0.008457 (VIOLATED)
max_cap73/A                             0.750000    0.758457   -0.008457 (VIOLATED)

max fanout

Pin                                   Limit Fanout  Slack
---------------------------------------------------------
clkbuf_3_2__f_clk/X                      10     11        (VIOLATED)
clkbuf_3_3__f_clk/X                      10     11        (VIOLATED)
clkbuf_3_7__f_clk/X                      10     11        (VIOLATED)



===========================================================================
report_parasitic_annotation -report_unannotated
============================================================================
Found 7 unannotated drivers.
 clkload0/X
 clkload1/Y
 clkload2/X
 clkload3/Y
 clkload4/Y
 clkload5/Y
 clkload6/X
Found 0 partially unannotated drivers.

===========================================================================
max slew violation count 3
max fanout violation count 3
max cap violation count 0
============================================================================

===========================================================================
check_setup -verbose -unconstrained_endpoints -multiple_clock -no_clock -no_input_delay -loops -generated_clocks
===========================================================================
