Clock: clk
Sources: clk 
Generated: no
Virtual: yes
Propagated: no
Period: 5.000000

===========================================================================
report_clock_properties
============================================================================
Clock                   Period          Waveform
----------------------------------------------------
clk                   5.000000    0.000000  2.500000

===========================================================================
report_clock_latency
============================================================================
Clock clk
rise -> rise
    min     max
0.000000 0.000000 source latency
0.721516         network latency _1423_/CLK
        0.738119 network latency _1382_/CLK
---------------
0.721516 0.738119 latency
        0.016602 skew

fall -> fall
    min     max
0.000000 0.000000 source latency
0.668540         network latency _1423_/CLK
        0.683360 network latency _1382_/CLK
---------------
0.668540 0.683360 latency
        0.014820 skew



===========================================================================
report_clock_min_period
============================================================================
clk period_min = 5.92 fmax = 168.80
