
===========================================================================
Violator List
============================================================================
[setup in-reg] a_in[6] -> _1427_/D : -1.736094
[setup in-reg] a_in[7] -> _1431_/D : -1.718879
[setup in-reg] a_in[7] -> _1432_/D : -1.705708
[setup in-reg] a_in[6] -> _1426_/D : -1.704304
[setup in-reg] a_in[7] -> _1430_/D : -1.698177
[setup in-reg] a_in[7] -> _1429_/D : -1.592527
[setup in-reg] a_in[6] -> _1428_/D : -1.524112
[setup in-reg] a_in[6] -> _1425_/D : -1.235176
[setup in-reg] a_in[6] -> _1424_/D : -1.151874
[setup reg-reg] _1418_/Q -> _1393_/D : -0.924063
[setup reg-reg] _1418_/Q -> _1394_/D : -0.912302
[setup reg-reg] _1418_/Q -> _1397_/D : -0.910442
[setup reg-reg] _1418_/Q -> _1396_/D : -0.905442
[setup reg-reg] _1418_/Q -> _1402_/D : -0.826271
[setup reg-reg] _1418_/Q -> _1395_/D : -0.816454
[setup reg-reg] _1418_/Q -> _1401_/D : -0.707500
[setup reg-reg] _1418_/Q -> _1400_/D : -0.675912
[setup reg-reg] _1418_/Q -> _1399_/D : -0.675442
[setup reg-reg] _1418_/Q -> _1406_/D : -0.631147
[setup reg-reg] _1418_/Q -> _1391_/D : -0.624904
[setup reg-reg] _1418_/Q -> _1405_/D : -0.557115
[setup reg-reg] _1418_/Q -> _1390_/D : -0.430458
[setup reg-reg] _1418_/Q -> _1392_/D : -0.408988
[setup reg-reg] _1418_/Q -> _1398_/D : -0.381155
[setup reg-reg] _1418_/Q -> _1388_/D : -0.370345
[setup in-reg] b_in[5] -> _1423_/D : -0.362586
[setup reg-reg] _1418_/Q -> _1404_/D : -0.292209
[setup reg-reg] _1418_/Q -> _1389_/D : -0.213797
[setup in-reg] b_in[5] -> _1422_/D : -0.201807
[setup reg-reg] _1418_/Q -> _1403_/D : -0.151646
[setup reg-reg] _1418_/Q -> _1377_/D : -0.103295
[setup reg-reg] _1418_/Q -> _1386_/D : -0.080474
[setup reg-reg] _1418_/Q -> _1387_/D : -0.046217
