
===========================================================================
Violator List
============================================================================
[setup in-reg] b_in[2] -> _1431_/D : -2.033894
[setup in-reg] b_in[2] -> _1426_/D : -2.023323
[setup in-reg] b_in[2] -> _1432_/D : -2.006307
[setup reg-reg] _1418_/Q -> _1394_/D : -1.905987
[setup reg-reg] _1418_/Q -> _1397_/D : -1.893252
[setup reg-reg] _1418_/Q -> _1396_/D : -1.884106
[setup reg-reg] _1418_/Q -> _1393_/D : -1.880359
[setup in-reg] b_in[2] -> _1429_/D : -1.857553
[setup in-reg] b_in[2] -> _1428_/D : -1.853013
[setup in-reg] b_in[2] -> _1427_/D : -1.820448
[setup reg-reg] _1418_/Q -> _1400_/D : -1.815187
[setup reg-reg] _1418_/Q -> _1402_/D : -1.806907
[setup reg-reg] _1418_/Q -> _1406_/D : -1.798566
[setup reg-reg] _1418_/Q -> _1395_/D : -1.787502
[setup reg-reg] _1418_/Q -> _1392_/D : -1.785241
[setup reg-reg] _1418_/Q -> _1390_/D : -1.736670
[setup reg-reg] _1418_/Q -> _1405_/D : -1.692570
[setup in-reg] b_in[2] -> _1430_/D : -1.684471
[setup reg-reg] _1418_/Q -> _1401_/D : -1.679751
[setup reg-reg] _1418_/Q -> _1399_/D : -1.665141
[setup reg-reg] _1418_/Q -> _1388_/D : -1.659163
[setup reg-reg] _1418_/Q -> _1379_/D : -1.647320
[setup reg-reg] _1418_/Q -> _1391_/D : -1.601758
[setup reg-reg] _1418_/Q -> _1398_/D : -1.536235
[setup reg-reg] _1418_/Q -> _1389_/D : -1.506711
[setup reg-reg] _1418_/Q -> _1404_/D : -1.504366
[setup reg-reg] _1418_/Q -> _1403_/D : -1.424425
[setup in-reg] b_in[2] -> _1425_/D : -1.381255
[setup reg-reg] _1418_/Q -> _1387_/D : -1.340535
[setup reg-reg] _1418_/Q -> _1386_/D : -1.282666
[setup in-reg] b_in[2] -> _1424_/D : -1.273937
[setup in-reg] b_in[0] -> _1420_/D : -1.024810
[setup reg-reg] _1418_/Q -> _1385_/D : -0.904792
[setup reg-reg] _1418_/Q -> _1384_/D : -0.779870
[setup in-reg] b_in[0] -> _1421_/D : -0.752599
[setup in-reg] a_in[0] -> _1423_/D : -0.352043
[setup reg-reg] _1418_/Q -> _1382_/D : -0.266285
[setup in-reg] a_in[1] -> _1418_/D : -0.124156
[setup reg-reg] _1418_/Q -> _1383_/D : -0.099273
[setup reg-reg] _1418_/Q -> _1381_/D : -0.081734
[setup reg-reg] _1418_/Q -> _1380_/D : -0.048989
