Clock: clk
Sources: clk 
Generated: no
Virtual: yes
Propagated: no
Period: 5.000000

===========================================================================
report_clock_properties
============================================================================
Clock                   Period          Waveform
----------------------------------------------------
clk                   5.000000    0.000000  2.500000

===========================================================================
report_clock_latency
============================================================================
Clock clk
rise -> rise
    min     max
0.000000 0.000000 source latency
0.377258         network latency _1419_/CLK
        0.382001 network latency _1376_/CLK
---------------
0.377258 0.382001 latency
        0.004742 skew

fall -> fall
    min     max
0.000000 0.000000 source latency
0.350189         network latency _1419_/CLK
        0.354478 network latency _1376_/CLK
---------------
0.350189 0.354478 latency
        0.004289 skew



===========================================================================
report_clock_min_period
============================================================================
clk period_min = 3.21 fmax = 311.25
