Reading OpenROAD database at '/home/anils_0611/vlsi_projects/pe_asic/pnr/config/runs/PE_run2/110-openroad-repairantennas/1-diodeinsertion/PE.odb'…
Reading library file at '/home/anils_0611/.volare/volare/sky130/versions/0fe599b2afb6708d281543108caf8310912f54af/sky130A/libs.ref/sky130_fd_sc_hd/lib/sky130_fd_sc_hd__tt_025C_1v80.lib'…
Reading design constraints file at '/nix/store/9hhfv2x4r4x6v55799pa58jc2yni6awy-python3.11-openlane-2.3.10/lib/python3.11/site-packages/openlane/scripts/base.sdc'…
[INFO] Using clock clk…
[INFO] Setting output delay to: 1.0
[INFO] Setting input delay to: 1.0
[INFO] Setting load to: 0.033442
[INFO] Setting clock uncertainty to: 0.25
[INFO] Setting clock transition to: 0.1499999999999999944488848768742172978818416595458984375
[INFO] Setting timing derate to: 5%
[INFO ORD-0030] Using 12 thread(s).
[INFO DRT-0149] Reading tech and libs.
[WARNING DRT-0349] LEF58_ENCLOSURE with no CUTCLASS is not supported. Skipping for layer mcon
[WARNING DRT-0349] LEF58_ENCLOSURE with no CUTCLASS is not supported. Skipping for layer mcon
[WARNING DRT-0349] LEF58_ENCLOSURE with no CUTCLASS is not supported. Skipping for layer via
[WARNING DRT-0349] LEF58_ENCLOSURE with no CUTCLASS is not supported. Skipping for layer via
[WARNING DRT-0349] LEF58_ENCLOSURE with no CUTCLASS is not supported. Skipping for layer via2
[WARNING DRT-0349] LEF58_ENCLOSURE with no CUTCLASS is not supported. Skipping for layer via2
[WARNING DRT-0349] LEF58_ENCLOSURE with no CUTCLASS is not supported. Skipping for layer via3
[WARNING DRT-0349] LEF58_ENCLOSURE with no CUTCLASS is not supported. Skipping for layer via3
[WARNING DRT-0349] LEF58_ENCLOSURE with no CUTCLASS is not supported. Skipping for layer via4
[WARNING DRT-0349] LEF58_ENCLOSURE with no CUTCLASS is not supported. Skipping for layer via4

Units:                1000
Number of layers:     13
Number of macros:     441
Number of vias:       28
Number of viarulegen: 25

[INFO DRT-0150] Reading design.

Design:                   PE
Die area:                 ( 0 0 ) ( 129340 140060 )
Number of track patterns: 12
Number of DEF vias:       0
Number of components:     1343
Number of terminals:      73
Number of snets:          2
Number of nets:           1069

[INFO DRT-0167] List of default vias:
  Layer via
    default via: M1M2_PR
  Layer via2
    default via: M2M3_PR
  Layer via3
    default via: M3M4_PR
  Layer via4
    default via: M4M5_PR
[INFO DRT-0162] Library cell analysis.
[INFO DRT-0163] Instance analysis.
[INFO DRT-0164] Number of unique instances = 318.
[INFO DRT-0168] Init region query.
[INFO DRT-0024]   Complete FR_MASTERSLICE.
[INFO DRT-0024]   Complete licon.
[INFO DRT-0024]   Complete li1.
[INFO DRT-0024]   Complete mcon.
[INFO DRT-0024]   Complete met1.
[INFO DRT-0024]   Complete via.
[INFO DRT-0024]   Complete met2.
[INFO DRT-0024]   Complete via2.
[INFO DRT-0024]   Complete met3.
[INFO DRT-0024]   Complete via3.
[INFO DRT-0024]   Complete met4.
[INFO DRT-0024]   Complete via4.
[INFO DRT-0024]   Complete met5.
[INFO DRT-0033] FR_MASTERSLICE shape region query size = 0.
[INFO DRT-0033] licon shape region query size = 0.
[INFO DRT-0033] li1 shape region query size = 36432.
[INFO DRT-0033] mcon shape region query size = 0.
[INFO DRT-0033] met1 shape region query size = 3367.
[INFO DRT-0033] via shape region query size = 220.
[INFO DRT-0033] met2 shape region query size = 166.
[INFO DRT-0033] via2 shape region query size = 176.
[INFO DRT-0033] met3 shape region query size = 169.
[INFO DRT-0033] via3 shape region query size = 176.
[INFO DRT-0033] met4 shape region query size = 48.
[INFO DRT-0033] via4 shape region query size = 0.
[INFO DRT-0033] met5 shape region query size = 0.
[INFO DRT-0165] Start pin access.
[INFO DRT-0076]   Complete 1000 pins.
[INFO DRT-0078]   Complete 1261 pins.
[INFO DRT-0079]   Complete 100 unique inst patterns.
[INFO DRT-0079]   Complete 200 unique inst patterns.
[INFO DRT-0079]   Complete 300 unique inst patterns.
[INFO DRT-0081]   Complete 312 unique inst patterns.
[INFO DRT-0084]   Complete 455 groups.
#scanned instances     = 1343
#unique  instances     = 318
#stdCellGenAp          = 9548
#stdCellValidPlanarAp  = 0
#stdCellValidViaAp     = 7278
#stdCellPinNoAp        = 0
#stdCellPinCnt         = 3754
#instTermValidViaApCnt = 0
#macroGenAp            = 0
#macroValidPlanarAp    = 0
#macroValidViaAp       = 0
#macroNoAp             = 0
[INFO DRT-0166] Complete pin access.
[INFO DRT-0267] cpu time = 00:01:29, elapsed time = 00:00:08, memory = 147.07 (MB), peak = 147.07 (MB)

[INFO DRT-0157] Number of guides:     8382

[INFO DRT-0169] Post process guides.
[INFO DRT-0176] GCELLGRID X 0 DO 18 STEP 6900 ;
[INFO DRT-0177] GCELLGRID Y 0 DO 20 STEP 6900 ;
[INFO DRT-0028]   Complete FR_MASTERSLICE.
[INFO DRT-0028]   Complete licon.
[INFO DRT-0028]   Complete li1.
[INFO DRT-0028]   Complete mcon.
[INFO DRT-0028]   Complete met1.
[INFO DRT-0028]   Complete via.
[INFO DRT-0028]   Complete met2.
[INFO DRT-0028]   Complete via2.
[INFO DRT-0028]   Complete met3.
[INFO DRT-0028]   Complete via3.
[INFO DRT-0028]   Complete met4.
[INFO DRT-0028]   Complete via4.
[INFO DRT-0028]   Complete met5.
[INFO DRT-0178] Init guide query.
[INFO DRT-0035]   Complete FR_MASTERSLICE (guide).
[INFO DRT-0035]   Complete licon (guide).
[INFO DRT-0035]   Complete li1 (guide).
[INFO DRT-0035]   Complete mcon (guide).
[INFO DRT-0035]   Complete met1 (guide).
[INFO DRT-0035]   Complete via (guide).
[INFO DRT-0035]   Complete met2 (guide).
[INFO DRT-0035]   Complete via2 (guide).
[INFO DRT-0035]   Complete met3 (guide).
[INFO DRT-0035]   Complete via3 (guide).
[INFO DRT-0035]   Complete met4 (guide).
[INFO DRT-0035]   Complete via4 (guide).
[INFO DRT-0035]   Complete met5 (guide).
[INFO DRT-0036] FR_MASTERSLICE guide region query size = 0.
[INFO DRT-0036] licon guide region query size = 0.
[INFO DRT-0036] li1 guide region query size = 2976.
[INFO DRT-0036] mcon guide region query size = 0.
[INFO DRT-0036] met1 guide region query size = 2355.
[INFO DRT-0036] via guide region query size = 0.
[INFO DRT-0036] met2 guide region query size = 1273.
[INFO DRT-0036] via2 guide region query size = 0.
[INFO DRT-0036] met3 guide region query size = 123.
[INFO DRT-0036] via3 guide region query size = 0.
[INFO DRT-0036] met4 guide region query size = 23.
[INFO DRT-0036] via4 guide region query size = 0.
[INFO DRT-0036] met5 guide region query size = 0.
[INFO DRT-0179] Init gr pin query.
[INFO DRT-0245] skipped writing guide updates to database.
[INFO DRT-0185] Post process initialize RPin region query.
[INFO DRT-0181] Start track assignment.
[INFO DRT-0184] Done with 4272 vertical wires in 1 frboxes and 2478 horizontal wires in 1 frboxes.
[INFO DRT-0186] Done with 531 vertical wires in 1 frboxes and 845 horizontal wires in 1 frboxes.
[INFO DRT-0182] Complete track assignment.
[INFO DRT-0267] cpu time = 00:00:05, elapsed time = 00:00:00, memory = 166.26 (MB), peak = 168.95 (MB)
[INFO DRT-0187] Start routing data preparation.
[INFO DRT-0267] cpu time = 00:00:00, elapsed time = 00:00:00, memory = 166.39 (MB), peak = 168.95 (MB)
[INFO DRT-0194] Start detail routing.
[INFO DRT-0195] Start 0th optimization iteration.
    Completing 10% with 0 violations.
    elapsed time = 00:00:01, memory = 235.05 (MB).
    Completing 20% with 0 violations.
    elapsed time = 00:00:01, memory = 219.74 (MB).
    Completing 30% with 0 violations.
    elapsed time = 00:00:02, memory = 208.27 (MB).
    Completing 40% with 0 violations.
    elapsed time = 00:00:04, memory = 195.23 (MB).
    Completing 50% with 179 violations.
    elapsed time = 00:00:06, memory = 254.98 (MB).
    Completing 60% with 179 violations.
    elapsed time = 00:00:06, memory = 226.43 (MB).
    Completing 70% with 265 violations.
    elapsed time = 00:00:09, memory = 272.18 (MB).
    Completing 80% with 265 violations.
    elapsed time = 00:00:09, memory = 272.18 (MB).
    Completing 90% with 375 violations.
    elapsed time = 00:00:09, memory = 299.93 (MB).
    Completing 100% with 429 violations.
    elapsed time = 00:00:09, memory = 299.93 (MB).
[INFO DRT-0199]   Number of violations = 501.
Viol/Layer         li1   mcon   met1   met2   met3
Cut Spacing          0      1      0      0      0
Metal Spacing        9      0     56     21     14
NS Metal             0      0      1      0      0
Recheck              0      0     49     21      2
Short                0      2    294     28      3
[INFO DRT-0267] cpu time = 00:00:33, elapsed time = 00:00:10, memory = 647.05 (MB), peak = 647.05 (MB)
Total wire length = 27307 um.
Total wire length on LAYER li1 = 0 um.
Total wire length on LAYER met1 = 12710 um.
Total wire length on LAYER met2 = 12023 um.
Total wire length on LAYER met3 = 1974 um.
Total wire length on LAYER met4 = 600 um.
Total wire length on LAYER met5 = 0 um.
Total number of vias = 8116.
Up-via summary (total 8116):

-----------------------
 FR_MASTERSLICE       0
            li1    3760
           met1    4109
           met2     202
           met3      45
           met4       0
-----------------------
                   8116


[INFO DRT-0195] Start 1st optimization iteration.
    Completing 10% with 501 violations.
    elapsed time = 00:00:01, memory = 719.18 (MB).
    Completing 20% with 501 violations.
    elapsed time = 00:00:02, memory = 722.93 (MB).
    Completing 30% with 501 violations.
    elapsed time = 00:00:04, memory = 725.30 (MB).
    Completing 40% with 467 violations.
    elapsed time = 00:00:04, memory = 726.05 (MB).
    Completing 50% with 467 violations.
    elapsed time = 00:00:04, memory = 727.05 (MB).
    Completing 60% with 467 violations.
    elapsed time = 00:00:08, memory = 769.30 (MB).
    Completing 70% with 416 violations.
    elapsed time = 00:00:10, memory = 776.30 (MB).
    Completing 80% with 416 violations.
    elapsed time = 00:00:11, memory = 776.30 (MB).
    Completing 90% with 386 violations.
    elapsed time = 00:00:11, memory = 776.30 (MB).
    Completing 100% with 325 violations.
    elapsed time = 00:00:14, memory = 776.30 (MB).
[INFO DRT-0199]   Number of violations = 325.
Viol/Layer        met1   met2   met3
Metal Spacing       47     18      9
Short              222     29      0
[INFO DRT-0267] cpu time = 00:00:35, elapsed time = 00:00:14, memory = 779.43 (MB), peak = 807.55 (MB)
Total wire length = 27150 um.
Total wire length on LAYER li1 = 0 um.
Total wire length on LAYER met1 = 12524 um.
Total wire length on LAYER met2 = 11901 um.
Total wire length on LAYER met3 = 2124 um.
Total wire length on LAYER met4 = 600 um.
Total wire length on LAYER met5 = 0 um.
Total number of vias = 8067.
Up-via summary (total 8067):

-----------------------
 FR_MASTERSLICE       0
            li1    3754
           met1    4040
           met2     226
           met3      47
           met4       0
-----------------------
                   8067


[INFO DRT-0195] Start 2nd optimization iteration.
    Completing 10% with 325 violations.
    elapsed time = 00:00:00, memory = 779.43 (MB).
    Completing 20% with 325 violations.
    elapsed time = 00:00:02, memory = 828.30 (MB).
    Completing 30% with 322 violations.
    elapsed time = 00:00:03, memory = 838.93 (MB).
    Completing 40% with 322 violations.
    elapsed time = 00:00:04, memory = 849.68 (MB).
    Completing 50% with 322 violations.
    elapsed time = 00:00:08, memory = 849.68 (MB).
    Completing 60% with 331 violations.
    elapsed time = 00:00:08, memory = 882.80 (MB).
    Completing 70% with 331 violations.
    elapsed time = 00:00:11, memory = 849.70 (MB).
    Completing 80% with 350 violations.
    elapsed time = 00:00:11, memory = 865.45 (MB).
    Completing 90% with 350 violations.
    elapsed time = 00:00:12, memory = 865.45 (MB).
    Completing 100% with 278 violations.
    elapsed time = 00:00:16, memory = 865.45 (MB).
[INFO DRT-0199]   Number of violations = 278.
Viol/Layer        mcon   met1   met2   met3
Cut Spacing          1      0      0      0
Metal Spacing        0     49     12      6
Short                0    188     22      0
[INFO DRT-0267] cpu time = 00:00:31, elapsed time = 00:00:16, memory = 865.45 (MB), peak = 882.80 (MB)
Total wire length = 27133 um.
Total wire length on LAYER li1 = 0 um.
Total wire length on LAYER met1 = 12507 um.
Total wire length on LAYER met2 = 11940 um.
Total wire length on LAYER met3 = 2095 um.
Total wire length on LAYER met4 = 589 um.
Total wire length on LAYER met5 = 0 um.
Total number of vias = 8079.
Up-via summary (total 8079):

-----------------------
 FR_MASTERSLICE       0
            li1    3754
           met1    4059
           met2     220
           met3      46
           met4       0
-----------------------
                   8079


[INFO DRT-0195] Start 3rd optimization iteration.
    Completing 10% with 278 violations.
    elapsed time = 00:00:01, memory = 867.20 (MB).
    Completing 20% with 278 violations.
    elapsed time = 00:00:01, memory = 867.20 (MB).
    Completing 30% with 278 violations.
    elapsed time = 00:00:04, memory = 874.20 (MB).
    Completing 40% with 278 violations.
    elapsed time = 00:00:05, memory = 874.20 (MB).
    Completing 50% with 177 violations.
    elapsed time = 00:00:06, memory = 874.20 (MB).
    Completing 60% with 177 violations.
    elapsed time = 00:00:06, memory = 874.20 (MB).
    Completing 70% with 106 violations.
    elapsed time = 00:00:08, memory = 874.20 (MB).
    Completing 80% with 106 violations.
    elapsed time = 00:00:11, memory = 874.20 (MB).
    Completing 90% with 67 violations.
    elapsed time = 00:00:12, memory = 874.20 (MB).
    Completing 100% with 18 violations.
    elapsed time = 00:00:12, memory = 874.20 (MB).
[INFO DRT-0199]   Number of violations = 18.
Viol/Layer        met1
Metal Spacing        4
Short               14
[INFO DRT-0267] cpu time = 00:00:31, elapsed time = 00:00:12, memory = 874.20 (MB), peak = 882.80 (MB)
Total wire length = 27144 um.
Total wire length on LAYER li1 = 0 um.
Total wire length on LAYER met1 = 11926 um.
Total wire length on LAYER met2 = 11964 um.
Total wire length on LAYER met3 = 2608 um.
Total wire length on LAYER met4 = 644 um.
Total wire length on LAYER met5 = 0 um.
Total number of vias = 8225.
Up-via summary (total 8225):

-----------------------
 FR_MASTERSLICE       0
            li1    3754
           met1    4076
           met2     338
           met3      57
           met4       0
-----------------------
                   8225


[INFO DRT-0195] Start 4th optimization iteration.
    Completing 10% with 18 violations.
    elapsed time = 00:00:00, memory = 874.20 (MB).
    Completing 20% with 18 violations.
    elapsed time = 00:00:00, memory = 874.20 (MB).
    Completing 30% with 18 violations.
    elapsed time = 00:00:00, memory = 874.20 (MB).
    Completing 40% with 18 violations.
    elapsed time = 00:00:01, memory = 874.20 (MB).
    Completing 50% with 17 violations.
    elapsed time = 00:00:01, memory = 874.20 (MB).
    Completing 60% with 17 violations.
    elapsed time = 00:00:01, memory = 874.20 (MB).
    Completing 70% with 17 violations.
    elapsed time = 00:00:01, memory = 874.20 (MB).
    Completing 80% with 17 violations.
    elapsed time = 00:00:00, memory = 874.20 (MB).
    Completing 90% with 7 violations.
    elapsed time = 00:00:00, memory = 874.20 (MB).
    Completing 100% with 7 violations.
    elapsed time = 00:00:00, memory = 874.20 (MB).
[INFO DRT-0199]   Number of violations = 7.
Viol/Layer        met1   met2
Metal Spacing        3      1
Short                0      3
[INFO DRT-0267] cpu time = 00:00:09, elapsed time = 00:00:00, memory = 874.20 (MB), peak = 882.80 (MB)
Total wire length = 27159 um.
Total wire length on LAYER li1 = 0 um.
Total wire length on LAYER met1 = 11937 um.
Total wire length on LAYER met2 = 11974 um.
Total wire length on LAYER met3 = 2602 um.
Total wire length on LAYER met4 = 644 um.
Total wire length on LAYER met5 = 0 um.
Total number of vias = 8222.
Up-via summary (total 8222):

-----------------------
 FR_MASTERSLICE       0
            li1    3754
           met1    4074
           met2     337
           met3      57
           met4       0
-----------------------
                   8222


[INFO DRT-0195] Start 5th optimization iteration.
    Completing 10% with 7 violations.
    elapsed time = 00:00:00, memory = 874.20 (MB).
    Completing 20% with 7 violations.
    elapsed time = 00:00:00, memory = 874.20 (MB).
    Completing 30% with 7 violations.
    elapsed time = 00:00:00, memory = 874.20 (MB).
    Completing 40% with 7 violations.
    elapsed time = 00:00:00, memory = 874.20 (MB).
    Completing 50% with 7 violations.
    elapsed time = 00:00:00, memory = 874.20 (MB).
    Completing 60% with 7 violations.
    elapsed time = 00:00:00, memory = 909.20 (MB).
    Completing 70% with 0 violations.
    elapsed time = 00:00:00, memory = 909.20 (MB).
    Completing 80% with 0 violations.
    elapsed time = 00:00:00, memory = 909.20 (MB).
    Completing 90% with 0 violations.
    elapsed time = 00:00:00, memory = 909.20 (MB).
    Completing 100% with 0 violations.
    elapsed time = 00:00:00, memory = 909.20 (MB).
[INFO DRT-0199]   Number of violations = 0.
[INFO DRT-0267] cpu time = 00:00:05, elapsed time = 00:00:00, memory = 909.20 (MB), peak = 909.20 (MB)
Total wire length = 27159 um.
Total wire length on LAYER li1 = 0 um.
Total wire length on LAYER met1 = 11942 um.
Total wire length on LAYER met2 = 11965 um.
Total wire length on LAYER met3 = 2606 um.
Total wire length on LAYER met4 = 644 um.
Total wire length on LAYER met5 = 0 um.
Total number of vias = 8215.
Up-via summary (total 8215):

-----------------------
 FR_MASTERSLICE       0
            li1    3754
           met1    4070
           met2     334
           met3      57
           met4       0
-----------------------
                   8215


[INFO DRT-0198] Complete detail routing.
Total wire length = 27159 um.
Total wire length on LAYER li1 = 0 um.
Total wire length on LAYER met1 = 11942 um.
Total wire length on LAYER met2 = 11965 um.
Total wire length on LAYER met3 = 2606 um.
Total wire length on LAYER met4 = 644 um.
Total wire length on LAYER met5 = 0 um.
Total number of vias = 8215.
Up-via summary (total 8215):

-----------------------
 FR_MASTERSLICE       0
            li1    3754
           met1    4070
           met2     334
           met3      57
           met4       0
-----------------------
                   8215


[INFO DRT-0267] cpu time = 00:02:26, elapsed time = 00:00:55, memory = 909.20 (MB), peak = 909.20 (MB)

[INFO DRT-0180] Post processing.
Setting global connections for newly added cells…
[INFO] Setting global connections...
Updating metrics…
Cell type report:                       Count       Area
  Fill cell                                86     322.81
  Tap cell                                202     252.74
  Clock buffer                             12     247.74
  Timing Repair Buffer                    285    2265.92
  Inverter                                 22     105.10
  Clock inverter                            4      98.84
  Sequential cell                          67    1353.80
  Multi-Input combinational cell          665    7034.25
  Total                                  1343   11681.20
Writing OpenROAD database to '/home/anils_0611/vlsi_projects/pe_asic/pnr/config/runs/PE_run2/112-openroad-detailedrouting/PE.odb'…
Writing netlist to '/home/anils_0611/vlsi_projects/pe_asic/pnr/config/runs/PE_run2/112-openroad-detailedrouting/PE.nl.v'…
Writing powered netlist to '/home/anils_0611/vlsi_projects/pe_asic/pnr/config/runs/PE_run2/112-openroad-detailedrouting/PE.pnl.v'…
Writing layout to '/home/anils_0611/vlsi_projects/pe_asic/pnr/config/runs/PE_run2/112-openroad-detailedrouting/PE.def'…
Writing timing constraints to '/home/anils_0611/vlsi_projects/pe_asic/pnr/config/runs/PE_run2/112-openroad-detailedrouting/PE.sdc'…
