
===========================================================================
report_checks -unconstrained
===========================================================================
======================= nom_tt_025C_1v80 Corner ===================================

Startpoint: a_in[6] (input port clocked by clk)
Endpoint: _1426_ (rising edge-triggered flip-flop clocked by clk)
Path Group: clk
Path Type: max

Fanout         Cap        Slew       Delay        Time   Description
---------------------------------------------------------------------------------------------
                                  0.000000    0.000000   clock clk (rise edge)
                                  0.000000    0.000000   clock network delay (propagated)
                                  1.000000    1.000000 v input external delay
     1    0.002519    0.007983    0.003938    1.003938 v a_in[6] (in)
                                                         a_in[6] (net)
                      0.007983    0.000000    1.003938 v input7/A (sky130_fd_sc_hd__clkbuf_1)
     1    0.006615    0.046577    0.089813    1.093751 v input7/X (sky130_fd_sc_hd__clkbuf_1)
                                                         net7 (net)
                      0.046577    0.000060    1.093811 v fanout96/A (sky130_fd_sc_hd__buf_6)
     2    0.006574    0.022918    0.111961    1.205772 v fanout96/X (sky130_fd_sc_hd__buf_6)
                                                         net96 (net)
                      0.022918    0.000017    1.205789 v fanout95/A (sky130_fd_sc_hd__buf_6)
     6    0.039401    0.047628    0.130691    1.336480 v fanout95/X (sky130_fd_sc_hd__buf_6)
                                                         net95 (net)
                      0.047628    0.000079    1.336560 v fanout94/A (sky130_fd_sc_hd__buf_12)
     4    0.016530    0.027164    0.124294    1.460854 v fanout94/X (sky130_fd_sc_hd__buf_12)
                                                         net94 (net)
                      0.027164    0.000118    1.460972 v fanout93/A (sky130_fd_sc_hd__buf_12)
    10    0.053895    0.043358    0.136456    1.597429 v fanout93/X (sky130_fd_sc_hd__buf_12)
                                                         net93 (net)
                      0.043358    0.000135    1.597564 v _1066_/A1 (sky130_fd_sc_hd__a22oi_4)
     4    0.017973    0.203561    0.213202    1.810766 ^ _1066_/Y (sky130_fd_sc_hd__a22oi_4)
                                                         _0396_ (net)
                      0.203561    0.000123    1.810889 ^ rebuffer33/A (sky130_fd_sc_hd__buf_6)
     2    0.019751    0.051829    0.148865    1.959754 ^ rebuffer33/X (sky130_fd_sc_hd__buf_6)
                                                         net165 (net)
                      0.051829    0.000101    1.959855 ^ _1072_/B2 (sky130_fd_sc_hd__o22ai_4)
     3    0.016521    0.068961    0.074512    2.034367 v _1072_/Y (sky130_fd_sc_hd__o22ai_4)
                                                         _0402_ (net)
                      0.068961    0.000041    2.034408 v _1075_/B1 (sky130_fd_sc_hd__o211a_4)
     3    0.019511    0.057887    0.169230    2.203638 v _1075_/X (sky130_fd_sc_hd__o211a_4)
                                                         _0405_ (net)
                      0.057887    0.000113    2.203751 v _1147_/B1 (sky130_fd_sc_hd__a21oi_4)
     3    0.015305    0.155371    0.157584    2.361335 ^ _1147_/Y (sky130_fd_sc_hd__a21oi_4)
                                                         _0476_ (net)
                      0.155371    0.000056    2.361391 ^ _1148_/B1 (sky130_fd_sc_hd__o21ai_4)
     3    0.016533    0.069777    0.097095    2.458486 v _1148_/Y (sky130_fd_sc_hd__o21ai_4)
                                                         _0477_ (net)
                      0.069777    0.000115    2.458601 v rebuffer16/A (sky130_fd_sc_hd__buf_6)
     4    0.019225    0.032704    0.136543    2.595144 v rebuffer16/X (sky130_fd_sc_hd__buf_6)
                                                         net148 (net)
                      0.032704    0.000064    2.595208 v _1162_/A1_N (sky130_fd_sc_hd__o2bb2ai_1)
     1    0.008814    0.095556    0.148875    2.744083 v _1162_/Y (sky130_fd_sc_hd__o2bb2ai_1)
                                                         _0491_ (net)
                      0.095556    0.000027    2.744109 v _1169_/C (sky130_fd_sc_hd__nand3_4)
     4    0.021914    0.101454    0.131467    2.875577 ^ _1169_/Y (sky130_fd_sc_hd__nand3_4)
                                                         _0498_ (net)
                      0.101454    0.000202    2.875778 ^ rebuffer25/A (sky130_fd_sc_hd__buf_6)
     1    0.009524    0.032892    0.108673    2.984452 ^ rebuffer25/X (sky130_fd_sc_hd__buf_6)
                                                         net157 (net)
                      0.032892    0.000028    2.984479 ^ _1175_/A1 (sky130_fd_sc_hd__a21oi_4)
     3    0.017605    0.078042    0.058357    3.042836 v _1175_/Y (sky130_fd_sc_hd__a21oi_4)
                                                         _0504_ (net)
                      0.078042    0.000134    3.042970 v _1180_/B1 (sky130_fd_sc_hd__o221ai_4)
     4    0.021887    0.259891    0.248437    3.291408 ^ _1180_/Y (sky130_fd_sc_hd__o221ai_4)
                                                         _0509_ (net)
                      0.259891    0.000085    3.291492 ^ _1183_/B1 (sky130_fd_sc_hd__o21ai_2)
     2    0.005290    0.071842    0.095869    3.387361 v _1183_/Y (sky130_fd_sc_hd__o21ai_2)
                                                         _0512_ (net)
                      0.071842    0.000003    3.387364 v _1235_/A1 (sky130_fd_sc_hd__o21a_1)
     2    0.004855    0.045837    0.199936    3.587301 v _1235_/X (sky130_fd_sc_hd__o21a_1)
                                                         _0563_ (net)
                      0.045837    0.000012    3.587312 v _1237_/A3 (sky130_fd_sc_hd__o311a_1)
     1    0.002592    0.051576    0.279109    3.866421 v _1237_/X (sky130_fd_sc_hd__o311a_1)
                                                         _0565_ (net)
                      0.051576    0.000005    3.866426 v _1238_/B1 (sky130_fd_sc_hd__a21o_1)
     1    0.001912    0.029979    0.144170    4.010597 v _1238_/X (sky130_fd_sc_hd__a21o_1)
                                                         _0052_ (net)
                      0.029979    0.000003    4.010600 v _1426_/D (sky130_fd_sc_hd__dfxtp_2)
                                              4.010600   data arrival time

                                  5.000000    5.000000   clock clk (rise edge)
                                  0.000000    5.000000   clock source latency
     1    0.017118    0.082870    0.056818    5.056818 ^ clk (in)
                                                         clk (net)
                      0.082878    0.000000    5.056818 ^ clkbuf_0_clk/A (sky130_fd_sc_hd__clkbuf_16)
     8    0.075158    0.092304    0.181750    5.238568 ^ clkbuf_0_clk/X (sky130_fd_sc_hd__clkbuf_16)
                                                         clknet_0_clk (net)
                      0.092306    0.000596    5.239165 ^ clkbuf_3_3__f_clk/A (sky130_fd_sc_hd__clkbuf_16)
    11    0.028644    0.049954    0.150887    5.390052 ^ clkbuf_3_3__f_clk/X (sky130_fd_sc_hd__clkbuf_16)
                                                         clknet_3_3__leaf_clk (net)
                      0.049954    0.000124    5.390175 ^ _1426_/CLK (sky130_fd_sc_hd__dfxtp_2)
                                 -0.250000    5.140175   clock uncertainty
                                  0.000000    5.140175   clock reconvergence pessimism
                                 -0.105172    5.035003   library setup time
                                              5.035003   data required time
---------------------------------------------------------------------------------------------
                                              5.035003   data required time
                                             -4.010600   data arrival time
---------------------------------------------------------------------------------------------
                                              1.024404   slack (MET)




===========================================================================
report_checks --slack_max -0.01
============================================================================
======================= nom_tt_025C_1v80 Corner ===================================

No paths found.


===========================================================================
 report_check_types -max_slew -max_cap -max_fanout -violators
============================================================================
======================= nom_tt_025C_1v80 Corner ===================================

max fanout

Pin                                   Limit Fanout  Slack
---------------------------------------------------------
clkbuf_3_2__f_clk/X                      10     11        (VIOLATED)
clkbuf_3_3__f_clk/X                      10     11        (VIOLATED)
clkbuf_3_7__f_clk/X                      10     11        (VIOLATED)



===========================================================================
report_parasitic_annotation -report_unannotated
============================================================================
Found 7 unannotated drivers.
 clkload0/X
 clkload1/Y
 clkload2/X
 clkload3/Y
 clkload4/Y
 clkload5/Y
 clkload6/X
Found 0 partially unannotated drivers.

===========================================================================
max slew violation count 0
Writing metric design__max_slew_violation__count__corner:nom_tt_025C_1v80: 0
max fanout violation count 3
Writing metric design__max_fanout_violation__count__corner:nom_tt_025C_1v80: 3
max cap violation count 0
Writing metric design__max_cap_violation__count__corner:nom_tt_025C_1v80: 0
============================================================================

===========================================================================
check_setup -verbose -unconstrained_endpoints -multiple_clock -no_clock -no_input_delay -loops -generated_clocks
===========================================================================
