Clock: clk
Sources: clk 
Generated: no
Virtual: yes
Propagated: no
Period: 5.000000

===========================================================================
report_clock_properties
============================================================================
Clock                   Period          Waveform
----------------------------------------------------
clk                   5.000000    0.000000  2.500000

===========================================================================
report_clock_latency
============================================================================
Clock clk
rise -> rise
    min     max
0.000000 0.000000 source latency
0.386486         network latency _1423_/CLK
        0.392052 network latency _1377_/CLK
---------------
0.386486 0.392052 latency
        0.005566 skew

fall -> fall
    min     max
0.000000 0.000000 source latency
0.354987         network latency _1423_/CLK
        0.360445 network latency _1377_/CLK
---------------
0.354987 0.360445 latency
        0.005457 skew



===========================================================================
report_clock_min_period
============================================================================
clk period_min = 3.07 fmax = 325.59
