Clock: clk
Sources: clk 
Generated: no
Virtual: yes
Propagated: no
Period: 5.000000

===========================================================================
report_clock_properties
============================================================================
Clock                   Period          Waveform
----------------------------------------------------
clk                   5.000000    0.000000  2.500000

===========================================================================
report_clock_latency
============================================================================
Clock clk
rise -> rise
    min     max
0.000000 0.000000 source latency
0.372852         network latency _1383_/CLK
        0.377049 network latency _1391_/CLK
---------------
0.372852 0.377049 latency
        0.004196 skew

fall -> fall
    min     max
0.000000 0.000000 source latency
0.348509         network latency _1383_/CLK
        0.352393 network latency _1391_/CLK
---------------
0.348509 0.352393 latency
        0.003884 skew



===========================================================================
report_clock_min_period
============================================================================
clk period_min = 3.25 fmax = 308.13
