
===========================================================================
report_checks -unconstrained
===========================================================================
======================= min_tt_025C_1v80 Corner ===================================

Startpoint: b_in[2] (input port clocked by clk)
Endpoint: _1432_ (rising edge-triggered flip-flop clocked by clk)
Path Group: clk
Path Type: max

Fanout         Cap        Slew       Delay        Time   Description
---------------------------------------------------------------------------------------------
                                  0.000000    0.000000   clock clk (rise edge)
                                  0.000000    0.000000   clock network delay (propagated)
                                  1.000000    1.000000 ^ input external delay
     1    0.002977    0.020493    0.010922    1.010922 ^ b_in[2] (in)
                                                         b_in[2] (net)
                      0.020493    0.000000    1.010922 ^ input11/A (sky130_fd_sc_hd__clkbuf_1)
     2    0.018760    0.224292    0.197699    1.208622 ^ input11/X (sky130_fd_sc_hd__clkbuf_1)
                                                         net11 (net)
                      0.224293    0.000352    1.208974 ^ fanout128/A (sky130_fd_sc_hd__clkbuf_4)
    10    0.058564    0.180015    0.297886    1.506860 ^ fanout128/X (sky130_fd_sc_hd__clkbuf_4)
                                                         net128 (net)
                      0.180015    0.000691    1.507552 ^ _1065_/A (sky130_fd_sc_hd__nand2_4)
     4    0.027586    0.086558    0.107429    1.614981 v _1065_/Y (sky130_fd_sc_hd__nand2_4)
                                                         _0395_ (net)
                      0.086558    0.000183    1.615164 v _1073_/B1 (sky130_fd_sc_hd__a41o_4)
     3    0.019468    0.058716    0.278751    1.893915 v _1073_/X (sky130_fd_sc_hd__a41o_4)
                                                         _0403_ (net)
                      0.058716    0.000165    1.894080 v _1076_/A1 (sky130_fd_sc_hd__o211ai_4)
     5    0.030639    0.288897    0.295750    2.189830 ^ _1076_/Y (sky130_fd_sc_hd__o211ai_4)
                                                         _0406_ (net)
                      0.288897    0.000776    2.190606 ^ _1090_/A2_N (sky130_fd_sc_hd__o2bb2ai_4)
     2    0.018578    0.166732    0.177503    2.368109 ^ _1090_/Y (sky130_fd_sc_hd__o2bb2ai_4)
                                                         _0420_ (net)
                      0.166732    0.000096    2.368205 ^ _1097_/B2 (sky130_fd_sc_hd__a22oi_4)
     5    0.020748    0.097157    0.098258    2.466462 v _1097_/Y (sky130_fd_sc_hd__a22oi_4)
                                                         _0427_ (net)
                      0.097181    0.000741    2.467203 v rebuffer4/A (sky130_fd_sc_hd__dlymetal6s2s_1)
     1    0.006217    0.051502    0.171547    2.638750 v rebuffer4/X (sky130_fd_sc_hd__dlymetal6s2s_1)
                                                         net139 (net)
                      0.051502    0.000103    2.638854 v _1168_/A2 (sky130_fd_sc_hd__o21ai_2)
     1    0.009829    0.151522    0.154771    2.793624 ^ _1168_/Y (sky130_fd_sc_hd__o21ai_2)
                                                         _0497_ (net)
                      0.151522    0.000106    2.793730 ^ _1169_/B (sky130_fd_sc_hd__nand3_4)
     6    0.029019    0.127678    0.140077    2.933807 v _1169_/Y (sky130_fd_sc_hd__nand3_4)
                                                         _0498_ (net)
                      0.127678    0.000266    2.934073 v rebuffer15/A (sky130_fd_sc_hd__buf_6)
     1    0.008772    0.024549    0.151486    3.085559 v rebuffer15/X (sky130_fd_sc_hd__buf_6)
                                                         net150 (net)
                      0.024549    0.000095    3.085654 v _1178_/C1 (sky130_fd_sc_hd__o221ai_4)
     2    0.015441    0.220974    0.067865    3.153519 ^ _1178_/Y (sky130_fd_sc_hd__o221ai_4)
                                                         _0507_ (net)
                      0.220974    0.000186    3.153705 ^ _1181_/C1 (sky130_fd_sc_hd__o211ai_2)
     2    0.010349    0.125724    0.147034    3.300739 v _1181_/Y (sky130_fd_sc_hd__o211ai_2)
                                                         _0510_ (net)
                      0.125724    0.000136    3.300875 v _1241_/A2 (sky130_fd_sc_hd__o21ai_1)
     1    0.011955    0.254903    0.261758    3.562634 ^ _1241_/Y (sky130_fd_sc_hd__o21ai_1)
                                                         _0568_ (net)
                      0.254903    0.000191    3.562825 ^ _1327_/A2 (sky130_fd_sc_hd__a21oi_4)
     1    0.010685    0.071813    0.100252    3.663077 v _1327_/Y (sky130_fd_sc_hd__a21oi_4)
                                                         _0652_ (net)
                      0.071813    0.000184    3.663261 v _1328_/B1 (sky130_fd_sc_hd__o21ai_4)
     4    0.017392    0.172637    0.090940    3.754201 ^ _1328_/Y (sky130_fd_sc_hd__o21ai_4)
                                                         _0653_ (net)
                      0.172637    0.000433    3.754634 ^ _1350_/A (sky130_fd_sc_hd__nand3_1)
     2    0.007940    0.124259    0.133602    3.888236 v _1350_/Y (sky130_fd_sc_hd__nand3_1)
                                                         _0673_ (net)
                      0.124259    0.000087    3.888324 v _1360_/A2_N (sky130_fd_sc_hd__o2bb2ai_1)
     1    0.003823    0.092026    0.156559    4.044883 v _1360_/Y (sky130_fd_sc_hd__o2bb2ai_1)
                                                         _0683_ (net)
                      0.092026    0.000048    4.044931 v _1365_/A2 (sky130_fd_sc_hd__a31oi_1)
     1    0.002341    0.115600    0.164916    4.209847 ^ _1365_/Y (sky130_fd_sc_hd__a31oi_1)
                                                         _0058_ (net)
                      0.115600    0.000023    4.209870 ^ _1432_/D (sky130_fd_sc_hd__dfxtp_1)
                                              4.209870   data arrival time

                                  5.000000    5.000000   clock clk (rise edge)
                                  0.000000    5.000000   clock source latency
     1    0.018344    0.088348    0.060659    5.060659 ^ clk (in)
                                                         clk (net)
                      0.088358    0.000000    5.060659 ^ clkbuf_0_clk/A (sky130_fd_sc_hd__clkbuf_16)
     8    0.085999    0.102344    0.191544    5.252203 ^ clkbuf_0_clk/X (sky130_fd_sc_hd__clkbuf_16)
                                                         clknet_0_clk (net)
                      0.102365    0.001460    5.253663 ^ clkbuf_3_2__f_clk/A (sky130_fd_sc_hd__clkbuf_16)
    10    0.034695    0.055102    0.158854    5.412517 ^ clkbuf_3_2__f_clk/X (sky130_fd_sc_hd__clkbuf_16)
                                                         clknet_3_2__leaf_clk (net)
                      0.055116    0.000775    5.413292 ^ _1432_/CLK (sky130_fd_sc_hd__dfxtp_1)
                                 -0.250000    5.163292   clock uncertainty
                                  0.000000    5.163292   clock reconvergence pessimism
                                 -0.068832    5.094460   library setup time
                                              5.094460   data required time
---------------------------------------------------------------------------------------------
                                              5.094460   data required time
                                             -4.209870   data arrival time
---------------------------------------------------------------------------------------------
                                              0.884590   slack (MET)




===========================================================================
report_checks --slack_max -0.01
============================================================================
======================= min_tt_025C_1v80 Corner ===================================

No paths found.


===========================================================================
 report_check_types -max_slew -max_cap -max_fanout -violators
============================================================================
======================= min_tt_025C_1v80 Corner ===================================

max fanout

Pin                                   Limit Fanout  Slack
---------------------------------------------------------
clkbuf_3_5__f_clk/X                      10     12     -2 (VIOLATED)
clkbuf_3_7__f_clk/X                      10     12     -2 (VIOLATED)



===========================================================================
report_parasitic_annotation -report_unannotated
============================================================================
Found 6 unannotated drivers.
 clkload0/Y
 clkload1/Y
 clkload2/Y
 clkload3/Y
 clkload4/Y
 clkload5/Y
Found 0 partially unannotated drivers.

===========================================================================
max slew violation count 0
max fanout violation count 2
max cap violation count 0
============================================================================

===========================================================================
check_setup -verbose -unconstrained_endpoints -multiple_clock -no_clock -no_input_delay -loops -generated_clocks
===========================================================================
