Clock: clk
Sources: clk 
Generated: no
Virtual: yes
Propagated: no
Period: 5.000000

===========================================================================
report_clock_properties
============================================================================
Clock                   Period          Waveform
----------------------------------------------------
clk                   5.000000    0.000000  2.500000

===========================================================================
report_clock_latency
============================================================================
Clock clk
rise -> rise
    min     max
0.000000 0.000000 source latency
0.407675         network latency _1383_/CLK
        0.416826 network latency _1437_/CLK
---------------
0.407675 0.416826 latency
        0.009151 skew

fall -> fall
    min     max
0.000000 0.000000 source latency
0.370510         network latency _1383_/CLK
        0.378007 network latency _1437_/CLK
---------------
0.370510 0.378007 latency
        0.007497 skew



===========================================================================
report_clock_min_period
============================================================================
clk period_min = 3.12 fmax = 320.65
