Clock: clk
Sources: clk 
Generated: no
Virtual: yes
Propagated: no
Period: 4.000000

===========================================================================
report_clock_properties
============================================================================
Clock                   Period          Waveform
----------------------------------------------------
clk                   4.000000    0.000000  2.000000

===========================================================================
report_clock_latency
============================================================================
Clock clk
rise -> rise
    min     max
0.000000 0.000000 source latency
0.737000         network latency _1422_/CLK
        0.756251 network latency _1380_/CLK
---------------
0.737000 0.756251 latency
        0.019250 skew

fall -> fall
    min     max
0.000000 0.000000 source latency
0.678831         network latency _1422_/CLK
        0.695874 network latency _1380_/CLK
---------------
0.678831 0.695874 latency
        0.017043 skew



===========================================================================
report_clock_min_period
============================================================================
clk period_min = 5.84 fmax = 171.37
