
===========================================================================
Violator List
============================================================================
[setup in-reg] b_in[2] -> _1426_/D : -1.935363
[setup in-reg] b_in[2] -> _1431_/D : -1.929764
[setup in-reg] b_in[2] -> _1432_/D : -1.905144
[setup reg-reg] _1418_/Q -> _1394_/D : -1.835317
[setup reg-reg] _1418_/Q -> _1397_/D : -1.824836
[setup reg-reg] _1418_/Q -> _1396_/D : -1.817753
[setup reg-reg] _1418_/Q -> _1393_/D : -1.812150
[setup in-reg] b_in[2] -> _1428_/D : -1.769415
[setup in-reg] b_in[2] -> _1429_/D : -1.766598
[setup reg-reg] _1418_/Q -> _1400_/D : -1.750194
[setup reg-reg] _1418_/Q -> _1402_/D : -1.741551
[setup in-reg] b_in[2] -> _1427_/D : -1.740011
[setup reg-reg] _1418_/Q -> _1406_/D : -1.737671
[setup reg-reg] _1418_/Q -> _1392_/D : -1.723191
[setup reg-reg] _1418_/Q -> _1395_/D : -1.714227
[setup reg-reg] _1418_/Q -> _1390_/D : -1.684338
[setup reg-reg] _1418_/Q -> _1405_/D : -1.636171
[setup reg-reg] _1418_/Q -> _1379_/D : -1.629336
[setup reg-reg] _1418_/Q -> _1401_/D : -1.616241
[setup reg-reg] _1418_/Q -> _1388_/D : -1.606153
[setup reg-reg] _1418_/Q -> _1399_/D : -1.599251
[setup in-reg] b_in[2] -> _1430_/D : -1.589749
[setup reg-reg] _1418_/Q -> _1391_/D : -1.532341
[setup reg-reg] _1418_/Q -> _1398_/D : -1.474428
[setup reg-reg] _1418_/Q -> _1389_/D : -1.453499
[setup reg-reg] _1418_/Q -> _1404_/D : -1.445970
[setup reg-reg] _1418_/Q -> _1403_/D : -1.373837
[setup in-reg] b_in[2] -> _1425_/D : -1.303023
[setup reg-reg] _1418_/Q -> _1387_/D : -1.290065
[setup reg-reg] _1418_/Q -> _1386_/D : -1.240791
[setup in-reg] b_in[2] -> _1424_/D : -1.203172
[setup in-reg] b_in[0] -> _1420_/D : -0.999846
[setup reg-reg] _1418_/Q -> _1385_/D : -0.862535
[setup reg-reg] _1418_/Q -> _1384_/D : -0.746553
[setup in-reg] b_in[0] -> _1421_/D : -0.722222
[setup in-reg] a_in[0] -> _1423_/D : -0.304139
[setup reg-reg] _1418_/Q -> _1382_/D : -0.241539
[setup in-reg] a_in[1] -> _1418_/D : -0.114393
[setup reg-reg] _1418_/Q -> _1383_/D : -0.068666
[setup reg-reg] _1418_/Q -> _1381_/D : -0.059030
[setup reg-reg] _1418_/Q -> _1380_/D : -0.023595
