Reading OpenROAD database at '/home/anils_0611/vlsi_projects/pe_asic/pnr/config/runs/reg_run2/41-openroad-repairantennas/1-diodeinsertion/PE.odb'…
Reading library file at '/home/anils_0611/.volare/volare/sky130/versions/0fe599b2afb6708d281543108caf8310912f54af/sky130A/libs.ref/sky130_fd_sc_hd/lib/sky130_fd_sc_hd__tt_025C_1v80.lib'…
Reading design constraints file at '/nix/store/9hhfv2x4r4x6v55799pa58jc2yni6awy-python3.11-openlane-2.3.10/lib/python3.11/site-packages/openlane/scripts/base.sdc'…
[INFO] Using clock clk…
[INFO] Setting output delay to: 1
[INFO] Setting input delay to: 1
[INFO] Setting load to: 0.033442
[INFO] Setting clock uncertainty to: 0.25
[INFO] Setting clock transition to: 0.1499999999999999944488848768742172978818416595458984375
[INFO] Setting timing derate to: 5%
[INFO ORD-0030] Using 12 thread(s).
[INFO DRT-0149] Reading tech and libs.
[WARNING DRT-0349] LEF58_ENCLOSURE with no CUTCLASS is not supported. Skipping for layer mcon
[WARNING DRT-0349] LEF58_ENCLOSURE with no CUTCLASS is not supported. Skipping for layer mcon
[WARNING DRT-0349] LEF58_ENCLOSURE with no CUTCLASS is not supported. Skipping for layer via
[WARNING DRT-0349] LEF58_ENCLOSURE with no CUTCLASS is not supported. Skipping for layer via
[WARNING DRT-0349] LEF58_ENCLOSURE with no CUTCLASS is not supported. Skipping for layer via2
[WARNING DRT-0349] LEF58_ENCLOSURE with no CUTCLASS is not supported. Skipping for layer via2
[WARNING DRT-0349] LEF58_ENCLOSURE with no CUTCLASS is not supported. Skipping for layer via3
[WARNING DRT-0349] LEF58_ENCLOSURE with no CUTCLASS is not supported. Skipping for layer via3
[WARNING DRT-0349] LEF58_ENCLOSURE with no CUTCLASS is not supported. Skipping for layer via4
[WARNING DRT-0349] LEF58_ENCLOSURE with no CUTCLASS is not supported. Skipping for layer via4

Units:                1000
Number of layers:     13
Number of macros:     441
Number of vias:       28
Number of viarulegen: 25

[INFO DRT-0150] Reading design.

Design:                   PE
Die area:                 ( 0 0 ) ( 155925 166645 )
Number of track patterns: 12
Number of DEF vias:       0
Number of components:     1375
Number of terminals:      73
Number of snets:          2
Number of nets:           981

[INFO DRT-0167] List of default vias:
  Layer via
    default via: M1M2_PR
  Layer via2
    default via: M2M3_PR
  Layer via3
    default via: M3M4_PR
  Layer via4
    default via: M4M5_PR
[INFO DRT-0162] Library cell analysis.
[INFO DRT-0163] Instance analysis.
[INFO DRT-0164] Number of unique instances = 289.
[INFO DRT-0168] Init region query.
[INFO DRT-0024]   Complete FR_MASTERSLICE.
[INFO DRT-0024]   Complete licon.
[INFO DRT-0024]   Complete li1.
[INFO DRT-0024]   Complete mcon.
[INFO DRT-0024]   Complete met1.
[INFO DRT-0024]   Complete via.
[INFO DRT-0024]   Complete met2.
[INFO DRT-0024]   Complete via2.
[INFO DRT-0024]   Complete met3.
[INFO DRT-0024]   Complete via3.
[INFO DRT-0024]   Complete met4.
[INFO DRT-0024]   Complete via4.
[INFO DRT-0024]   Complete met5.
[INFO DRT-0033] FR_MASTERSLICE shape region query size = 0.
[INFO DRT-0033] licon shape region query size = 0.
[INFO DRT-0033] li1 shape region query size = 33659.
[INFO DRT-0033] mcon shape region query size = 0.
[INFO DRT-0033] met1 shape region query size = 3445.
[INFO DRT-0033] via shape region query size = 270.
[INFO DRT-0033] met2 shape region query size = 193.
[INFO DRT-0033] via2 shape region query size = 216.
[INFO DRT-0033] met3 shape region query size = 202.
[INFO DRT-0033] via3 shape region query size = 216.
[INFO DRT-0033] met4 shape region query size = 58.
[INFO DRT-0033] via4 shape region query size = 0.
[INFO DRT-0033] met5 shape region query size = 0.
[INFO DRT-0165] Start pin access.
[INFO DRT-0076]   Complete 1000 pins.
[INFO DRT-0078]   Complete 1162 pins.
[INFO DRT-0079]   Complete 100 unique inst patterns.
[INFO DRT-0079]   Complete 200 unique inst patterns.
[INFO DRT-0081]   Complete 283 unique inst patterns.
[INFO DRT-0084]   Complete 589 groups.
#scanned instances     = 1375
#unique  instances     = 289
#stdCellGenAp          = 8778
#stdCellValidPlanarAp  = 0
#stdCellValidViaAp     = 6754
#stdCellPinNoAp        = 0
#stdCellPinCnt         = 3578
#instTermValidViaApCnt = 0
#macroGenAp            = 0
#macroValidPlanarAp    = 0
#macroValidViaAp       = 0
#macroNoAp             = 0
[INFO DRT-0166] Complete pin access.
[INFO DRT-0267] cpu time = 00:01:02, elapsed time = 00:00:06, memory = 145.96 (MB), peak = 145.96 (MB)

[INFO DRT-0157] Number of guides:     7329

[INFO DRT-0169] Post process guides.
[INFO DRT-0176] GCELLGRID X 0 DO 22 STEP 6900 ;
[INFO DRT-0177] GCELLGRID Y 0 DO 24 STEP 6900 ;
[INFO DRT-0028]   Complete FR_MASTERSLICE.
[INFO DRT-0028]   Complete licon.
[INFO DRT-0028]   Complete li1.
[INFO DRT-0028]   Complete mcon.
[INFO DRT-0028]   Complete met1.
[INFO DRT-0028]   Complete via.
[INFO DRT-0028]   Complete met2.
[INFO DRT-0028]   Complete via2.
[INFO DRT-0028]   Complete met3.
[INFO DRT-0028]   Complete via3.
[INFO DRT-0028]   Complete met4.
[INFO DRT-0028]   Complete via4.
[INFO DRT-0028]   Complete met5.
[INFO DRT-0178] Init guide query.
[INFO DRT-0035]   Complete FR_MASTERSLICE (guide).
[INFO DRT-0035]   Complete licon (guide).
[INFO DRT-0035]   Complete li1 (guide).
[INFO DRT-0035]   Complete mcon (guide).
[INFO DRT-0035]   Complete met1 (guide).
[INFO DRT-0035]   Complete via (guide).
[INFO DRT-0035]   Complete met2 (guide).
[INFO DRT-0035]   Complete via2 (guide).
[INFO DRT-0035]   Complete met3 (guide).
[INFO DRT-0035]   Complete via3 (guide).
[INFO DRT-0035]   Complete met4 (guide).
[INFO DRT-0035]   Complete via4 (guide).
[INFO DRT-0035]   Complete met5 (guide).
[INFO DRT-0036] FR_MASTERSLICE guide region query size = 0.
[INFO DRT-0036] licon guide region query size = 0.
[INFO DRT-0036] li1 guide region query size = 2677.
[INFO DRT-0036] mcon guide region query size = 0.
[INFO DRT-0036] met1 guide region query size = 2030.
[INFO DRT-0036] via guide region query size = 0.
[INFO DRT-0036] met2 guide region query size = 1062.
[INFO DRT-0036] via2 guide region query size = 0.
[INFO DRT-0036] met3 guide region query size = 58.
[INFO DRT-0036] via3 guide region query size = 0.
[INFO DRT-0036] met4 guide region query size = 5.
[INFO DRT-0036] via4 guide region query size = 0.
[INFO DRT-0036] met5 guide region query size = 0.
[INFO DRT-0179] Init gr pin query.
[INFO DRT-0245] skipped writing guide updates to database.
[INFO DRT-0185] Post process initialize RPin region query.
[INFO DRT-0181] Start track assignment.
[INFO DRT-0184] Done with 3744 vertical wires in 1 frboxes and 2088 horizontal wires in 1 frboxes.
[INFO DRT-0186] Done with 311 vertical wires in 1 frboxes and 638 horizontal wires in 1 frboxes.
[INFO DRT-0182] Complete track assignment.
[INFO DRT-0267] cpu time = 00:00:03, elapsed time = 00:00:00, memory = 159.96 (MB), peak = 159.96 (MB)
[INFO DRT-0187] Start routing data preparation.
[INFO DRT-0267] cpu time = 00:00:00, elapsed time = 00:00:00, memory = 160.08 (MB), peak = 160.08 (MB)
[INFO DRT-0194] Start detail routing.
[INFO DRT-0195] Start 0th optimization iteration.
    Completing 10% with 0 violations.
    elapsed time = 00:00:01, memory = 223.17 (MB).
    Completing 20% with 0 violations.
    elapsed time = 00:00:01, memory = 188.00 (MB).
    Completing 30% with 77 violations.
    elapsed time = 00:00:02, memory = 228.25 (MB).
    Completing 40% with 77 violations.
    elapsed time = 00:00:02, memory = 235.75 (MB).
    Completing 50% with 77 violations.
    elapsed time = 00:00:02, memory = 212.21 (MB).
    Completing 60% with 146 violations.
    elapsed time = 00:00:02, memory = 241.09 (MB).
    Completing 70% with 146 violations.
    elapsed time = 00:00:03, memory = 226.89 (MB).
    Completing 80% with 200 violations.
    elapsed time = 00:00:03, memory = 231.89 (MB).
    Completing 90% with 200 violations.
    elapsed time = 00:00:04, memory = 253.27 (MB).
    Completing 100% with 246 violations.
    elapsed time = 00:00:05, memory = 259.27 (MB).
[INFO DRT-0199]   Number of violations = 304.
Viol/Layer         li1   mcon   met1   met2   met3
Metal Spacing       18      0     53     11      9
Recheck              1      0     40     14      3
Short                0      1    150      4      0
[INFO DRT-0267] cpu time = 00:00:23, elapsed time = 00:00:05, memory = 585.39 (MB), peak = 585.39 (MB)
Total wire length = 23419 um.
Total wire length on LAYER li1 = 0 um.
Total wire length on LAYER met1 = 11506 um.
Total wire length on LAYER met2 = 11213 um.
Total wire length on LAYER met3 = 463 um.
Total wire length on LAYER met4 = 235 um.
Total wire length on LAYER met5 = 0 um.
Total number of vias = 7287.
Up-via summary (total 7287):

-----------------------
 FR_MASTERSLICE       0
            li1    3582
           met1    3622
           met2      75
           met3       8
           met4       0
-----------------------
                   7287


[INFO DRT-0195] Start 1st optimization iteration.
    Completing 10% with 304 violations.
    elapsed time = 00:00:00, memory = 614.89 (MB).
    Completing 20% with 304 violations.
    elapsed time = 00:00:01, memory = 615.39 (MB).
    Completing 30% with 255 violations.
    elapsed time = 00:00:01, memory = 628.27 (MB).
    Completing 40% with 255 violations.
    elapsed time = 00:00:01, memory = 629.77 (MB).
    Completing 50% with 255 violations.
    elapsed time = 00:00:02, memory = 629.77 (MB).
    Completing 60% with 228 violations.
    elapsed time = 00:00:03, memory = 650.39 (MB).
    Completing 70% with 228 violations.
    elapsed time = 00:00:04, memory = 656.89 (MB).
    Completing 80% with 208 violations.
    elapsed time = 00:00:04, memory = 676.52 (MB).
    Completing 90% with 208 violations.
    elapsed time = 00:00:05, memory = 679.27 (MB).
    Completing 100% with 179 violations.
    elapsed time = 00:00:06, memory = 679.27 (MB).
[INFO DRT-0199]   Number of violations = 179.
Viol/Layer        mcon   met1   met2   met3
Cut Spacing          1      0      0      0
Metal Spacing        0     33     10      3
Short                0    125      7      0
[INFO DRT-0267] cpu time = 00:00:22, elapsed time = 00:00:06, memory = 679.27 (MB), peak = 679.27 (MB)
Total wire length = 23233 um.
Total wire length on LAYER li1 = 0 um.
Total wire length on LAYER met1 = 11344 um.
Total wire length on LAYER met2 = 11179 um.
Total wire length on LAYER met3 = 472 um.
Total wire length on LAYER met4 = 236 um.
Total wire length on LAYER met5 = 0 um.
Total number of vias = 7245.
Up-via summary (total 7245):

-----------------------
 FR_MASTERSLICE       0
            li1    3578
           met1    3582
           met2      77
           met3       8
           met4       0
-----------------------
                   7245


[INFO DRT-0195] Start 2nd optimization iteration.
    Completing 10% with 179 violations.
    elapsed time = 00:00:00, memory = 679.27 (MB).
    Completing 20% with 179 violations.
    elapsed time = 00:00:00, memory = 679.27 (MB).
    Completing 30% with 175 violations.
    elapsed time = 00:00:00, memory = 700.52 (MB).
    Completing 40% with 175 violations.
    elapsed time = 00:00:00, memory = 726.39 (MB).
    Completing 50% with 175 violations.
    elapsed time = 00:00:02, memory = 743.89 (MB).
    Completing 60% with 208 violations.
    elapsed time = 00:00:02, memory = 743.89 (MB).
    Completing 70% with 208 violations.
    elapsed time = 00:00:02, memory = 743.89 (MB).
    Completing 80% with 208 violations.
    elapsed time = 00:00:04, memory = 761.14 (MB).
    Completing 90% with 197 violations.
    elapsed time = 00:00:06, memory = 814.02 (MB).
    Completing 100% with 169 violations.
    elapsed time = 00:00:07, memory = 814.02 (MB).
[INFO DRT-0199]   Number of violations = 169.
Viol/Layer        met1   met2
Metal Spacing       24      5
Short              139      1
[INFO DRT-0267] cpu time = 00:00:24, elapsed time = 00:00:07, memory = 814.02 (MB), peak = 814.02 (MB)
Total wire length = 23182 um.
Total wire length on LAYER li1 = 0 um.
Total wire length on LAYER met1 = 11314 um.
Total wire length on LAYER met2 = 11081 um.
Total wire length on LAYER met3 = 548 um.
Total wire length on LAYER met4 = 239 um.
Total wire length on LAYER met5 = 0 um.
Total number of vias = 7170.
Up-via summary (total 7170):

-----------------------
 FR_MASTERSLICE       0
            li1    3578
           met1    3508
           met2      76
           met3       8
           met4       0
-----------------------
                   7170


[INFO DRT-0195] Start 3rd optimization iteration.
    Completing 10% with 169 violations.
    elapsed time = 00:00:00, memory = 838.39 (MB).
    Completing 20% with 169 violations.
    elapsed time = 00:00:00, memory = 814.09 (MB).
    Completing 30% with 127 violations.
    elapsed time = 00:00:00, memory = 814.09 (MB).
    Completing 40% with 127 violations.
    elapsed time = 00:00:01, memory = 819.96 (MB).
    Completing 50% with 127 violations.
    elapsed time = 00:00:01, memory = 819.96 (MB).
    Completing 60% with 121 violations.
    elapsed time = 00:00:01, memory = 819.96 (MB).
    Completing 70% with 121 violations.
    elapsed time = 00:00:03, memory = 820.03 (MB).
    Completing 80% with 38 violations.
    elapsed time = 00:00:03, memory = 820.03 (MB).
    Completing 90% with 38 violations.
    elapsed time = 00:00:03, memory = 820.16 (MB).
    Completing 100% with 7 violations.
    elapsed time = 00:00:03, memory = 820.16 (MB).
[INFO DRT-0199]   Number of violations = 7.
Viol/Layer        met1   met2
Metal Spacing        3      2
Short                2      0
[INFO DRT-0267] cpu time = 00:00:15, elapsed time = 00:00:03, memory = 820.16 (MB), peak = 846.21 (MB)
Total wire length = 23142 um.
Total wire length on LAYER li1 = 0 um.
Total wire length on LAYER met1 = 10986 um.
Total wire length on LAYER met2 = 11104 um.
Total wire length on LAYER met3 = 812 um.
Total wire length on LAYER met4 = 239 um.
Total wire length on LAYER met5 = 0 um.
Total number of vias = 7291.
Up-via summary (total 7291):

-----------------------
 FR_MASTERSLICE       0
            li1    3578
           met1    3576
           met2     129
           met3       8
           met4       0
-----------------------
                   7291


[INFO DRT-0195] Start 4th optimization iteration.
    Completing 10% with 7 violations.
    elapsed time = 00:00:00, memory = 820.16 (MB).
    Completing 20% with 7 violations.
    elapsed time = 00:00:00, memory = 820.21 (MB).
    Completing 30% with 3 violations.
    elapsed time = 00:00:00, memory = 820.21 (MB).
    Completing 40% with 3 violations.
    elapsed time = 00:00:00, memory = 820.21 (MB).
    Completing 50% with 3 violations.
    elapsed time = 00:00:00, memory = 820.21 (MB).
    Completing 60% with 3 violations.
    elapsed time = 00:00:00, memory = 820.21 (MB).
    Completing 70% with 3 violations.
    elapsed time = 00:00:00, memory = 820.21 (MB).
    Completing 80% with 0 violations.
    elapsed time = 00:00:00, memory = 820.21 (MB).
    Completing 90% with 0 violations.
    elapsed time = 00:00:00, memory = 820.21 (MB).
    Completing 100% with 0 violations.
    elapsed time = 00:00:00, memory = 820.21 (MB).
[INFO DRT-0199]   Number of violations = 0.
[INFO DRT-0267] cpu time = 00:00:06, elapsed time = 00:00:00, memory = 820.21 (MB), peak = 848.53 (MB)
Total wire length = 23140 um.
Total wire length on LAYER li1 = 0 um.
Total wire length on LAYER met1 = 10985 um.
Total wire length on LAYER met2 = 11104 um.
Total wire length on LAYER met3 = 810 um.
Total wire length on LAYER met4 = 239 um.
Total wire length on LAYER met5 = 0 um.
Total number of vias = 7286.
Up-via summary (total 7286):

-----------------------
 FR_MASTERSLICE       0
            li1    3578
           met1    3573
           met2     127
           met3       8
           met4       0
-----------------------
                   7286


[INFO DRT-0198] Complete detail routing.
Total wire length = 23140 um.
Total wire length on LAYER li1 = 0 um.
Total wire length on LAYER met1 = 10985 um.
Total wire length on LAYER met2 = 11104 um.
Total wire length on LAYER met3 = 810 um.
Total wire length on LAYER met4 = 239 um.
Total wire length on LAYER met5 = 0 um.
Total number of vias = 7286.
Up-via summary (total 7286):

-----------------------
 FR_MASTERSLICE       0
            li1    3578
           met1    3573
           met2     127
           met3       8
           met4       0
-----------------------
                   7286


[INFO DRT-0267] cpu time = 00:01:32, elapsed time = 00:00:23, memory = 820.21 (MB), peak = 848.53 (MB)

[INFO DRT-0180] Post processing.
Setting global connections for newly added cells…
[INFO] Setting global connections...
Updating metrics…
Cell type report:                       Count       Area
  Fill cell                               106     397.88
  Tap cell                                302     377.86
  Clock buffer                             12     253.99
  Timing Repair Buffer                    197    1410.10
  Inverter                                 22     105.10
  Clock inverter                            4      50.05
  Sequential cell                          67    1350.04
  Multi-Input combinational cell          665    6449.94
  Total                                  1375   10394.97
Writing OpenROAD database to '/home/anils_0611/vlsi_projects/pe_asic/pnr/config/runs/reg_run2/43-openroad-detailedrouting/PE.odb'…
Writing netlist to '/home/anils_0611/vlsi_projects/pe_asic/pnr/config/runs/reg_run2/43-openroad-detailedrouting/PE.nl.v'…
Writing powered netlist to '/home/anils_0611/vlsi_projects/pe_asic/pnr/config/runs/reg_run2/43-openroad-detailedrouting/PE.pnl.v'…
Writing layout to '/home/anils_0611/vlsi_projects/pe_asic/pnr/config/runs/reg_run2/43-openroad-detailedrouting/PE.def'…
Writing timing constraints to '/home/anils_0611/vlsi_projects/pe_asic/pnr/config/runs/reg_run2/43-openroad-detailedrouting/PE.sdc'…
