
===========================================================================
report_checks -unconstrained
===========================================================================
======================= nom_tt_025C_1v80 Corner ===================================

Startpoint: b_in[5] (input port clocked by clk)
Endpoint: _1432_ (rising edge-triggered flip-flop clocked by clk)
Path Group: clk
Path Type: max

Fanout         Cap        Slew       Delay        Time   Description
---------------------------------------------------------------------------------------------
                                  0.000000    0.000000   clock clk (rise edge)
                                  0.000000    0.000000   clock network delay (propagated)
                                  1.000000    1.000000 ^ input external delay
     1    0.009789    0.050493    0.033423    1.033423 ^ b_in[5] (in)
                                                         b_in[5] (net)
                      0.050495    0.000000    1.033423 ^ input14/A (sky130_fd_sc_hd__clkbuf_1)
     1    0.012377    0.151701    0.158342    1.191765 ^ input14/X (sky130_fd_sc_hd__clkbuf_1)
                                                         net14 (net)
                      0.151703    0.000435    1.192200 ^ fanout120/A (sky130_fd_sc_hd__clkbuf_2)
     5    0.047594    0.259059    0.289826    1.482027 ^ fanout120/X (sky130_fd_sc_hd__clkbuf_2)
                                                         net120 (net)
                      0.259106    0.002873    1.484900 ^ fanout119/A (sky130_fd_sc_hd__clkbuf_4)
    10    0.064708    0.197035    0.319523    1.804423 ^ fanout119/X (sky130_fd_sc_hd__clkbuf_4)
                                                         net119 (net)
                      0.197073    0.002753    1.807176 ^ _1078_/B (sky130_fd_sc_hd__nand2_2)
     5    0.034728    0.154985    0.176735    1.983912 v _1078_/Y (sky130_fd_sc_hd__nand2_2)
                                                         _0408_ (net)
                      0.155066    0.002024    1.985935 v _1086_/B1_N (sky130_fd_sc_hd__o21bai_1)
     2    0.015369    0.143027    0.269348    2.255283 v _1086_/Y (sky130_fd_sc_hd__o21bai_1)
                                                         _0416_ (net)
                      0.143029    0.000809    2.256093 v _1089_/B (sky130_fd_sc_hd__nand2_1)
     1    0.013840    0.140350    0.173182    2.429274 ^ _1089_/Y (sky130_fd_sc_hd__nand2_1)
                                                         _0419_ (net)
                      0.140404    0.000707    2.429982 ^ _1147_/A1 (sky130_fd_sc_hd__a21oi_4)
     4    0.022170    0.072456    0.097359    2.527340 v _1147_/Y (sky130_fd_sc_hd__a21oi_4)
                                                         _0476_ (net)
                      0.072516    0.001136    2.528476 v rebuffer8/A (sky130_fd_sc_hd__buf_1)
     2    0.005585    0.041302    0.112767    2.641243 v rebuffer8/X (sky130_fd_sc_hd__buf_1)
                                                         net144 (net)
                      0.041302    0.000160    2.641403 v rebuffer9/A (sky130_fd_sc_hd__buf_1)
     1    0.002726    0.026201    0.085380    2.726783 v rebuffer9/X (sky130_fd_sc_hd__buf_1)
                                                         net145 (net)
                      0.026201    0.000080    2.726863 v _1193_/B1 (sky130_fd_sc_hd__a2bb2oi_1)
     2    0.016248    0.382018    0.335890    3.062753 ^ _1193_/Y (sky130_fd_sc_hd__a2bb2oi_1)
                                                         _0521_ (net)
                      0.382018    0.000276    3.063029 ^ _1224_/A2_N (sky130_fd_sc_hd__a2bb2o_4)
     2    0.011900    0.044180    0.258273    3.321302 v _1224_/X (sky130_fd_sc_hd__a2bb2o_4)
                                                         _0552_ (net)
                      0.044180    0.000379    3.321681 v _1227_/B (sky130_fd_sc_hd__nand2_4)
     4    0.026412    0.099187    0.100851    3.422532 ^ _1227_/Y (sky130_fd_sc_hd__nand2_4)
                                                         _0555_ (net)
                      0.099191    0.000777    3.423309 ^ _1231_/A2 (sky130_fd_sc_hd__a22o_4)
     2    0.019638    0.071783    0.171251    3.594560 ^ _1231_/X (sky130_fd_sc_hd__a22o_4)
                                                         _0559_ (net)
                      0.071785    0.000479    3.595039 ^ _1239_/B (sky130_fd_sc_hd__nand4_4)
     1    0.009843    0.109250    0.099579    3.694618 v _1239_/Y (sky130_fd_sc_hd__nand4_4)
                                                         _0566_ (net)
                      0.109251    0.000331    3.694949 v _1328_/A1 (sky130_fd_sc_hd__o21ai_4)
     4    0.024335    0.214424    0.249385    3.944334 ^ _1328_/Y (sky130_fd_sc_hd__o21ai_4)
                                                         _0653_ (net)
                      0.214429    0.001293    3.945627 ^ rebuffer58/A (sky130_fd_sc_hd__buf_6)
     1    0.009652    0.035442    0.134879    4.080506 ^ rebuffer58/X (sky130_fd_sc_hd__buf_6)
                                                         net194 (net)
                      0.035452    0.000306    4.080812 ^ _1350_/A (sky130_fd_sc_hd__nand3_4)
     2    0.013551    0.096787    0.067092    4.147905 v _1350_/Y (sky130_fd_sc_hd__nand3_4)
                                                         _0673_ (net)
                      0.096789    0.000494    4.148399 v _1360_/A2_N (sky130_fd_sc_hd__o2bb2ai_2)
     1    0.003405    0.083008    0.135948    4.284347 v _1360_/Y (sky130_fd_sc_hd__o2bb2ai_2)
                                                         _0683_ (net)
                      0.083008    0.000106    4.284453 v _1365_/A1 (sky130_fd_sc_hd__a31oi_1)
     1    0.002748    0.123213    0.137506    4.421958 ^ _1365_/Y (sky130_fd_sc_hd__a31oi_1)
                                                         _0058_ (net)
                      0.123213    0.000085    4.422044 ^ _1432_/D (sky130_fd_sc_hd__dfxtp_1)
                                              4.422044   data arrival time

                                  5.000000    5.000000   clock clk (rise edge)
                                  0.000000    5.000000   clock source latency
     1    0.022226    0.105739    0.073210    5.073210 ^ clk (in)
                                                         clk (net)
                      0.105778    0.000000    5.073210 ^ clkbuf_0_clk/A (sky130_fd_sc_hd__clkbuf_16)
     8    0.089230    0.105441    0.199688    5.272898 ^ clkbuf_0_clk/X (sky130_fd_sc_hd__clkbuf_16)
                                                         clknet_0_clk (net)
                      0.105486    0.002053    5.274951 ^ clkbuf_3_0__f_clk/A (sky130_fd_sc_hd__clkbuf_16)
     8    0.030946    0.051882    0.157214    5.432165 ^ clkbuf_3_0__f_clk/X (sky130_fd_sc_hd__clkbuf_16)
                                                         clknet_3_0__leaf_clk (net)
                      0.051885    0.000772    5.432937 ^ _1432_/CLK (sky130_fd_sc_hd__dfxtp_1)
                                 -0.250000    5.182937   clock uncertainty
                                  0.000000    5.182937   clock reconvergence pessimism
                                 -0.071061    5.111876   library setup time
                                              5.111876   data required time
---------------------------------------------------------------------------------------------
                                              5.111876   data required time
                                             -4.422044   data arrival time
---------------------------------------------------------------------------------------------
                                              0.689832   slack (MET)




===========================================================================
report_checks --slack_max -0.01
============================================================================
======================= nom_tt_025C_1v80 Corner ===================================

No paths found.


===========================================================================
 report_check_types -max_slew -max_cap -max_fanout -violators
============================================================================
======================= nom_tt_025C_1v80 Corner ===================================

max fanout

Pin                                   Limit Fanout  Slack
---------------------------------------------------------
clkbuf_3_2__f_clk/X                      10     11        (VIOLATED)
clkbuf_3_5__f_clk/X                      10     11        (VIOLATED)
clkbuf_3_6__f_clk/X                      10     11        (VIOLATED)
clkbuf_3_7__f_clk/X                      10     11        (VIOLATED)



===========================================================================
report_parasitic_annotation -report_unannotated
============================================================================
Found 7 unannotated drivers.
 clkload0/Y
 clkload1/Y
 clkload2/X
 clkload3/Y
 clkload4/Y
 clkload5/X
 clkload6/X
Found 0 partially unannotated drivers.

===========================================================================
max slew violation count 0
max fanout violation count 4
max cap violation count 0
============================================================================

===========================================================================
check_setup -verbose -unconstrained_endpoints -multiple_clock -no_clock -no_input_delay -loops -generated_clocks
===========================================================================
