Clock: clk
Sources: clk 
Generated: no
Virtual: yes
Propagated: no
Period: 5.000000

===========================================================================
report_clock_properties
============================================================================
Clock                   Period          Waveform
----------------------------------------------------
clk                   5.000000    0.000000  2.500000

===========================================================================
report_clock_latency
============================================================================
Clock clk
rise -> rise
    min     max
0.000000 0.000000 source latency
0.430739         network latency _1419_/CLK
        0.439154 network latency _1382_/CLK
---------------
0.430739 0.439154 latency
        0.008415 skew

fall -> fall
    min     max
0.000000 0.000000 source latency
0.384105         network latency _1419_/CLK
        0.391339 network latency _1382_/CLK
---------------
0.384105 0.391339 latency
        0.007234 skew



===========================================================================
report_clock_min_period
============================================================================
clk period_min = 3.22 fmax = 310.43
