
===========================================================================
report_checks -unconstrained
===========================================================================
======================= max_tt_025C_1v80 Corner ===================================

Startpoint: b_in[2] (input port clocked by clk)
Endpoint: _1431_ (rising edge-triggered flip-flop clocked by clk)
Path Group: clk
Path Type: max

Fanout         Cap        Slew       Delay        Time   Description
---------------------------------------------------------------------------------------------
                                  0.000000    0.000000   clock clk (rise edge)
                                  0.000000    0.000000   clock network delay (propagated)
                                  1.000000    1.000000 ^ input external delay
     1    0.003098    0.021016    0.011404    1.011404 ^ b_in[2] (in)
                                                         b_in[2] (net)
                      0.021024    0.000000    1.011404 ^ input11/A (sky130_fd_sc_hd__clkbuf_1)
     2    0.021111    0.251257    0.215438    1.226842 ^ input11/X (sky130_fd_sc_hd__clkbuf_1)
                                                         net11 (net)
                      0.251272    0.001610    1.228452 ^ fanout128/A (sky130_fd_sc_hd__clkbuf_4)
    10    0.061988    0.189320    0.311996    1.540449 ^ fanout128/X (sky130_fd_sc_hd__clkbuf_4)
                                                         net128 (net)
                      0.189385    0.003321    1.543770 ^ _1065_/A (sky130_fd_sc_hd__nand2_4)
     4    0.028540    0.090438    0.110247    1.654017 v _1065_/Y (sky130_fd_sc_hd__nand2_4)
                                                         _0395_ (net)
                      0.090470    0.001366    1.655383 v _1073_/B1 (sky130_fd_sc_hd__a41o_4)
     3    0.019991    0.059300    0.280734    1.936117 v _1073_/X (sky130_fd_sc_hd__a41o_4)
                                                         _0403_ (net)
                      0.059316    0.000886    1.937002 v _1075_/A2 (sky130_fd_sc_hd__o211a_4)
     3    0.016303    0.054676    0.252632    2.189634 v _1075_/X (sky130_fd_sc_hd__o211a_4)
                                                         _0405_ (net)
                      0.054676    0.001172    2.190806 v _1147_/B1 (sky130_fd_sc_hd__a21oi_4)
     4    0.024002    0.208569    0.196316    2.387122 ^ _1147_/Y (sky130_fd_sc_hd__a21oi_4)
                                                         _0476_ (net)
                      0.208577    0.001547    2.388670 ^ _1148_/B1 (sky130_fd_sc_hd__o21ai_4)
     6    0.025112    0.094435    0.125224    2.513894 v _1148_/Y (sky130_fd_sc_hd__o21ai_4)
                                                         _0477_ (net)
                      0.094497    0.001912    2.515806 v rebuffer49/A (sky130_fd_sc_hd__buf_1)
     1    0.006435    0.046096    0.126221    2.642028 v rebuffer49/X (sky130_fd_sc_hd__buf_1)
                                                         net184 (net)
                      0.046102    0.000569    2.642597 v rebuffer22/A (sky130_fd_sc_hd__buf_2)
     1    0.009443    0.038254    0.132138    2.774735 v rebuffer22/X (sky130_fd_sc_hd__buf_2)
                                                         net157 (net)
                      0.038271    0.000741    2.775476 v _1166_/A1_N (sky130_fd_sc_hd__o2bb2ai_4)
     1    0.009029    0.066241    0.133051    2.908527 v _1166_/Y (sky130_fd_sc_hd__o2bb2ai_4)
                                                         _0495_ (net)
                      0.066242    0.000441    2.908967 v _1171_/C1 (sky130_fd_sc_hd__o2111ai_4)
     3    0.026839    0.291041    0.140039    3.049006 ^ _1171_/Y (sky130_fd_sc_hd__o2111ai_4)
                                                         _0500_ (net)
                      0.291044    0.001756    3.050762 ^ _1175_/A1 (sky130_fd_sc_hd__a21oi_4)
     3    0.023577    0.102443    0.132399    3.183161 v _1175_/Y (sky130_fd_sc_hd__a21oi_4)
                                                         _0504_ (net)
                      0.102495    0.000928    3.184089 v _1180_/B1 (sky130_fd_sc_hd__o221ai_4)
     4    0.031421    0.317557    0.303199    3.487288 ^ _1180_/Y (sky130_fd_sc_hd__o221ai_4)
                                                         _0509_ (net)
                      0.317587    0.002526    3.489814 ^ _1239_/A (sky130_fd_sc_hd__nand4_4)
     1    0.009115    0.116313    0.130154    3.619968 v _1239_/Y (sky130_fd_sc_hd__nand4_4)
                                                         _0566_ (net)
                      0.116313    0.000439    3.620407 v _1328_/A1 (sky130_fd_sc_hd__o21ai_4)
     4    0.018564    0.179429    0.225521    3.845929 ^ _1328_/Y (sky130_fd_sc_hd__o21ai_4)
                                                         _0653_ (net)
                      0.179478    0.001500    3.847429 ^ _1350_/A (sky130_fd_sc_hd__nand3_1)
     2    0.008619    0.129930    0.140900    3.988329 v _1350_/Y (sky130_fd_sc_hd__nand3_1)
                                                         _0673_ (net)
                      0.129930    0.000364    3.988693 v _1359_/A (sky130_fd_sc_hd__nand3_1)
     1    0.006127    0.089607    0.121704    4.110397 ^ _1359_/Y (sky130_fd_sc_hd__nand3_1)
                                                         _0682_ (net)
                      0.089607    0.000290    4.110687 ^ _1361_/C1 (sky130_fd_sc_hd__o211ai_2)
     1    0.008820    0.091508    0.102875    4.213562 v _1361_/Y (sky130_fd_sc_hd__o211ai_2)
                                                         _0684_ (net)
                      0.091509    0.000615    4.214177 v _1362_/B1 (sky130_fd_sc_hd__o41ai_1)
     1    0.002556    0.249462    0.074569    4.288745 ^ _1362_/Y (sky130_fd_sc_hd__o41ai_1)
                                                         _0057_ (net)
                      0.249462    0.000106    4.288852 ^ _1431_/D (sky130_fd_sc_hd__dfxtp_1)
                                              4.288852   data arrival time

                                  5.000000    5.000000   clock clk (rise edge)
                                  0.000000    5.000000   clock source latency
     1    0.020306    0.096847    0.067242    5.067242 ^ clk (in)
                                                         clk (net)
                      0.096885    0.000000    5.067242 ^ clkbuf_0_clk/A (sky130_fd_sc_hd__clkbuf_16)
     8    0.090582    0.107377    0.195899    5.263142 ^ clkbuf_0_clk/X (sky130_fd_sc_hd__clkbuf_16)
                                                         clknet_0_clk (net)
                      0.107892    0.005631    5.268772 ^ clkbuf_3_3__f_clk/A (sky130_fd_sc_hd__clkbuf_16)
     8    0.036028    0.056148    0.161239    5.430011 ^ clkbuf_3_3__f_clk/X (sky130_fd_sc_hd__clkbuf_16)
                                                         clknet_3_3__leaf_clk (net)
                      0.056368    0.002347    5.432359 ^ _1431_/CLK (sky130_fd_sc_hd__dfxtp_1)
                                 -0.250000    5.182359   clock uncertainty
                                  0.000000    5.182359   clock reconvergence pessimism
                                 -0.099512    5.082847   library setup time
                                              5.082847   data required time
---------------------------------------------------------------------------------------------
                                              5.082847   data required time
                                             -4.288852   data arrival time
---------------------------------------------------------------------------------------------
                                              0.793995   slack (MET)




===========================================================================
report_checks --slack_max -0.01
============================================================================
======================= max_tt_025C_1v80 Corner ===================================

No paths found.


===========================================================================
 report_check_types -max_slew -max_cap -max_fanout -violators
============================================================================
======================= max_tt_025C_1v80 Corner ===================================

max fanout

Pin                                   Limit Fanout  Slack
---------------------------------------------------------
clkbuf_3_5__f_clk/X                      10     12     -2 (VIOLATED)
clkbuf_3_7__f_clk/X                      10     12     -2 (VIOLATED)



===========================================================================
report_parasitic_annotation -report_unannotated
============================================================================
Found 6 unannotated drivers.
 clkload0/Y
 clkload1/Y
 clkload2/Y
 clkload3/Y
 clkload4/Y
 clkload5/Y
Found 0 partially unannotated drivers.

===========================================================================
max slew violation count 0
max fanout violation count 2
max cap violation count 0
============================================================================

===========================================================================
check_setup -verbose -unconstrained_endpoints -multiple_clock -no_clock -no_input_delay -loops -generated_clocks
===========================================================================
