Clock: clk
Sources: clk 
Generated: no
Virtual: yes
Propagated: no
Period: 5.000000

===========================================================================
report_clock_properties
============================================================================
Clock                   Period          Waveform
----------------------------------------------------
clk                   5.000000    0.000000  2.500000

===========================================================================
report_clock_latency
============================================================================
Clock clk
rise -> rise
    min     max
0.000000 0.000000 source latency
0.424558         network latency _1383_/CLK
        0.437642 network latency _1437_/CLK
---------------
0.424558 0.437642 latency
        0.013084 skew

fall -> fall
    min     max
0.000000 0.000000 source latency
0.381908         network latency _1383_/CLK
        0.392630 network latency _1437_/CLK
---------------
0.381908 0.392630 latency
        0.010721 skew



===========================================================================
report_clock_min_period
============================================================================
clk period_min = 3.18 fmax = 314.66
