
===========================================================================
report_checks -unconstrained
===========================================================================
======================= min_ff_n40C_1v95 Corner ===================================

Startpoint: b_in[5] (input port clocked by clk)
Endpoint: _1432_ (rising edge-triggered flip-flop clocked by clk)
Path Group: clk
Path Type: max

Fanout         Cap        Slew       Delay        Time   Description
---------------------------------------------------------------------------------------------
                                  0.000000    0.000000   clock clk (rise edge)
                                  0.000000    0.000000   clock network delay (propagated)
                                  1.000000    1.000000 ^ input external delay
     1    0.009207    0.035826    0.023159    1.023159 ^ b_in[5] (in)
                                                         b_in[5] (net)
                      0.035827    0.000000    1.023159 ^ input14/A (sky130_fd_sc_hd__clkbuf_1)
     1    0.011329    0.103946    0.102867    1.126025 ^ input14/X (sky130_fd_sc_hd__clkbuf_1)
                                                         net14 (net)
                      0.103946    0.000154    1.126179 ^ fanout120/A (sky130_fd_sc_hd__clkbuf_2)
     5    0.044097    0.185100    0.190144    1.316324 ^ fanout120/X (sky130_fd_sc_hd__clkbuf_2)
                                                         net120 (net)
                      0.185117    0.001493    1.317816 ^ fanout119/A (sky130_fd_sc_hd__clkbuf_4)
    10    0.062342    0.144326    0.203933    1.521749 ^ fanout119/X (sky130_fd_sc_hd__clkbuf_4)
                                                         net119 (net)
                      0.144471    0.002997    1.524746 ^ _0698_/A (sky130_fd_sc_hd__clkinv_4)
    10    0.062018    0.101311    0.107888    1.632634 v _0698_/Y (sky130_fd_sc_hd__clkinv_4)
                                                         _0078_ (net)
                      0.101346    0.000918    1.633553 v _1032_/A2 (sky130_fd_sc_hd__o21a_1)
     3    0.012988    0.055352    0.162420    1.795973 v _1032_/X (sky130_fd_sc_hd__o21a_1)
                                                         _0363_ (net)
                      0.055352    0.000111    1.796084 v _1035_/D (sky130_fd_sc_hd__or4_4)
     4    0.025927    0.083539    0.286735    2.082819 v _1035_/X (sky130_fd_sc_hd__or4_4)
                                                         _0366_ (net)
                      0.083561    0.000265    2.083084 v _1038_/A (sky130_fd_sc_hd__nand2_2)
     4    0.020743    0.091617    0.101900    2.184984 ^ _1038_/Y (sky130_fd_sc_hd__nand2_2)
                                                         _0369_ (net)
                      0.091617    0.000086    2.185070 ^ _1051_/B2 (sky130_fd_sc_hd__a32oi_4)
     3    0.015213    0.082930    0.045706    2.230776 v _1051_/Y (sky130_fd_sc_hd__a32oi_4)
                                                         _0381_ (net)
                      0.082930    0.000250    2.231026 v rebuffer10/A (sky130_fd_sc_hd__dlygate4sd1_1)
     2    0.013633    0.053478    0.195298    2.426324 v rebuffer10/X (sky130_fd_sc_hd__dlygate4sd1_1)
                                                         net146 (net)
                      0.053478    0.000141    2.426465 v _1182_/A2 (sky130_fd_sc_hd__o2111ai_4)
     5    0.026150    0.220701    0.204315    2.630780 ^ _1182_/Y (sky130_fd_sc_hd__o2111ai_4)
                                                         _0511_ (net)
                      0.220701    0.000364    2.631144 ^ _1239_/C (sky130_fd_sc_hd__nand4_4)
     1    0.009726    0.072772    0.069074    2.700218 v _1239_/Y (sky130_fd_sc_hd__nand4_4)
                                                         _0566_ (net)
                      0.072772    0.000124    2.700342 v _1328_/A1 (sky130_fd_sc_hd__o21ai_4)
     4    0.023715    0.157267    0.170461    2.870802 ^ _1328_/Y (sky130_fd_sc_hd__o21ai_4)
                                                         _0653_ (net)
                      0.157268    0.000693    2.871495 ^ rebuffer58/A (sky130_fd_sc_hd__buf_6)
     1    0.009548    0.026701    0.076313    2.947808 ^ rebuffer58/X (sky130_fd_sc_hd__buf_6)
                                                         net194 (net)
                      0.026701    0.000105    2.947912 ^ _1350_/A (sky130_fd_sc_hd__nand3_4)
     2    0.013034    0.069225    0.040738    2.988651 v _1350_/Y (sky130_fd_sc_hd__nand3_4)
                                                         _0673_ (net)
                      0.069226    0.000236    2.988887 v _1360_/A2_N (sky130_fd_sc_hd__o2bb2ai_2)
     1    0.003291    0.062258    0.080682    3.069568 v _1360_/Y (sky130_fd_sc_hd__o2bb2ai_2)
                                                         _0683_ (net)
                      0.062258    0.000038    3.069607 v _1365_/A1 (sky130_fd_sc_hd__a31oi_1)
     1    0.002704    0.090922    0.093891    3.163497 ^ _1365_/Y (sky130_fd_sc_hd__a31oi_1)
                                                         _0058_ (net)
                      0.090922    0.000030    3.163527 ^ _1432_/D (sky130_fd_sc_hd__dfxtp_1)
                                              3.163527   data arrival time

                                  5.000000    5.000000   clock clk (rise edge)
                                  0.000000    5.000000   clock source latency
     1    0.020901    0.074740    0.051343    5.051343 ^ clk (in)
                                                         clk (net)
                      0.074765    0.000000    5.051343 ^ clkbuf_0_clk/A (sky130_fd_sc_hd__clkbuf_16)
     8    0.086930    0.079172    0.134889    5.186233 ^ clkbuf_0_clk/X (sky130_fd_sc_hd__clkbuf_16)
                                                         clknet_0_clk (net)
                      0.079176    0.000663    5.186895 ^ clkbuf_3_0__f_clk/A (sky130_fd_sc_hd__clkbuf_16)
     8    0.030411    0.038728    0.104921    5.291816 ^ clkbuf_3_0__f_clk/X (sky130_fd_sc_hd__clkbuf_16)
                                                         clknet_3_0__leaf_clk (net)
                      0.038731    0.000392    5.292209 ^ _1432_/CLK (sky130_fd_sc_hd__dfxtp_1)
                                 -0.250000    5.042209   clock uncertainty
                                  0.000000    5.042209   clock reconvergence pessimism
                                 -0.034086    5.008122   library setup time
                                              5.008122   data required time
---------------------------------------------------------------------------------------------
                                              5.008122   data required time
                                             -3.163527   data arrival time
---------------------------------------------------------------------------------------------
                                              1.844595   slack (MET)




===========================================================================
report_checks --slack_max -0.01
============================================================================
======================= min_ff_n40C_1v95 Corner ===================================

No paths found.


===========================================================================
 report_check_types -max_slew -max_cap -max_fanout -violators
============================================================================
======================= min_ff_n40C_1v95 Corner ===================================

max fanout

Pin                                   Limit Fanout  Slack
---------------------------------------------------------
clkbuf_3_2__f_clk/X                      10     11        (VIOLATED)
clkbuf_3_5__f_clk/X                      10     11        (VIOLATED)
clkbuf_3_6__f_clk/X                      10     11        (VIOLATED)
clkbuf_3_7__f_clk/X                      10     11        (VIOLATED)



===========================================================================
report_parasitic_annotation -report_unannotated
============================================================================
Found 7 unannotated drivers.
 clkload0/Y
 clkload1/Y
 clkload2/X
 clkload3/Y
 clkload4/Y
 clkload5/X
 clkload6/X
Found 0 partially unannotated drivers.

===========================================================================
max slew violation count 0
max fanout violation count 4
max cap violation count 0
============================================================================

===========================================================================
check_setup -verbose -unconstrained_endpoints -multiple_clock -no_clock -no_input_delay -loops -generated_clocks
===========================================================================
