Clock: clk
Sources: clk 
Generated: no
Virtual: yes
Propagated: no
Period: 5.000000

===========================================================================
report_clock_properties
============================================================================
Clock                   Period          Waveform
----------------------------------------------------
clk                   5.000000    0.000000  2.500000

===========================================================================
report_clock_latency
============================================================================
Clock clk
rise -> rise
    min     max
0.000000 0.000000 source latency
0.290383         network latency _1419_/CLK
        0.296698 network latency _1382_/CLK
---------------
0.290383 0.296698 latency
        0.006315 skew

fall -> fall
    min     max
0.000000 0.000000 source latency
0.257428         network latency _1419_/CLK
        0.263076 network latency _1382_/CLK
---------------
0.257428 0.263076 latency
        0.005648 skew



===========================================================================
report_clock_min_period
============================================================================
clk period_min = 2.05 fmax = 486.62
