Using 12 threads…
Using a tile size of (500 µm)²…
Reading /home/anils_0611/vlsi_projects/pe_asic/pnr/config/runs/reg_run1/56-magic-streamout/PE.magic.gds ..
Reading /home/anils_0611/vlsi_projects/pe_asic/pnr/config/runs/reg_run1/57-klayout-streamout/PE.klayout.gds ..
--- Running XOR for layer 122/16 ---
"input" in: xor.drc:109
    Polygons (raw): 2468 (flat)  135 (hierarchical)
    Elapsed: 0.010s  Memory: 587.00M
"input" in: xor.drc:109
    Polygons (raw): 2468 (flat)  135 (hierarchical)
    Elapsed: 0.000s  Memory: 587.00M
"^" in: xor.drc:109
    Polygons (raw): 0 (flat)  0 (hierarchical)
    Elapsed: 0.020s  Memory: 1403.00M
XOR differences: 0
"output" in: xor.drc:86
    Polygons (raw): 0 (flat)  0 (hierarchical)
    Elapsed: 0.000s  Memory: 1387.00M
--- Running XOR for layer 235/4 ---
"input" in: xor.drc:109
    Polygons (raw): 1 (flat)  1 (hierarchical)
    Elapsed: 0.000s  Memory: 1387.00M
"input" in: xor.drc:109
    Polygons (raw): 1 (flat)  1 (hierarchical)
    Elapsed: 0.000s  Memory: 1387.00M
"^" in: xor.drc:109
    Polygons (raw): 0 (flat)  0 (hierarchical)
    Elapsed: 0.010s  Memory: 1403.00M
XOR differences: 0
"output" in: xor.drc:86
    Polygons (raw): 0 (flat)  0 (hierarchical)
    Elapsed: 0.000s  Memory: 1387.00M
--- Running XOR for layer 236/0 ---
"input" in: xor.drc:109
    Polygons (raw): 1988 (flat)  127 (hierarchical)
    Elapsed: 0.000s  Memory: 1387.00M
"input" in: xor.drc:109
    Polygons (raw): 1988 (flat)  127 (hierarchical)
    Elapsed: 0.000s  Memory: 1387.00M
"^" in: xor.drc:109
    Polygons (raw): 0 (flat)  0 (hierarchical)
    Elapsed: 0.020s  Memory: 1395.00M
XOR differences: 0
"output" in: xor.drc:86
    Polygons (raw): 0 (flat)  0 (hierarchical)
    Elapsed: 0.000s  Memory: 1387.00M
--- Running XOR for layer 64/16 ---
"input" in: xor.drc:109
    Polygons (raw): 2466 (flat)  134 (hierarchical)
    Elapsed: 0.000s  Memory: 1387.00M
"input" in: xor.drc:109
    Polygons (raw): 2466 (flat)  134 (hierarchical)
    Elapsed: 0.000s  Memory: 1387.00M
"^" in: xor.drc:109
    Polygons (raw): 0 (flat)  0 (hierarchical)
    Elapsed: 0.010s  Memory: 1395.00M
XOR differences: 0
"output" in: xor.drc:86
    Polygons (raw): 0 (flat)  0 (hierarchical)
    Elapsed: 0.000s  Memory: 1387.00M
--- Running XOR for layer 64/20 ---
"input" in: xor.drc:109
    Polygons (raw): 2691 (flat)  130 (hierarchical)
    Elapsed: 0.010s  Memory: 1387.00M
"input" in: xor.drc:109
    Polygons (raw): 2691 (flat)  130 (hierarchical)
    Elapsed: 0.000s  Memory: 1387.00M
"^" in: xor.drc:109
    Polygons (raw): 0 (flat)  0 (hierarchical)
    Elapsed: 0.030s  Memory: 1419.00M
XOR differences: 0
"output" in: xor.drc:86
    Polygons (raw): 0 (flat)  0 (hierarchical)
    Elapsed: 0.000s  Memory: 1387.00M
--- Running XOR for layer 64/5 ---
"input" in: xor.drc:109
    Polygons (raw): 0 (flat)  0 (hierarchical)
    Elapsed: 0.000s  Memory: 1387.00M
"input" in: xor.drc:109
    Polygons (raw): 0 (flat)  0 (hierarchical)
    Elapsed: 0.000s  Memory: 1387.00M
"^" in: xor.drc:109
    Polygons (raw): 0 (flat)  0 (hierarchical)
    Elapsed: 0.000s  Memory: 1435.00M
XOR differences: 0
"output" in: xor.drc:86
    Polygons (raw): 0 (flat)  0 (hierarchical)
    Elapsed: 0.000s  Memory: 1387.00M
--- Running XOR for layer 64/59 ---
"input" in: xor.drc:109
    Polygons (raw): 0 (flat)  0 (hierarchical)
    Elapsed: 0.000s  Memory: 1387.00M
"input" in: xor.drc:109
    Polygons (raw): 0 (flat)  0 (hierarchical)
    Elapsed: 0.000s  Memory: 1387.00M
"^" in: xor.drc:109
    Polygons (raw): 0 (flat)  0 (hierarchical)
    Elapsed: 0.010s  Memory: 1396.00M
XOR differences: 0
"output" in: xor.drc:86
    Polygons (raw): 0 (flat)  0 (hierarchical)
    Elapsed: 0.000s  Memory: 1388.00M
--- Running XOR for layer 65/20 ---
"input" in: xor.drc:109
    Polygons (raw): 4958 (flat)  370 (hierarchical)
    Elapsed: 0.000s  Memory: 1388.00M
"input" in: xor.drc:109
    Polygons (raw): 4958 (flat)  370 (hierarchical)
    Elapsed: 0.000s  Memory: 1388.00M
"^" in: xor.drc:109
    Polygons (raw): 0 (flat)  0 (hierarchical)
    Elapsed: 0.020s  Memory: 1428.00M
XOR differences: 0
"output" in: xor.drc:86
    Polygons (raw): 0 (flat)  0 (hierarchical)
    Elapsed: 0.000s  Memory: 1388.00M
--- Running XOR for layer 65/44 ---
"input" in: xor.drc:109
    Polygons (raw): 604 (flat)  2 (hierarchical)
    Elapsed: 0.000s  Memory: 1388.00M
"input" in: xor.drc:109
    Polygons (raw): 604 (flat)  2 (hierarchical)
    Elapsed: 0.000s  Memory: 1388.00M
"^" in: xor.drc:109
    Polygons (raw): 0 (flat)  0 (hierarchical)
    Elapsed: 0.010s  Memory: 1420.00M
XOR differences: 0
"output" in: xor.drc:86
    Polygons (raw): 0 (flat)  0 (hierarchical)
    Elapsed: 0.000s  Memory: 1388.00M
--- Running XOR for layer 66/20 ---
"input" in: xor.drc:109
    Polygons (raw): 6922 (flat)  599 (hierarchical)
    Elapsed: 0.000s  Memory: 1388.00M
"input" in: xor.drc:109
    Polygons (raw): 6922 (flat)  599 (hierarchical)
    Elapsed: 0.000s  Memory: 1389.00M
"^" in: xor.drc:109
    Polygons (raw): 0 (flat)  0 (hierarchical)
    Elapsed: 0.070s  Memory: 1397.00M
XOR differences: 0
"output" in: xor.drc:86
    Polygons (raw): 0 (flat)  0 (hierarchical)
    Elapsed: 0.000s  Memory: 1389.00M
--- Running XOR for layer 66/44 ---
"input" in: xor.drc:109
    Polygons (raw): 38250 (flat)  4331 (hierarchical)
    Elapsed: 0.000s  Memory: 1389.00M
"input" in: xor.drc:109
    Polygons (raw): 38250 (flat)  4331 (hierarchical)
    Elapsed: 0.000s  Memory: 1389.00M
"^" in: xor.drc:109
    Polygons (raw): 0 (flat)  0 (hierarchical)
    Elapsed: 0.150s  Memory: 1397.00M
XOR differences: 0
"output" in: xor.drc:86
    Polygons (raw): 0 (flat)  0 (hierarchical)
    Elapsed: 0.000s  Memory: 1389.00M
--- Running XOR for layer 67/16 ---
"input" in: xor.drc:109
    Polygons (raw): 7574 (flat)  1102 (hierarchical)
    Elapsed: 0.000s  Memory: 1389.00M
"input" in: xor.drc:109
    Polygons (raw): 7574 (flat)  1102 (hierarchical)
    Elapsed: 0.000s  Memory: 1389.00M
"^" in: xor.drc:109
    Polygons (raw): 0 (flat)  0 (hierarchical)
    Elapsed: 0.030s  Memory: 1421.00M
XOR differences: 0
"output" in: xor.drc:86
    Polygons (raw): 0 (flat)  0 (hierarchical)
    Elapsed: 0.020s  Memory: 1389.00M
--- Running XOR for layer 67/20 ---
"input" in: xor.drc:109
    Polygons (raw): 17773 (flat)  4736 (hierarchical)
    Elapsed: 0.000s  Memory: 1389.00M
"input" in: xor.drc:109
    Polygons (raw): 17773 (flat)  1077 (hierarchical)
    Elapsed: 0.000s  Memory: 1389.00M
"^" in: xor.drc:109
    Polygons (raw): 0 (flat)  0 (hierarchical)
    Elapsed: 0.170s  Memory: 1405.00M
XOR differences: 0
"output" in: xor.drc:86
    Polygons (raw): 0 (flat)  0 (hierarchical)
    Elapsed: 0.000s  Memory: 1389.00M
--- Running XOR for layer 67/44 ---
"input" in: xor.drc:109
    Polygons (raw): 37378 (flat)  6088 (hierarchical)
    Elapsed: 0.000s  Memory: 1389.00M
"input" in: xor.drc:109
    Polygons (raw): 37378 (flat)  2429 (hierarchical)
    Elapsed: 0.000s  Memory: 1389.00M
"^" in: xor.drc:109
    Polygons (raw): 0 (flat)  0 (hierarchical)
    Elapsed: 0.130s  Memory: 1437.00M
XOR differences: 0
"output" in: xor.drc:86
    Polygons (raw): 0 (flat)  0 (hierarchical)
    Elapsed: 0.000s  Memory: 1389.00M
--- Running XOR for layer 67/5 ---
"input" in: xor.drc:109
    Polygons (raw): 0 (flat)  0 (hierarchical)
    Elapsed: 0.000s  Memory: 1389.00M
"input" in: xor.drc:109
    Polygons (raw): 0 (flat)  0 (hierarchical)
    Elapsed: 0.000s  Memory: 1389.00M
"^" in: xor.drc:109
    Polygons (raw): 0 (flat)  0 (hierarchical)
    Elapsed: 0.010s  Memory: 1429.00M
XOR differences: 0
"output" in: xor.drc:86
    Polygons (raw): 0 (flat)  0 (hierarchical)
    Elapsed: 0.000s  Memory: 1389.00M
--- Running XOR for layer 68/16 ---
"input" in: xor.drc:109
    Polygons (raw): 5416 (flat)  264 (hierarchical)
    Elapsed: 0.000s  Memory: 1389.00M
"input" in: xor.drc:109
    Polygons (raw): 5416 (flat)  264 (hierarchical)
    Elapsed: 0.000s  Memory: 1389.00M
"^" in: xor.drc:109
    Polygons (raw): 0 (flat)  0 (hierarchical)
    Elapsed: 0.030s  Memory: 1445.00M
XOR differences: 0
"output" in: xor.drc:86
    Polygons (raw): 0 (flat)  0 (hierarchical)
    Elapsed: 0.010s  Memory: 1389.00M
--- Running XOR for layer 68/20 ---
"input" in: xor.drc:109
    Polygons (raw): 19947 (flat)  14682 (hierarchical)
    Elapsed: 0.000s  Memory: 1389.00M
"input" in: xor.drc:109
    Polygons (raw): 17283 (flat)  4636 (hierarchical)
    Elapsed: 0.000s  Memory: 1389.00M
"^" in: xor.drc:109
    Polygons (raw): 0 (flat)  0 (hierarchical)
    Elapsed: 0.110s  Memory: 1429.00M
XOR differences: 0
"output" in: xor.drc:86
    Polygons (raw): 0 (flat)  0 (hierarchical)
    Elapsed: 0.000s  Memory: 1389.00M
--- Running XOR for layer 68/44 ---
"input" in: xor.drc:109
    Polygons (raw): 3941 (flat)  3941 (hierarchical)
    Elapsed: 0.010s  Memory: 1389.00M
"input" in: xor.drc:109
    Polygons (raw): 3941 (flat)  6 (hierarchical)
    Elapsed: 0.000s  Memory: 1389.00M
"^" in: xor.drc:109
    Polygons (raw): 0 (flat)  0 (hierarchical)
    Elapsed: 0.020s  Memory: 1429.00M
XOR differences: 0
"output" in: xor.drc:86
    Polygons (raw): 0 (flat)  0 (hierarchical)
    Elapsed: 0.020s  Memory: 1389.00M
--- Running XOR for layer 68/5 ---
"input" in: xor.drc:109
    Polygons (raw): 0 (flat)  0 (hierarchical)
    Elapsed: 0.000s  Memory: 1389.00M
"input" in: xor.drc:109
    Polygons (raw): 0 (flat)  0 (hierarchical)
    Elapsed: 0.000s  Memory: 1389.00M
"^" in: xor.drc:109
    Polygons (raw): 0 (flat)  0 (hierarchical)
    Elapsed: 0.010s  Memory: 1421.00M
XOR differences: 0
"output" in: xor.drc:86
    Polygons (raw): 0 (flat)  0 (hierarchical)
    Elapsed: 0.000s  Memory: 1389.00M
--- Running XOR for layer 69/16 ---
"input" in: xor.drc:109
    Polygons (raw): 31 (flat)  31 (hierarchical)
    Elapsed: 0.000s  Memory: 1389.00M
"input" in: xor.drc:109
    Polygons (raw): 31 (flat)  31 (hierarchical)
    Elapsed: 0.000s  Memory: 1389.00M
"^" in: xor.drc:109
    Polygons (raw): 0 (flat)  0 (hierarchical)
    Elapsed: 0.000s  Memory: 1429.00M
XOR differences: 0
"output" in: xor.drc:86
    Polygons (raw): 0 (flat)  0 (hierarchical)
    Elapsed: 0.000s  Memory: 1389.00M
--- Running XOR for layer 69/20 ---
"input" in: xor.drc:109
    Polygons (raw): 6550 (flat)  6550 (hierarchical)
    Elapsed: 0.000s  Memory: 1389.00M
"input" in: xor.drc:109
    Polygons (raw): 6471 (flat)  2594 (hierarchical)
    Elapsed: 0.000s  Memory: 1389.00M
"^" in: xor.drc:109
    Polygons (raw): 0 (flat)  0 (hierarchical)
    Elapsed: 0.050s  Memory: 1429.00M
XOR differences: 0
"output" in: xor.drc:86
    Polygons (raw): 0 (flat)  0 (hierarchical)
    Elapsed: 0.000s  Memory: 1389.00M
--- Running XOR for layer 69/44 ---
"input" in: xor.drc:109
    Polygons (raw): 318 (flat)  318 (hierarchical)
    Elapsed: 0.000s  Memory: 1389.00M
"input" in: xor.drc:109
    Polygons (raw): 318 (flat)  5 (hierarchical)
    Elapsed: 0.000s  Memory: 1389.00M
"^" in: xor.drc:109
    Polygons (raw): 0 (flat)  0 (hierarchical)
    Elapsed: 0.020s  Memory: 1421.00M
XOR differences: 0
"output" in: xor.drc:86
    Polygons (raw): 0 (flat)  0 (hierarchical)
    Elapsed: 0.000s  Memory: 1389.00M
--- Running XOR for layer 69/5 ---
"input" in: xor.drc:109
    Polygons (raw): 0 (flat)  0 (hierarchical)
    Elapsed: 0.000s  Memory: 1389.00M
"input" in: xor.drc:109
    Polygons (raw): 0 (flat)  0 (hierarchical)
    Elapsed: 0.000s  Memory: 1389.00M
"^" in: xor.drc:109
    Polygons (raw): 0 (flat)  0 (hierarchical)
    Elapsed: 0.010s  Memory: 1429.00M
XOR differences: 0
"output" in: xor.drc:86
    Polygons (raw): 0 (flat)  0 (hierarchical)
    Elapsed: 0.000s  Memory: 1389.00M
--- Running XOR for layer 70/16 ---
"input" in: xor.drc:109
    Polygons (raw): 40 (flat)  40 (hierarchical)
    Elapsed: 0.000s  Memory: 1389.00M
"input" in: xor.drc:109
    Polygons (raw): 40 (flat)  40 (hierarchical)
    Elapsed: 0.000s  Memory: 1389.00M
"^" in: xor.drc:109
    Polygons (raw): 0 (flat)  0 (hierarchical)
    Elapsed: 0.010s  Memory: 1437.00M
XOR differences: 0
"output" in: xor.drc:86
    Polygons (raw): 0 (flat)  0 (hierarchical)
    Elapsed: 0.000s  Memory: 1389.00M
--- Running XOR for layer 70/20 ---
"input" in: xor.drc:109
    Polygons (raw): 421 (flat)  421 (hierarchical)
    Elapsed: 0.000s  Memory: 1389.00M
"input" in: xor.drc:109
    Polygons (raw): 400 (flat)  188 (hierarchical)
    Elapsed: 0.000s  Memory: 1389.00M
"^" in: xor.drc:109
    Polygons (raw): 0 (flat)  0 (hierarchical)
    Elapsed: 0.010s  Memory: 1413.00M
XOR differences: 0
"output" in: xor.drc:86
    Polygons (raw): 0 (flat)  0 (hierarchical)
    Elapsed: 0.000s  Memory: 1389.00M
--- Running XOR for layer 70/44 ---
"input" in: xor.drc:109
    Polygons (raw): 222 (flat)  222 (hierarchical)
    Elapsed: 0.000s  Memory: 1389.00M
"input" in: xor.drc:109
    Polygons (raw): 222 (flat)  5 (hierarchical)
    Elapsed: 0.000s  Memory: 1389.00M
"^" in: xor.drc:109
    Polygons (raw): 0 (flat)  0 (hierarchical)
    Elapsed: 0.010s  Memory: 1389.00M
XOR differences: 0
"output" in: xor.drc:86
    Polygons (raw): 0 (flat)  0 (hierarchical)
    Elapsed: 0.000s  Memory: 1389.00M
--- Running XOR for layer 70/5 ---
"input" in: xor.drc:109
    Polygons (raw): 0 (flat)  0 (hierarchical)
    Elapsed: 0.000s  Memory: 1389.00M
"input" in: xor.drc:109
    Polygons (raw): 0 (flat)  0 (hierarchical)
    Elapsed: 0.000s  Memory: 1389.00M
"^" in: xor.drc:109
    Polygons (raw): 0 (flat)  0 (hierarchical)
    Elapsed: 0.010s  Memory: 1421.00M
XOR differences: 0
"output" in: xor.drc:86
    Polygons (raw): 0 (flat)  0 (hierarchical)
    Elapsed: 0.000s  Memory: 1389.00M
--- Running XOR for layer 71/16 ---
"input" in: xor.drc:109
    Polygons (raw): 2 (flat)  2 (hierarchical)
    Elapsed: 0.000s  Memory: 1389.00M
"input" in: xor.drc:109
    Polygons (raw): 2 (flat)  2 (hierarchical)
    Elapsed: 0.000s  Memory: 1389.00M
"^" in: xor.drc:109
    Polygons (raw): 0 (flat)  0 (hierarchical)
    Elapsed: 0.010s  Memory: 1421.00M
XOR differences: 0
"output" in: xor.drc:86
    Polygons (raw): 0 (flat)  0 (hierarchical)
    Elapsed: 0.000s  Memory: 1389.00M
--- Running XOR for layer 71/20 ---
"input" in: xor.drc:109
    Polygons (raw): 11 (flat)  11 (hierarchical)
    Elapsed: 0.000s  Memory: 1389.00M
"input" in: xor.drc:109
    Polygons (raw): 67 (flat)  9 (hierarchical)
    Elapsed: 0.000s  Memory: 1389.00M
"^" in: xor.drc:109
    Polygons (raw): 0 (flat)  0 (hierarchical)
    Elapsed: 0.010s  Memory: 1389.00M
XOR differences: 0
"output" in: xor.drc:86
    Polygons (raw): 0 (flat)  0 (hierarchical)
    Elapsed: 0.000s  Memory: 1389.00M
--- Running XOR for layer 71/5 ---
"input" in: xor.drc:109
    Polygons (raw): 0 (flat)  0 (hierarchical)
    Elapsed: 0.000s  Memory: 1389.00M
"input" in: xor.drc:109
    Polygons (raw): 0 (flat)  0 (hierarchical)
    Elapsed: 0.000s  Memory: 1389.00M
"^" in: xor.drc:109
    Polygons (raw): 0 (flat)  0 (hierarchical)
    Elapsed: 0.010s  Memory: 1421.00M
XOR differences: 0
"output" in: xor.drc:86
    Polygons (raw): 0 (flat)  0 (hierarchical)
    Elapsed: 0.000s  Memory: 1389.00M
--- Running XOR for layer 78/44 ---
"input" in: xor.drc:109
    Polygons (raw): 2723 (flat)  132 (hierarchical)
    Elapsed: 0.000s  Memory: 1390.00M
"input" in: xor.drc:109
    Polygons (raw): 2723 (flat)  132 (hierarchical)
    Elapsed: 0.000s  Memory: 1390.00M
"^" in: xor.drc:109
    Polygons (raw): 0 (flat)  0 (hierarchical)
    Elapsed: 0.030s  Memory: 1414.00M
XOR differences: 0
"output" in: xor.drc:86
    Polygons (raw): 0 (flat)  0 (hierarchical)
    Elapsed: 0.000s  Memory: 1390.00M
--- Running XOR for layer 81/4 ---
"input" in: xor.drc:109
    Polygons (raw): 2691 (flat)  130 (hierarchical)
    Elapsed: 0.000s  Memory: 1390.00M
"input" in: xor.drc:109
    Polygons (raw): 2691 (flat)  130 (hierarchical)
    Elapsed: 0.000s  Memory: 1390.00M
"^" in: xor.drc:109
    Polygons (raw): 0 (flat)  0 (hierarchical)
    Elapsed: 0.020s  Memory: 1390.00M
XOR differences: 0
"output" in: xor.drc:86
    Polygons (raw): 0 (flat)  0 (hierarchical)
    Elapsed: 0.000s  Memory: 1390.00M
--- Running XOR for layer 83/44 ---
"input" in: xor.drc:109
    Polygons (raw): 0 (flat)  0 (hierarchical)
    Elapsed: 0.000s  Memory: 1390.00M
"input" in: xor.drc:109
    Polygons (raw): 0 (flat)  0 (hierarchical)
    Elapsed: 0.000s  Memory: 1390.00M
"^" in: xor.drc:109
    Polygons (raw): 0 (flat)  0 (hierarchical)
    Elapsed: 0.010s  Memory: 1430.00M
XOR differences: 0
"output" in: xor.drc:86
    Polygons (raw): 0 (flat)  0 (hierarchical)
    Elapsed: 0.000s  Memory: 1391.00M
--- Running XOR for layer 93/44 ---
"input" in: xor.drc:109
    Polygons (raw): 2993 (flat)  131 (hierarchical)
    Elapsed: 0.000s  Memory: 1391.00M
"input" in: xor.drc:109
    Polygons (raw): 2993 (flat)  131 (hierarchical)
    Elapsed: 0.000s  Memory: 1391.00M
"^" in: xor.drc:109
    Polygons (raw): 0 (flat)  0 (hierarchical)
    Elapsed: 0.030s  Memory: 1415.00M
XOR differences: 0
"output" in: xor.drc:86
    Polygons (raw): 0 (flat)  0 (hierarchical)
    Elapsed: 0.000s  Memory: 1391.00M
--- Running XOR for layer 94/20 ---
"input" in: xor.drc:109
    Polygons (raw): 2993 (flat)  131 (hierarchical)
    Elapsed: 0.000s  Memory: 1391.00M
"input" in: xor.drc:109
    Polygons (raw): 2993 (flat)  131 (hierarchical)
    Elapsed: 0.000s  Memory: 1391.00M
"^" in: xor.drc:109
    Polygons (raw): 0 (flat)  0 (hierarchical)
    Elapsed: 0.030s  Memory: 1447.00M
XOR differences: 0
"output" in: xor.drc:86
    Polygons (raw): 0 (flat)  0 (hierarchical)
    Elapsed: 0.000s  Memory: 1391.00M
--- Running XOR for layer 95/20 ---
"input" in: xor.drc:109
    Polygons (raw): 2088 (flat)  133 (hierarchical)
    Elapsed: 0.000s  Memory: 1391.00M
"input" in: xor.drc:109
    Polygons (raw): 2088 (flat)  133 (hierarchical)
    Elapsed: 0.000s  Memory: 1392.00M
"^" in: xor.drc:109
    Polygons (raw): 0 (flat)  0 (hierarchical)
    Elapsed: 0.020s  Memory: 1440.00M
XOR differences: 0
"output" in: xor.drc:86
    Polygons (raw): 0 (flat)  0 (hierarchical)
    Elapsed: 0.000s  Memory: 1392.00M
---
Total XOR differences: 0
Writing report database: /home/anils_0611/vlsi_projects/pe_asic/pnr/config/runs/reg_run1/60-klayout-xor/xor.xml ..
Total elapsed: 1.380s  Memory: 1392.00M
/home/anils_0611/vlsi_projects/pe_asic/pnr/config/runs/reg_run1/56-magic-streamout/PE.magic.gds
/home/anils_0611/vlsi_projects/pe_asic/pnr/config/runs/reg_run1/57-klayout-streamout/PE.klayout.gds
%OL_METRIC_I design__xor_difference__count 0
