
===========================================================================
report_checks -unconstrained
===========================================================================
======================= nom_tt_025C_1v80 Corner ===================================

Startpoint: a_in[6] (input port clocked by clk)
Endpoint: _1431_ (rising edge-triggered flip-flop clocked by clk)
Path Group: clk
Path Type: max

Fanout         Cap        Slew       Delay        Time   Description
---------------------------------------------------------------------------------------------
                                  0.000000    0.000000   clock clk (rise edge)
                                  0.000000    0.000000   clock network delay (propagated)
                                  1.000000    1.000000 v input external delay
     1    0.003508    0.010276    0.005642    1.005642 v a_in[6] (in)
                                                         a_in[6] (net)
                      0.010281    0.000000    1.005642 v input7/A (sky130_fd_sc_hd__clkbuf_1)
     1    0.007370    0.050558    0.094008    1.099650 v input7/X (sky130_fd_sc_hd__clkbuf_1)
                                                         net7 (net)
                      0.050560    0.000347    1.099997 v fanout96/A (sky130_fd_sc_hd__buf_6)
     2    0.007445    0.023562    0.114634    1.214631 v fanout96/X (sky130_fd_sc_hd__buf_6)
                                                         net96 (net)
                      0.023562    0.000219    1.214850 v fanout95/A (sky130_fd_sc_hd__buf_6)
     6    0.040555    0.048672    0.131401    1.346251 v fanout95/X (sky130_fd_sc_hd__buf_6)
                                                         net95 (net)
                      0.048683    0.000762    1.347013 v fanout94/A (sky130_fd_sc_hd__buf_12)
     4    0.019288    0.028319    0.126224    1.473237 v fanout94/X (sky130_fd_sc_hd__buf_12)
                                                         net94 (net)
                      0.028319    0.000720    1.473957 v fanout93/A (sky130_fd_sc_hd__buf_12)
    10    0.056930    0.044476    0.137457    1.611414 v fanout93/X (sky130_fd_sc_hd__buf_12)
                                                         net93 (net)
                      0.044640    0.001548    1.612962 v _1066_/A1 (sky130_fd_sc_hd__a22oi_4)
     4    0.019588    0.212963    0.221082    1.834044 ^ _1066_/Y (sky130_fd_sc_hd__a22oi_4)
                                                         _0396_ (net)
                      0.212963    0.000563    1.834607 ^ rebuffer34/A (sky130_fd_sc_hd__buf_6)
     1    0.011071    0.037625    0.136792    1.971399 ^ rebuffer34/X (sky130_fd_sc_hd__buf_6)
                                                         net166 (net)
                      0.037639    0.000453    1.971853 ^ _1139_/A1 (sky130_fd_sc_hd__o221ai_4)
     3    0.013517    0.105419    0.124308    2.096161 v _1139_/Y (sky130_fd_sc_hd__o221ai_4)
                                                         _0468_ (net)
                      0.105420    0.000619    2.096780 v _1143_/C1 (sky130_fd_sc_hd__o2111a_1)
     1    0.009440    0.072214    0.184888    2.281668 v _1143_/X (sky130_fd_sc_hd__o2111a_1)
                                                         _0472_ (net)
                      0.072214    0.000381    2.282049 v _1148_/A2 (sky130_fd_sc_hd__o21ai_4)
     3    0.019562    0.185828    0.191046    2.473095 ^ _1148_/Y (sky130_fd_sc_hd__o21ai_4)
                                                         _0477_ (net)
                      0.185828    0.000642    2.473737 ^ rebuffer3/A (sky130_fd_sc_hd__clkbuf_1)
     1    0.006776    0.088922    0.142600    2.616337 ^ rebuffer3/X (sky130_fd_sc_hd__clkbuf_1)
                                                         net135 (net)
                      0.088922    0.000281    2.616618 ^ rebuffer2/A (sky130_fd_sc_hd__buf_6)
     1    0.008844    0.031608    0.103392    2.720010 ^ rebuffer2/X (sky130_fd_sc_hd__buf_6)
                                                         net134 (net)
                      0.031609    0.000187    2.720197 ^ _1164_/C1 (sky130_fd_sc_hd__o221ai_4)
     1    0.009907    0.092313    0.090065    2.810261 v _1164_/Y (sky130_fd_sc_hd__o221ai_4)
                                                         _0493_ (net)
                      0.092313    0.000406    2.810667 v _1169_/B (sky130_fd_sc_hd__nand3_4)
     4    0.023611    0.105872    0.126793    2.937461 ^ _1169_/Y (sky130_fd_sc_hd__nand3_4)
                                                         _0498_ (net)
                      0.105874    0.001012    2.938472 ^ rebuffer25/A (sky130_fd_sc_hd__buf_6)
     1    0.009985    0.033678    0.110765    3.049237 ^ rebuffer25/X (sky130_fd_sc_hd__buf_6)
                                                         net157 (net)
                      0.033678    0.000282    3.049519 ^ _1175_/A1 (sky130_fd_sc_hd__a21oi_4)
     3    0.018457    0.079624    0.059605    3.109124 v _1175_/Y (sky130_fd_sc_hd__a21oi_4)
                                                         _0504_ (net)
                      0.079632    0.000731    3.109854 v _1180_/B1 (sky130_fd_sc_hd__o221ai_4)
     4    0.022908    0.265980    0.253822    3.363676 ^ _1180_/Y (sky130_fd_sc_hd__o221ai_4)
                                                         _0509_ (net)
                      0.265980    0.000776    3.364452 ^ _1239_/A (sky130_fd_sc_hd__nand4_4)
     1    0.009955    0.111413    0.127552    3.492004 v _1239_/Y (sky130_fd_sc_hd__nand4_4)
                                                         _0566_ (net)
                      0.111413    0.000299    3.492303 v _1328_/A1 (sky130_fd_sc_hd__o21ai_4)
     4    0.014015    0.152758    0.202973    3.695276 ^ _1328_/Y (sky130_fd_sc_hd__o21ai_4)
                                                         _0653_ (net)
                      0.152758    0.000655    3.695931 ^ _1353_/A1 (sky130_fd_sc_hd__a31oi_1)
     1    0.004078    0.090078    0.105929    3.801861 v _1353_/Y (sky130_fd_sc_hd__a31oi_1)
                                                         _0676_ (net)
                      0.090078    0.000148    3.802009 v _1361_/A2 (sky130_fd_sc_hd__o211ai_1)
     1    0.003769    0.160840    0.182399    3.984408 ^ _1361_/Y (sky130_fd_sc_hd__o211ai_1)
                                                         _0684_ (net)
                      0.160840    0.000133    3.984541 ^ _1362_/B1 (sky130_fd_sc_hd__o41ai_1)
     1    0.003142    0.067552    0.099646    4.084187 v _1362_/Y (sky130_fd_sc_hd__o41ai_1)
                                                         _0057_ (net)
                      0.067552    0.000102    4.084289 v _1431_/D (sky130_fd_sc_hd__dfxtp_1)
                                              4.084289   data arrival time

                                  5.000000    5.000000   clock clk (rise edge)
                                  0.000000    5.000000   clock source latency
     1    0.017029    0.082485    0.056720    5.056720 ^ clk (in)
                                                         clk (net)
                      0.082499    0.000000    5.056720 ^ clkbuf_0_clk/A (sky130_fd_sc_hd__clkbuf_16)
     8    0.077998    0.095262    0.182396    5.239116 ^ clkbuf_0_clk/X (sky130_fd_sc_hd__clkbuf_16)
                                                         clknet_0_clk (net)
                      0.095480    0.003219    5.242336 ^ clkbuf_3_4__f_clk/A (sky130_fd_sc_hd__clkbuf_16)
     7    0.028725    0.049955    0.151867    5.394203 ^ clkbuf_3_4__f_clk/X (sky130_fd_sc_hd__clkbuf_16)
                                                         clknet_3_4__leaf_clk (net)
                      0.049958    0.000695    5.394897 ^ _1431_/CLK (sky130_fd_sc_hd__dfxtp_1)
                                 -0.250000    5.144897   clock uncertainty
                                  0.000000    5.144897   clock reconvergence pessimism
                                 -0.119270    5.025628   library setup time
                                              5.025628   data required time
---------------------------------------------------------------------------------------------
                                              5.025628   data required time
                                             -4.084289   data arrival time
---------------------------------------------------------------------------------------------
                                              0.941339   slack (MET)




===========================================================================
report_checks --slack_max -0.01
============================================================================
======================= nom_tt_025C_1v80 Corner ===================================

No paths found.


===========================================================================
 report_check_types -max_slew -max_cap -max_fanout -violators
============================================================================
======================= nom_tt_025C_1v80 Corner ===================================

max fanout

Pin                                   Limit Fanout  Slack
---------------------------------------------------------
clkbuf_3_2__f_clk/X                      10     11        (VIOLATED)
clkbuf_3_3__f_clk/X                      10     11        (VIOLATED)
clkbuf_3_7__f_clk/X                      10     11        (VIOLATED)



===========================================================================
report_parasitic_annotation -report_unannotated
============================================================================
Found 7 unannotated drivers.
 clkload0/X
 clkload1/Y
 clkload2/X
 clkload3/Y
 clkload4/Y
 clkload5/Y
 clkload6/X
Found 0 partially unannotated drivers.

===========================================================================
max slew violation count 0
Writing metric design__max_slew_violation__count__corner:nom_tt_025C_1v80: 0
max fanout violation count 3
Writing metric design__max_fanout_violation__count__corner:nom_tt_025C_1v80: 3
max cap violation count 0
Writing metric design__max_cap_violation__count__corner:nom_tt_025C_1v80: 0
============================================================================

===========================================================================
check_setup -verbose -unconstrained_endpoints -multiple_clock -no_clock -no_input_delay -loops -generated_clocks
===========================================================================
