Clock: clk
Sources: clk 
Generated: no
Virtual: yes
Propagated: no
Period: 5.000000

===========================================================================
report_clock_properties
============================================================================
Clock                   Period          Waveform
----------------------------------------------------
clk                   5.000000    0.000000  2.500000

===========================================================================
report_clock_latency
============================================================================
Clock clk
rise -> rise
    min     max
0.000000 0.000000 source latency
0.392254         network latency _1423_/CLK
        0.400985 network latency _1375_/CLK
---------------
0.392254 0.400985 latency
        0.008731 skew

fall -> fall
    min     max
0.000000 0.000000 source latency
0.359958         network latency _1423_/CLK
        0.367869 network latency _1375_/CLK
---------------
0.359958 0.367869 latency
        0.007911 skew



===========================================================================
report_clock_min_period
============================================================================
clk period_min = 3.18 fmax = 314.76
