
===========================================================================
report_checks -unconstrained
===========================================================================
======================= min_tt_025C_1v80 Corner ===================================

Startpoint: a_in[5] (input port clocked by clk)
Endpoint: _1432_ (rising edge-triggered flip-flop clocked by clk)
Path Group: clk
Path Type: max

Fanout         Cap        Slew       Delay        Time   Description
---------------------------------------------------------------------------------------------
                                  0.000000    0.000000   clock clk (rise edge)
                                  0.000000    0.000000   clock network delay (propagated)
                                  1.000000    1.000000 ^ input external delay
     1    0.009380    0.048648    0.032014    1.032014 ^ a_in[5] (in)
                                                         a_in[5] (net)
                      0.048648    0.000000    1.032014 ^ input6/A (sky130_fd_sc_hd__clkbuf_2)
     2    0.026251    0.147152    0.179030    1.211044 ^ input6/X (sky130_fd_sc_hd__clkbuf_2)
                                                         net6 (net)
                      0.147152    0.000269    1.211313 ^ fanout101/A (sky130_fd_sc_hd__buf_8)
     3    0.027292    0.056340    0.136575    1.347888 ^ fanout101/X (sky130_fd_sc_hd__buf_8)
                                                         net101 (net)
                      0.056344    0.000544    1.348432 ^ fanout100/A (sky130_fd_sc_hd__buf_6)
     5    0.054767    0.115004    0.157190    1.505622 ^ fanout100/X (sky130_fd_sc_hd__buf_6)
                                                         net100 (net)
                      0.115005    0.000603    1.506225 ^ _1065_/B (sky130_fd_sc_hd__nand2_4)
     4    0.031034    0.077363    0.099384    1.605609 v _1065_/Y (sky130_fd_sc_hd__nand2_4)
                                                         _0395_ (net)
                      0.077382    0.000998    1.606607 v _1073_/B1 (sky130_fd_sc_hd__a41o_4)
     3    0.013104    0.050380    0.263588    1.870194 v _1073_/X (sky130_fd_sc_hd__a41o_4)
                                                         _0403_ (net)
                      0.050380    0.000048    1.870243 v _1076_/A1 (sky130_fd_sc_hd__o211ai_4)
     5    0.021952    0.236551    0.251700    2.121943 ^ _1076_/Y (sky130_fd_sc_hd__o211ai_4)
                                                         _0406_ (net)
                      0.236551    0.000373    2.122315 ^ rebuffer46/A (sky130_fd_sc_hd__buf_1)
     1    0.003130    0.049438    0.120759    2.243074 ^ rebuffer46/X (sky130_fd_sc_hd__buf_1)
                                                         net182 (net)
                      0.049438    0.000021    2.243096 ^ rebuffer45/A (sky130_fd_sc_hd__buf_1)
     1    0.004069    0.057963    0.092325    2.335421 ^ rebuffer45/X (sky130_fd_sc_hd__buf_1)
                                                         net181 (net)
                      0.057963    0.000061    2.335482 ^ rebuffer41/A (sky130_fd_sc_hd__buf_1)
     1    0.006570    0.085964    0.114814    2.450296 ^ rebuffer41/X (sky130_fd_sc_hd__buf_1)
                                                         net177 (net)
                      0.085964    0.000133    2.450430 ^ rebuffer40/A (sky130_fd_sc_hd__buf_1)
     1    0.005693    0.076273    0.115269    2.565699 ^ rebuffer40/X (sky130_fd_sc_hd__buf_1)
                                                         net176 (net)
                      0.076273    0.000113    2.565812 ^ rebuffer39/A (sky130_fd_sc_hd__dlymetal6s4s_1)
     1    0.010545    0.128260    0.236588    2.802400 ^ rebuffer39/X (sky130_fd_sc_hd__dlymetal6s4s_1)
                                                         net175 (net)
                      0.128260    0.000121    2.802522 ^ _1149_/A2 (sky130_fd_sc_hd__a21oi_4)
     2    0.019575    0.087200    0.092702    2.895224 v _1149_/Y (sky130_fd_sc_hd__a21oi_4)
                                                         _0478_ (net)
                      0.087205    0.000687    2.895912 v _1223_/A1_N (sky130_fd_sc_hd__a2bb2oi_4)
     2    0.013065    0.070214    0.189999    3.085911 v _1223_/Y (sky130_fd_sc_hd__a2bb2oi_4)
                                                         _0551_ (net)
                      0.070214    0.000137    3.086047 v _1228_/B1 (sky130_fd_sc_hd__o22ai_4)
     4    0.026709    0.261101    0.228154    3.314202 ^ _1228_/Y (sky130_fd_sc_hd__o22ai_4)
                                                         _0556_ (net)
                      0.261101    0.000451    3.314653 ^ _1231_/A1 (sky130_fd_sc_hd__a22o_4)
     2    0.019518    0.071518    0.212458    3.527111 ^ _1231_/X (sky130_fd_sc_hd__a22o_4)
                                                         _0559_ (net)
                      0.071518    0.000177    3.527288 ^ _1239_/B (sky130_fd_sc_hd__nand4_4)
     1    0.009723    0.108496    0.099210    3.626498 v _1239_/Y (sky130_fd_sc_hd__nand4_4)
                                                         _0566_ (net)
                      0.108496    0.000124    3.626622 v _1328_/A1 (sky130_fd_sc_hd__o21ai_4)
     4    0.023596    0.209948    0.245983    3.872606 ^ _1328_/Y (sky130_fd_sc_hd__o21ai_4)
                                                         _0653_ (net)
                      0.209948    0.000689    3.873295 ^ rebuffer58/A (sky130_fd_sc_hd__buf_6)
     1    0.009571    0.035221    0.133893    4.007188 ^ rebuffer58/X (sky130_fd_sc_hd__buf_6)
                                                         net194 (net)
                      0.035221    0.000105    4.007293 ^ _1350_/A (sky130_fd_sc_hd__nand3_4)
     2    0.013002    0.094696    0.065865    4.073158 v _1350_/Y (sky130_fd_sc_hd__nand3_4)
                                                         _0673_ (net)
                      0.094696    0.000235    4.073393 v _1360_/A2_N (sky130_fd_sc_hd__o2bb2ai_2)
     1    0.003286    0.083828    0.134643    4.208036 v _1360_/Y (sky130_fd_sc_hd__o2bb2ai_2)
                                                         _0683_ (net)
                      0.083828    0.000039    4.208075 v _1365_/A1 (sky130_fd_sc_hd__a31oi_1)
     1    0.002630    0.121012    0.136125    4.344199 ^ _1365_/Y (sky130_fd_sc_hd__a31oi_1)
                                                         _0058_ (net)
                      0.121012    0.000029    4.344229 ^ _1432_/D (sky130_fd_sc_hd__dfxtp_1)
                                              4.344229   data arrival time

                                  5.000000    5.000000   clock clk (rise edge)
                                  0.000000    5.000000   clock source latency
     1    0.020832    0.099470    0.068595    5.068595 ^ clk (in)
                                                         clk (net)
                      0.099488    0.000000    5.068595 ^ clkbuf_0_clk/A (sky130_fd_sc_hd__clkbuf_16)
     8    0.086378    0.102886    0.196183    5.264778 ^ clkbuf_0_clk/X (sky130_fd_sc_hd__clkbuf_16)
                                                         clknet_0_clk (net)
                      0.102888    0.000659    5.265437 ^ clkbuf_3_0__f_clk/A (sky130_fd_sc_hd__clkbuf_16)
     8    0.029915    0.051037    0.155638    5.421074 ^ clkbuf_3_0__f_clk/X (sky130_fd_sc_hd__clkbuf_16)
                                                         clknet_3_0__leaf_clk (net)
                      0.051038    0.000384    5.421459 ^ _1432_/CLK (sky130_fd_sc_hd__dfxtp_1)
                                 -0.250000    5.171459   clock uncertainty
                                  0.000000    5.171459   clock reconvergence pessimism
                                 -0.070677    5.100781   library setup time
                                              5.100781   data required time
---------------------------------------------------------------------------------------------
                                              5.100781   data required time
                                             -4.344229   data arrival time
---------------------------------------------------------------------------------------------
                                              0.756553   slack (MET)




===========================================================================
report_checks --slack_max -0.01
============================================================================
======================= min_tt_025C_1v80 Corner ===================================

No paths found.


===========================================================================
 report_check_types -max_slew -max_cap -max_fanout -violators
============================================================================
======================= min_tt_025C_1v80 Corner ===================================

max fanout

Pin                                   Limit Fanout  Slack
---------------------------------------------------------
clkbuf_3_2__f_clk/X                      10     11        (VIOLATED)
clkbuf_3_5__f_clk/X                      10     11        (VIOLATED)
clkbuf_3_6__f_clk/X                      10     11        (VIOLATED)
clkbuf_3_7__f_clk/X                      10     11        (VIOLATED)



===========================================================================
report_parasitic_annotation -report_unannotated
============================================================================
Found 7 unannotated drivers.
 clkload0/Y
 clkload1/Y
 clkload2/X
 clkload3/Y
 clkload4/Y
 clkload5/X
 clkload6/X
Found 0 partially unannotated drivers.

===========================================================================
max slew violation count 0
max fanout violation count 4
max cap violation count 0
============================================================================

===========================================================================
check_setup -verbose -unconstrained_endpoints -multiple_clock -no_clock -no_input_delay -loops -generated_clocks
===========================================================================
