Clock: clk
Sources: clk 
Generated: no
Virtual: yes
Propagated: no
Period: 5.000000

===========================================================================
report_clock_properties
============================================================================
Clock                   Period          Waveform
----------------------------------------------------
clk                   5.000000    0.000000  2.500000

===========================================================================
report_clock_latency
============================================================================
Clock clk
rise -> rise
    min     max
0.000000 0.000000 source latency
0.419309         network latency _1419_/CLK
        0.426617 network latency _1382_/CLK
---------------
0.419309 0.426617 latency
        0.007308 skew

fall -> fall
    min     max
0.000000 0.000000 source latency
0.376625         network latency _1419_/CLK
        0.382934 network latency _1382_/CLK
---------------
0.376625 0.382934 latency
        0.006310 skew



===========================================================================
report_clock_min_period
============================================================================
clk period_min = 3.18 fmax = 314.07
