                                                                     Buffers by Cell Master                                                                     
┏━━━━━━━━━━━━━━━━━━━━━━━━━━━━━━━━━━━━━━━━━━━━━━━━━━━━━━━━━━━━━━━━━━━━━━━━━━━━━━━━━━━━━━━━━━━━━━━━━━━━━━━━━━━━━━━━━━━━━━━━━━━━━━━━━━┳━━━━━━━━━━━━━━━━━━━━━━━━━━━┓
┃ Buffer                                                                                                                           ┃ Count                     ┃
┡━━━━━━━━━━━━━━━━━━━━━━━━━━━━━━━━━━━━━━━━━━━━━━━━━━━━━━━━━━━━━━━━━━━━━━━━━━━━━━━━━━━━━━━━━━━━━━━━━━━━━━━━━━━━━━━━━━━━━━━━━━━━━━━━━━╇━━━━━━━━━━━━━━━━━━━━━━━━━━━┩
│ sky130_fd_sc_hd__buf_1                                                                                                           │ 15                        │
│ sky130_fd_sc_hd__buf_12                                                                                                          │ 6                         │
│ sky130_fd_sc_hd__buf_2                                                                                                           │ 75                        │
│ sky130_fd_sc_hd__buf_4                                                                                                           │ 15                        │
│ sky130_fd_sc_hd__buf_6                                                                                                           │ 28                        │
│ sky130_fd_sc_hd__buf_8                                                                                                           │ 7                         │
│ sky130_fd_sc_hd__clkbuf_1                                                                                                        │ 13                        │
│ sky130_fd_sc_hd__clkbuf_16                                                                                                       │ 9                         │
│ sky130_fd_sc_hd__clkbuf_2                                                                                                        │ 16                        │
│ sky130_fd_sc_hd__clkbuf_4                                                                                                        │ 13                        │
│ sky130_fd_sc_hd__clkbuf_8                                                                                                        │ 3                         │
│ sky130_fd_sc_hd__dlygate4sd1_1                                                                                                   │ 27                        │
│ sky130_fd_sc_hd__dlygate4sd3_1                                                                                                   │ 69                        │
│ sky130_fd_sc_hd__dlymetal6s2s_1                                                                                                  │ 18                        │
│ sky130_fd_sc_hd__dlymetal6s4s_1                                                                                                  │ 2                         │
└──────────────────────────────────────────────────────────────────────────────────────────────────────────────────────────────────┴───────────────────────────┘
