                                                                        Cells by Master                                                                         
┏━━━━━━━━━━━━━━━━━━━━━━━━━━━━━━━━━━━━━━━━━━━━━━━━━━━━━━━━━━━━━━━━━━━━━━━━━━━━━━━━━━━━━━━━━━━━━━━━━━━━━━━━━━━━━━━━━━━━━━━━━━━━━━━━━━┳━━━━━━━━━━━━━━━━━━━━━━━━━━━┓
┃ Cell                                                                                                                             ┃ Count                     ┃
┡━━━━━━━━━━━━━━━━━━━━━━━━━━━━━━━━━━━━━━━━━━━━━━━━━━━━━━━━━━━━━━━━━━━━━━━━━━━━━━━━━━━━━━━━━━━━━━━━━━━━━━━━━━━━━━━━━━━━━━━━━━━━━━━━━━╇━━━━━━━━━━━━━━━━━━━━━━━━━━━┩
│ sky130_ef_sc_hd__decap_12                                                                                                        │ 333                       │
│ sky130_fd_sc_hd__a2111oi_1                                                                                                       │ 2                         │
│ sky130_fd_sc_hd__a211o_1                                                                                                         │ 4                         │
│ sky130_fd_sc_hd__a211oi_2                                                                                                        │ 2                         │
│ sky130_fd_sc_hd__a21boi_4                                                                                                        │ 1                         │
│ sky130_fd_sc_hd__a21o_1                                                                                                          │ 21                        │
│ sky130_fd_sc_hd__a21o_4                                                                                                          │ 1                         │
│ sky130_fd_sc_hd__a21oi_1                                                                                                         │ 20                        │
│ sky130_fd_sc_hd__a21oi_2                                                                                                         │ 9                         │
│ sky130_fd_sc_hd__a21oi_4                                                                                                         │ 7                         │
│ sky130_fd_sc_hd__a221o_1                                                                                                         │ 1                         │
│ sky130_fd_sc_hd__a221oi_4                                                                                                        │ 1                         │
│ sky130_fd_sc_hd__a22o_1                                                                                                          │ 24                        │
│ sky130_fd_sc_hd__a22o_2                                                                                                          │ 4                         │
│ sky130_fd_sc_hd__a22o_4                                                                                                          │ 5                         │
│ sky130_fd_sc_hd__a22oi_1                                                                                                         │ 6                         │
│ sky130_fd_sc_hd__a22oi_2                                                                                                         │ 5                         │
│ sky130_fd_sc_hd__a22oi_4                                                                                                         │ 19                        │
│ sky130_fd_sc_hd__a2bb2o_1                                                                                                        │ 3                         │
│ sky130_fd_sc_hd__a2bb2o_2                                                                                                        │ 1                         │
│ sky130_fd_sc_hd__a2bb2o_4                                                                                                        │ 2                         │
│ sky130_fd_sc_hd__a2bb2oi_1                                                                                                       │ 1                         │
│ sky130_fd_sc_hd__a2bb2oi_2                                                                                                       │ 3                         │
│ sky130_fd_sc_hd__a311o_1                                                                                                         │ 2                         │
│ sky130_fd_sc_hd__a311oi_1                                                                                                        │ 2                         │
│ sky130_fd_sc_hd__a31o_1                                                                                                          │ 21                        │
│ sky130_fd_sc_hd__a31oi_1                                                                                                         │ 4                         │
│ sky130_fd_sc_hd__a31oi_2                                                                                                         │ 2                         │
│ sky130_fd_sc_hd__a32o_1                                                                                                          │ 3                         │
│ sky130_fd_sc_hd__a32oi_4                                                                                                         │ 2                         │
│ sky130_fd_sc_hd__a41o_1                                                                                                          │ 8                         │
│ sky130_fd_sc_hd__a41oi_1                                                                                                         │ 1                         │
│ sky130_fd_sc_hd__a41oi_2                                                                                                         │ 2                         │
│ sky130_fd_sc_hd__and2_1                                                                                                          │ 18                        │
│ sky130_fd_sc_hd__and2b_1                                                                                                         │ 1                         │
│ sky130_fd_sc_hd__and3_1                                                                                                          │ 32                        │
│ sky130_fd_sc_hd__and3_4                                                                                                          │ 1                         │
│ sky130_fd_sc_hd__and4_1                                                                                                          │ 21                        │
│ sky130_fd_sc_hd__and4_2                                                                                                          │ 2                         │
│ sky130_fd_sc_hd__and4_4                                                                                                          │ 2                         │
│ sky130_fd_sc_hd__and4b_1                                                                                                         │ 4                         │
│ sky130_fd_sc_hd__buf_1                                                                                                           │ 15                        │
│ sky130_fd_sc_hd__buf_12                                                                                                          │ 6                         │
│ sky130_fd_sc_hd__buf_2                                                                                                           │ 75                        │
│ sky130_fd_sc_hd__buf_4                                                                                                           │ 15                        │
│ sky130_fd_sc_hd__buf_6                                                                                                           │ 28                        │
│ sky130_fd_sc_hd__buf_8                                                                                                           │ 7                         │
│ sky130_fd_sc_hd__bufinv_16                                                                                                       │ 1                         │
│ sky130_fd_sc_hd__clkbuf_1                                                                                                        │ 13                        │
│ sky130_fd_sc_hd__clkbuf_16                                                                                                       │ 9                         │
│ sky130_fd_sc_hd__clkbuf_2                                                                                                        │ 16                        │
│ sky130_fd_sc_hd__clkbuf_4                                                                                                        │ 13                        │
│ sky130_fd_sc_hd__clkbuf_8                                                                                                        │ 3                         │
│ sky130_fd_sc_hd__clkinv_2                                                                                                        │ 1                         │
│ sky130_fd_sc_hd__clkinv_4                                                                                                        │ 5                         │
│ sky130_fd_sc_hd__clkinvlp_4                                                                                                      │ 1                         │
│ sky130_fd_sc_hd__decap_3                                                                                                         │ 238                       │
│ sky130_fd_sc_hd__decap_4                                                                                                         │ 110                       │
│ sky130_fd_sc_hd__decap_6                                                                                                         │ 89                        │
│ sky130_fd_sc_hd__decap_8                                                                                                         │ 137                       │
│ sky130_fd_sc_hd__dfxtp_1                                                                                                         │ 60                        │
│ sky130_fd_sc_hd__dfxtp_2                                                                                                         │ 5                         │
│ sky130_fd_sc_hd__dfxtp_4                                                                                                         │ 2                         │
│ sky130_fd_sc_hd__dlygate4sd1_1                                                                                                   │ 27                        │
│ sky130_fd_sc_hd__dlygate4sd3_1                                                                                                   │ 69                        │
│ sky130_fd_sc_hd__dlymetal6s2s_1                                                                                                  │ 18                        │
│ sky130_fd_sc_hd__dlymetal6s4s_1                                                                                                  │ 2                         │
│ sky130_fd_sc_hd__fill_1                                                                                                          │ 232                       │
│ sky130_fd_sc_hd__fill_2                                                                                                          │ 176                       │
│ sky130_fd_sc_hd__inv_2                                                                                                           │ 17                        │
│ sky130_fd_sc_hd__inv_4                                                                                                           │ 1                         │
│ sky130_fd_sc_hd__nand2_1                                                                                                         │ 45                        │
│ sky130_fd_sc_hd__nand2_2                                                                                                         │ 14                        │
│ sky130_fd_sc_hd__nand2_4                                                                                                         │ 4                         │
│ sky130_fd_sc_hd__nand2b_1                                                                                                        │ 2                         │
│ sky130_fd_sc_hd__nand3_1                                                                                                         │ 13                        │
│ sky130_fd_sc_hd__nand3_2                                                                                                         │ 6                         │
│ sky130_fd_sc_hd__nand3_4                                                                                                         │ 10                        │
│ sky130_fd_sc_hd__nand3b_1                                                                                                        │ 3                         │
│ sky130_fd_sc_hd__nand3b_2                                                                                                        │ 1                         │
│ sky130_fd_sc_hd__nand3b_4                                                                                                        │ 3                         │
│ sky130_fd_sc_hd__nand4_1                                                                                                         │ 11                        │
│ sky130_fd_sc_hd__nand4_2                                                                                                         │ 10                        │
│ sky130_fd_sc_hd__nand4_4                                                                                                         │ 22                        │
│ sky130_fd_sc_hd__nand4b_2                                                                                                        │ 1                         │
│ sky130_fd_sc_hd__nor2_1                                                                                                          │ 21                        │
│ sky130_fd_sc_hd__nor2_2                                                                                                          │ 5                         │
│ sky130_fd_sc_hd__nor3_2                                                                                                          │ 1                         │
│ sky130_fd_sc_hd__nor3b_1                                                                                                         │ 1                         │
│ sky130_fd_sc_hd__nor4_2                                                                                                          │ 1                         │
│ sky130_fd_sc_hd__o2111a_1                                                                                                        │ 4                         │
│ sky130_fd_sc_hd__o2111ai_2                                                                                                       │ 1                         │
│ sky130_fd_sc_hd__o2111ai_4                                                                                                       │ 9                         │
│ sky130_fd_sc_hd__o211a_1                                                                                                         │ 24                        │
│ sky130_fd_sc_hd__o211a_4                                                                                                         │ 2                         │
│ sky130_fd_sc_hd__o211ai_1                                                                                                        │ 2                         │
│ sky130_fd_sc_hd__o211ai_2                                                                                                        │ 12                        │
│ sky130_fd_sc_hd__o211ai_4                                                                                                        │ 16                        │
│ sky130_fd_sc_hd__o21a_1                                                                                                          │ 9                         │
│ sky130_fd_sc_hd__o21a_4                                                                                                          │ 4                         │
│ sky130_fd_sc_hd__o21ai_1                                                                                                         │ 30                        │
│ sky130_fd_sc_hd__o21ai_2                                                                                                         │ 7                         │
│ sky130_fd_sc_hd__o21ai_4                                                                                                         │ 8                         │
│ sky130_fd_sc_hd__o21bai_1                                                                                                        │ 4                         │
│ sky130_fd_sc_hd__o21bai_2                                                                                                        │ 4                         │
│ sky130_fd_sc_hd__o221a_1                                                                                                         │ 1                         │
│ sky130_fd_sc_hd__o221a_4                                                                                                         │ 1                         │
│ sky130_fd_sc_hd__o221ai_4                                                                                                        │ 11                        │
│ sky130_fd_sc_hd__o22a_1                                                                                                          │ 2                         │
│ sky130_fd_sc_hd__o22ai_2                                                                                                         │ 4                         │
│ sky130_fd_sc_hd__o22ai_4                                                                                                         │ 6                         │
│ sky130_fd_sc_hd__o2bb2a_1                                                                                                        │ 1                         │
│ sky130_fd_sc_hd__o2bb2a_2                                                                                                        │ 2                         │
│ sky130_fd_sc_hd__o2bb2ai_1                                                                                                       │ 5                         │
│ sky130_fd_sc_hd__o2bb2ai_2                                                                                                       │ 7                         │
│ sky130_fd_sc_hd__o2bb2ai_4                                                                                                       │ 4                         │
│ sky130_fd_sc_hd__o311a_1                                                                                                         │ 3                         │
│ sky130_fd_sc_hd__o311a_4                                                                                                         │ 1                         │
│ sky130_fd_sc_hd__o31a_1                                                                                                          │ 3                         │
│ sky130_fd_sc_hd__o31ai_4                                                                                                         │ 1                         │
│ sky130_fd_sc_hd__o32ai_2                                                                                                         │ 1                         │
│ sky130_fd_sc_hd__o41ai_1                                                                                                         │ 1                         │
│ sky130_fd_sc_hd__o41ai_4                                                                                                         │ 1                         │
│ sky130_fd_sc_hd__or2_1                                                                                                           │ 22                        │
│ sky130_fd_sc_hd__or3_1                                                                                                           │ 2                         │
│ sky130_fd_sc_hd__or3_2                                                                                                           │ 1                         │
│ sky130_fd_sc_hd__or4_4                                                                                                           │ 1                         │
│ sky130_fd_sc_hd__or4b_1                                                                                                          │ 1                         │
│ sky130_fd_sc_hd__tapvpwrvgnd_1                                                                                                   │ 302                       │
│ sky130_fd_sc_hd__xnor2_1                                                                                                         │ 2                         │
│ sky130_fd_sc_hd__xor2_1                                                                                                          │ 1                         │
└──────────────────────────────────────────────────────────────────────────────────────────────────────────────────────────────────┴───────────────────────────┘
