Clock: clk
Sources: clk 
Generated: no
Virtual: yes
Propagated: no
Period: 5.000000

===========================================================================
report_clock_properties
============================================================================
Clock                   Period          Waveform
----------------------------------------------------
clk                   5.000000    0.000000  2.500000

===========================================================================
report_clock_latency
============================================================================
Clock clk
rise -> rise
    min     max
0.000000 0.000000 source latency
0.527752         network latency _1406_/CLK
        0.531218 network latency _1412_/CLK
---------------
0.527752 0.531218 latency
        0.003466 skew

fall -> fall
    min     max
0.000000 0.000000 source latency
0.255788         network latency _1406_/CLK
        0.258992 network latency _1412_/CLK
---------------
0.255788 0.258992 latency
        0.003204 skew



===========================================================================
report_clock_min_period
============================================================================
clk period_min = 3.31 fmax = 302.24
