
===========================================================================
Violator List
============================================================================
[setup in-reg] a_in[6] -> _1428_/D : -2.724419
[setup in-reg] a_in[6] -> _1427_/D : -2.678810
[setup in-reg] a_in[6] -> _1432_/D : -2.585364
[setup in-reg] a_in[6] -> _1430_/D : -2.532171
[setup in-reg] b_in[1] -> _1426_/D : -2.521220
[setup in-reg] a_in[6] -> _1431_/D : -2.489236
[setup in-reg] a_in[6] -> _1429_/D : -2.425841
[setup in-reg] b_in[1] -> _1424_/D : -2.187842
[setup in-reg] b_in[1] -> _1425_/D : -2.041503
[setup in-reg] b_in[1] -> _1423_/D : -1.292890
[setup reg-reg] _1376_/Q -> _1388_/D : -1.205411
[setup reg-reg] _1376_/Q -> _1406_/D : -1.161736
[setup reg-reg] _1376_/Q -> _1402_/D : -1.095043
[setup reg-reg] _1376_/Q -> _1401_/D : -1.034049
[setup reg-reg] _1376_/Q -> _1393_/D : -1.008323
[setup reg-reg] _1376_/Q -> _1394_/D : -0.963463
[setup reg-reg] _1376_/Q -> _1400_/D : -0.961522
[setup reg-reg] _1376_/Q -> _1399_/D : -0.945019
[setup reg-reg] _1376_/Q -> _1396_/D : -0.935183
[setup reg-reg] _1376_/Q -> _1392_/D : -0.930519
[setup reg-reg] _1376_/Q -> _1398_/D : -0.927218
[setup reg-reg] _1376_/Q -> _1390_/D : -0.902801
[setup reg-reg] _1376_/Q -> _1397_/D : -0.765811
[setup in-reg] b_in[1] -> _1422_/D : -0.737596
[setup reg-reg] _1376_/Q -> _1404_/D : -0.715289
[setup reg-reg] _1376_/Q -> _1405_/D : -0.706959
[setup reg-reg] _1376_/Q -> _1395_/D : -0.677536
[setup reg-reg] _1376_/Q -> _1387_/D : -0.621939
[setup reg-reg] _1376_/Q -> _1389_/D : -0.613377
[setup reg-reg] _1376_/Q -> _1391_/D : -0.575344
[setup reg-reg] _1376_/Q -> _1386_/D : -0.574680
[setup reg-reg] _1376_/Q -> _1403_/D : -0.364992
[setup in-reg] b_in[1] -> _1420_/D : -0.256738
[setup reg-reg] _1376_/Q -> _1384_/D : -0.113622
[setup reg-reg] _1376_/Q -> _1385_/D : -0.054188
