Reading OpenROAD database at '/home/anils_0611/vlsi_projects/pe_asic/pnr/config/runs/reg_run1/18-openroad-tapendcapinsertion/PE.odb'…
Reading library file at '/home/anils_0611/.volare/volare/sky130/versions/0fe599b2afb6708d281543108caf8310912f54af/sky130A/libs.ref/sky130_fd_sc_hd/lib/sky130_fd_sc_hd__tt_025C_1v80.lib'…
Reading design constraints file at '/nix/store/9hhfv2x4r4x6v55799pa58jc2yni6awy-python3.11-openlane-2.3.10/lib/python3.11/site-packages/openlane/scripts/base.sdc'…
[INFO] Using clock clk…
[INFO] Setting output delay to: 1
[INFO] Setting input delay to: 1
[INFO] Setting load to: 0.033442
[INFO] Setting clock uncertainty to: 0.25
[INFO] Setting clock transition to: 0.1499999999999999944488848768742172978818416595458984375
[INFO] Setting timing derate to: 5%
[INFO] Setting global connections...
[INFO PDN-0001] Inserting grid: stdcell_grid
Setting global connections for newly added cells…
[INFO] Setting global connections...
Updating metrics…
Cell type report:                       Count       Area
  Fill cell                               106     397.88
  Tap cell                                302     377.86
  Inverter                                 22      82.58
  Sequential cell                          67    1425.12
  Multi-Input combinational cell          665    6889.11
  Total                                  1162    9172.55
Writing OpenROAD database to '/home/anils_0611/vlsi_projects/pe_asic/pnr/config/runs/reg_run1/20-openroad-generatepdn/PE.odb'…
Writing netlist to '/home/anils_0611/vlsi_projects/pe_asic/pnr/config/runs/reg_run1/20-openroad-generatepdn/PE.nl.v'…
Writing powered netlist to '/home/anils_0611/vlsi_projects/pe_asic/pnr/config/runs/reg_run1/20-openroad-generatepdn/PE.pnl.v'…
Writing layout to '/home/anils_0611/vlsi_projects/pe_asic/pnr/config/runs/reg_run1/20-openroad-generatepdn/PE.def'…
Writing timing constraints to '/home/anils_0611/vlsi_projects/pe_asic/pnr/config/runs/reg_run1/20-openroad-generatepdn/PE.sdc'…
[INFO PSM-0040] All shapes on net VPWR are connected.
[INFO PSM-0040] All shapes on net VGND are connected.
