Reading timing models for corner nom_tt_025C_1v80…
Reading timing library for the 'nom_tt_025C_1v80' corner at '/home/anils_0611/.volare/volare/sky130/versions/0fe599b2afb6708d281543108caf8310912f54af/sky130A/libs.ref/sky130_fd_sc_hd/lib/sky130_fd_sc_hd__tt_025C_1v80.lib'…
Reading timing models for corner nom_ff_n40C_1v95…
Reading timing library for the 'nom_ff_n40C_1v95' corner at '/home/anils_0611/.volare/volare/sky130/versions/0fe599b2afb6708d281543108caf8310912f54af/sky130A/libs.ref/sky130_fd_sc_hd/lib/sky130_fd_sc_hd__ff_n40C_1v95.lib'…
Reading timing models for corner nom_ss_100C_1v60…
Reading timing library for the 'nom_ss_100C_1v60' corner at '/home/anils_0611/.volare/volare/sky130/versions/0fe599b2afb6708d281543108caf8310912f54af/sky130A/libs.ref/sky130_fd_sc_hd/lib/sky130_fd_sc_hd__ss_100C_1v60.lib'…
Reading OpenROAD database at '/home/anils_0611/vlsi_projects/pe_asic/pnr/config/runs/reg_run4/34-openroad-cts/PE.odb'…
Reading design constraints file at '/nix/store/9hhfv2x4r4x6v55799pa58jc2yni6awy-python3.11-openlane-2.3.10/lib/python3.11/site-packages/openlane/scripts/base.sdc'…
[INFO] Using clock clk…
[INFO] Setting output delay to: 0
[INFO] Setting input delay to: 0
[INFO] Setting load to: 0.033442
[INFO] Setting clock uncertainty to: 0.25
[INFO] Setting clock transition to: 0.1499999999999999944488848768742172978818416595458984375
[INFO] Setting timing derate to: 5%
[INFO] Setting RC values…
[INFO RSZ-0094] Found 34 endpoints with setup violations.
[INFO RSZ-0099] Repairing 34 out of 34 (100.00%) violating endpoints...
   Iter   | Removed | Resized | Inserted | Cloned |  Pin  |    WNS   |   TNS      |  Viol  | Worst
          | Buffers |  Gates  | Buffers  |  Gates | Swaps |          |            | Endpts | Endpt
---------------------------------------------------------------------------------------------------
        0 |       0 |       0 |        0 |      0 |     0 |   -2.644 |      -58.7 |     34 | _1431_/D
       10 |       0 |       4 |        7 |      0 |     3 |   -2.446 |      -57.2 |     34 | _1431_/D
       20 |       0 |      10 |       14 |      0 |     5 |   -2.194 |      -54.8 |     34 | _1431_/D
       30 |       0 |      17 |       17 |      0 |     7 |   -2.115 |      -51.3 |     34 | _1431_/D
       40 |       0 |      21 |       22 |      0 |    11 |   -2.016 |      -50.1 |     34 | _1427_/D
       50 |       0 |      29 |       27 |      0 |    12 |   -2.015 |      -51.4 |     34 | _1431_/D
       60 |       0 |      37 |       31 |      0 |    13 |   -1.870 |      -49.9 |     34 | _1426_/D
       70 |       0 |      47 |       31 |      0 |    13 |   -1.786 |      -47.2 |     34 | _1426_/D
       80 |       0 |      52 |       37 |      0 |    15 |   -1.760 |      -46.5 |     34 | _1427_/D
       90 |       0 |      56 |       49 |      0 |    16 |   -1.890 |      -52.1 |     34 | _1393_/D
      100 |       0 |      64 |       49 |      0 |    18 |   -1.781 |      -50.2 |     34 | _1379_/D
      110 |       0 |      69 |       59 |      0 |    20 |   -1.752 |      -49.1 |     34 | _1390_/D
      120 |       0 |      76 |       63 |      0 |    21 |   -1.767 |      -47.7 |     34 | _1388_/D
      130 |       0 |      81 |       65 |      0 |    25 |   -1.653 |      -47.3 |     34 | _1427_/D
      140 |       0 |      86 |       67 |      0 |    29 |   -1.660 |      -47.2 |     34 | _1426_/D
      150 |       0 |      92 |       71 |      0 |    31 |   -1.637 |      -47.1 |     34 | _1426_/D
      160 |       0 |      99 |       76 |      0 |    32 |   -1.625 |      -46.1 |     34 | _1427_/D
      170 |       0 |     103 |       82 |      0 |    35 |   -1.684 |      -46.4 |     34 | _1426_/D
      180 |       0 |     106 |       92 |      0 |    37 |   -1.853 |      -47.9 |     34 | _1431_/D
      190 |       0 |     108 |      103 |      0 |    41 |   -1.918 |      -48.4 |     34 | _1426_/D
      200 |       0 |     113 |      108 |      0 |    44 |   -1.875 |      -48.0 |     34 | _1427_/D
      210 |       0 |     119 |      115 |      0 |    45 |   -1.799 |      -47.4 |     34 | _1426_/D
      217 |       0 |     107 |       98 |      0 |    34 |   -1.615 |      -46.1 |     34 | _1427_/D
      220 |       0 |     108 |      100 |      0 |    34 |   -1.608 |      -46.0 |     34 | _1427_/D
      230 |       0 |     110 |      117 |      0 |    35 |   -1.688 |      -46.4 |     34 | _1427_/D
      240 |       0 |     116 |      129 |      0 |    35 |   -1.612 |      -45.8 |     34 | _1427_/D
      250 |       0 |     122 |      134 |      1 |    36 |   -1.597 |      -45.4 |     34 | _1388_/D
      260 |       0 |     129 |      140 |      1 |    37 |   -1.597 |      -45.0 |     34 | _1388_/D
      262 |       0 |     130 |      140 |      1 |    37 |   -1.597 |      -45.0 |     34 | _1388_/D
      270 |       0 |     136 |      142 |      1 |    37 |   -1.597 |      -44.6 |     34 | _1388_/D
      280 |       0 |     144 |      142 |      1 |    39 |   -1.597 |      -44.5 |     34 | _1388_/D
      282 |       0 |     144 |      144 |      1 |    39 |   -1.597 |      -44.5 |     34 | _1388_/D
      290 |       0 |     146 |      152 |      1 |    40 |   -1.597 |      -44.7 |     34 | _1388_/D
      300 |       0 |     153 |      156 |      1 |    41 |   -1.621 |      -45.5 |     34 | _1428_/D
      310 |       0 |     159 |      161 |      1 |    43 |   -1.597 |      -45.2 |     34 | _1388_/D
      310 |       0 |     152 |      157 |      1 |    40 |   -1.597 |      -44.5 |     34 | _1388_/D
      320 |       0 |     159 |      161 |      1 |    40 |   -1.618 |      -45.3 |     34 | _1428_/D
      328 |       0 |     157 |      162 |      1 |    40 |   -1.597 |      -44.7 |     34 | _1388_/D
      330 |       0 |     158 |      162 |      1 |    40 |   -1.597 |      -44.7 |     34 | _1388_/D
      340 |       0 |     162 |      172 |      1 |    41 |   -1.749 |      -46.8 |     34 | _1431_/D
      350 |       0 |     170 |      172 |      1 |    43 |   -1.705 |      -46.4 |     34 | _1431_/D
      360 |       0 |     174 |      183 |      1 |    44 |   -1.698 |      -46.5 |     34 | _1428_/D
      362 |       0 |     161 |      172 |      1 |    40 |   -1.597 |      -44.7 |     34 | _1388_/D
      370 |       0 |     165 |      176 |      1 |    41 |   -1.597 |      -44.8 |     34 | _1388_/D
      378 |       0 |     165 |      176 |      1 |    41 |   -1.597 |      -44.5 |     34 | _1388_/D
      380 |       0 |     166 |      176 |      1 |    41 |   -1.597 |      -44.9 |     34 | _1388_/D
      390 |       0 |     172 |      184 |      1 |    41 |   -1.682 |      -46.9 |     34 | _1428_/D
      400 |       0 |     178 |      190 |      1 |    42 |   -1.847 |      -47.6 |     34 | _1426_/D
      410 |       0 |     183 |      200 |      1 |    42 |   -1.724 |      -46.9 |     34 | _1426_/D
      420 |       0 |     190 |      202 |      1 |    44 |   -1.692 |      -46.8 |     34 | _1426_/D
      423 |       0 |     177 |      189 |      1 |    41 |   -1.597 |      -44.9 |     34 | _1388_/D
      430 |       0 |     180 |      193 |      2 |    42 |   -1.588 |      -44.9 |     34 | _1388_/D
      437 |       0 |     183 |      193 |      3 |    45 |   -1.588 |      -45.3 |     34 | _1388_/D
      440 |       0 |     184 |      193 |      3 |    46 |   -1.588 |      -45.2 |     34 | _1388_/D
      441 |       0 |     185 |      193 |      3 |    46 |   -1.588 |      -45.2 |     34 | _1388_/D
      443 |       0 |     185 |      193 |      3 |    47 |   -1.588 |      -45.2 |     34 | _1388_/D
      448 |       0 |     187 |      193 |      3 |    49 |   -1.588 |      -45.2 |     34 | _1388_/D
      450 |       0 |     187 |      193 |      3 |    50 |   -1.588 |      -45.2 |     34 | _1388_/D
      452 |       0 |     187 |      193 |      3 |    49 |   -1.588 |      -45.2 |     34 | _1388_/D
      460 |       0 |     192 |      197 |      3 |    49 |   -1.615 |      -45.9 |     34 | _1426_/D
      468 |       0 |     189 |      197 |      3 |    49 |   -1.588 |      -45.2 |     34 | _1388_/D
      470 |       0 |     189 |      197 |      3 |    50 |   -1.588 |      -45.1 |     34 | _1388_/D
      470 |       0 |     189 |      197 |      3 |    50 |   -1.588 |      -45.1 |     34 | _1388_/D
      473 |       0 |     191 |      197 |      3 |    50 |   -1.588 |      -45.1 |     34 | _1388_/D
      480 |       0 |     193 |      197 |      3 |    54 |   -1.588 |      -45.3 |     34 | _1388_/D
      483 |       0 |     194 |      197 |      3 |    54 |   -1.588 |      -45.3 |     34 | _1388_/D
      489 |       0 |     197 |      197 |      3 |    56 |   -1.588 |      -45.2 |     34 | _1388_/D
      490 |       0 |     197 |      197 |      3 |    56 |   -1.588 |      -45.2 |     34 | _1388_/D
      494 |       0 |     200 |      197 |      3 |    57 |   -1.560 |      -45.0 |     34 | _1426_/D
      496 |       0 |     200 |      197 |      3 |    57 |   -1.560 |      -45.0 |     34 | _1426_/D
      498 |       0 |     200 |      197 |      3 |    57 |   -1.560 |      -45.0 |     34 | _1426_/D
      500 |       0 |     201 |      197 |      3 |    57 |   -1.562 |      -45.0 |     34 | _1397_/D
      502 |       0 |     200 |      197 |      3 |    57 |   -1.560 |      -45.0 |     34 | _1426_/D
      507 |       0 |     200 |      199 |      3 |    58 |   -1.560 |      -44.9 |     34 | _1426_/D
      510 |       0 |     200 |      203 |      3 |    58 |   -1.560 |      -45.1 |     34 | _1426_/D
      514 |       0 |     201 |      203 |      3 |    61 |   -1.560 |      -45.1 |     34 | _1426_/D
      518 |       0 |     203 |      203 |      3 |    62 |   -1.560 |      -45.1 |     34 | _1426_/D
      520 |       0 |     204 |      203 |      3 |    62 |   -1.560 |      -45.1 |     34 | _1426_/D
      524 |       0 |     205 |      204 |      3 |    62 |   -1.560 |      -45.1 |     34 | _1426_/D
      528 |       0 |     206 |      204 |      3 |    62 |   -1.560 |      -45.0 |     34 | _1426_/D
      530 |       0 |     206 |      204 |      3 |    63 |   -1.560 |      -45.0 |     34 | _1426_/D
      530 |       0 |     206 |      204 |      3 |    62 |   -1.560 |      -45.0 |     34 | _1426_/D
      537 |       0 |     211 |      204 |      3 |    63 |   -1.560 |      -44.8 |     34 | _1426_/D
      540 |       0 |     211 |      204 |      3 |    65 |   -1.560 |      -44.8 |     34 | _1426_/D
      540 |       0 |     211 |      204 |      3 |    64 |   -1.560 |      -44.8 |     34 | _1426_/D
      550 |       0 |     218 |      204 |      3 |    66 |   -1.560 |      -44.5 |     34 | _1426_/D
      560 |       0 |     226 |      204 |      3 |    68 |   -1.560 |      -44.5 |     34 | _1426_/D
      570 |       0 |     231 |      208 |      3 |    71 |   -1.560 |      -44.7 |     34 | _1426_/D
      580 |       0 |     238 |      208 |      3 |    74 |   -1.560 |      -44.4 |     34 | _1426_/D
      590 |       0 |     243 |      212 |      3 |    77 |   -1.560 |      -44.7 |     34 | _1426_/D
      600 |       0 |     249 |      216 |      3 |    79 |   -1.560 |      -44.5 |     34 | _1426_/D
      610 |       0 |     256 |      221 |      3 |    80 |   -1.560 |      -45.3 |     34 | _1426_/D
      620 |       0 |     259 |      232 |      3 |    82 |   -1.560 |      -45.6 |     34 | _1426_/D
      630 |       0 |     266 |      232 |      3 |    85 |   -1.560 |      -44.7 |     34 | _1426_/D
      630 |       0 |     241 |      219 |      3 |    74 |   -1.560 |      -44.4 |     34 | _1426_/D
      640 |       0 |     246 |      223 |      3 |    76 |   -1.560 |      -44.2 |     34 | _1426_/D
      650 |       0 |     253 |      232 |      3 |    76 |   -1.560 |      -44.3 |     34 | _1426_/D
      658 |       0 |     260 |      234 |      3 |    76 |   -1.560 |      -44.3 |     32 | _1426_/D
      660 |       0 |     261 |      234 |      3 |    76 |   -1.567 |      -44.5 |     32 | _1397_/D
      662 |       0 |     260 |      234 |      3 |    76 |   -1.560 |      -44.3 |     32 | _1426_/D
      664 |       0 |     260 |      234 |      3 |    77 |   -1.560 |      -44.3 |     32 | _1426_/D
     665* |       0 |     260 |      234 |      3 |    77 |   -1.560 |      -44.3 |     37 | _1426_/D
     666* |       0 |     260 |      234 |      3 |    77 |   -1.560 |      -44.3 |     37 | _1426_/D
     667* |       0 |     260 |      234 |      3 |    77 |   -1.560 |      -44.3 |     37 | _1426_/D
     668* |       0 |     260 |      234 |      3 |    77 |   -1.560 |      -44.3 |     37 | _1426_/D
     669* |       0 |     260 |      234 |      3 |    77 |   -1.560 |      -44.3 |     37 | _1426_/D
     670* |       0 |     260 |      234 |      3 |    77 |   -1.560 |      -44.3 |     37 | _1426_/D
     670* |       0 |     260 |      234 |      3 |    77 |   -1.560 |      -44.3 |     37 | _1426_/D
     672* |       0 |     261 |      234 |      3 |    77 |   -1.560 |      -44.3 |     37 | _1426_/D
     673* |       0 |     261 |      234 |      3 |    77 |   -1.560 |      -44.3 |     37 | _1426_/D
     674* |       0 |     261 |      234 |      3 |    77 |   -1.560 |      -44.3 |     37 | _1426_/D
     675* |       0 |     261 |      234 |      3 |    77 |   -1.560 |      -44.3 |     37 | _1426_/D
     676* |       0 |     261 |      234 |      3 |    77 |   -1.560 |      -44.3 |     37 | _1426_/D
     677* |       0 |     261 |      234 |      3 |    77 |   -1.560 |      -44.3 |     37 | _1426_/D
     678* |       0 |     261 |      234 |      3 |    77 |   -1.560 |      -44.3 |     37 | _1426_/D
     680* |       0 |     262 |      234 |      3 |    77 |   -1.560 |      -44.3 |     37 | _1426_/D
     680* |       0 |     262 |      234 |      3 |    77 |   -1.560 |      -44.3 |     37 | _1426_/D
     681* |       0 |     262 |      234 |      3 |    77 |   -1.560 |      -44.3 |     37 | _1426_/D
     683* |       0 |     263 |      234 |      3 |    77 |   -1.560 |      -44.2 |     37 | _1426_/D
     684* |       0 |     263 |      234 |      3 |    77 |   -1.560 |      -44.2 |     37 | _1426_/D
     685* |       0 |     263 |      234 |      3 |    77 |   -1.560 |      -44.2 |     37 | _1426_/D
     686* |       0 |     263 |      234 |      3 |    77 |   -1.560 |      -44.2 |     37 | _1426_/D
     687* |       0 |     263 |      234 |      3 |    77 |   -1.560 |      -44.2 |     37 | _1426_/D
     688* |       0 |     263 |      234 |      3 |    77 |   -1.560 |      -44.2 |     37 | _1426_/D
     689* |       0 |     263 |      234 |      3 |    77 |   -1.560 |      -44.2 |     37 | _1426_/D
     690* |       0 |     263 |      234 |      3 |    77 |   -1.560 |      -44.2 |     37 | _1426_/D
     690* |       0 |     263 |      234 |      3 |    77 |   -1.560 |      -44.2 |     37 | _1426_/D
     691* |       0 |     263 |      234 |      3 |    77 |   -1.560 |      -44.2 |     37 | _1426_/D
     692* |       0 |     263 |      234 |      3 |    77 |   -1.560 |      -44.2 |     37 | _1426_/D
     693* |       0 |     263 |      234 |      3 |    77 |   -1.560 |      -44.2 |     37 | _1426_/D
     694* |       0 |     263 |      234 |      3 |    77 |   -1.560 |      -44.2 |     37 | _1426_/D
     695* |       0 |     263 |      234 |      3 |    77 |   -1.560 |      -44.2 |     37 | _1426_/D
     696* |       0 |     263 |      234 |      3 |    77 |   -1.560 |      -44.2 |     37 | _1426_/D
     697* |       0 |     263 |      234 |      3 |    77 |   -1.560 |      -44.2 |     37 | _1426_/D
     698* |       0 |     263 |      234 |      3 |    77 |   -1.560 |      -44.2 |     37 | _1426_/D
     699* |       0 |     263 |      234 |      3 |    77 |   -1.560 |      -44.2 |     37 | _1426_/D
     700* |       0 |     263 |      234 |      3 |    77 |   -1.560 |      -44.2 |     37 | _1426_/D
     700* |       0 |     263 |      234 |      3 |    77 |   -1.560 |      -44.2 |     37 | _1426_/D
     702* |       0 |     264 |      234 |      3 |    77 |   -1.560 |      -43.9 |     37 | _1426_/D
     704* |       0 |     265 |      234 |      3 |    77 |   -1.560 |      -43.9 |     37 | _1426_/D
     705* |       0 |     265 |      234 |      3 |    77 |   -1.560 |      -43.9 |     36 | _1426_/D
     707* |       0 |     266 |      234 |      3 |    77 |   -1.560 |      -43.8 |     34 | _1426_/D
    final |       0 |     266 |      234 |      3 |    77 |   -1.560 |      -43.8 |     34 | _1426_/D
---------------------------------------------------------------------------------------------------
[INFO RSZ-0040] Inserted 101 buffers.
[INFO RSZ-0041] Resized 266 instances.
[INFO RSZ-0043] Swapped pins on 77 instances.
[INFO RSZ-0049] Cloned 3 instances.
[WARNING RSZ-0062] Unable to repair all setup violations.
[INFO RSZ-0046] Found 67 endpoints with hold violations.
Iteration | Resized | Buffers | Cloned Gates |   WNS   |   TNS   | Endpoint
---------------------------------------------------------------------------
        0 |       0 |       0 |            0 |  -0.431 |  -7.201 | _1380_/D
    final |       0 |      69 |            0 |   0.047 |  -0.000 | _1428_/D
---------------------------------------------------------------------------
[WARNING RSZ-0064] Unable to repair all hold checks within margin.
[INFO RSZ-0032] Inserted 69 hold buffers.
Placement Analysis
---------------------------------
total displacement       1671.8 u
average displacement        1.1 u
max displacement           12.4 u
original HPWL           21327.4 u
legalized HPWL          23464.0 u
delta HPWL                   10 %

[INFO DPL-0020] Mirrored 443 instances
[INFO DPL-0021] HPWL before           23464.0 u
[INFO DPL-0022] HPWL after            22493.7 u
[INFO DPL-0023] HPWL delta               -4.1 %
[INFO] Setting RC values…
Setting global connections for newly added cells…
[INFO] Setting global connections...
Updating metrics…
Cell type report:                       Count       Area
  Fill cell                               106     397.88
  Tap cell                                302     377.86
  Clock buffer                             11     246.49
  Timing Repair Buffer                    305    2508.66
  Inverter                                 22     105.10
  Clock inverter                            4      51.30
  Sequential cell                          67    1355.05
  Multi-Input combinational cell          665    6964.18
  Total                                  1482   12006.52
Writing OpenROAD database to '/home/anils_0611/vlsi_projects/pe_asic/pnr/config/runs/reg_run4/36-openroad-resizertimingpostcts/PE.odb'…
Writing netlist to '/home/anils_0611/vlsi_projects/pe_asic/pnr/config/runs/reg_run4/36-openroad-resizertimingpostcts/PE.nl.v'…
Writing powered netlist to '/home/anils_0611/vlsi_projects/pe_asic/pnr/config/runs/reg_run4/36-openroad-resizertimingpostcts/PE.pnl.v'…
Writing layout to '/home/anils_0611/vlsi_projects/pe_asic/pnr/config/runs/reg_run4/36-openroad-resizertimingpostcts/PE.def'…
Writing timing constraints to '/home/anils_0611/vlsi_projects/pe_asic/pnr/config/runs/reg_run4/36-openroad-resizertimingpostcts/PE.sdc'…
