
===========================================================================
report_checks -unconstrained
===========================================================================
======================= nom_ss_100C_1v60 Corner ===================================

Startpoint: b_in[1] (input port clocked by clk)
Endpoint: _1426_ (rising edge-triggered flip-flop clocked by clk)
Path Group: clk
Path Type: max

Fanout         Cap        Slew       Delay        Time   Description
---------------------------------------------------------------------------------------------
                      0.150000    0.000000    0.000000   clock clk (rise edge)
                                  0.000000    0.000000   clock network delay (ideal)
                                  1.000000    1.000000 ^ input external delay
    32    0.114410    0.822413    0.573186    1.573186 ^ b_in[1] (in)
                                                         b_in[1] (net)
                      0.822413    0.000000    1.573186 ^ _1000_/B (sky130_fd_sc_hd__nand4_2)
     4    0.015168    0.382011    0.575316    2.148501 v _1000_/Y (sky130_fd_sc_hd__nand4_2)
                                                         _0331_ (net)
                      0.382011    0.000000    2.148501 v _1003_/B2 (sky130_fd_sc_hd__a22o_2)
     2    0.012604    0.114746    0.593727    2.742229 v _1003_/X (sky130_fd_sc_hd__a22o_2)
                                                         _0334_ (net)
                      0.114746    0.000000    2.742229 v _1008_/C1 (sky130_fd_sc_hd__o221ai_4)
     5    0.024562    0.454744    0.176248    2.918477 ^ _1008_/Y (sky130_fd_sc_hd__o221ai_4)
                                                         _0339_ (net)
                      0.454744    0.000000    2.918477 ^ _1022_/A2_N (sky130_fd_sc_hd__o2bb2ai_2)
     4    0.015051    0.356289    0.384802    3.303279 ^ _1022_/Y (sky130_fd_sc_hd__o2bb2ai_2)
                                                         _0353_ (net)
                      0.356289    0.000000    3.303279 ^ _1030_/C1 (sky130_fd_sc_hd__o211ai_2)
     4    0.016798    0.297113    0.382924    3.686203 v _1030_/Y (sky130_fd_sc_hd__o211ai_2)
                                                         _0361_ (net)
                      0.297113    0.000000    3.686203 v _1051_/B1 (sky130_fd_sc_hd__a32oi_4)
     4    0.019699    0.397414    0.460396    4.146599 ^ _1051_/Y (sky130_fd_sc_hd__a32oi_4)
                                                         _0381_ (net)
                      0.397414    0.000000    4.146599 ^ _1107_/B (sky130_fd_sc_hd__nand3_4)
     5    0.023146    0.220618    0.324888    4.471488 v _1107_/Y (sky130_fd_sc_hd__nand3_4)
                                                         _0437_ (net)
                      0.220618    0.000000    4.471488 v _1113_/B (sky130_fd_sc_hd__nand3b_2)
     2    0.009679    0.162634    0.217641    4.689128 ^ _1113_/Y (sky130_fd_sc_hd__nand3b_2)
                                                         _0443_ (net)
                      0.162634    0.000000    4.689128 ^ _1117_/B (sky130_fd_sc_hd__nand3_2)
     1    0.004270    0.142006    0.179889    4.869017 v _1117_/Y (sky130_fd_sc_hd__nand3_2)
                                                         _0447_ (net)
                      0.142006    0.000000    4.869017 v _1184_/B1 (sky130_fd_sc_hd__o21ai_2)
     1    0.004518    0.166811    0.122332    4.991349 ^ _1184_/Y (sky130_fd_sc_hd__o21ai_2)
                                                         _0513_ (net)
                      0.166811    0.000000    4.991349 ^ _1186_/B1 (sky130_fd_sc_hd__o21ai_2)
     3    0.013275    0.142712    0.195318    5.186666 v _1186_/Y (sky130_fd_sc_hd__o21ai_2)
                                                         _0515_ (net)
                      0.142712    0.000000    5.186666 v _1235_/A2 (sky130_fd_sc_hd__o21a_2)
     2    0.006464    0.079024    0.409111    5.595777 v _1235_/X (sky130_fd_sc_hd__o21a_2)
                                                         _0563_ (net)
                      0.079024    0.000000    5.595777 v _1237_/A3 (sky130_fd_sc_hd__o311a_2)
     1    0.004191    0.103339    0.644509    6.240286 v _1237_/X (sky130_fd_sc_hd__o311a_2)
                                                         _0565_ (net)
                      0.103339    0.000000    6.240286 v _1238_/B1 (sky130_fd_sc_hd__a21o_4)
     1    0.001577    0.048207    0.328249    6.568535 v _1238_/X (sky130_fd_sc_hd__a21o_4)
                                                         _0052_ (net)
                      0.048207    0.000000    6.568535 v _1426_/D (sky130_fd_sc_hd__dfxtp_2)
                                              6.568535   data arrival time

                      0.150000    6.000000    6.000000   clock clk (rise edge)
                                  0.000000    6.000000   clock network delay (ideal)
                                 -0.250000    5.750000   clock uncertainty
                                  0.000000    5.750000   clock reconvergence pessimism
                                              5.750000 ^ _1426_/CLK (sky130_fd_sc_hd__dfxtp_2)
                                 -0.243672    5.506328   library setup time
                                              5.506328   data required time
---------------------------------------------------------------------------------------------
                                              5.506328   data required time
                                             -6.568535   data arrival time
---------------------------------------------------------------------------------------------
                                             -1.062208   slack (VIOLATED)




===========================================================================
report_checks --slack_max -0.01
============================================================================
======================= nom_ss_100C_1v60 Corner ===================================

Startpoint: b_in[1] (input port clocked by clk)
Endpoint: _1426_ (rising edge-triggered flip-flop clocked by clk)
Path Group: clk
Path Type: max

Fanout         Cap        Slew       Delay        Time   Description
---------------------------------------------------------------------------------------------
                      0.150000    0.000000    0.000000   clock clk (rise edge)
                                  0.000000    0.000000   clock network delay (ideal)
                                  1.000000    1.000000 ^ input external delay
    32    0.114410    0.822413    0.573186    1.573186 ^ b_in[1] (in)
                                                         b_in[1] (net)
                      0.822413    0.000000    1.573186 ^ _1000_/B (sky130_fd_sc_hd__nand4_2)
     4    0.015168    0.382011    0.575316    2.148501 v _1000_/Y (sky130_fd_sc_hd__nand4_2)
                                                         _0331_ (net)
                      0.382011    0.000000    2.148501 v _1003_/B2 (sky130_fd_sc_hd__a22o_2)
     2    0.012604    0.114746    0.593727    2.742229 v _1003_/X (sky130_fd_sc_hd__a22o_2)
                                                         _0334_ (net)
                      0.114746    0.000000    2.742229 v _1008_/C1 (sky130_fd_sc_hd__o221ai_4)
     5    0.024562    0.454744    0.176248    2.918477 ^ _1008_/Y (sky130_fd_sc_hd__o221ai_4)
                                                         _0339_ (net)
                      0.454744    0.000000    2.918477 ^ _1022_/A2_N (sky130_fd_sc_hd__o2bb2ai_2)
     4    0.015051    0.356289    0.384802    3.303279 ^ _1022_/Y (sky130_fd_sc_hd__o2bb2ai_2)
                                                         _0353_ (net)
                      0.356289    0.000000    3.303279 ^ _1030_/C1 (sky130_fd_sc_hd__o211ai_2)
     4    0.016798    0.297113    0.382924    3.686203 v _1030_/Y (sky130_fd_sc_hd__o211ai_2)
                                                         _0361_ (net)
                      0.297113    0.000000    3.686203 v _1051_/B1 (sky130_fd_sc_hd__a32oi_4)
     4    0.019699    0.397414    0.460396    4.146599 ^ _1051_/Y (sky130_fd_sc_hd__a32oi_4)
                                                         _0381_ (net)
                      0.397414    0.000000    4.146599 ^ _1107_/B (sky130_fd_sc_hd__nand3_4)
     5    0.023146    0.220618    0.324888    4.471488 v _1107_/Y (sky130_fd_sc_hd__nand3_4)
                                                         _0437_ (net)
                      0.220618    0.000000    4.471488 v _1113_/B (sky130_fd_sc_hd__nand3b_2)
     2    0.009679    0.162634    0.217641    4.689128 ^ _1113_/Y (sky130_fd_sc_hd__nand3b_2)
                                                         _0443_ (net)
                      0.162634    0.000000    4.689128 ^ _1117_/B (sky130_fd_sc_hd__nand3_2)
     1    0.004270    0.142006    0.179889    4.869017 v _1117_/Y (sky130_fd_sc_hd__nand3_2)
                                                         _0447_ (net)
                      0.142006    0.000000    4.869017 v _1184_/B1 (sky130_fd_sc_hd__o21ai_2)
     1    0.004518    0.166811    0.122332    4.991349 ^ _1184_/Y (sky130_fd_sc_hd__o21ai_2)
                                                         _0513_ (net)
                      0.166811    0.000000    4.991349 ^ _1186_/B1 (sky130_fd_sc_hd__o21ai_2)
     3    0.013275    0.142712    0.195318    5.186666 v _1186_/Y (sky130_fd_sc_hd__o21ai_2)
                                                         _0515_ (net)
                      0.142712    0.000000    5.186666 v _1235_/A2 (sky130_fd_sc_hd__o21a_2)
     2    0.006464    0.079024    0.409111    5.595777 v _1235_/X (sky130_fd_sc_hd__o21a_2)
                                                         _0563_ (net)
                      0.079024    0.000000    5.595777 v _1237_/A3 (sky130_fd_sc_hd__o311a_2)
     1    0.004191    0.103339    0.644509    6.240286 v _1237_/X (sky130_fd_sc_hd__o311a_2)
                                                         _0565_ (net)
                      0.103339    0.000000    6.240286 v _1238_/B1 (sky130_fd_sc_hd__a21o_4)
     1    0.001577    0.048207    0.328249    6.568535 v _1238_/X (sky130_fd_sc_hd__a21o_4)
                                                         _0052_ (net)
                      0.048207    0.000000    6.568535 v _1426_/D (sky130_fd_sc_hd__dfxtp_2)
                                              6.568535   data arrival time

                      0.150000    6.000000    6.000000   clock clk (rise edge)
                                  0.000000    6.000000   clock network delay (ideal)
                                 -0.250000    5.750000   clock uncertainty
                                  0.000000    5.750000   clock reconvergence pessimism
                                              5.750000 ^ _1426_/CLK (sky130_fd_sc_hd__dfxtp_2)
                                 -0.243672    5.506328   library setup time
                                              5.506328   data required time
---------------------------------------------------------------------------------------------
                                              5.506328   data required time
                                             -6.568535   data arrival time
---------------------------------------------------------------------------------------------
                                             -1.062208   slack (VIOLATED)




===========================================================================
 report_check_types -max_slew -max_cap -max_fanout -violators
============================================================================
======================= nom_ss_100C_1v60 Corner ===================================

max slew

Pin                                        Limit        Slew       Slack
------------------------------------------------------------------------
_0702_/Y                                0.750000    1.754738   -1.004738 (VIOLATED)
_0706_/B                                0.750000    1.754738   -1.004738 (VIOLATED)
_0718_/B1                               0.750000    1.754738   -1.004738 (VIOLATED)
_0727_/B1                               0.750000    1.754738   -1.004738 (VIOLATED)
_0735_/B1                               0.750000    1.754738   -1.004738 (VIOLATED)
_0743_/B1                               0.750000    1.754738   -1.004738 (VIOLATED)
_0759_/B1                               0.750000    1.754738   -1.004738 (VIOLATED)
_0775_/C1                               0.750000    1.754738   -1.004738 (VIOLATED)
_0782_/C1                               0.750000    1.754738   -1.004738 (VIOLATED)
_0789_/B1                               0.750000    1.754738   -1.004738 (VIOLATED)
_0796_/C1                               0.750000    1.754738   -1.004738 (VIOLATED)
_0807_/B1                               0.750000    1.754738   -1.004738 (VIOLATED)
_0814_/B1                               0.750000    1.754738   -1.004738 (VIOLATED)
_0823_/B1                               0.750000    1.754738   -1.004738 (VIOLATED)
_0829_/C1                               0.750000    1.754738   -1.004738 (VIOLATED)
_0836_/B1                               0.750000    1.754738   -1.004738 (VIOLATED)
_0840_/C                                0.750000    1.754738   -1.004738 (VIOLATED)
_0843_/C                                0.750000    1.754738   -1.004738 (VIOLATED)
_0847_/C                                0.750000    1.754738   -1.004738 (VIOLATED)
_0852_/B1                               0.750000    1.754738   -1.004738 (VIOLATED)
_0858_/C                                0.750000    1.754738   -1.004738 (VIOLATED)
_0861_/C                                0.750000    1.754738   -1.004738 (VIOLATED)
_0865_/C                                0.750000    1.754738   -1.004738 (VIOLATED)
_0868_/C1                               0.750000    1.754738   -1.004738 (VIOLATED)
_0877_/C1                               0.750000    1.754738   -1.004738 (VIOLATED)
_0880_/B1                               0.750000    1.754738   -1.004738 (VIOLATED)
_0885_/B1                               0.750000    1.754738   -1.004738 (VIOLATED)
_0886_/B                                0.750000    1.754738   -1.004738 (VIOLATED)
_0888_/B                                0.750000    1.754738   -1.004738 (VIOLATED)
_0889_/B                                0.750000    1.754738   -1.004738 (VIOLATED)
_0893_/B                                0.750000    1.754738   -1.004738 (VIOLATED)
_0896_/C                                0.750000    1.754738   -1.004738 (VIOLATED)
_0901_/A2                               0.750000    1.754738   -1.004738 (VIOLATED)
_0909_/C                                0.750000    1.754738   -1.004738 (VIOLATED)
_0910_/A2                               0.750000    1.754738   -1.004738 (VIOLATED)
_0926_/C                                0.750000    1.754738   -1.004738 (VIOLATED)
_0927_/A2                               0.750000    1.754738   -1.004738 (VIOLATED)
_0953_/B1                               0.750000    1.754738   -1.004738 (VIOLATED)
_1188_/B1                               0.750000    1.754738   -1.004738 (VIOLATED)
_1304_/B1                               0.750000    1.754738   -1.004738 (VIOLATED)
_1347_/B1                               0.750000    1.754738   -1.004738 (VIOLATED)
_1364_/B1                               0.750000    1.754738   -1.004738 (VIOLATED)
_1366_/B                                0.750000    1.754738   -1.004738 (VIOLATED)
_1367_/B                                0.750000    1.754738   -1.004738 (VIOLATED)
_1369_/B                                0.750000    1.754738   -1.004738 (VIOLATED)
_1370_/B                                0.750000    1.754738   -1.004738 (VIOLATED)
b_in[1]                                 0.750000    0.822413   -0.072413 (VIOLATED)
_0898_/B                                0.750000    0.822413   -0.072413 (VIOLATED)
_0899_/B2                               0.750000    0.822413   -0.072413 (VIOLATED)
_0902_/B                                0.750000    0.822413   -0.072413 (VIOLATED)
_0903_/B2                               0.750000    0.822413   -0.072413 (VIOLATED)
_0904_/B2                               0.750000    0.822413   -0.072413 (VIOLATED)
_0913_/C                                0.750000    0.822413   -0.072413 (VIOLATED)
_0914_/B1                               0.750000    0.822413   -0.072413 (VIOLATED)
_0915_/B1                               0.750000    0.822413   -0.072413 (VIOLATED)
_0932_/A2                               0.750000    0.822413   -0.072413 (VIOLATED)
_0933_/A2                               0.750000    0.822413   -0.072413 (VIOLATED)
_0934_/C                                0.750000    0.822413   -0.072413 (VIOLATED)
_0938_/A3                               0.750000    0.822413   -0.072413 (VIOLATED)
_0968_/A1                               0.750000    0.822413   -0.072413 (VIOLATED)
_0969_/A1                               0.750000    0.822413   -0.072413 (VIOLATED)
_0970_/B                                0.750000    0.822413   -0.072413 (VIOLATED)
_0971_/B                                0.750000    0.822413   -0.072413 (VIOLATED)
_0996_/B2                               0.750000    0.822413   -0.072413 (VIOLATED)
_0997_/B2                               0.750000    0.822413   -0.072413 (VIOLATED)
_0998_/A                                0.750000    0.822413   -0.072413 (VIOLATED)
_0999_/B                                0.750000    0.822413   -0.072413 (VIOLATED)
_1000_/B                                0.750000    0.822413   -0.072413 (VIOLATED)
_1004_/A2                               0.750000    0.822413   -0.072413 (VIOLATED)
_1066_/A1                               0.750000    0.822413   -0.072413 (VIOLATED)
_1067_/A1                               0.750000    0.822413   -0.072413 (VIOLATED)
_1068_/B                                0.750000    0.822413   -0.072413 (VIOLATED)
_1069_/B                                0.750000    0.822413   -0.072413 (VIOLATED)
_1073_/A2                               0.750000    0.822413   -0.072413 (VIOLATED)
_1130_/B2                               0.750000    0.822413   -0.072413 (VIOLATED)
_1131_/B2                               0.750000    0.822413   -0.072413 (VIOLATED)
_1133_/A                                0.750000    0.822413   -0.072413 (VIOLATED)
_1134_/A                                0.750000    0.822413   -0.072413 (VIOLATED)
_1367_/A                                0.750000    0.822413   -0.072413 (VIOLATED)
a_in[6]                                 0.750000    0.803707   -0.053707 (VIOLATED)
_0893_/A                                0.750000    0.803707   -0.053707 (VIOLATED)
_0996_/A2                               0.750000    0.803707   -0.053707 (VIOLATED)
_0997_/A2                               0.750000    0.803707   -0.053707 (VIOLATED)
_0998_/B                                0.750000    0.803707   -0.053707 (VIOLATED)
_0999_/C                                0.750000    0.803707   -0.053707 (VIOLATED)
_1000_/C                                0.750000    0.803707   -0.053707 (VIOLATED)
_1004_/A3                               0.750000    0.803707   -0.053707 (VIOLATED)
_1066_/A2                               0.750000    0.803707   -0.053707 (VIOLATED)
_1067_/A2                               0.750000    0.803707   -0.053707 (VIOLATED)
_1068_/C                                0.750000    0.803707   -0.053707 (VIOLATED)
_1069_/C                                0.750000    0.803707   -0.053707 (VIOLATED)
_1073_/A3                               0.750000    0.803707   -0.053707 (VIOLATED)
_1130_/A2                               0.750000    0.803707   -0.053707 (VIOLATED)
_1131_/A2                               0.750000    0.803707   -0.053707 (VIOLATED)
_1133_/C                                0.750000    0.803707   -0.053707 (VIOLATED)
_1134_/C                                0.750000    0.803707   -0.053707 (VIOLATED)
_1197_/A2                               0.750000    0.803707   -0.053707 (VIOLATED)
_1198_/A2                               0.750000    0.803707   -0.053707 (VIOLATED)
_1199_/B                                0.750000    0.803707   -0.053707 (VIOLATED)
_1200_/C                                0.750000    0.803707   -0.053707 (VIOLATED)
_1201_/C                                0.750000    0.803707   -0.053707 (VIOLATED)
_1250_/A2                               0.750000    0.803707   -0.053707 (VIOLATED)
_1251_/A2                               0.750000    0.803707   -0.053707 (VIOLATED)
_1252_/C                                0.750000    0.803707   -0.053707 (VIOLATED)
_1285_/B                                0.750000    0.803707   -0.053707 (VIOLATED)
_1286_/A1                               0.750000    0.803707   -0.053707 (VIOLATED)
_1307_/A                                0.750000    0.803707   -0.053707 (VIOLATED)
_1308_/A                                0.750000    0.803707   -0.053707 (VIOLATED)
_1335_/B2                               0.750000    0.803707   -0.053707 (VIOLATED)
_1357_/A1                               0.750000    0.803707   -0.053707 (VIOLATED)
_0690_/A                                0.750000    0.779201   -0.029201 (VIOLATED)
_0709_/A2                               0.750000    0.779201   -0.029201 (VIOLATED)
_0710_/A2                               0.750000    0.779201   -0.029201 (VIOLATED)
_0717_/B1                               0.750000    0.779201   -0.029201 (VIOLATED)
_0718_/A1                               0.750000    0.779201   -0.029201 (VIOLATED)
_0726_/B1                               0.750000    0.779201   -0.029201 (VIOLATED)
_0727_/A1                               0.750000    0.779201   -0.029201 (VIOLATED)
_0734_/B1                               0.750000    0.779201   -0.029201 (VIOLATED)
_0735_/A1                               0.750000    0.779201   -0.029201 (VIOLATED)
_0743_/A1                               0.750000    0.779201   -0.029201 (VIOLATED)
_0748_/B1                               0.750000    0.779201   -0.029201 (VIOLATED)
_0758_/B1                               0.750000    0.779201   -0.029201 (VIOLATED)
_0759_/A1                               0.750000    0.779201   -0.029201 (VIOLATED)
_0767_/A3                               0.750000    0.779201   -0.029201 (VIOLATED)
_0775_/A1                               0.750000    0.779201   -0.029201 (VIOLATED)
_0781_/A                                0.750000    0.779201   -0.029201 (VIOLATED)
_0789_/A1                               0.750000    0.779201   -0.029201 (VIOLATED)
_0795_/A                                0.750000    0.779201   -0.029201 (VIOLATED)
_0807_/A1                               0.750000    0.779201   -0.029201 (VIOLATED)
_0813_/B                                0.750000    0.779201   -0.029201 (VIOLATED)
_0814_/A1                               0.750000    0.779201   -0.029201 (VIOLATED)
_0823_/A1                               0.750000    0.779201   -0.029201 (VIOLATED)
_0828_/A                                0.750000    0.779201   -0.029201 (VIOLATED)
_0835_/B1                               0.750000    0.779201   -0.029201 (VIOLATED)
_0838_/A1                               0.750000    0.779201   -0.029201 (VIOLATED)
_0839_/A                                0.750000    0.779201   -0.029201 (VIOLATED)
_0856_/A1                               0.750000    0.779201   -0.029201 (VIOLATED)
_0857_/A                                0.750000    0.779201   -0.029201 (VIOLATED)
_0864_/A                                0.750000    0.779201   -0.029201 (VIOLATED)
_0871_/A                                0.750000    0.779201   -0.029201 (VIOLATED)
_1374_/Q                                0.750000    0.779201   -0.029201 (VIOLATED)

max fanout

Pin                                   Limit Fanout  Slack
---------------------------------------------------------
_0702_/Y                                 10     45    -35 (VIOLATED)
b_in[1]                                  10     32    -22 (VIOLATED)
a_in[6]                                  10     30    -20 (VIOLATED)
_1374_/Q                                 10     30    -20 (VIOLATED)
b_in[4]                                  10     29    -19 (VIOLATED)
b_in[0]                                  10     28    -18 (VIOLATED)
a_in[1]                                  10     27    -17 (VIOLATED)
b_in[3]                                  10     27    -17 (VIOLATED)
a_in[2]                                  10     26    -16 (VIOLATED)
a_in[3]                                  10     26    -16 (VIOLATED)
a_in[5]                                  10     24    -14 (VIOLATED)
a_in[4]                                  10     23    -13 (VIOLATED)
b_in[5]                                  10     23    -13 (VIOLATED)
a_in[7]                                  10     20    -10 (VIOLATED)
b_in[2]                                  10     20    -10 (VIOLATED)
a_in[0]                                  10     19     -9 (VIOLATED)
b_in[6]                                  10     18     -8 (VIOLATED)
b_in[7]                                  10     18     -8 (VIOLATED)
_0835_/X                                 10     17     -7 (VIOLATED)
_0703_/X                                 10     15     -5 (VIOLATED)
_0854_/X                                 10     12     -2 (VIOLATED)
_0701_/Y                                 10     11        (VIOLATED)
_0704_/X                                 10     11        (VIOLATED)

max capacitance

Pin                                        Limit         Cap       Slack
------------------------------------------------------------------------
_0702_/Y                                0.086070    0.102801   -0.016731 (VIOLATED)



===========================================================================
report_parasitic_annotation -report_unannotated
============================================================================
Found 775 unannotated drivers.
 a_in[0]
 a_in[1]
 a_in[2]
 a_in[3]
 a_in[4]
 a_in[5]
 a_in[6]
 a_in[7]
 b_in[0]
 b_in[1]
 b_in[2]
 b_in[3]
 b_in[4]
 b_in[5]
 b_in[6]
 b_in[7]
 clear_acc
 clk
 reset
 v_a_in
 v_b_in
 _0687_/Y
 _0688_/Y
 _0689_/Y
 _0690_/Y
 _0691_/Y
 _0692_/Y
 _0693_/Y
 _0694_/Y
 _0695_/Y
 _0696_/Y
 _0697_/Y
 _0698_/Y
 _0699_/Y
 _0700_/Y
 _0701_/Y
 _0702_/Y
 _0703_/X
 _0704_/X
 _0705_/Y
 _0706_/X
 _0707_/X
 _0708_/Y
 _0709_/Y
 _0710_/X
 _0711_/Y
 _0712_/Y
 _0713_/X
 _0714_/Y
 _0715_/Y
 _0716_/X
 _0717_/Y
 _0718_/X
 _0719_/Y
 _0720_/Y
 _0721_/X
 _0722_/Y
 _0723_/X
 _0724_/X
 _0725_/X
 _0726_/Y
 _0727_/X
 _0728_/Y
 _0729_/X
 _0730_/Y
 _0731_/X
 _0732_/Y
 _0733_/X
 _0734_/Y
 _0735_/X
 _0736_/Y
 _0737_/Y
 _0738_/X
 _0739_/Y
 _0740_/X
 _0741_/X
 _0742_/X
 _0743_/X
 _0744_/X
 _0745_/Y
 _0746_/X
 _0747_/X
 _0748_/Y
 _0749_/Y
 _0750_/Y
 _0751_/Y
 _0752_/X
 _0753_/X
 _0754_/Y
 _0755_/Y
 _0756_/X
 _0757_/Y
 _0758_/Y
 _0759_/X
 _0760_/Y
 _0761_/X
 _0762_/Y
 _0763_/X
 _0764_/X
 _0765_/Y
 _0766_/X
 _0767_/Y
 _0768_/Y
 _0769_/X
 _0770_/Y
 _0771_/Y
 _0772_/Y
 _0773_/X
 _0774_/Y
 _0775_/X
 _0776_/Y
 _0777_/X
 _0778_/X
 _0779_/Y
 _0780_/X
 _0781_/X
 _0782_/X
 _0783_/Y
 _0784_/X
 _0785_/Y
 _0786_/X
 _0787_/Y
 _0788_/X
 _0789_/X
 _0790_/X
 _0791_/Y
 _0792_/Y
 _0793_/X
 _0794_/Y
 _0795_/X
 _0796_/X
 _0797_/X
 _0798_/Y
 _0799_/X
 _0800_/X
 _0801_/Y
 _0802_/X
 _0803_/Y
 _0804_/Y
 _0805_/X
 _0806_/X
 _0807_/X
 _0808_/X
 _0809_/X
 _0810_/Y
 _0811_/X
 _0812_/X
 _0813_/Y
 _0814_/X
 _0815_/X
 _0816_/Y
 _0817_/X
 _0818_/Y
 _0819_/X
 _0820_/X
 _0821_/Y
 _0822_/X
 _0823_/X
 _0824_/X
 _0825_/Y
 _0826_/Y
 _0827_/X
 _0828_/X
 _0829_/X
 _0830_/X
 _0831_/X
 _0832_/X
 _0833_/X
 _0834_/X
 _0835_/X
 _0836_/Y
 _0837_/Y
 _0838_/X
 _0839_/Y
 _0840_/X
 _0841_/X
 _0842_/Y
 _0843_/X
 _0844_/X
 _0845_/X
 _0846_/Y
 _0847_/X
 _0848_/Y
 _0849_/Y
 _0850_/X
 _0851_/Y
 _0852_/X
 _0853_/Y
 _0854_/X
 _0855_/Y
 _0856_/X
 _0857_/Y
 _0858_/X
 _0859_/X
 _0860_/Y
 _0861_/X
 _0862_/X
 _0863_/X
 _0864_/Y
 _0865_/X
 _0866_/X
 _0867_/Y
 _0868_/X
 _0869_/Y
 _0870_/Y
 _0871_/X
 _0872_/X
 _0873_/X
 _0874_/X
 _0875_/Y
 _0876_/X
 _0877_/X
 _0878_/X
 _0879_/Y
 _0880_/X
 _0881_/X
 _0882_/X
 _0883_/Y
 _0884_/Y
 _0885_/X
 _0886_/X
 _0887_/Y
 _0888_/X
 _0889_/X
 _0890_/Y
 _0891_/Y
 _0892_/Y
 _0893_/X
 _0894_/Y
 _0895_/Y
 _0896_/X
 _0897_/X
 _0898_/Y
 _0899_/X
 _0900_/X
 _0901_/X
 _0902_/X
 _0903_/Y
 _0904_/X
 _0905_/X
 _0906_/X
 _0907_/Y
 _0908_/Y
 _0909_/X
 _0910_/X
 _0911_/Y
 _0912_/Y
 _0913_/Y
 _0914_/Y
 _0915_/X
 _0916_/X
 _0917_/Y
 _0918_/X
 _0919_/Y
 _0920_/X
 _0921_/Y
 _0922_/X
 _0923_/X
 _0924_/Y
 _0925_/Y
 _0926_/X
 _0927_/X
 _0928_/Y
 _0929_/Y
 _0930_/X
 _0931_/Y
 _0932_/Y
 _0933_/X
 _0934_/Y
 _0935_/Y
 _0936_/X
 _0937_/X
 _0938_/X
 _0939_/Y
 _0940_/Y
 _0941_/Y
 _0942_/X
 _0943_/Y
 _0944_/Y
 _0945_/X
 _0946_/X
 _0947_/Y
 _0948_/Y
 _0949_/X
 _0950_/Y
 _0951_/Y
 _0952_/Y
 _0953_/Y
 _0954_/Y
 _0955_/Y
 _0956_/X
 _0957_/X
 _0958_/Y
 _0959_/Y
 _0960_/X
 _0961_/Y
 _0962_/Y
 _0963_/Y
 _0964_/Y
 _0965_/Y
 _0966_/X
 _0967_/Y
 _0968_/Y
 _0969_/X
 _0970_/X
 _0971_/Y
 _0972_/Y
 _0973_/Y
 _0974_/Y
 _0975_/Y
 _0976_/X
 _0977_/Y
 _0978_/Y
 _0979_/Y
 _0980_/X
 _0981_/Y
 _0982_/X
 _0983_/Y
 _0984_/Y
 _0985_/Y
 _0986_/Y
 _0987_/Y
 _0988_/Y
 _0989_/X
 _0990_/X
 _0991_/X
 _0992_/X
 _0993_/Y
 _0994_/X
 _0995_/Y
 _0996_/Y
 _0997_/X
 _0998_/Y
 _0999_/X
 _1000_/Y
 _1001_/Y
 _1002_/Y
 _1003_/X
 _1004_/X
 _1005_/Y
 _1006_/Y
 _1007_/Y
 _1008_/Y
 _1009_/Y
 _1010_/Y
 _1011_/X
 _1012_/Y
 _1013_/Y
 _1014_/X
 _1015_/X
 _1016_/X
 _1017_/X
 _1018_/Y
 _1019_/Y
 _1020_/X
 _1021_/Y
 _1022_/Y
 _1023_/Y
 _1024_/Y
 _1025_/X
 _1026_/Y
 _1027_/Y
 _1028_/Y
 _1029_/X
 _1030_/Y
 _1031_/Y
 _1032_/X
 _1033_/X
 _1034_/X
 _1035_/X
 _1036_/X
 _1037_/X
 _1038_/Y
 _1039_/X
 _1040_/Y
 _1041_/X
 _1042_/X
 _1043_/Y
 _1044_/X
 _1045_/Y
 _1046_/Y
 _1047_/X
 _1048_/Y
 _1049_/X
 _1050_/Y
 _1051_/Y
 _1052_/Y
 _1053_/Y
 _1054_/X
 _1055_/Y
 _1056_/Y
 _1057_/Y
 _1058_/X
 _1059_/X
 _1060_/X
 _1061_/X
 _1062_/Y
 _1063_/Y
 _1064_/X
 _1065_/Y
 _1066_/Y
 _1067_/X
 _1068_/X
 _1069_/Y
 _1070_/Y
 _1071_/Y
 _1072_/Y
 _1073_/X
 _1074_/Y
 _1075_/X
 _1076_/Y
 _1077_/Y
 _1078_/Y
 _1079_/Y
 _1080_/X
 _1081_/X
 _1082_/Y
 _1083_/X
 _1084_/Y
 _1085_/X
 _1086_/Y
 _1087_/X
 _1088_/X
 _1089_/Y
 _1090_/Y
 _1091_/Y
 _1092_/Y
 _1093_/Y
 _1094_/Y
 _1095_/Y
 _1096_/X
 _1097_/Y
 _1098_/Y
 _1099_/Y
 _1100_/Y
 _1101_/Y
 _1102_/Y
 _1103_/Y
 _1104_/Y
 _1105_/Y
 _1106_/X
 _1107_/Y
 _1108_/Y
 _1109_/Y
 _1110_/Y
 _1111_/Y
 _1112_/X
 _1113_/Y
 _1114_/X
 _1115_/Y
 _1116_/Y
 _1117_/Y
 _1118_/Y
 _1119_/X
 _1120_/Y
 _1121_/X
 _1122_/Y
 _1123_/Y
 _1124_/X
 _1125_/Y
 _1126_/Y
 _1127_/Y
 _1128_/Y
 _1129_/Y
 _1130_/Y
 _1131_/X
 _1132_/Y
 _1133_/X
 _1134_/Y
 _1135_/X
 _1136_/Y
 _1137_/X
 _1138_/Y
 _1139_/Y
 _1140_/X
 _1141_/Y
 _1142_/Y
 _1143_/X
 _1144_/Y
 _1145_/Y
 _1146_/Y
 _1147_/Y
 _1148_/Y
 _1149_/Y
 _1150_/Y
 _1151_/Y
 _1152_/Y
 _1153_/Y
 _1154_/Y
 _1155_/Y
 _1156_/Y
 _1157_/Y
 _1158_/X
 _1159_/X
 _1160_/Y
 _1161_/Y
 _1162_/Y
 _1163_/Y
 _1164_/Y
 _1165_/Y
 _1166_/Y
 _1167_/Y
 _1168_/Y
 _1169_/Y
 _1170_/Y
 _1171_/Y
 _1172_/X
 _1173_/X
 _1174_/X
 _1175_/Y
 _1176_/Y
 _1177_/X
 _1178_/Y
 _1179_/Y
 _1180_/Y
 _1181_/Y
 _1182_/Y
 _1183_/Y
 _1184_/Y
 _1185_/Y
 _1186_/Y
 _1187_/X
 _1188_/X
 _1189_/X
 _1190_/X
 _1191_/Y
 _1192_/Y
 _1193_/Y
 _1194_/X
 _1195_/X
 _1196_/Y
 _1197_/Y
 _1198_/X
 _1199_/Y
 _1200_/X
 _1201_/Y
 _1202_/Y
 _1203_/Y
 _1204_/Y
 _1205_/Y
 _1206_/Y
 _1207_/Y
 _1208_/Y
 _1209_/Y
 _1210_/X
 _1211_/Y
 _1212_/Y
 _1213_/X
 _1214_/Y
 _1215_/Y
 _1216_/X
 _1217_/Y
 _1218_/Y
 _1219_/Y
 _1220_/Y
 _1221_/Y
 _1222_/Y
 _1223_/Y
 _1224_/X
 _1225_/Y
 _1226_/Y
 _1227_/Y
 _1228_/Y
 _1229_/Y
 _1230_/Y
 _1231_/X
 _1232_/X
 _1233_/Y
 _1234_/Y
 _1235_/X
 _1236_/Y
 _1237_/X
 _1238_/X
 _1239_/Y
 _1240_/Y
 _1241_/Y
 _1242_/X
 _1243_/Y
 _1244_/Y
 _1245_/Y
 _1246_/Y
 _1247_/X
 _1248_/Y
 _1249_/Y
 _1250_/Y
 _1251_/X
 _1252_/Y
 _1253_/X
 _1254_/Y
 _1255_/X
 _1256_/Y
 _1257_/Y
 _1258_/Y
 _1259_/Y
 _1260_/Y
 _1261_/Y
 _1262_/X
 _1263_/Y
 _1264_/Y
 _1265_/X
 _1266_/X
 _1267_/Y
 _1268_/Y
 _1269_/Y
 _1270_/Y
 _1271_/Y
 _1272_/X
 _1273_/Y
 _1274_/X
 _1275_/Y
 _1276_/X
 _1277_/X
 _1278_/X
 _1279_/Y
 _1280_/Y
 _1281_/Y
 _1282_/Y
 _1283_/Y
 _1284_/Y
 _1285_/Y
 _1286_/X
 _1287_/Y
 _1288_/X
 _1289_/X
 _1290_/Y
 _1291_/X
 _1292_/Y
 _1293_/X
 _1294_/X
 _1295_/Y
 _1296_/Y
 _1297_/Y
 _1298_/Y
 _1299_/Y
 _1300_/Y
 _1301_/Y
 _1302_/Y
 _1303_/Y
 _1304_/Y
 _1305_/Y
 _1306_/Y
 _1307_/X
 _1308_/Y
 _1309_/Y
 _1310_/Y
 _1311_/Y
 _1312_/Y
 _1313_/Y
 _1314_/X
 _1315_/X
 _1316_/Y
 _1317_/X
 _1318_/Y
 _1319_/X
 _1320_/Y
 _1321_/Y
 _1322_/Y
 _1323_/X
 _1324_/Y
 _1325_/Y
 _1326_/Y
 _1327_/Y
 _1328_/Y
 _1329_/Y
 _1330_/Y
 _1331_/Y
 _1332_/Y
 _1333_/Y
 _1334_/Y
 _1335_/Y
 _1336_/X
 _1337_/X
 _1338_/Y
 _1339_/Y
 _1340_/Y
 _1341_/X
 _1342_/X
 _1343_/Y
 _1344_/Y
 _1345_/Y
 _1346_/Y
 _1347_/Y
 _1348_/Y
 _1349_/Y
 _1350_/Y
 _1351_/Y
 _1352_/Y
 _1353_/Y
 _1354_/X
 _1355_/X
 _1356_/X
 _1357_/Y
 _1358_/Y
 _1359_/Y
 _1360_/Y
 _1361_/Y
 _1362_/Y
 _1363_/X
 _1364_/Y
 _1365_/Y
 _1366_/X
 _1367_/X
 _1368_/Y
 _1369_/X
 _1370_/X
 _1371_/Y
 _1372_/Y
 _1373_/Y
 _1374_/Q
 _1375_/Q
 _1376_/Q
 _1377_/Q
 _1378_/Q
 _1379_/Q
 _1380_/Q
 _1381_/Q
 _1382_/Q
 _1383_/Q
 _1384_/Q
 _1385_/Q
 _1386_/Q
 _1387_/Q
 _1388_/Q
 _1389_/Q
 _1390_/Q
 _1391_/Q
 _1392_/Q
 _1393_/Q
 _1394_/Q
 _1395_/Q
 _1396_/Q
 _1397_/Q
 _1398_/Q
 _1399_/Q
 _1400_/Q
 _1401_/Q
 _1402_/Q
 _1403_/Q
 _1404_/Q
 _1405_/Q
 _1406_/Q
 _1407_/Q
 _1408_/Q
 _1409_/Q
 _1410_/Q
 _1411_/Q
 _1412_/Q
 _1413_/Q
 _1414_/Q
 _1415_/Q
 _1416_/Q
 _1417_/Q
 _1418_/Q
 _1419_/Q
 _1420_/Q
 _1421_/Q
 _1422_/Q
 _1423_/Q
 _1424_/Q
 _1425_/Q
 _1426_/Q
 _1427_/Q
 _1428_/Q
 _1429_/Q
 _1430_/Q
 _1431_/Q
 _1432_/Q
 _1433_/Q
 _1434_/Q
 _1435_/Q
 _1436_/Q
 _1437_/Q
 _1438_/Q
 _1439_/Q
 _1440_/Q
Found 0 partially unannotated drivers.

===========================================================================
max slew violation count 141
max fanout violation count 23
max cap violation count 1
============================================================================

===========================================================================
check_setup -verbose -unconstrained_endpoints -multiple_clock -no_clock -no_input_delay -loops -generated_clocks
===========================================================================
