Clock: clk
Sources: clk 
Generated: no
Virtual: no
Propagated: no
Period: 5.000000

===========================================================================
report_clock_properties
============================================================================
Clock                   Period          Waveform
----------------------------------------------------
clk                   5.000000    0.000000  2.500000

===========================================================================
report_clock_latency
============================================================================
Clock clk
rise -> rise
    min     max
0.000000 0.000000 source latency
0.304014         network latency _1374_/CLK
        0.304014 network latency _1374_/CLK
---------------
0.304014 0.304014 latency
        0.000000 skew

fall -> fall
    min     max
0.000000 0.000000 source latency
0.130474         network latency _1374_/CLK
        0.130474 network latency _1374_/CLK
---------------
0.130474 0.130474 latency
        0.000000 skew



===========================================================================
report_clock_min_period
============================================================================
clk period_min = 2.04 fmax = 490.87
