Clock: clk
Sources: clk 
Generated: no
Virtual: yes
Propagated: no
Period: 5.000000

===========================================================================
report_clock_properties
============================================================================
Clock                   Period          Waveform
----------------------------------------------------
clk                   5.000000    0.000000  2.500000

===========================================================================
report_clock_latency
============================================================================
Clock clk
rise -> rise
    min     max
0.000000 0.000000 source latency
0.372852         network latency _1383_/CLK
        0.377226 network latency _1411_/CLK
---------------
0.372852 0.377226 latency
        0.004374 skew

fall -> fall
    min     max
0.000000 0.000000 source latency
0.348509         network latency _1383_/CLK
        0.352549 network latency _1411_/CLK
---------------
0.348509 0.352549 latency
        0.004040 skew



===========================================================================
report_clock_min_period
============================================================================
clk period_min = 3.02 fmax = 331.48
