Clock: clk
Sources: clk 
Generated: no
Virtual: yes
Propagated: no
Period: 5.000000

===========================================================================
report_clock_properties
============================================================================
Clock                   Period          Waveform
----------------------------------------------------
clk                   5.000000    0.000000  2.500000

===========================================================================
report_clock_latency
============================================================================
Clock clk
rise -> rise
    min     max
0.000000 0.000000 source latency
0.294389         network latency _1383_/CLK
        0.305695 network latency _1437_/CLK
---------------
0.294389 0.305695 latency
        0.011306 skew

fall -> fall
    min     max
0.000000 0.000000 source latency
0.261505         network latency _1383_/CLK
        0.271235 network latency _1437_/CLK
---------------
0.261505 0.271235 latency
        0.009731 skew



===========================================================================
report_clock_min_period
============================================================================
clk period_min = 2.06 fmax = 485.51
