
===========================================================================
report_checks -unconstrained
===========================================================================
======================= nom_tt_025C_1v80 Corner ===================================

Startpoint: _1376_ (rising edge-triggered flip-flop clocked by clk)
Endpoint: _1402_ (rising edge-triggered flip-flop clocked by clk)
Path Group: clk
Path Type: max

Fanout         Cap        Slew       Delay        Time   Description
---------------------------------------------------------------------------------------------
                                  0.000000    0.000000   clock clk (rise edge)
                                  0.000000    0.000000   clock source latency
    67    0.175695    0.787343    0.541891    0.541891 ^ clk (in)
                                                         clk (net)
                      0.787348    0.000000    0.541891 ^ _1376_/CLK (sky130_fd_sc_hd__dfxtp_2)
     7    0.056136    0.283171    0.654276    1.196167 ^ _1376_/Q (sky130_fd_sc_hd__dfxtp_2)
                                                         psum[1] (net)
                      0.283171    0.000025    1.196192 ^ _0722_/A2 (sky130_fd_sc_hd__a22oi_2)
     2    0.010749    0.108640    0.153764    1.349956 v _0722_/Y (sky130_fd_sc_hd__a22oi_2)
                                                         _0098_ (net)
                      0.108640    0.000047    1.350003 v _0728_/A3 (sky130_fd_sc_hd__o31ai_4)
     4    0.014652    0.264022    0.257870    1.607873 ^ _0728_/Y (sky130_fd_sc_hd__o31ai_4)
                                                         _0103_ (net)
                      0.264022    0.000055    1.607928 ^ _0736_/A1 (sky130_fd_sc_hd__a21oi_2)
     3    0.008599    0.082130    0.109276    1.717204 v _0736_/Y (sky130_fd_sc_hd__a21oi_2)
                                                         _0110_ (net)
                      0.082130    0.000042    1.717246 v _0754_/B2 (sky130_fd_sc_hd__o221ai_2)
     4    0.014909    0.269944    0.229876    1.947123 ^ _0754_/Y (sky130_fd_sc_hd__o221ai_2)
                                                         _0126_ (net)
                      0.269944    0.000081    1.947204 ^ _0757_/C1 (sky130_fd_sc_hd__o211ai_2)
     1    0.005019    0.096296    0.130420    2.077624 v _0757_/Y (sky130_fd_sc_hd__o211ai_2)
                                                         _0129_ (net)
                      0.096296    0.000020    2.077644 v _0771_/C1 (sky130_fd_sc_hd__o211ai_2)
     3    0.013201    0.213391    0.113661    2.191305 ^ _0771_/Y (sky130_fd_sc_hd__o211ai_2)
                                                         _0141_ (net)
                      0.213391    0.000085    2.191390 ^ _0774_/D1 (sky130_fd_sc_hd__o2111ai_2)
     2    0.006473    0.121526    0.147950    2.339340 v _0774_/Y (sky130_fd_sc_hd__o2111ai_2)
                                                         _0144_ (net)
                      0.121526    0.000028    2.339368 v _0785_/B (sky130_fd_sc_hd__nand3_2)
     3    0.012256    0.087272    0.129868    2.469236 ^ _0785_/Y (sky130_fd_sc_hd__nand3_2)
                                                         _0153_ (net)
                      0.087272    0.000060    2.469295 ^ _0803_/C1 (sky130_fd_sc_hd__o211ai_2)
     1    0.009836    0.091010    0.106564    2.575859 v _0803_/Y (sky130_fd_sc_hd__o211ai_2)
                                                         _0169_ (net)
                      0.091010    0.000095    2.575955 v _0818_/A1 (sky130_fd_sc_hd__a21boi_4)
     7    0.028677    0.239110    0.253637    2.829592 ^ _0818_/Y (sky130_fd_sc_hd__a21boi_4)
                                                         _0182_ (net)
                      0.239110    0.000507    2.830099 ^ _0835_/A2 (sky130_fd_sc_hd__o211a_4)
    17    0.071904    0.226672    0.332407    3.162505 ^ _0835_/X (sky130_fd_sc_hd__o211a_4)
                                                         _0197_ (net)
                      0.226672    0.000455    3.162961 ^ _0869_/A2 (sky130_fd_sc_hd__a41oi_2)
     1    0.007824    0.136334    0.171684    3.334645 v _0869_/Y (sky130_fd_sc_hd__a41oi_2)
                                                         _0220_ (net)
                      0.136334    0.000004    3.334649 v _0870_/B1 (sky130_fd_sc_hd__a311oi_4)
     1    0.001905    0.182845    0.264444    3.599094 ^ _0870_/Y (sky130_fd_sc_hd__a311oi_4)
                                                         _0028_ (net)
                      0.182845    0.000002    3.599096 ^ _1402_/D (sky130_fd_sc_hd__dfxtp_2)
                                              3.599096   data arrival time

                                  4.000000    4.000000   clock clk (rise edge)
                                  0.000000    4.000000   clock source latency
    67    0.175695    0.787343    0.545320    4.545320 ^ clk (in)
                                                         clk (net)
                      0.787389    0.000000    4.545320 ^ _1402_/CLK (sky130_fd_sc_hd__dfxtp_2)
                                 -0.250000    4.295320   clock uncertainty
                                  0.000000    4.295320   clock reconvergence pessimism
                                 -0.011228    4.284091   library setup time
                                              4.284091   data required time
---------------------------------------------------------------------------------------------
                                              4.284091   data required time
                                             -3.599096   data arrival time
---------------------------------------------------------------------------------------------
                                              0.684996   slack (MET)




===========================================================================
report_checks --slack_max -0.01
============================================================================
======================= nom_tt_025C_1v80 Corner ===================================

No paths found.


===========================================================================
 report_check_types -max_slew -max_cap -max_fanout -violators
============================================================================
======================= nom_tt_025C_1v80 Corner ===================================

max slew

Pin                                        Limit        Slew       Slack
------------------------------------------------------------------------
_0706_/B                                0.750000    1.506234   -0.756234 (VIOLATED)
_0829_/C1                               0.750000    1.506234   -0.756234 (VIOLATED)
_0886_/B                                0.750000    1.506234   -0.756234 (VIOLATED)
_0807_/B1                               0.750000    1.506233   -0.756233 (VIOLATED)
_0814_/B1                               0.750000    1.506233   -0.756233 (VIOLATED)
_0823_/B1                               0.750000    1.506234   -0.756234 (VIOLATED)
_1347_/B1                               0.750000    1.506234   -0.756234 (VIOLATED)
_1364_/B1                               0.750000    1.506234   -0.756234 (VIOLATED)
_0858_/C                                0.750000    1.506232   -0.756232 (VIOLATED)
_0877_/C1                               0.750000    1.506233   -0.756233 (VIOLATED)
_0861_/C                                0.750000    1.506232   -0.756232 (VIOLATED)
_0865_/C                                0.750000    1.506232   -0.756232 (VIOLATED)
_0868_/C1                               0.750000    1.506233   -0.756233 (VIOLATED)
_0880_/B1                               0.750000    1.506233   -0.756233 (VIOLATED)
_0885_/B1                               0.750000    1.506233   -0.756233 (VIOLATED)
_0702_/Y                                0.750000    1.506230   -0.756230 (VIOLATED)
_0718_/B1                               0.750000    1.506230   -0.756230 (VIOLATED)
_0727_/B1                               0.750000    1.506230   -0.756230 (VIOLATED)
_0735_/B1                               0.750000    1.506230   -0.756230 (VIOLATED)
_0743_/B1                               0.750000    1.506230   -0.756230 (VIOLATED)
_0759_/B1                               0.750000    1.506230   -0.756230 (VIOLATED)
_0775_/C1                               0.750000    1.506230   -0.756230 (VIOLATED)
_0782_/C1                               0.750000    1.506230   -0.756230 (VIOLATED)
_0789_/B1                               0.750000    1.506230   -0.756230 (VIOLATED)
_0796_/C1                               0.750000    1.506230   -0.756230 (VIOLATED)
_0836_/B1                               0.750000    1.506230   -0.756230 (VIOLATED)
_0840_/C                                0.750000    1.506230   -0.756230 (VIOLATED)
_0843_/C                                0.750000    1.506230   -0.756230 (VIOLATED)
_0847_/C                                0.750000    1.506230   -0.756230 (VIOLATED)
_0852_/B1                               0.750000    1.506230   -0.756230 (VIOLATED)
_0888_/B                                0.750000    1.506230   -0.756230 (VIOLATED)
_0889_/B                                0.750000    1.506230   -0.756230 (VIOLATED)
_0893_/B                                0.750000    1.506230   -0.756230 (VIOLATED)
_0896_/C                                0.750000    1.506230   -0.756230 (VIOLATED)
_0901_/A2                               0.750000    1.506230   -0.756230 (VIOLATED)
_0909_/C                                0.750000    1.506230   -0.756230 (VIOLATED)
_0910_/A2                               0.750000    1.506230   -0.756230 (VIOLATED)
_0926_/C                                0.750000    1.506230   -0.756230 (VIOLATED)
_0927_/A2                               0.750000    1.506230   -0.756230 (VIOLATED)
_0953_/B1                               0.750000    1.506230   -0.756230 (VIOLATED)
_1188_/B1                               0.750000    1.506230   -0.756230 (VIOLATED)
_1304_/B1                               0.750000    1.506230   -0.756230 (VIOLATED)
_1366_/B                                0.750000    1.506230   -0.756230 (VIOLATED)
_1367_/B                                0.750000    1.506230   -0.756230 (VIOLATED)
_1369_/B                                0.750000    1.506230   -0.756230 (VIOLATED)
_1370_/B                                0.750000    1.506230   -0.756230 (VIOLATED)
_1413_/CLK                              0.750000    0.787408   -0.037408 (VIOLATED)
_1414_/CLK                              0.750000    0.787408   -0.037408 (VIOLATED)
_1439_/CLK                              0.750000    0.787407   -0.037407 (VIOLATED)
_1438_/CLK                              0.750000    0.787406   -0.037406 (VIOLATED)
_1440_/CLK                              0.750000    0.787406   -0.037406 (VIOLATED)
_1416_/CLK                              0.750000    0.787405   -0.037405 (VIOLATED)
_1432_/CLK                              0.750000    0.787405   -0.037405 (VIOLATED)
_1407_/CLK                              0.750000    0.787404   -0.037404 (VIOLATED)
_1408_/CLK                              0.750000    0.787404   -0.037404 (VIOLATED)
_1390_/CLK                              0.750000    0.787403   -0.037403 (VIOLATED)
_1406_/CLK                              0.750000    0.787401   -0.037401 (VIOLATED)
_1405_/CLK                              0.750000    0.787400   -0.037400 (VIOLATED)
_1404_/CLK                              0.750000    0.787397   -0.037397 (VIOLATED)
_1403_/CLK                              0.750000    0.787396   -0.037396 (VIOLATED)
_1402_/CLK                              0.750000    0.787389   -0.037389 (VIOLATED)
_1401_/CLK                              0.750000    0.787389   -0.037389 (VIOLATED)
_1389_/CLK                              0.750000    0.787386   -0.037386 (VIOLATED)
_1387_/CLK                              0.750000    0.787386   -0.037386 (VIOLATED)
_1388_/CLK                              0.750000    0.787386   -0.037386 (VIOLATED)
_1400_/CLK                              0.750000    0.787382   -0.037382 (VIOLATED)
_1399_/CLK                              0.750000    0.787381   -0.037381 (VIOLATED)
_1398_/CLK                              0.750000    0.787379   -0.037379 (VIOLATED)
_1386_/CLK                              0.750000    0.787374   -0.037374 (VIOLATED)
_1385_/CLK                              0.750000    0.787374   -0.037374 (VIOLATED)
_1397_/CLK                              0.750000    0.787373   -0.037373 (VIOLATED)
_1395_/CLK                              0.750000    0.787373   -0.037373 (VIOLATED)
_1396_/CLK                              0.750000    0.787367   -0.037367 (VIOLATED)
_1394_/CLK                              0.750000    0.787364   -0.037364 (VIOLATED)
_1392_/CLK                              0.750000    0.787362   -0.037363 (VIOLATED)
_1384_/CLK                              0.750000    0.787358   -0.037358 (VIOLATED)
_1383_/CLK                              0.750000    0.787358   -0.037358 (VIOLATED)
_1382_/CLK                              0.750000    0.787357   -0.037357 (VIOLATED)
_1393_/CLK                              0.750000    0.787357   -0.037357 (VIOLATED)
_1391_/CLK                              0.750000    0.787357   -0.037357 (VIOLATED)
_1430_/CLK                              0.750000    0.787356   -0.037356 (VIOLATED)
_1429_/CLK                              0.750000    0.787356   -0.037356 (VIOLATED)
_1428_/CLK                              0.750000    0.787356   -0.037356 (VIOLATED)
_1427_/CLK                              0.750000    0.787356   -0.037356 (VIOLATED)
_1426_/CLK                              0.750000    0.787355   -0.037355 (VIOLATED)
_1415_/CLK                              0.750000    0.787355   -0.037355 (VIOLATED)
_1425_/CLK                              0.750000    0.787354   -0.037354 (VIOLATED)
_1431_/CLK                              0.750000    0.787354   -0.037354 (VIOLATED)
_1424_/CLK                              0.750000    0.787353   -0.037353 (VIOLATED)
_1423_/CLK                              0.750000    0.787352   -0.037352 (VIOLATED)
_1422_/CLK                              0.750000    0.787352   -0.037352 (VIOLATED)
_1374_/CLK                              0.750000    0.787352   -0.037352 (VIOLATED)
_1380_/CLK                              0.750000    0.787351   -0.037351 (VIOLATED)
_1420_/CLK                              0.750000    0.787351   -0.037351 (VIOLATED)
_1381_/CLK                              0.750000    0.787350   -0.037351 (VIOLATED)
_1421_/CLK                              0.750000    0.787350   -0.037351 (VIOLATED)
_1418_/CLK                              0.750000    0.787350   -0.037350 (VIOLATED)
_1412_/CLK                              0.750000    0.787349   -0.037349 (VIOLATED)
_1436_/CLK                              0.750000    0.787349   -0.037349 (VIOLATED)
_1437_/CLK                              0.750000    0.787349   -0.037349 (VIOLATED)
_1411_/CLK                              0.750000    0.787349   -0.037349 (VIOLATED)
_1435_/CLK                              0.750000    0.787349   -0.037349 (VIOLATED)
_1434_/CLK                              0.750000    0.787349   -0.037349 (VIOLATED)
_1419_/CLK                              0.750000    0.787349   -0.037349 (VIOLATED)
_1410_/CLK                              0.750000    0.787349   -0.037349 (VIOLATED)
_1409_/CLK                              0.750000    0.787349   -0.037349 (VIOLATED)
_1433_/CLK                              0.750000    0.787349   -0.037349 (VIOLATED)
_1417_/CLK                              0.750000    0.787348   -0.037348 (VIOLATED)
_1375_/CLK                              0.750000    0.787348   -0.037348 (VIOLATED)
_1376_/CLK                              0.750000    0.787348   -0.037348 (VIOLATED)
_1379_/CLK                              0.750000    0.787347   -0.037347 (VIOLATED)
_1377_/CLK                              0.750000    0.787346   -0.037346 (VIOLATED)
_1378_/CLK                              0.750000    0.787344   -0.037344 (VIOLATED)
clk                                     0.750000    0.787343   -0.037343 (VIOLATED)

max fanout

Pin                                   Limit Fanout  Slack
---------------------------------------------------------
clk                                      10     67    -57 (VIOLATED)
_0702_/Y                                 10     45    -35 (VIOLATED)
b_in[1]                                  10     32    -22 (VIOLATED)
a_in[6]                                  10     30    -20 (VIOLATED)
_1374_/Q                                 10     30    -20 (VIOLATED)
b_in[4]                                  10     29    -19 (VIOLATED)
b_in[0]                                  10     28    -18 (VIOLATED)
a_in[1]                                  10     27    -17 (VIOLATED)
b_in[3]                                  10     27    -17 (VIOLATED)
a_in[2]                                  10     26    -16 (VIOLATED)
a_in[3]                                  10     26    -16 (VIOLATED)
a_in[5]                                  10     24    -14 (VIOLATED)
a_in[4]                                  10     23    -13 (VIOLATED)
b_in[5]                                  10     23    -13 (VIOLATED)
a_in[7]                                  10     20    -10 (VIOLATED)
b_in[2]                                  10     20    -10 (VIOLATED)
a_in[0]                                  10     19     -9 (VIOLATED)
b_in[6]                                  10     18     -8 (VIOLATED)
b_in[7]                                  10     18     -8 (VIOLATED)
_0835_/X                                 10     17     -7 (VIOLATED)
_0703_/X                                 10     15     -5 (VIOLATED)
_0854_/X                                 10     12     -2 (VIOLATED)
_0701_/Y                                 10     11        (VIOLATED)
_0704_/X                                 10     11        (VIOLATED)

max capacitance

Pin                                        Limit         Cap       Slack
------------------------------------------------------------------------
_0702_/Y                                0.141917    0.145020   -0.003103 (VIOLATED)



===========================================================================
report_parasitic_annotation -report_unannotated
============================================================================
Found 0 unannotated drivers.
Found 0 partially unannotated drivers.

===========================================================================
max slew violation count 114
Writing metric design__max_slew_violation__count__corner:nom_tt_025C_1v80: 114
max fanout violation count 24
Writing metric design__max_fanout_violation__count__corner:nom_tt_025C_1v80: 24
max cap violation count 1
Writing metric design__max_cap_violation__count__corner:nom_tt_025C_1v80: 1
============================================================================

===========================================================================
check_setup -verbose -unconstrained_endpoints -multiple_clock -no_clock -no_input_delay -loops -generated_clocks
===========================================================================
