Clock: clk
Sources: clk 
Generated: no
Virtual: yes
Propagated: no
Period: 4.000000

===========================================================================
report_clock_properties
============================================================================
Clock                   Period          Waveform
----------------------------------------------------
clk                   4.000000    0.000000  2.000000

===========================================================================
report_clock_latency
============================================================================
Clock clk
rise -> rise
    min     max
0.000000 0.000000 source latency
0.541095         network latency _1378_/CLK
        0.546222 network latency _1413_/CLK
---------------
0.541095 0.546222 latency
        0.005127 skew

fall -> fall
    min     max
0.000000 0.000000 source latency
0.262560         network latency _1378_/CLK
        0.267331 network latency _1413_/CLK
---------------
0.262560 0.267331 latency
        0.004771 skew



===========================================================================
report_clock_min_period
============================================================================
clk period_min = 3.32 fmax = 301.66
