
===========================================================================
report_checks -unconstrained
===========================================================================
======================= max_tt_025C_1v80 Corner ===================================

Startpoint: b_in[2] (input port clocked by clk)
Endpoint: _1432_ (rising edge-triggered flip-flop clocked by clk)
Path Group: clk
Path Type: max

Fanout         Cap        Slew       Delay        Time   Description
---------------------------------------------------------------------------------------------
                                  0.000000    0.000000   clock clk (rise edge)
                                  0.000000    0.000000   clock network delay (propagated)
                                  1.000000    1.000000 ^ input external delay
     1    0.004065    0.025228    0.014811    1.014811 ^ b_in[2] (in)
                                                         b_in[2] (net)
                      0.025230    0.000000    1.014811 ^ input11/A (sky130_fd_sc_hd__buf_1)
     2    0.011589    0.142755    0.143056    1.157867 ^ input11/X (sky130_fd_sc_hd__buf_1)
                                                         net11 (net)
                      0.142759    0.000606    1.158473 ^ fanout126/A (sky130_fd_sc_hd__buf_4)
    10    0.075536    0.211072    0.263203    1.421676 ^ fanout126/X (sky130_fd_sc_hd__buf_4)
                                                         net126 (net)
                      0.211412    0.006968    1.428644 ^ fanout125/A (sky130_fd_sc_hd__buf_4)
    10    0.065882    0.185369    0.263095    1.691739 ^ fanout125/X (sky130_fd_sc_hd__buf_4)
                                                         net125 (net)
                      0.185985    0.008727    1.700466 ^ _0694_/A (sky130_fd_sc_hd__clkinv_4)
     7    0.073352    0.152931    0.180731    1.881197 v _0694_/Y (sky130_fd_sc_hd__clkinv_4)
                                                         _0074_ (net)
                      0.153823    0.009454    1.890651 v _1070_/A1 (sky130_fd_sc_hd__o211ai_4)
     1    0.011283    0.173916    0.240022    2.130673 ^ _1070_/Y (sky130_fd_sc_hd__o211ai_4)
                                                         _0400_ (net)
                      0.173919    0.000943    2.131617 ^ _1077_/A (sky130_fd_sc_hd__nand3_4)
     6    0.042174    0.160816    0.172388    2.304005 v _1077_/Y (sky130_fd_sc_hd__nand3_4)
                                                         _0407_ (net)
                      0.160943    0.003664    2.307668 v _1090_/A1_N (sky130_fd_sc_hd__o2bb2ai_4)
     2    0.018837    0.079011    0.206174    2.513843 v _1090_/Y (sky130_fd_sc_hd__o2bb2ai_4)
                                                         _0420_ (net)
                      0.079049    0.001204    2.515046 v _1097_/B2 (sky130_fd_sc_hd__a22oi_4)
     5    0.035948    0.310597    0.295753    2.810799 ^ _1097_/Y (sky130_fd_sc_hd__a22oi_4)
                                                         _0427_ (net)
                      0.310693    0.004207    2.815006 ^ rebuffer7/A (sky130_fd_sc_hd__dlymetal6s2s_1)
     1    0.009558    0.119433    0.202530    3.017536 ^ rebuffer7/X (sky130_fd_sc_hd__dlymetal6s2s_1)
                                                         net139 (net)
                      0.119436    0.000741    3.018277 ^ _1171_/A2 (sky130_fd_sc_hd__o2111ai_4)
     3    0.024192    0.174534    0.172351    3.190628 v _1171_/Y (sky130_fd_sc_hd__o2111ai_4)
                                                         _0500_ (net)
                      0.174536    0.001225    3.191854 v _1229_/B1 (sky130_fd_sc_hd__o21ai_4)
     4    0.019309    0.184325    0.138348    3.330202 ^ _1229_/Y (sky130_fd_sc_hd__o21ai_4)
                                                         _0557_ (net)
                      0.184334    0.001350    3.331552 ^ _1231_/B1 (sky130_fd_sc_hd__a22o_1)
     2    0.016043    0.163000    0.241600    3.573151 ^ _1231_/X (sky130_fd_sc_hd__a22o_1)
                                                         _0559_ (net)
                      0.163004    0.001075    3.574227 ^ _1239_/C (sky130_fd_sc_hd__nand4_4)
     1    0.009386    0.110002    0.122200    3.696426 v _1239_/Y (sky130_fd_sc_hd__nand4_4)
                                                         _0566_ (net)
                      0.110003    0.000725    3.697152 v _1328_/A1 (sky130_fd_sc_hd__o21ai_4)
     4    0.017526    0.173374    0.218355    3.915507 ^ _1328_/Y (sky130_fd_sc_hd__o21ai_4)
                                                         _0653_ (net)
                      0.173377    0.001388    3.916894 ^ _1350_/A (sky130_fd_sc_hd__nand3_1)
     2    0.006627    0.108054    0.123054    4.039949 v _1350_/Y (sky130_fd_sc_hd__nand3_1)
                                                         _0673_ (net)
                      0.108054    0.000403    4.040352 v _1360_/A2_N (sky130_fd_sc_hd__o2bb2ai_1)
     1    0.003807    0.089074    0.149110    4.189462 v _1360_/Y (sky130_fd_sc_hd__o2bb2ai_1)
                                                         _0683_ (net)
                      0.089074    0.000254    4.189716 v _1365_/A2 (sky130_fd_sc_hd__a31oi_1)
     1    0.002312    0.115048    0.163232    4.352948 ^ _1365_/Y (sky130_fd_sc_hd__a31oi_1)
                                                         _0058_ (net)
                      0.115048    0.000106    4.353055 ^ _1432_/D (sky130_fd_sc_hd__dfxtp_1)
                                              4.353055   data arrival time

                                  6.000000    6.000000   clock clk (rise edge)
                                  0.000000    6.000000   clock source latency
     1    0.025318    0.119494    0.083052    6.083052 ^ clk (in)
                                                         clk (net)
                      0.119529    0.000000    6.083052 ^ clkbuf_0_clk/A (sky130_fd_sc_hd__clkbuf_16)
     8    0.086393    0.103541    0.199686    6.282738 ^ clkbuf_0_clk/X (sky130_fd_sc_hd__clkbuf_16)
                                                         clknet_0_clk (net)
                      0.104284    0.007037    6.289775 ^ clkbuf_3_5__f_clk/A (sky130_fd_sc_hd__clkbuf_16)
     8    0.034399    0.054703    0.158598    6.448373 ^ clkbuf_3_5__f_clk/X (sky130_fd_sc_hd__clkbuf_16)
                                                         clknet_3_5__leaf_clk (net)
                      0.054820    0.001954    6.450326 ^ _1432_/CLK (sky130_fd_sc_hd__dfxtp_1)
                                 -0.250000    6.200326   clock uncertainty
                                  0.000000    6.200326   clock reconvergence pessimism
                                 -0.068748    6.131578   library setup time
                                              6.131578   data required time
---------------------------------------------------------------------------------------------
                                              6.131578   data required time
                                             -4.353055   data arrival time
---------------------------------------------------------------------------------------------
                                              1.778524   slack (MET)




===========================================================================
report_checks --slack_max -0.01
============================================================================
======================= max_tt_025C_1v80 Corner ===================================

No paths found.


===========================================================================
 report_check_types -max_slew -max_cap -max_fanout -violators
============================================================================
======================= max_tt_025C_1v80 Corner ===================================

max fanout

Pin                                   Limit Fanout  Slack
---------------------------------------------------------
clkbuf_3_2__f_clk/X                      10     11        (VIOLATED)
clkbuf_3_3__f_clk/X                      10     11        (VIOLATED)
clkbuf_3_7__f_clk/X                      10     11        (VIOLATED)



===========================================================================
report_parasitic_annotation -report_unannotated
============================================================================
Found 7 unannotated drivers.
 clkload0/X
 clkload1/Y
 clkload2/X
 clkload3/Y
 clkload4/Y
 clkload5/Y
 clkload6/X
Found 0 partially unannotated drivers.

===========================================================================
max slew violation count 0
max fanout violation count 3
max cap violation count 0
============================================================================

===========================================================================
check_setup -verbose -unconstrained_endpoints -multiple_clock -no_clock -no_input_delay -loops -generated_clocks
===========================================================================
