Clock: clk
Sources: clk 
Generated: no
Virtual: yes
Propagated: no
Period: 6.000000

===========================================================================
report_clock_properties
============================================================================
Clock                   Period          Waveform
----------------------------------------------------
clk                   6.000000    0.000000  3.000000

===========================================================================
report_clock_latency
============================================================================
Clock clk
rise -> rise
    min     max
0.000000 0.000000 source latency
0.446528         network latency _1422_/CLK
        0.458858 network latency _1380_/CLK
---------------
0.446528 0.458858 latency
        0.012330 skew

fall -> fall
    min     max
0.000000 0.000000 source latency
0.393672         network latency _1422_/CLK
        0.404314 network latency _1380_/CLK
---------------
0.393672 0.404314 latency
        0.010642 skew



===========================================================================
report_clock_min_period
============================================================================
clk period_min = 3.76 fmax = 266.03
