Reading OpenROAD database at '/home/anils_0611/vlsi_projects/pe_asic/pnr/config/runs/reg_run3/20-openroad-generatepdn/PE.odb'…
Reading library file at '/home/anils_0611/.volare/volare/sky130/versions/0fe599b2afb6708d281543108caf8310912f54af/sky130A/libs.ref/sky130_fd_sc_hd/lib/sky130_fd_sc_hd__tt_025C_1v80.lib'…
Reading design constraints file at '/nix/store/9hhfv2x4r4x6v55799pa58jc2yni6awy-python3.11-openlane-2.3.10/lib/python3.11/site-packages/openlane/scripts/base.sdc'…
[INFO] Using clock clk…
[INFO] Setting output delay to: 1
[INFO] Setting input delay to: 1
[INFO] Setting load to: 0.033442
[INFO] Setting clock uncertainty to: 0.25
[INFO] Setting clock transition to: 0.1499999999999999944488848768742172978818416595458984375
[INFO] Setting timing derate to: 5%
+ global_placement -density 0.55 -skip_io -pad_right 0 -pad_left 0 -init_wirelength_coef 0.25
[INFO GPL-0002] DBU: 1000
[INFO GPL-0003] SiteSize: (  0.460  2.720 ) um
[INFO GPL-0004] CoreBBox: (  5.520 10.880 ) ( 149.960 155.040 ) um
[INFO GPL-0006] NumInstances:              1162
[INFO GPL-0007] NumPlaceInstances:          754
[INFO GPL-0008] NumFixedInstances:          408
[INFO GPL-0009] NumDummyInstances:            0
[INFO GPL-0010] NumNets:                    775
[INFO GPL-0011] NumPins:                   3159
[INFO GPL-0012] DieBBox:  (  0.000  0.000 ) ( 155.925 166.645 ) um
[INFO GPL-0013] CoreBBox: (  5.520 10.880 ) ( 149.960 155.040 ) um
[INFO GPL-0016] CoreArea:             20822.470 um^2
[INFO GPL-0017] NonPlaceInstsArea:      775.744 um^2
[INFO GPL-0018] PlaceInstsArea:        8396.803 um^2
[INFO GPL-0019] Util:                    41.886 %
[INFO GPL-0020] StdInstsArea:          8396.803 um^2
[INFO GPL-0021] MacroInstsArea:           0.000 um^2
[INFO GPL-0031] FillerInit:NumGCells:       996
[INFO GPL-0032] FillerInit:NumGNets:        775
[INFO GPL-0033] FillerInit:NumGPins:       3159
[INFO GPL-0023] TargetDensity:            0.550
[INFO GPL-0024] AvrgPlaceInstArea:       11.136 um^2
[INFO GPL-0025] IdealBinArea:            20.248 um^2
[INFO GPL-0026] IdealBinCnt:               1028
[INFO GPL-0027] TotalBinArea:         20822.470 um^2
[INFO GPL-0028] BinCnt:        32     32
[INFO GPL-0029] BinSize: (  4.514  4.505 )
[INFO GPL-0030] NumBins: 1024
[NesterovSolve] Iter:    1 overflow: 0.991 HPWL: 2161896
[NesterovSolve] Iter:   10 overflow: 0.989 HPWL: 1673269
[NesterovSolve] Iter:   20 overflow: 0.989 HPWL: 1662522
[NesterovSolve] Iter:   30 overflow: 0.989 HPWL: 1659179
[NesterovSolve] Iter:   40 overflow: 0.989 HPWL: 1657565
[NesterovSolve] Iter:   50 overflow: 0.989 HPWL: 1656511
[NesterovSolve] Iter:   60 overflow: 0.989 HPWL: 1656598
[NesterovSolve] Iter:   70 overflow: 0.989 HPWL: 1657291
[NesterovSolve] Iter:   80 overflow: 0.989 HPWL: 1658638
[NesterovSolve] Iter:   90 overflow: 0.989 HPWL: 1661148
[NesterovSolve] Iter:  100 overflow: 0.989 HPWL: 1668594
[NesterovSolve] Iter:  110 overflow: 0.989 HPWL: 1687593
[NesterovSolve] Iter:  120 overflow: 0.983 HPWL: 1747027
[NesterovSolve] Iter:  130 overflow: 0.977 HPWL: 1889413
[NesterovSolve] Iter:  140 overflow: 0.969 HPWL: 2100961
[NesterovSolve] Iter:  150 overflow: 0.964 HPWL: 2407680
[NesterovSolve] Iter:  160 overflow: 0.947 HPWL: 2830065
[NesterovSolve] Iter:  170 overflow: 0.931 HPWL: 3340079
[NesterovSolve] Iter:  180 overflow: 0.908 HPWL: 3878646
[NesterovSolve] Iter:  190 overflow: 0.885 HPWL: 4399396
[NesterovSolve] Iter:  200 overflow: 0.853 HPWL: 5038445
[NesterovSolve] Iter:  210 overflow: 0.823 HPWL: 5634911
[NesterovSolve] Iter:  220 overflow: 0.783 HPWL: 6254290
[NesterovSolve] Iter:  230 overflow: 0.742 HPWL: 6886525
[NesterovSolve] Iter:  240 overflow: 0.703 HPWL: 7553569
[NesterovSolve] Iter:  250 overflow: 0.657 HPWL: 8209931
[NesterovSolve] Iter:  260 overflow: 0.609 HPWL: 8829861
[NesterovSolve] Iter:  270 overflow: 0.568 HPWL: 9391752
[NesterovSolve] Iter:  280 overflow: 0.520 HPWL: 9973262
[NesterovSolve] Iter:  290 overflow: 0.475 HPWL: 10486277
[NesterovSolve] Iter:  300 overflow: 0.433 HPWL: 10894040
[NesterovSolve] Iter:  310 overflow: 0.385 HPWL: 11276634
[NesterovSolve] Iter:  320 overflow: 0.345 HPWL: 11563280
[NesterovSolve] Iter:  330 overflow: 0.314 HPWL: 11775794
[NesterovSolve] Iter:  340 overflow: 0.287 HPWL: 11969283
[NesterovSolve] Iter:  350 overflow: 0.254 HPWL: 12128761
[NesterovSolve] Iter:  360 overflow: 0.230 HPWL: 12278461
[NesterovSolve] Iter:  370 overflow: 0.203 HPWL: 12430962
[NesterovSolve] Iter:  380 overflow: 0.178 HPWL: 12533758
[NesterovSolve] Iter:  390 overflow: 0.153 HPWL: 12646617
[NesterovSolve] Iter:  400 overflow: 0.128 HPWL: 12756400
[NesterovSolve] Iter:  410 overflow: 0.108 HPWL: 12846120
[NesterovSolve] Finished with Overflow: 0.099314
[INFO] Setting RC values…
Setting global connections for newly added cells…
[INFO] Setting global connections...
Updating metrics…
Cell type report:                       Count       Area
  Fill cell                               106     397.88
  Tap cell                                302     377.86
  Inverter                                 22      82.58
  Sequential cell                          67    1425.12
  Multi-Input combinational cell          665    6889.11
  Total                                  1162    9172.55
Writing OpenROAD database to '/home/anils_0611/vlsi_projects/pe_asic/pnr/config/runs/reg_run3/23-openroad-globalplacementskipio/PE.odb'…
Writing netlist to '/home/anils_0611/vlsi_projects/pe_asic/pnr/config/runs/reg_run3/23-openroad-globalplacementskipio/PE.nl.v'…
Writing powered netlist to '/home/anils_0611/vlsi_projects/pe_asic/pnr/config/runs/reg_run3/23-openroad-globalplacementskipio/PE.pnl.v'…
Writing layout to '/home/anils_0611/vlsi_projects/pe_asic/pnr/config/runs/reg_run3/23-openroad-globalplacementskipio/PE.def'…
Writing timing constraints to '/home/anils_0611/vlsi_projects/pe_asic/pnr/config/runs/reg_run3/23-openroad-globalplacementskipio/PE.sdc'…
