
===========================================================================
report_checks -unconstrained
===========================================================================
======================= min_ff_n40C_1v95 Corner ===================================

Startpoint: b_in[2] (input port clocked by clk)
Endpoint: _1432_ (rising edge-triggered flip-flop clocked by clk)
Path Group: clk
Path Type: max

Fanout         Cap        Slew       Delay        Time   Description
---------------------------------------------------------------------------------------------
                                  0.000000    0.000000   clock clk (rise edge)
                                  0.000000    0.000000   clock network delay (propagated)
                                  0.000000    0.000000 ^ input external delay
     1    0.003122    0.015065    0.008067    0.008067 ^ b_in[2] (in)
                                                         b_in[2] (net)
                      0.015065    0.000000    0.008067 ^ input11/A (sky130_fd_sc_hd__buf_1)
     2    0.011232    0.103002    0.097479    0.105546 ^ input11/X (sky130_fd_sc_hd__buf_1)
                                                         net11 (net)
                      0.103002    0.000099    0.105646 ^ fanout127/A (sky130_fd_sc_hd__buf_4)
    10    0.070613    0.148449    0.173480    0.279125 ^ fanout127/X (sky130_fd_sc_hd__buf_4)
                                                         net127 (net)
                      0.148478    0.001721    0.280847 ^ fanout126/A (sky130_fd_sc_hd__buf_6)
    10    0.062129    0.097632    0.129504    0.410350 ^ fanout126/X (sky130_fd_sc_hd__buf_6)
                                                         net126 (net)
                      0.097730    0.002525    0.412876 ^ _0694_/A (sky130_fd_sc_hd__clkinv_4)
     7    0.064065    0.095465    0.099079    0.511955 v _0694_/Y (sky130_fd_sc_hd__clkinv_4)
                                                         _0074_ (net)
                      0.095524    0.001993    0.513948 v _1070_/A1 (sky130_fd_sc_hd__o211ai_2)
     1    0.011342    0.144534    0.171924    0.685871 ^ _1070_/Y (sky130_fd_sc_hd__o211ai_2)
                                                         _0400_ (net)
                      0.144534    0.000222    0.686093 ^ _1077_/A (sky130_fd_sc_hd__nand3_4)
     5    0.036147    0.100582    0.097936    0.784029 v _1077_/Y (sky130_fd_sc_hd__nand3_4)
                                                         _0407_ (net)
                      0.100586    0.000499    0.784528 v _1147_/A1 (sky130_fd_sc_hd__a21oi_4)
     5    0.025967    0.164932    0.176148    0.960677 ^ _1147_/Y (sky130_fd_sc_hd__a21oi_4)
                                                         _0476_ (net)
                      0.164932    0.000350    0.961027 ^ _1148_/B1 (sky130_fd_sc_hd__o21ai_4)
     6    0.028990    0.067635    0.060491    1.021518 v _1148_/Y (sky130_fd_sc_hd__o21ai_4)
                                                         _0477_ (net)
                      0.067648    0.000763    1.022280 v rebuffer44/A (sky130_fd_sc_hd__buf_6)
     1    0.009718    0.018904    0.090092    1.112372 v rebuffer44/X (sky130_fd_sc_hd__buf_6)
                                                         net176 (net)
                      0.018904    0.000080    1.112452 v _1167_/B1 (sky130_fd_sc_hd__o211ai_4)
     2    0.020507    0.172078    0.074326    1.186778 ^ _1167_/Y (sky130_fd_sc_hd__o211ai_4)
                                                         _0496_ (net)
                      0.172078    0.000288    1.187066 ^ _1170_/C1 (sky130_fd_sc_hd__o211ai_4)
     2    0.016163    0.068700    0.052062    1.239128 v _1170_/Y (sky130_fd_sc_hd__o211ai_4)
                                                         _0499_ (net)
                      0.068701    0.000391    1.239519 v _1177_/B2 (sky130_fd_sc_hd__o221a_4)
     1    0.008720    0.036027    0.148741    1.388260 v _1177_/X (sky130_fd_sc_hd__o221a_4)
                                                         _0506_ (net)
                      0.036027    0.000079    1.388339 v _1180_/B2 (sky130_fd_sc_hd__o221ai_4)
     4    0.021729    0.178567    0.147695    1.536033 ^ _1180_/Y (sky130_fd_sc_hd__o221ai_4)
                                                         _0509_ (net)
                      0.178567    0.000319    1.536352 ^ _1239_/A (sky130_fd_sc_hd__nand4_4)
     1    0.009593    0.076221    0.062543    1.598894 v _1239_/Y (sky130_fd_sc_hd__nand4_4)
                                                         _0566_ (net)
                      0.076221    0.000070    1.598965 v _1328_/A1 (sky130_fd_sc_hd__o21ai_4)
     4    0.021406    0.146961    0.164031    1.762996 ^ _1328_/Y (sky130_fd_sc_hd__o21ai_4)
                                                         _0653_ (net)
                      0.146963    0.000655    1.763651 ^ rebuffer112/A (sky130_fd_sc_hd__clkbuf_1)
     1    0.005370    0.054218    0.075836    1.839487 ^ rebuffer112/X (sky130_fd_sc_hd__clkbuf_1)
                                                         net244 (net)
                      0.054218    0.000061    1.839548 ^ _1350_/A (sky130_fd_sc_hd__nand3_2)
     2    0.007836    0.062875    0.045554    1.885102 v _1350_/Y (sky130_fd_sc_hd__nand3_2)
                                                         _0673_ (net)
                      0.062875    0.000117    1.885219 v _1360_/A2_N (sky130_fd_sc_hd__o2bb2ai_1)
     1    0.003327    0.064659    0.077582    1.962801 v _1360_/Y (sky130_fd_sc_hd__o2bb2ai_1)
                                                         _0683_ (net)
                      0.064659    0.000038    1.962839 v _1365_/A2 (sky130_fd_sc_hd__a31oi_1)
     1    0.002559    0.088922    0.115671    2.078510 ^ _1365_/Y (sky130_fd_sc_hd__a31oi_1)
                                                         _0058_ (net)
                      0.088922    0.000027    2.078537 ^ _1432_/D (sky130_fd_sc_hd__dfxtp_1)
                                              2.078537   data arrival time

                                  4.000000    4.000000   clock clk (rise edge)
                                  0.000000    4.000000   clock source latency
     1    0.022682    0.080609    0.055424    4.055424 ^ clk (in)
                                                         clk (net)
                      0.080622    0.000000    4.055424 ^ clkbuf_0_clk/A (sky130_fd_sc_hd__clkbuf_16)
     8    0.081646    0.075626    0.132584    4.188008 ^ clkbuf_0_clk/X (sky130_fd_sc_hd__clkbuf_16)
                                                         clknet_0_clk (net)
                      0.075795    0.002491    4.190499 ^ clkbuf_3_4__f_clk/A (sky130_fd_sc_hd__clkbuf_16)
     6    0.029510    0.038076    0.103396    4.293895 ^ clkbuf_3_4__f_clk/X (sky130_fd_sc_hd__clkbuf_16)
                                                         clknet_3_4__leaf_clk (net)
                      0.038078    0.000286    4.294181 ^ _1432_/CLK (sky130_fd_sc_hd__dfxtp_1)
                                 -0.250000    4.044181   clock uncertainty
                                  0.000000    4.044181   clock reconvergence pessimism
                                 -0.033927    4.010254   library setup time
                                              4.010254   data required time
---------------------------------------------------------------------------------------------
                                              4.010254   data required time
                                             -2.078537   data arrival time
---------------------------------------------------------------------------------------------
                                              1.931718   slack (MET)




===========================================================================
report_checks --slack_max -0.01
============================================================================
======================= min_ff_n40C_1v95 Corner ===================================

No paths found.


===========================================================================
 report_check_types -max_slew -max_cap -max_fanout -violators
============================================================================
======================= min_ff_n40C_1v95 Corner ===================================

max fanout

Pin                                   Limit Fanout  Slack
---------------------------------------------------------
clkbuf_3_2__f_clk/X                      10     11        (VIOLATED)
clkbuf_3_3__f_clk/X                      10     11        (VIOLATED)
clkbuf_3_7__f_clk/X                      10     11        (VIOLATED)



===========================================================================
report_parasitic_annotation -report_unannotated
============================================================================
Found 6 unannotated drivers.
 clkload0/X
 clkload1/Y
 clkload2/Y
 clkload3/Y
 clkload4/Y
 clkload5/X
Found 0 partially unannotated drivers.

===========================================================================
max slew violation count 0
max fanout violation count 3
max cap violation count 0
============================================================================

===========================================================================
check_setup -verbose -unconstrained_endpoints -multiple_clock -no_clock -no_input_delay -loops -generated_clocks
===========================================================================
