Clock: clk
Sources: clk 
Generated: no
Virtual: yes
Propagated: no
Period: 4.000000

===========================================================================
report_clock_properties
============================================================================
Clock                   Period          Waveform
----------------------------------------------------
clk                   4.000000    0.000000  2.000000

===========================================================================
report_clock_latency
============================================================================
Clock clk
rise -> rise
    min     max
0.000000 0.000000 source latency
0.292485         network latency _1422_/CLK
        0.300569 network latency _1380_/CLK
---------------
0.292485 0.300569 latency
        0.008085 skew

fall -> fall
    min     max
0.000000 0.000000 source latency
0.257711         network latency _1422_/CLK
        0.264971 network latency _1380_/CLK
---------------
0.257711 0.264971 latency
        0.007259 skew



===========================================================================
report_clock_min_period
============================================================================
clk period_min = 2.02 fmax = 494.36
