Clock: clk
Sources: clk 
Generated: no
Virtual: yes
Propagated: no
Period: 5.000000

===========================================================================
report_clock_properties
============================================================================
Clock                   Period          Waveform
----------------------------------------------------
clk                   5.000000    0.000000  2.500000

===========================================================================
report_clock_latency
============================================================================
Clock clk
rise -> rise
    min     max
0.000000 0.000000 source latency
0.717882         network latency _1419_/CLK
        0.729544 network latency _1382_/CLK
---------------
0.717882 0.729544 latency
        0.011662 skew

fall -> fall
    min     max
0.000000 0.000000 source latency
0.667115         network latency _1419_/CLK
        0.677042 network latency _1382_/CLK
---------------
0.667115 0.677042 latency
        0.009927 skew



===========================================================================
report_clock_min_period
============================================================================
clk period_min = 5.91 fmax = 169.34
