
===========================================================================
Violator List
============================================================================
[setup in-reg] b_in[5] -> _1426_/D : -2.030798
[setup in-reg] b_in[5] -> _1432_/D : -2.006457
[setup in-reg] b_in[5] -> _1427_/D : -1.991186
[setup in-reg] b_in[5] -> _1429_/D : -1.982164
[setup in-reg] b_in[5] -> _1431_/D : -1.968302
[setup in-reg] b_in[5] -> _1428_/D : -1.947024
[setup in-reg] b_in[5] -> _1430_/D : -1.821922
[setup in-reg] b_in[5] -> _1425_/D : -1.433794
[setup in-reg] b_in[5] -> _1424_/D : -1.424362
[setup reg-reg] _1376_/Q -> _1393_/D : -0.905193
[setup reg-reg] _1376_/Q -> _1394_/D : -0.878272
[setup reg-reg] _1376_/Q -> _1402_/D : -0.875175
[setup reg-reg] _1376_/Q -> _1397_/D : -0.872880
[setup reg-reg] _1376_/Q -> _1396_/D : -0.846780
[setup reg-reg] _1376_/Q -> _1395_/D : -0.786951
[setup reg-reg] _1376_/Q -> _1406_/D : -0.765144
[setup reg-reg] _1376_/Q -> _1401_/D : -0.716213
[setup in-reg] b_in[5] -> _1423_/D : -0.676917
[setup reg-reg] _1376_/Q -> _1400_/D : -0.669091
[setup reg-reg] _1376_/Q -> _1399_/D : -0.663940
[setup reg-reg] _1376_/Q -> _1391_/D : -0.617611
[setup reg-reg] _1376_/Q -> _1392_/D : -0.531695
[setup reg-reg] _1376_/Q -> _1405_/D : -0.503231
[setup reg-reg] _1376_/Q -> _1398_/D : -0.485282
[setup in-reg] b_in[5] -> _1422_/D : -0.405170
[setup reg-reg] _1376_/Q -> _1404_/D : -0.382018
[setup reg-reg] _1376_/Q -> _1390_/D : -0.357029
[setup reg-reg] _1376_/Q -> _1388_/D : -0.331919
[setup reg-out] _1376_/Q -> psum[1] : -0.205754
[setup reg-reg] _1376_/Q -> _1389_/D : -0.146324
[setup reg-reg] _1376_/Q -> _1386_/D : -0.040046
[setup reg-reg] _1376_/Q -> _1387_/D : -0.000541
