
===========================================================================
report_checks -unconstrained
===========================================================================
======================= nom_tt_025C_1v80 Corner ===================================

Startpoint: b_in[2] (input port clocked by clk)
Endpoint: _1432_ (rising edge-triggered flip-flop clocked by clk)
Path Group: clk
Path Type: max

Fanout         Cap        Slew       Delay        Time   Description
---------------------------------------------------------------------------------------------
                                  0.000000    0.000000   clock clk (rise edge)
                                  0.000000    0.000000   clock network delay (propagated)
                                  0.000000    0.000000 ^ input external delay
     1    0.003119    0.021108    0.011441    0.011441 ^ b_in[2] (in)
                                                         b_in[2] (net)
                      0.021108    0.000000    0.011441 ^ input11/A (sky130_fd_sc_hd__buf_1)
     2    0.011759    0.144620    0.143173    0.154614 ^ input11/X (sky130_fd_sc_hd__buf_1)
                                                         net11 (net)
                      0.144621    0.000309    0.154923 ^ fanout127/A (sky130_fd_sc_hd__buf_4)
    10    0.073310    0.204781    0.262338    0.417261 ^ fanout127/X (sky130_fd_sc_hd__buf_4)
                                                         net127 (net)
                      0.204841    0.002916    0.420177 ^ fanout126/A (sky130_fd_sc_hd__buf_6)
    10    0.064043    0.133484    0.207137    0.627314 ^ fanout126/X (sky130_fd_sc_hd__buf_6)
                                                         net126 (net)
                      0.133703    0.004443    0.631757 ^ _0694_/A (sky130_fd_sc_hd__clkinv_4)
     7    0.066792    0.135463    0.155074    0.786830 v _0694_/Y (sky130_fd_sc_hd__clkinv_4)
                                                         _0074_ (net)
                      0.135596    0.003544    0.790375 v _1070_/A1 (sky130_fd_sc_hd__o211ai_2)
     1    0.011643    0.198282    0.250206    1.040581 ^ _1070_/Y (sky130_fd_sc_hd__o211ai_2)
                                                         _0400_ (net)
                      0.198282    0.000481    1.041062 ^ _1077_/A (sky130_fd_sc_hd__nand3_4)
     5    0.036672    0.148938    0.167499    1.208561 v _1077_/Y (sky130_fd_sc_hd__nand3_4)
                                                         _0407_ (net)
                      0.148949    0.001025    1.209586 v _1147_/A1 (sky130_fd_sc_hd__a21oi_4)
     5    0.026181    0.221332    0.255004    1.464590 ^ _1147_/Y (sky130_fd_sc_hd__a21oi_4)
                                                         _0476_ (net)
                      0.221332    0.000714    1.465304 ^ _1148_/B1 (sky130_fd_sc_hd__o21ai_4)
     6    0.029402    0.103912    0.138197    1.603501 v _1148_/Y (sky130_fd_sc_hd__o21ai_4)
                                                         _0477_ (net)
                      0.103935    0.001297    1.604798 v rebuffer44/A (sky130_fd_sc_hd__buf_6)
     1    0.009776    0.025241    0.141737    1.746534 v rebuffer44/X (sky130_fd_sc_hd__buf_6)
                                                         net176 (net)
                      0.025241    0.000235    1.746769 v _1167_/B1 (sky130_fd_sc_hd__o211ai_4)
     2    0.020710    0.229227    0.102478    1.849247 ^ _1167_/Y (sky130_fd_sc_hd__o211ai_4)
                                                         _0496_ (net)
                      0.229228    0.000625    1.849873 ^ _1170_/C1 (sky130_fd_sc_hd__o211ai_4)
     2    0.016630    0.108031    0.131468    1.981341 v _1170_/Y (sky130_fd_sc_hd__o211ai_4)
                                                         _0499_ (net)
                      0.108032    0.000716    1.982056 v _1177_/B2 (sky130_fd_sc_hd__o221a_4)
     1    0.008793    0.047681    0.244716    2.226772 v _1177_/X (sky130_fd_sc_hd__o221a_4)
                                                         _0506_ (net)
                      0.047681    0.000218    2.226989 v _1180_/B2 (sky130_fd_sc_hd__o221ai_4)
     4    0.022056    0.260848    0.212524    2.439513 ^ _1180_/Y (sky130_fd_sc_hd__o221ai_4)
                                                         _0509_ (net)
                      0.260849    0.000686    2.440199 ^ _1239_/A (sky130_fd_sc_hd__nand4_4)
     1    0.009707    0.109710    0.125418    2.565616 v _1239_/Y (sky130_fd_sc_hd__nand4_4)
                                                         _0566_ (net)
                      0.109710    0.000226    2.565842 v _1328_/A1 (sky130_fd_sc_hd__o21ai_4)
     4    0.021923    0.199767    0.238609    2.804452 ^ _1328_/Y (sky130_fd_sc_hd__o21ai_4)
                                                         _0653_ (net)
                      0.199769    0.001047    2.805499 ^ rebuffer112/A (sky130_fd_sc_hd__clkbuf_1)
     1    0.005495    0.074828    0.134395    2.939894 ^ rebuffer112/X (sky130_fd_sc_hd__clkbuf_1)
                                                         net244 (net)
                      0.074828    0.000174    2.940068 ^ _1350_/A (sky130_fd_sc_hd__nand3_2)
     2    0.008116    0.091306    0.078499    3.018568 v _1350_/Y (sky130_fd_sc_hd__nand3_2)
                                                         _0673_ (net)
                      0.091306    0.000258    3.018826 v _1360_/A2_N (sky130_fd_sc_hd__o2bb2ai_1)
     1    0.003443    0.088232    0.139326    3.158152 v _1360_/Y (sky130_fd_sc_hd__o2bb2ai_1)
                                                         _0683_ (net)
                      0.088232    0.000105    3.158257 v _1365_/A2 (sky130_fd_sc_hd__a31oi_1)
     1    0.002576    0.120012    0.167215    3.325472 ^ _1365_/Y (sky130_fd_sc_hd__a31oi_1)
                                                         _0058_ (net)
                      0.120012    0.000077    3.325549 ^ _1432_/D (sky130_fd_sc_hd__dfxtp_1)
                                              3.325549   data arrival time

                                  4.000000    4.000000   clock clk (rise edge)
                                  0.000000    4.000000   clock source latency
     1    0.023770    0.112555    0.077903    4.077903 ^ clk (in)
                                                         clk (net)
                      0.112573    0.000000    4.077903 ^ clkbuf_0_clk/A (sky130_fd_sc_hd__clkbuf_16)
     8    0.082917    0.100001    0.196527    4.274431 ^ clkbuf_0_clk/X (sky130_fd_sc_hd__clkbuf_16)
                                                         clknet_0_clk (net)
                      0.100295    0.003953    4.278384 ^ clkbuf_3_4__f_clk/A (sky130_fd_sc_hd__clkbuf_16)
     6    0.030133    0.051170    0.154683    4.433067 ^ clkbuf_3_4__f_clk/X (sky130_fd_sc_hd__clkbuf_16)
                                                         clknet_3_4__leaf_clk (net)
                      0.051173    0.000653    4.433721 ^ _1432_/CLK (sky130_fd_sc_hd__dfxtp_1)
                                 -0.250000    4.183721   clock uncertainty
                                  0.000000    4.183721   clock reconvergence pessimism
                                 -0.070427    4.113294   library setup time
                                              4.113294   data required time
---------------------------------------------------------------------------------------------
                                              4.113294   data required time
                                             -3.325549   data arrival time
---------------------------------------------------------------------------------------------
                                              0.787745   slack (MET)




===========================================================================
report_checks --slack_max -0.01
============================================================================
======================= nom_tt_025C_1v80 Corner ===================================

No paths found.


===========================================================================
 report_check_types -max_slew -max_cap -max_fanout -violators
============================================================================
======================= nom_tt_025C_1v80 Corner ===================================

max fanout

Pin                                   Limit Fanout  Slack
---------------------------------------------------------
clkbuf_3_2__f_clk/X                      10     11        (VIOLATED)
clkbuf_3_3__f_clk/X                      10     11        (VIOLATED)
clkbuf_3_7__f_clk/X                      10     11        (VIOLATED)



===========================================================================
report_parasitic_annotation -report_unannotated
============================================================================
Found 6 unannotated drivers.
 clkload0/X
 clkload1/Y
 clkload2/Y
 clkload3/Y
 clkload4/Y
 clkload5/X
Found 0 partially unannotated drivers.

===========================================================================
max slew violation count 0
max fanout violation count 3
max cap violation count 0
============================================================================

===========================================================================
check_setup -verbose -unconstrained_endpoints -multiple_clock -no_clock -no_input_delay -loops -generated_clocks
===========================================================================
