Clock: clk
Sources: clk 
Generated: no
Virtual: yes
Propagated: no
Period: 4.000000

===========================================================================
report_clock_properties
============================================================================
Clock                   Period          Waveform
----------------------------------------------------
clk                   4.000000    0.000000  2.000000

===========================================================================
report_clock_latency
============================================================================
Clock clk
rise -> rise
    min     max
0.000000 0.000000 source latency
0.431082         network latency _1422_/CLK
        0.442537 network latency _1380_/CLK
---------------
0.431082 0.442537 latency
        0.011456 skew

fall -> fall
    min     max
0.000000 0.000000 source latency
0.382646         network latency _1422_/CLK
        0.392552 network latency _1380_/CLK
---------------
0.382646 0.392552 latency
        0.009907 skew



===========================================================================
report_clock_min_period
============================================================================
clk period_min = 3.15 fmax = 317.57
