Clock: clk
Sources: clk 
Generated: no
Virtual: yes
Propagated: no
Period: 6.000000

===========================================================================
report_clock_properties
============================================================================
Clock                   Period          Waveform
----------------------------------------------------
clk                   6.000000    0.000000  3.000000

===========================================================================
report_clock_latency
============================================================================
Clock clk
rise -> rise
    min     max
0.000000 0.000000 source latency
0.424907         network latency _1422_/CLK
        0.434548 network latency _1380_/CLK
---------------
0.424907 0.434548 latency
        0.009641 skew

fall -> fall
    min     max
0.000000 0.000000 source latency
0.378533         network latency _1422_/CLK
        0.386953 network latency _1380_/CLK
---------------
0.378533 0.386953 latency
        0.008421 skew



===========================================================================
report_clock_min_period
============================================================================
clk period_min = 3.66 fmax = 272.88
