
===========================================================================
report_checks -unconstrained
===========================================================================
======================= nom_tt_025C_1v80 Corner ===================================

Startpoint: a_in[6] (input port clocked by clk)
Endpoint: _1431_ (rising edge-triggered flip-flop clocked by clk)
Path Group: clk
Path Type: max

Fanout         Cap        Slew       Delay        Time   Description
---------------------------------------------------------------------------------------------
                                  0.000000    0.000000   clock clk (rise edge)
                                  0.000000    0.000000   clock network delay (propagated)
                                  0.000000    0.000000 ^ input external delay
     1    0.002695    0.019972    0.009926    0.009926 ^ a_in[6] (in)
                                                         a_in[6] (net)
                      0.019972    0.000000    0.009926 ^ input7/A (sky130_fd_sc_hd__clkbuf_1)
     1    0.004483    0.062599    0.085399    0.095326 ^ input7/X (sky130_fd_sc_hd__clkbuf_1)
                                                         net7 (net)
                      0.062599    0.000035    0.095361 ^ fanout97/A (sky130_fd_sc_hd__clkbuf_4)
     9    0.038879    0.125280    0.200783    0.296144 ^ fanout97/X (sky130_fd_sc_hd__clkbuf_4)
                                                         net97 (net)
                      0.125280    0.000041    0.296185 ^ fanout96/A (sky130_fd_sc_hd__buf_2)
     6    0.035462    0.176252    0.231039    0.527224 ^ fanout96/X (sky130_fd_sc_hd__buf_2)
                                                         net96 (net)
                      0.176252    0.000053    0.527277 ^ fanout95/A (sky130_fd_sc_hd__clkbuf_4)
     8    0.046069    0.145625    0.256709    0.783987 ^ fanout95/X (sky130_fd_sc_hd__clkbuf_4)
                                                         net95 (net)
                      0.145625    0.000078    0.784065 ^ fanout94/A (sky130_fd_sc_hd__buf_4)
    10    0.050774    0.145484    0.222266    1.006330 ^ fanout94/X (sky130_fd_sc_hd__buf_4)
                                                         net94 (net)
                      0.145484    0.000099    1.006430 ^ _1069_/C (sky130_fd_sc_hd__nand4_4)
     3    0.018137    0.122805    0.146113    1.152543 v _1069_/Y (sky130_fd_sc_hd__nand4_4)
                                                         _0399_ (net)
                      0.122805    0.000039    1.152582 v _1136_/B (sky130_fd_sc_hd__nand2_2)
     3    0.021994    0.127404    0.158975    1.311558 ^ _1136_/Y (sky130_fd_sc_hd__nand2_2)
                                                         _0465_ (net)
                      0.127404    0.000147    1.311704 ^ _1141_/B1 (sky130_fd_sc_hd__o2111ai_4)
     4    0.023729    0.164798    0.189946    1.501650 v _1141_/Y (sky130_fd_sc_hd__o2111ai_4)
                                                         _0470_ (net)
                      0.164799    0.000194    1.501844 v _1143_/D1 (sky130_fd_sc_hd__o2111a_1)
     1    0.009239    0.071284    0.197137    1.698981 v _1143_/X (sky130_fd_sc_hd__o2111a_1)
                                                         _0472_ (net)
                      0.071284    0.000031    1.699012 v _1148_/A1 (sky130_fd_sc_hd__o21ai_4)
     6    0.040060    0.311887    0.307175    2.006187 ^ _1148_/Y (sky130_fd_sc_hd__o21ai_4)
                                                         _0477_ (net)
                      0.311889    0.000522    2.006708 ^ _1162_/A1_N (sky130_fd_sc_hd__o2bb2ai_1)
     1    0.009977    0.242356    0.210600    2.217308 ^ _1162_/Y (sky130_fd_sc_hd__o2bb2ai_1)
                                                         _0491_ (net)
                      0.242356    0.000041    2.217349 ^ _1169_/C (sky130_fd_sc_hd__nand3_4)
     8    0.031749    0.138069    0.161154    2.378504 v _1169_/Y (sky130_fd_sc_hd__nand3_4)
                                                         _0498_ (net)
                      0.138117    0.000367    2.378871 v _1177_/C1 (sky130_fd_sc_hd__o221a_1)
     1    0.009946    0.080528    0.188993    2.567864 v _1177_/X (sky130_fd_sc_hd__o221a_1)
                                                         _0506_ (net)
                      0.080528    0.000062    2.567927 v _1180_/B1 (sky130_fd_sc_hd__o221ai_4)
     4    0.011165    0.195139    0.197367    2.765293 ^ _1180_/Y (sky130_fd_sc_hd__o221ai_4)
                                                         _0509_ (net)
                      0.195139    0.000060    2.765353 ^ _1239_/A (sky130_fd_sc_hd__nand4_1)
     1    0.004355    0.102492    0.121062    2.886416 v _1239_/Y (sky130_fd_sc_hd__nand4_1)
                                                         _0566_ (net)
                      0.102492    0.000004    2.886420 v _1328_/A2 (sky130_fd_sc_hd__o21ai_2)
     4    0.012851    0.181224    0.197368    3.083788 ^ _1328_/Y (sky130_fd_sc_hd__o21ai_2)
                                                         _0653_ (net)
                      0.181224    0.000181    3.083969 ^ _1353_/A1 (sky130_fd_sc_hd__a31oi_1)
     1    0.002584    0.078034    0.100018    3.183987 v _1353_/Y (sky130_fd_sc_hd__a31oi_1)
                                                         _0676_ (net)
                      0.078034    0.000004    3.183991 v _1361_/A2 (sky130_fd_sc_hd__o211ai_1)
     1    0.006409    0.206817    0.214968    3.398959 ^ _1361_/Y (sky130_fd_sc_hd__o211ai_1)
                                                         _0684_ (net)
                      0.206817    0.000115    3.399074 ^ _1362_/B1 (sky130_fd_sc_hd__o41ai_1)
     1    0.002007    0.069228    0.101648    3.500723 v _1362_/Y (sky130_fd_sc_hd__o41ai_1)
                                                         _0057_ (net)
                      0.069228    0.000004    3.500726 v _1431_/D (sky130_fd_sc_hd__dfxtp_1)
                                              3.500726   data arrival time

                                  4.000000    4.000000   clock clk (rise edge)
                                  0.000000    4.000000   clock source latency
     1    0.017118    0.082870    0.056818    4.056818 ^ clk (in)
                                                         clk (net)
                      0.082878    0.000000    4.056818 ^ clkbuf_0_clk/A (sky130_fd_sc_hd__clkbuf_16)
     8    0.074962    0.092119    0.181609    4.238428 ^ clkbuf_0_clk/X (sky130_fd_sc_hd__clkbuf_16)
                                                         clknet_0_clk (net)
                      0.092121    0.000593    4.239021 ^ clkbuf_3_3__f_clk/A (sky130_fd_sc_hd__clkbuf_16)
    11    0.028354    0.049706    0.150612    4.389632 ^ clkbuf_3_3__f_clk/X (sky130_fd_sc_hd__clkbuf_16)
                                                         clknet_3_3__leaf_clk (net)
                      0.049706    0.000080    4.389713 ^ _1431_/CLK (sky130_fd_sc_hd__dfxtp_1)
                                 -0.250000    4.139713   clock uncertainty
                                  0.000000    4.139713   clock reconvergence pessimism
                                 -0.120064    4.019649   library setup time
                                              4.019649   data required time
---------------------------------------------------------------------------------------------
                                              4.019649   data required time
                                             -3.500726   data arrival time
---------------------------------------------------------------------------------------------
                                              0.518922   slack (MET)




===========================================================================
report_checks --slack_max -0.01
============================================================================
======================= nom_tt_025C_1v80 Corner ===================================

No paths found.


===========================================================================
 report_check_types -max_slew -max_cap -max_fanout -violators
============================================================================
======================= nom_tt_025C_1v80 Corner ===================================

max fanout

Pin                                   Limit Fanout  Slack
---------------------------------------------------------
clkbuf_3_2__f_clk/X                      10     11        (VIOLATED)
clkbuf_3_3__f_clk/X                      10     11        (VIOLATED)
clkbuf_3_7__f_clk/X                      10     11        (VIOLATED)



===========================================================================
report_parasitic_annotation -report_unannotated
============================================================================
Found 6 unannotated drivers.
 clkload0/X
 clkload1/Y
 clkload2/Y
 clkload3/Y
 clkload4/Y
 clkload5/X
Found 0 partially unannotated drivers.

===========================================================================
max slew violation count 0
Writing metric design__max_slew_violation__count__corner:nom_tt_025C_1v80: 0
max fanout violation count 3
Writing metric design__max_fanout_violation__count__corner:nom_tt_025C_1v80: 3
max cap violation count 0
Writing metric design__max_cap_violation__count__corner:nom_tt_025C_1v80: 0
============================================================================

===========================================================================
check_setup -verbose -unconstrained_endpoints -multiple_clock -no_clock -no_input_delay -loops -generated_clocks
===========================================================================
