Clock: clk
Sources: clk 
Generated: no
Virtual: yes
Propagated: no
Period: 4.000000

===========================================================================
report_clock_properties
============================================================================
Clock                   Period          Waveform
----------------------------------------------------
clk                   4.000000    0.000000  2.000000

===========================================================================
report_clock_latency
============================================================================
Clock clk
rise -> rise
    min     max
0.000000 0.000000 source latency
0.386040         network latency _1422_/CLK
        0.391708 network latency _1377_/CLK
---------------
0.386040 0.391708 latency
        0.005668 skew

fall -> fall
    min     max
0.000000 0.000000 source latency
0.354613         network latency _1422_/CLK
        0.360187 network latency _1377_/CLK
---------------
0.354613 0.360187 latency
        0.005574 skew



===========================================================================
report_clock_min_period
============================================================================
clk period_min = 3.24 fmax = 308.68
