
===========================================================================
report_checks -unconstrained
===========================================================================
======================= nom_tt_025C_1v80 Corner ===================================

Startpoint: a_in[6] (input port clocked by clk)
Endpoint: _1426_ (rising edge-triggered flip-flop clocked by clk)
Path Group: clk
Path Type: max

Fanout         Cap        Slew       Delay        Time   Description
---------------------------------------------------------------------------------------------
                                  0.000000    0.000000   clock clk (rise edge)
                                  0.000000    0.000000   clock network delay (propagated)
                                  1.000000    1.000000 v input external delay
     1    0.002592    0.008152    0.004062    1.004062 v a_in[6] (in)
                                                         a_in[6] (net)
                      0.008152    0.000000    1.004062 v input7/A (sky130_fd_sc_hd__clkbuf_2)
     1    0.006594    0.035790    0.094565    1.098627 v input7/X (sky130_fd_sc_hd__clkbuf_2)
                                                         net7 (net)
                      0.035790    0.000060    1.098687 v fanout96/A (sky130_fd_sc_hd__buf_6)
     2    0.008871    0.024552    0.109793    1.208479 v fanout96/X (sky130_fd_sc_hd__buf_6)
                                                         net96 (net)
                      0.024552    0.000025    1.208504 v fanout95/A (sky130_fd_sc_hd__buf_8)
     6    0.039601    0.043736    0.128619    1.337123 v fanout95/X (sky130_fd_sc_hd__buf_8)
                                                         net95 (net)
                      0.043736    0.000148    1.337271 v fanout94/A (sky130_fd_sc_hd__buf_12)
     8    0.049252    0.041945    0.141832    1.479103 v fanout94/X (sky130_fd_sc_hd__buf_12)
                                                         net94 (net)
                      0.041945    0.000139    1.479242 v fanout93/A (sky130_fd_sc_hd__buf_12)
    10    0.053383    0.043184    0.142787    1.622028 v fanout93/X (sky130_fd_sc_hd__buf_12)
                                                         net93 (net)
                      0.043184    0.000128    1.622157 v _1066_/A1 (sky130_fd_sc_hd__a22oi_4)
     5    0.036666    0.314860    0.300629    1.922785 ^ _1066_/Y (sky130_fd_sc_hd__a22oi_4)
                                                         _0396_ (net)
                      0.314860    0.000208    1.922993 ^ _1072_/B2 (sky130_fd_sc_hd__o22ai_4)
     3    0.016068    0.102250    0.135095    2.058088 v _1072_/Y (sky130_fd_sc_hd__o22ai_4)
                                                         _0402_ (net)
                      0.102250    0.000042    2.058131 v _1075_/B1 (sky130_fd_sc_hd__o211a_4)
     3    0.019511    0.057883    0.184531    2.242662 v _1075_/X (sky130_fd_sc_hd__o211a_4)
                                                         _0405_ (net)
                      0.057883    0.000113    2.242774 v _1147_/B1 (sky130_fd_sc_hd__a21oi_4)
     3    0.017768    0.170031    0.169094    2.411868 ^ _1147_/Y (sky130_fd_sc_hd__a21oi_4)
                                                         _0476_ (net)
                      0.170031    0.000094    2.411962 ^ rebuffer4/A (sky130_fd_sc_hd__clkbuf_2)
     3    0.007858    0.054011    0.150919    2.562881 ^ rebuffer4/X (sky130_fd_sc_hd__clkbuf_2)
                                                         net136 (net)
                      0.054011    0.000031    2.562912 ^ rebuffer5/A (sky130_fd_sc_hd__buf_1)
     1    0.009577    0.122805    0.137813    2.700725 ^ rebuffer5/X (sky130_fd_sc_hd__buf_1)
                                                         net137 (net)
                      0.122805    0.000018    2.700743 ^ _1164_/B1 (sky130_fd_sc_hd__o221ai_4)
     1    0.009431    0.090778    0.129132    2.829876 v _1164_/Y (sky130_fd_sc_hd__o221ai_4)
                                                         _0493_ (net)
                      0.090778    0.000058    2.829933 v _1169_/B (sky130_fd_sc_hd__nand3_4)
     4    0.021914    0.101454    0.122914    2.952847 ^ _1169_/Y (sky130_fd_sc_hd__nand3_4)
                                                         _0498_ (net)
                      0.101454    0.000202    2.953049 ^ rebuffer21/A (sky130_fd_sc_hd__buf_6)
     1    0.009524    0.032892    0.108673    3.061722 ^ rebuffer21/X (sky130_fd_sc_hd__buf_6)
                                                         net153 (net)
                      0.032892    0.000028    3.061750 ^ _1175_/A1 (sky130_fd_sc_hd__a21oi_4)
     3    0.017605    0.078021    0.058357    3.120106 v _1175_/Y (sky130_fd_sc_hd__a21oi_4)
                                                         _0504_ (net)
                      0.078021    0.000134    3.120241 v _1180_/B1 (sky130_fd_sc_hd__o221ai_4)
     4    0.021887    0.259891    0.248429    3.368670 ^ _1180_/Y (sky130_fd_sc_hd__o221ai_4)
                                                         _0509_ (net)
                      0.259891    0.000085    3.368754 ^ _1183_/B1 (sky130_fd_sc_hd__o21ai_2)
     2    0.005290    0.071842    0.095869    3.464623 v _1183_/Y (sky130_fd_sc_hd__o21ai_2)
                                                         _0512_ (net)
                      0.071842    0.000003    3.464626 v _1235_/A1 (sky130_fd_sc_hd__o21a_1)
     2    0.004855    0.045837    0.199936    3.664562 v _1235_/X (sky130_fd_sc_hd__o21a_1)
                                                         _0563_ (net)
                      0.045837    0.000012    3.664574 v _1237_/A3 (sky130_fd_sc_hd__o311a_1)
     1    0.002592    0.051569    0.279109    3.943683 v _1237_/X (sky130_fd_sc_hd__o311a_1)
                                                         _0565_ (net)
                      0.051569    0.000005    3.943688 v _1238_/B1 (sky130_fd_sc_hd__a21o_1)
     1    0.001912    0.029981    0.144168    4.087856 v _1238_/X (sky130_fd_sc_hd__a21o_1)
                                                         _0052_ (net)
                      0.029981    0.000003    4.087859 v _1426_/D (sky130_fd_sc_hd__dfxtp_2)
                                              4.087859   data arrival time

                                  6.000000    6.000000   clock clk (rise edge)
                                  0.000000    6.000000   clock source latency
     1    0.017118    0.082870    0.056818    6.056818 ^ clk (in)
                                                         clk (net)
                      0.082878    0.000000    6.056818 ^ clkbuf_0_clk/A (sky130_fd_sc_hd__clkbuf_16)
     8    0.075158    0.092304    0.181750    6.238568 ^ clkbuf_0_clk/X (sky130_fd_sc_hd__clkbuf_16)
                                                         clknet_0_clk (net)
                      0.092306    0.000596    6.239164 ^ clkbuf_3_3__f_clk/A (sky130_fd_sc_hd__clkbuf_16)
    11    0.028644    0.049954    0.150887    6.390051 ^ clkbuf_3_3__f_clk/X (sky130_fd_sc_hd__clkbuf_16)
                                                         clknet_3_3__leaf_clk (net)
                      0.049954    0.000124    6.390175 ^ _1426_/CLK (sky130_fd_sc_hd__dfxtp_2)
                                 -0.250000    6.140175   clock uncertainty
                                  0.000000    6.140175   clock reconvergence pessimism
                                 -0.105174    6.035002   library setup time
                                              6.035002   data required time
---------------------------------------------------------------------------------------------
                                              6.035002   data required time
                                             -4.087859   data arrival time
---------------------------------------------------------------------------------------------
                                              1.947142   slack (MET)




===========================================================================
report_checks --slack_max -0.01
============================================================================
======================= nom_tt_025C_1v80 Corner ===================================

No paths found.


===========================================================================
 report_check_types -max_slew -max_cap -max_fanout -violators
============================================================================
======================= nom_tt_025C_1v80 Corner ===================================

max fanout

Pin                                   Limit Fanout  Slack
---------------------------------------------------------
clkbuf_3_2__f_clk/X                      10     11        (VIOLATED)
clkbuf_3_3__f_clk/X                      10     11        (VIOLATED)
clkbuf_3_7__f_clk/X                      10     11        (VIOLATED)



===========================================================================
report_parasitic_annotation -report_unannotated
============================================================================
Found 7 unannotated drivers.
 clkload0/X
 clkload1/Y
 clkload2/X
 clkload3/Y
 clkload4/Y
 clkload5/Y
 clkload6/X
Found 0 partially unannotated drivers.

===========================================================================
max slew violation count 0
Writing metric design__max_slew_violation__count__corner:nom_tt_025C_1v80: 0
max fanout violation count 3
Writing metric design__max_fanout_violation__count__corner:nom_tt_025C_1v80: 3
max cap violation count 0
Writing metric design__max_cap_violation__count__corner:nom_tt_025C_1v80: 0
============================================================================

===========================================================================
check_setup -verbose -unconstrained_endpoints -multiple_clock -no_clock -no_input_delay -loops -generated_clocks
===========================================================================
