Clock: clk
Sources: clk 
Generated: no
Virtual: yes
Propagated: no
Period: 6.000000

===========================================================================
report_clock_properties
============================================================================
Clock                   Period          Waveform
----------------------------------------------------
clk                   6.000000    0.000000  3.000000

===========================================================================
report_clock_latency
============================================================================
Clock clk
rise -> rise
    min     max
0.000000 0.000000 source latency
0.386514         network latency _1423_/CLK
        0.392103 network latency _1377_/CLK
---------------
0.386514 0.392103 latency
        0.005589 skew

fall -> fall
    min     max
0.000000 0.000000 source latency
0.354985         network latency _1423_/CLK
        0.360465 network latency _1377_/CLK
---------------
0.354985 0.360465 latency
        0.005480 skew



===========================================================================
report_clock_min_period
============================================================================
clk period_min = 3.50 fmax = 285.68
