
===========================================================================
report_checks -unconstrained
===========================================================================
======================= min_ff_n40C_1v95 Corner ===================================

Startpoint: b_in[2] (input port clocked by clk)
Endpoint: _1432_ (rising edge-triggered flip-flop clocked by clk)
Path Group: clk
Path Type: max

Fanout         Cap        Slew       Delay        Time   Description
---------------------------------------------------------------------------------------------
                                  0.000000    0.000000   clock clk (rise edge)
                                  0.000000    0.000000   clock network delay (propagated)
                                  1.000000    1.000000 ^ input external delay
     1    0.003827    0.017606    0.009921    1.009921 ^ b_in[2] (in)
                                                         b_in[2] (net)
                      0.017606    0.000000    1.009921 ^ input11/A (sky130_fd_sc_hd__buf_1)
     2    0.010493    0.096701    0.093880    1.103801 ^ input11/X (sky130_fd_sc_hd__buf_1)
                                                         net11 (net)
                      0.096701    0.000099    1.103900 ^ fanout126/A (sky130_fd_sc_hd__buf_4)
    10    0.070407    0.148082    0.171697    1.275597 ^ fanout126/X (sky130_fd_sc_hd__buf_4)
                                                         net126 (net)
                      0.148105    0.001543    1.277140 ^ fanout125/A (sky130_fd_sc_hd__buf_4)
    10    0.062163    0.131608    0.167653    1.444793 ^ fanout125/X (sky130_fd_sc_hd__buf_4)
                                                         net125 (net)
                      0.131673    0.002421    1.447214 ^ _0694_/A (sky130_fd_sc_hd__clkinv_4)
     7    0.067440    0.105208    0.110495    1.557709 v _0694_/Y (sky130_fd_sc_hd__clkinv_4)
                                                         _0074_ (net)
                      0.105364    0.003392    1.561101 v _1070_/A1 (sky130_fd_sc_hd__o211ai_4)
     1    0.010761    0.128684    0.163799    1.724900 ^ _1070_/Y (sky130_fd_sc_hd__o211ai_4)
                                                         _0400_ (net)
                      0.128684    0.000191    1.725091 ^ _1077_/A (sky130_fd_sc_hd__nand3_4)
     6    0.041099    0.106002    0.103259    1.828349 v _1077_/Y (sky130_fd_sc_hd__nand3_4)
                                                         _0407_ (net)
                      0.106006    0.000512    1.828862 v _1147_/A1 (sky130_fd_sc_hd__a21oi_4)
     3    0.019954    0.137557    0.157074    1.985936 ^ _1147_/Y (sky130_fd_sc_hd__a21oi_4)
                                                         _0476_ (net)
                      0.137557    0.000255    1.986191 ^ rebuffer4/A (sky130_fd_sc_hd__clkbuf_2)
     3    0.009096    0.045942    0.099886    2.086077 ^ rebuffer4/X (sky130_fd_sc_hd__clkbuf_2)
                                                         net136 (net)
                      0.045942    0.000095    2.086172 ^ rebuffer5/A (sky130_fd_sc_hd__buf_1)
     1    0.009598    0.089185    0.094794    2.180967 ^ rebuffer5/X (sky130_fd_sc_hd__buf_1)
                                                         net137 (net)
                      0.089185    0.000082    2.181049 ^ _1164_/B1 (sky130_fd_sc_hd__o221ai_4)
     1    0.009837    0.056883    0.061783    2.242832 v _1164_/Y (sky130_fd_sc_hd__o221ai_4)
                                                         _0493_ (net)
                      0.056883    0.000142    2.242974 v _1169_/B (sky130_fd_sc_hd__nand3_4)
     4    0.024456    0.084177    0.088373    2.331347 ^ _1169_/Y (sky130_fd_sc_hd__nand3_4)
                                                         _0498_ (net)
                      0.084179    0.000658    2.332005 ^ rebuffer21/A (sky130_fd_sc_hd__buf_6)
     1    0.009824    0.025129    0.069747    2.401752 ^ rebuffer21/X (sky130_fd_sc_hd__buf_6)
                                                         net153 (net)
                      0.025129    0.000116    2.401868 ^ _1175_/A1 (sky130_fd_sc_hd__a21oi_4)
     3    0.019308    0.062476    0.038119    2.439987 v _1175_/Y (sky130_fd_sc_hd__a21oi_4)
                                                         _0504_ (net)
                      0.062477    0.000353    2.440341 v _1180_/B1 (sky130_fd_sc_hd__o221ai_4)
     4    0.022847    0.183131    0.177774    2.618114 ^ _1180_/Y (sky130_fd_sc_hd__o221ai_4)
                                                         _0509_ (net)
                      0.183131    0.000296    2.618410 ^ _1239_/A (sky130_fd_sc_hd__nand4_4)
     1    0.009239    0.076670    0.061756    2.680166 v _1239_/Y (sky130_fd_sc_hd__nand4_4)
                                                         _0566_ (net)
                      0.076670    0.000089    2.680255 v _1328_/A1 (sky130_fd_sc_hd__o21ai_4)
     4    0.016109    0.123650    0.146713    2.826968 ^ _1328_/Y (sky130_fd_sc_hd__o21ai_4)
                                                         _0653_ (net)
                      0.123651    0.000465    2.827433 ^ _1350_/A (sky130_fd_sc_hd__nand3_1)
     2    0.006318    0.069449    0.064393    2.891826 v _1350_/Y (sky130_fd_sc_hd__nand3_1)
                                                         _0673_ (net)
                      0.069449    0.000057    2.891883 v _1360_/A2_N (sky130_fd_sc_hd__o2bb2ai_1)
     1    0.003533    0.063362    0.080833    2.972716 v _1360_/Y (sky130_fd_sc_hd__o2bb2ai_1)
                                                         _0683_ (net)
                      0.063362    0.000043    2.972758 v _1365_/A2 (sky130_fd_sc_hd__a31oi_1)
     1    0.002291    0.086326    0.112066    3.084825 ^ _1365_/Y (sky130_fd_sc_hd__a31oi_1)
                                                         _0058_ (net)
                      0.086326    0.000013    3.084837 ^ _1432_/D (sky130_fd_sc_hd__dfxtp_1)
                                              3.084837   data arrival time

                                  6.000000    6.000000   clock clk (rise edge)
                                  0.000000    6.000000   clock source latency
     1    0.022998    0.081650    0.056160    6.056160 ^ clk (in)
                                                         clk (net)
                      0.081663    0.000000    6.056160 ^ clkbuf_0_clk/A (sky130_fd_sc_hd__clkbuf_16)
     8    0.082478    0.076247    0.133311    6.189471 ^ clkbuf_0_clk/X (sky130_fd_sc_hd__clkbuf_16)
                                                         clknet_0_clk (net)
                      0.076421    0.002544    6.192016 ^ clkbuf_3_5__f_clk/A (sky130_fd_sc_hd__clkbuf_16)
     8    0.032500    0.040259    0.105343    6.297359 ^ clkbuf_3_5__f_clk/X (sky130_fd_sc_hd__clkbuf_16)
                                                         clknet_3_5__leaf_clk (net)
                      0.040261    0.000514    6.297873 ^ _1432_/CLK (sky130_fd_sc_hd__dfxtp_1)
                                 -0.250000    6.047873   clock uncertainty
                                  0.000000    6.047873   clock reconvergence pessimism
                                 -0.033625    6.014247   library setup time
                                              6.014247   data required time
---------------------------------------------------------------------------------------------
                                              6.014247   data required time
                                             -3.084837   data arrival time
---------------------------------------------------------------------------------------------
                                              2.929410   slack (MET)




===========================================================================
report_checks --slack_max -0.01
============================================================================
======================= min_ff_n40C_1v95 Corner ===================================

No paths found.


===========================================================================
 report_check_types -max_slew -max_cap -max_fanout -violators
============================================================================
======================= min_ff_n40C_1v95 Corner ===================================

max fanout

Pin                                   Limit Fanout  Slack
---------------------------------------------------------
clkbuf_3_2__f_clk/X                      10     11        (VIOLATED)
clkbuf_3_3__f_clk/X                      10     11        (VIOLATED)
clkbuf_3_7__f_clk/X                      10     11        (VIOLATED)



===========================================================================
report_parasitic_annotation -report_unannotated
============================================================================
Found 7 unannotated drivers.
 clkload0/X
 clkload1/Y
 clkload2/X
 clkload3/Y
 clkload4/Y
 clkload5/Y
 clkload6/X
Found 0 partially unannotated drivers.

===========================================================================
max slew violation count 0
max fanout violation count 3
max cap violation count 0
============================================================================

===========================================================================
check_setup -verbose -unconstrained_endpoints -multiple_clock -no_clock -no_input_delay -loops -generated_clocks
===========================================================================
