Clock: clk
Sources: clk 
Generated: no
Virtual: yes
Propagated: no
Period: 6.000000

===========================================================================
report_clock_properties
============================================================================
Clock                   Period          Waveform
----------------------------------------------------
clk                   6.000000    0.000000  3.000000

===========================================================================
report_clock_latency
============================================================================
Clock clk
rise -> rise
    min     max
0.000000 0.000000 source latency
0.294676         network latency _1422_/CLK
        0.302458 network latency _1380_/CLK
---------------
0.294676 0.302458 latency
        0.007783 skew

fall -> fall
    min     max
0.000000 0.000000 source latency
0.259237         network latency _1422_/CLK
        0.266156 network latency _1380_/CLK
---------------
0.259237 0.266156 latency
        0.006920 skew



===========================================================================
report_clock_min_period
============================================================================
clk period_min = 2.37 fmax = 421.15
