
===========================================================================
Violator List
============================================================================
[setup in-reg] a_in[6] -> _1428_/D : -2.547215
[setup in-reg] a_in[6] -> _1427_/D : -2.500002
[setup in-reg] b_in[1] -> _1426_/D : -2.420938
[setup in-reg] a_in[6] -> _1432_/D : -2.384186
[setup in-reg] a_in[6] -> _1430_/D : -2.333312
[setup in-reg] a_in[6] -> _1431_/D : -2.304298
[setup in-reg] a_in[6] -> _1429_/D : -2.228206
[setup in-reg] b_in[1] -> _1424_/D : -2.094980
[setup in-reg] b_in[1] -> _1425_/D : -1.930277
[setup in-reg] b_in[1] -> _1423_/D : -1.181308
[setup reg-reg] _1376_/Q -> _1388_/D : -1.094115
[setup reg-reg] _1376_/Q -> _1406_/D : -1.033559
[setup reg-reg] _1376_/Q -> _1402_/D : -0.979187
[setup reg-reg] _1376_/Q -> _1401_/D : -0.949740
[setup reg-reg] _1376_/Q -> _1393_/D : -0.901872
[setup reg-reg] _1376_/Q -> _1394_/D : -0.881135
[setup reg-reg] _1376_/Q -> _1400_/D : -0.878273
[setup reg-reg] _1376_/Q -> _1399_/D : -0.860200
[setup reg-reg] _1376_/Q -> _1396_/D : -0.850171
[setup reg-reg] _1376_/Q -> _1390_/D : -0.817829
[setup reg-reg] _1376_/Q -> _1392_/D : -0.814436
[setup reg-reg] _1376_/Q -> _1398_/D : -0.811529
[setup reg-reg] _1376_/Q -> _1397_/D : -0.687570
[setup in-reg] b_in[1] -> _1422_/D : -0.668153
[setup reg-reg] _1376_/Q -> _1405_/D : -0.609667
[setup reg-reg] _1376_/Q -> _1404_/D : -0.601846
[setup reg-reg] _1376_/Q -> _1395_/D : -0.594418
[setup reg-reg] _1376_/Q -> _1389_/D : -0.527018
[setup reg-reg] _1376_/Q -> _1387_/D : -0.520944
[setup reg-reg] _1376_/Q -> _1386_/D : -0.496058
[setup reg-reg] _1376_/Q -> _1391_/D : -0.492586
[setup reg-reg] _1376_/Q -> _1403_/D : -0.277568
[setup in-reg] b_in[1] -> _1420_/D : -0.213223
[setup reg-reg] _1376_/Q -> _1384_/D : -0.057854
