Reading OpenROAD database at '/home/anils_0611/vlsi_projects/pe_asic/pnr/config/runs/reg_run3/24-openroad-ioplacement/PE.odb'…
Reading library file at '/home/anils_0611/.volare/volare/sky130/versions/0fe599b2afb6708d281543108caf8310912f54af/sky130A/libs.ref/sky130_fd_sc_hd/lib/sky130_fd_sc_hd__tt_025C_1v80.lib'…
Reading design constraints file at '/nix/store/9hhfv2x4r4x6v55799pa58jc2yni6awy-python3.11-openlane-2.3.10/lib/python3.11/site-packages/openlane/scripts/base.sdc'…
[INFO] Using clock clk…
[INFO] Setting output delay to: 1
[INFO] Setting input delay to: 1
[INFO] Setting load to: 0.033442
[INFO] Setting clock uncertainty to: 0.25
[INFO] Setting clock transition to: 0.1499999999999999944488848768742172978818416595458984375
[INFO] Setting timing derate to: 5%
[INFO] Setting RC values…
[INFO] Setting signal min routing layer to: met1 and clock min routing layer to met1. 
[INFO] Setting signal max routing layer to: met5 and clock max routing layer to met5. 
+ global_placement -density 0.55 -timing_driven -routability_driven -pad_right 0 -pad_left 0 -init_wirelength_coef 0.25
[INFO GPL-0002] DBU: 1000
[INFO GPL-0003] SiteSize: (  0.460  2.720 ) um
[INFO GPL-0004] CoreBBox: (  5.520 10.880 ) ( 149.960 155.040 ) um
[INFO GPL-0006] NumInstances:              1162
[INFO GPL-0007] NumPlaceInstances:          754
[INFO GPL-0008] NumFixedInstances:          408
[INFO GPL-0009] NumDummyInstances:            0
[INFO GPL-0010] NumNets:                    775
[INFO GPL-0011] NumPins:                   3230
[INFO GPL-0012] DieBBox:  (  0.000  0.000 ) ( 155.925 166.645 ) um
[INFO GPL-0013] CoreBBox: (  5.520 10.880 ) ( 149.960 155.040 ) um
[INFO GPL-0016] CoreArea:             20822.470 um^2
[INFO GPL-0017] NonPlaceInstsArea:      775.744 um^2
[INFO GPL-0018] PlaceInstsArea:        8396.803 um^2
[INFO GPL-0019] Util:                    41.886 %
[INFO GPL-0020] StdInstsArea:          8396.803 um^2
[INFO GPL-0021] MacroInstsArea:           0.000 um^2
[InitialPlace]  Iter: 1 CG residual: 0.00000009 HPWL: 20604980
[InitialPlace]  Iter: 2 CG residual: 0.00000026 HPWL: 13629327
[InitialPlace]  Iter: 3 CG residual: 0.00000019 HPWL: 13329449
[InitialPlace]  Iter: 4 CG residual: 0.00000010 HPWL: 13182899
[InitialPlace]  Iter: 5 CG residual: 0.00000006 HPWL: 13016586
[INFO GPL-0031] FillerInit:NumGCells:       996
[INFO GPL-0032] FillerInit:NumGNets:        775
[INFO GPL-0033] FillerInit:NumGPins:       3230
[INFO GPL-0023] TargetDensity:            0.550
[INFO GPL-0024] AvrgPlaceInstArea:       11.136 um^2
[INFO GPL-0025] IdealBinArea:            20.248 um^2
[INFO GPL-0026] IdealBinCnt:               1028
[INFO GPL-0027] TotalBinArea:         20822.470 um^2
[INFO GPL-0028] BinCnt:        32     32
[INFO GPL-0029] BinSize: (  4.514  4.505 )
[INFO GPL-0030] NumBins: 1024
[NesterovSolve] Iter:    1 overflow: 0.877 HPWL: 8050247
[NesterovSolve] Iter:   10 overflow: 0.812 HPWL: 8627542
[INFO GPL-0100] Timing-driven: executing resizer for reweighting nets.
[INFO GPL-0101] Timing-driven: worst slack 9.45e-10
[INFO GPL-0103] Timing-driven: weighted 75 nets.
[NesterovSolve] Iter:   20 overflow: 0.779 HPWL: 8994689
[NesterovSolve] Iter:   30 overflow: 0.769 HPWL: 9178843
[NesterovSolve] Iter:   40 overflow: 0.774 HPWL: 9134329
[NesterovSolve] Iter:   50 overflow: 0.776 HPWL: 9043558
[NesterovSolve] Iter:   60 overflow: 0.776 HPWL: 9024040
[NesterovSolve] Iter:   70 overflow: 0.774 HPWL: 9060369
[NesterovSolve] Iter:   80 overflow: 0.773 HPWL: 9086616
[NesterovSolve] Iter:   90 overflow: 0.774 HPWL: 9080660
[NesterovSolve] Iter:  100 overflow: 0.774 HPWL: 9065477
[NesterovSolve] Iter:  110 overflow: 0.774 HPWL: 9068921
[NesterovSolve] Iter:  120 overflow: 0.773 HPWL: 9090425
[NesterovSolve] Iter:  130 overflow: 0.773 HPWL: 9113945
[NesterovSolve] Iter:  140 overflow: 0.772 HPWL: 9136313
[NesterovSolve] Iter:  150 overflow: 0.769 HPWL: 9175309
[NesterovSolve] Iter:  160 overflow: 0.763 HPWL: 9251810
[NesterovSolve] Iter:  170 overflow: 0.756 HPWL: 9367737
[NesterovSolve] Iter:  180 overflow: 0.744 HPWL: 9511027
[NesterovSolve] Iter:  190 overflow: 0.731 HPWL: 9685179
[NesterovSolve] Iter:  200 overflow: 0.708 HPWL: 9911868
[NesterovSolve] Iter:  210 overflow: 0.684 HPWL: 10175638
[NesterovSolve] Iter:  220 overflow: 0.656 HPWL: 10458537
[INFO GPL-0100] Timing-driven: executing resizer for reweighting nets.
[INFO GPL-0101] Timing-driven: worst slack 1.02e-09
[INFO GPL-0103] Timing-driven: weighted 76 nets.
[NesterovSolve] Iter:  230 overflow: 0.621 HPWL: 10778213
[NesterovSolve] Snapshot saved at iter = 236
[NesterovSolve] Iter:  240 overflow: 0.586 HPWL: 11111504
[NesterovSolve] Iter:  250 overflow: 0.550 HPWL: 11462660
[NesterovSolve] Iter:  260 overflow: 0.506 HPWL: 11801460
[INFO GPL-0100] Timing-driven: executing resizer for reweighting nets.
[INFO GPL-0101] Timing-driven: worst slack 1.09e-09
[INFO GPL-0103] Timing-driven: weighted 77 nets.
[NesterovSolve] Iter:  270 overflow: 0.462 HPWL: 12089449
[NesterovSolve] Iter:  280 overflow: 0.427 HPWL: 12412969
[NesterovSolve] Iter:  290 overflow: 0.387 HPWL: 12725588
[NesterovSolve] Iter:  300 overflow: 0.348 HPWL: 13033383
[NesterovSolve] Iter:  310 overflow: 0.324 HPWL: 13246243
[INFO GPL-0075] Routability numCall: 1 inflationIterCnt: 1 bloatIterCnt: 0
[INFO GPL-0036] TileBBox: (    0    0 ) ( 6900 6900 ) DBU
[INFO GPL-0038] TileCnt:      22   24
[INFO GPL-0040] NumTiles: 528
[INFO GPL-0081] TotalRouteOverflow: 0
[INFO GPL-0082] OverflowTileCnt: 0
[INFO GPL-0083] 0.5%RC: 0.8070590297381083
[INFO GPL-0084] 1.0%RC: 0.7797292371590933
[INFO GPL-0085] 2.0%RC: 0.7592108466408469
[INFO GPL-0086] 5.0%RC: 0.7243058262047944
[INFO GPL-0087] FinalRC: 0.79339415
[INFO GPL-0077] FinalRC lower than targetRC(1.01), routability not needed.
[NesterovSolve] Iter:  320 overflow: 0.296 HPWL: 13430901
[INFO GPL-0100] Timing-driven: executing resizer for reweighting nets.
[INFO GPL-0101] Timing-driven: worst slack 1.14e-09
[INFO GPL-0103] Timing-driven: weighted 77 nets.
[NesterovSolve] Iter:  330 overflow: 0.269 HPWL: 13610191
[NesterovSolve] Iter:  340 overflow: 0.240 HPWL: 13751209
[NesterovSolve] Iter:  350 overflow: 0.216 HPWL: 13888573
[INFO GPL-0100] Timing-driven: executing resizer for reweighting nets.
[INFO GPL-0101] Timing-driven: worst slack 1.2e-09
[INFO GPL-0103] Timing-driven: weighted 76 nets.
[NesterovSolve] Iter:  360 overflow: 0.192 HPWL: 14016561
[NesterovSolve] Iter:  370 overflow: 0.171 HPWL: 14106789
[NesterovSolve] Iter:  380 overflow: 0.149 HPWL: 14215172
[INFO GPL-0100] Timing-driven: executing resizer for reweighting nets.
[INFO GPL-0101] Timing-driven: worst slack 1.13e-09
[INFO GPL-0103] Timing-driven: weighted 77 nets.
[NesterovSolve] Iter:  390 overflow: 0.132 HPWL: 14323882
[NesterovSolve] Iter:  400 overflow: 0.113 HPWL: 14404473
[NesterovSolve] Finished with Overflow: 0.098316
[INFO] Setting RC values…
Setting global connections for newly added cells…
[INFO] Setting global connections...
Updating metrics…
Cell type report:                       Count       Area
  Fill cell                               106     397.88
  Tap cell                                302     377.86
  Inverter                                 22      82.58
  Sequential cell                          67    1425.12
  Multi-Input combinational cell          665    6889.11
  Total                                  1162    9172.55
Writing OpenROAD database to '/home/anils_0611/vlsi_projects/pe_asic/pnr/config/runs/reg_run3/27-openroad-globalplacement/PE.odb'…
Writing netlist to '/home/anils_0611/vlsi_projects/pe_asic/pnr/config/runs/reg_run3/27-openroad-globalplacement/PE.nl.v'…
Writing powered netlist to '/home/anils_0611/vlsi_projects/pe_asic/pnr/config/runs/reg_run3/27-openroad-globalplacement/PE.pnl.v'…
Writing layout to '/home/anils_0611/vlsi_projects/pe_asic/pnr/config/runs/reg_run3/27-openroad-globalplacement/PE.def'…
Writing timing constraints to '/home/anils_0611/vlsi_projects/pe_asic/pnr/config/runs/reg_run3/27-openroad-globalplacement/PE.sdc'…
