Clock: clk
Sources: clk 
Generated: no
Virtual: yes
Propagated: no
Period: 5.000000

===========================================================================
report_clock_properties
============================================================================
Clock                   Period          Waveform
----------------------------------------------------
clk                   5.000000    0.000000  2.500000

===========================================================================
report_clock_latency
============================================================================
Clock clk
rise -> rise
    min     max
0.000000 0.000000 source latency
0.307574         network latency _1423_/CLK
        0.318534 network latency _1382_/CLK
---------------
0.307574 0.318534 latency
        0.010960 skew

fall -> fall
    min     max
0.000000 0.000000 source latency
0.269559         network latency _1423_/CLK
        0.279270 network latency _1382_/CLK
---------------
0.269559 0.279270 latency
        0.009711 skew



===========================================================================
report_clock_min_period
============================================================================
clk period_min = 2.12 fmax = 472.43
