Reading technology LEF file at '/home/anils_0611/.volare/volare/sky130/versions/0fe599b2afb6708d281543108caf8310912f54af/sky130A/libs.ref/sky130_fd_sc_hd/techlef/sky130_fd_sc_hd__min.tlef'…
[INFO ODB-0227] LEF file: /home/anils_0611/.volare/volare/sky130/versions/0fe599b2afb6708d281543108caf8310912f54af/sky130A/libs.ref/sky130_fd_sc_hd/techlef/sky130_fd_sc_hd__min.tlef, created 14 layers, 25 vias
Reading cell LEF file at '/home/anils_0611/.volare/volare/sky130/versions/0fe599b2afb6708d281543108caf8310912f54af/sky130A/libs.ref/sky130_fd_sc_hd/lef/sky130_fd_sc_hd.lef'…
[WARNING ODB-0220] WARNING (LEFPARS-2008): NOWIREEXTENSIONATPIN statement is obsolete in version 5.6 or later.
The NOWIREEXTENSIONATPIN statement will be ignored. See file /home/anils_0611/.volare/volare/sky130/versions/0fe599b2afb6708d281543108caf8310912f54af/sky130A/libs.ref/sky130_fd_sc_hd/lef/sky130_fd_sc_hd.lef at line 2.

[INFO ODB-0227] LEF file: /home/anils_0611/.volare/volare/sky130/versions/0fe599b2afb6708d281543108caf8310912f54af/sky130A/libs.ref/sky130_fd_sc_hd/lef/sky130_fd_sc_hd.lef, created 437 library cells
Reading cell LEF file at '/home/anils_0611/.volare/volare/sky130/versions/0fe599b2afb6708d281543108caf8310912f54af/sky130A/libs.ref/sky130_fd_sc_hd/lef/sky130_ef_sc_hd.lef'…
[WARNING ODB-0220] WARNING (LEFPARS-2008): NOWIREEXTENSIONATPIN statement is obsolete in version 5.6 or later.
The NOWIREEXTENSIONATPIN statement will be ignored. See file /home/anils_0611/.volare/volare/sky130/versions/0fe599b2afb6708d281543108caf8310912f54af/sky130A/libs.ref/sky130_fd_sc_hd/lef/sky130_ef_sc_hd.lef at line 2.

[INFO ODB-0227] LEF file: /home/anils_0611/.volare/volare/sky130/versions/0fe599b2afb6708d281543108caf8310912f54af/sky130A/libs.ref/sky130_fd_sc_hd/lef/sky130_ef_sc_hd.lef, created 4 library cells
[INFO ODB-0127] Reading DEF file: /home/anils_0611/vlsi_projects/pe_asic/pnr/config/runs/reg_run3/52-odb-cellfrequencytables/PE.def
[INFO ODB-0128] Design: PE
[INFO ODB-0130]     Created 73 pins.
[INFO ODB-0131]     Created 2711 components and 13967 component-terminals.
[INFO ODB-0132]     Created 2 special nets and 10240 connections.
[INFO ODB-0133]     Created 1052 nets and 3721 connections.
[INFO ODB-0134] Finished DEF file: /home/anils_0611/vlsi_projects/pe_asic/pnr/config/runs/reg_run3/52-odb-cellfrequencytables/PE.def
Using RCX ruleset '/home/anils_0611/.volare/volare/sky130/versions/0fe599b2afb6708d281543108caf8310912f54af/sky130A/libs.tech/openlane/rules.openrcx.sky130A.min.calibre'…
[INFO RCX-0431] Defined process_corner CURRENT_CORNER with ext_model_index 0
[INFO RCX-0029] Defined extraction corner CURRENT_CORNER
[INFO RCX-0435] Reading extraction model file /home/anils_0611/.volare/volare/sky130/versions/0fe599b2afb6708d281543108caf8310912f54af/sky130A/libs.tech/openlane/rules.openrcx.sky130A.min.calibre ...
[INFO RCX-0436] RC segment generation PE (max_merge_res 50.0) ...
[INFO RCX-0040] Final 4432 rc segments
[INFO RCX-0439] Coupling Cap extraction PE ...
[INFO RCX-0440] Coupling threshhold is 0.1000 fF, coupling capacitance less than 0.1000 fF will be grounded.
[INFO RCX-0442] 49% of 7540 wires extracted
[INFO RCX-0442] 100% of 7540 wires extracted
[INFO RCX-0045] Extract 1052 nets, 5484 rsegs, 5484 caps, 8777 ccs
Setting global connections for newly added cells…
[INFO] Setting global connections...
Updating metrics…
Cell type report:                       Count       Area
  Fill cell                              1370    9566.68
  Tap cell                                302     377.86
  Antenna cell                              2       5.00
  Standard cell                          1037   10872.93
  Total                                  2711   20822.47
Writing extracted parasitics to '/home/anils_0611/vlsi_projects/pe_asic/pnr/config/runs/reg_run3/53-openroad-rcx/min/PE.min.spef'…
[INFO RCX-0443] 1052 nets finished
