Clock: clk
Sources: clk 
Generated: no
Virtual: yes
Propagated: no
Period: 4.000000

===========================================================================
report_clock_properties
============================================================================
Clock                   Period          Waveform
----------------------------------------------------
clk                   4.000000    0.000000  2.000000

===========================================================================
report_clock_latency
============================================================================
Clock clk
rise -> rise
    min     max
0.000000 0.000000 source latency
0.722489         network latency _1422_/CLK
        0.739404 network latency _1380_/CLK
---------------
0.722489 0.739404 latency
        0.016915 skew

fall -> fall
    min     max
0.000000 0.000000 source latency
0.668567         network latency _1422_/CLK
        0.683622 network latency _1380_/CLK
---------------
0.668567 0.683622 latency
        0.015055 skew



===========================================================================
report_clock_min_period
============================================================================
clk period_min = 5.78 fmax = 173.12
