
===========================================================================
Violator List
============================================================================
[setup in-reg] b_in[2] -> _1426_/D : -1.851532
[setup in-reg] b_in[2] -> _1431_/D : -1.838669
[setup in-reg] b_in[2] -> _1432_/D : -1.815570
[setup reg-reg] _1418_/Q -> _1394_/D : -1.776486
[setup reg-reg] _1418_/Q -> _1397_/D : -1.768198
[setup reg-reg] _1418_/Q -> _1396_/D : -1.762694
[setup reg-reg] _1418_/Q -> _1393_/D : -1.755501
[setup in-reg] b_in[2] -> _1428_/D : -1.696173
[setup reg-reg] _1418_/Q -> _1400_/D : -1.695304
[setup reg-reg] _1418_/Q -> _1402_/D : -1.686396
[setup reg-reg] _1418_/Q -> _1406_/D : -1.685411
[setup in-reg] b_in[2] -> _1429_/D : -1.680204
[setup reg-reg] _1418_/Q -> _1392_/D : -1.671413
[setup in-reg] b_in[2] -> _1427_/D : -1.669216
[setup reg-reg] _1418_/Q -> _1395_/D : -1.654444
[setup reg-reg] _1418_/Q -> _1390_/D : -1.641261
[setup reg-reg] _1418_/Q -> _1379_/D : -1.610518
[setup reg-reg] _1418_/Q -> _1405_/D : -1.587383
[setup reg-reg] _1418_/Q -> _1401_/D : -1.564054
[setup reg-reg] _1418_/Q -> _1388_/D : -1.558944
[setup reg-reg] _1418_/Q -> _1399_/D : -1.540247
[setup in-reg] b_in[2] -> _1430_/D : -1.506477
[setup reg-reg] _1418_/Q -> _1391_/D : -1.474521
[setup reg-reg] _1418_/Q -> _1398_/D : -1.422467
[setup reg-reg] _1418_/Q -> _1389_/D : -1.409694
[setup reg-reg] _1418_/Q -> _1404_/D : -1.395761
[setup reg-reg] _1418_/Q -> _1403_/D : -1.330164
[setup reg-reg] _1418_/Q -> _1387_/D : -1.244723
[setup in-reg] b_in[2] -> _1425_/D : -1.236936
[setup reg-reg] _1418_/Q -> _1386_/D : -1.203560
[setup in-reg] b_in[2] -> _1424_/D : -1.140120
[setup in-reg] b_in[0] -> _1420_/D : -0.977656
[setup reg-reg] _1418_/Q -> _1385_/D : -0.824131
[setup reg-reg] _1418_/Q -> _1384_/D : -0.715851
[setup in-reg] b_in[0] -> _1421_/D : -0.698775
[setup in-reg] a_in[0] -> _1423_/D : -0.246285
[setup reg-reg] _1418_/Q -> _1382_/D : -0.218772
[setup in-reg] a_in[1] -> _1418_/D : -0.104054
[setup reg-reg] _1418_/Q -> _1383_/D : -0.037761
[setup reg-reg] _1418_/Q -> _1381_/D : -0.036484
