Reading timing models for corner nom_tt_025C_1v80…
Reading timing library for the 'nom_tt_025C_1v80' corner at '/home/anils_0611/.volare/volare/sky130/versions/0fe599b2afb6708d281543108caf8310912f54af/sky130A/libs.ref/sky130_fd_sc_hd/lib/sky130_fd_sc_hd__tt_025C_1v80.lib'…
Reading timing models for corner nom_ff_n40C_1v95…
Reading timing library for the 'nom_ff_n40C_1v95' corner at '/home/anils_0611/.volare/volare/sky130/versions/0fe599b2afb6708d281543108caf8310912f54af/sky130A/libs.ref/sky130_fd_sc_hd/lib/sky130_fd_sc_hd__ff_n40C_1v95.lib'…
Reading timing models for corner nom_ss_100C_1v60…
Reading timing library for the 'nom_ss_100C_1v60' corner at '/home/anils_0611/.volare/volare/sky130/versions/0fe599b2afb6708d281543108caf8310912f54af/sky130A/libs.ref/sky130_fd_sc_hd/lib/sky130_fd_sc_hd__ss_100C_1v60.lib'…
Reading OpenROAD database at '/home/anils_0611/vlsi_projects/pe_asic/pnr/config/runs/reg_run1/34-openroad-cts/PE.odb'…
Reading design constraints file at '/nix/store/9hhfv2x4r4x6v55799pa58jc2yni6awy-python3.11-openlane-2.3.10/lib/python3.11/site-packages/openlane/scripts/base.sdc'…
[INFO] Using clock clk…
[INFO] Setting output delay to: 1
[INFO] Setting input delay to: 1
[INFO] Setting load to: 0.033442
[INFO] Setting clock uncertainty to: 0.25
[INFO] Setting clock transition to: 0.1499999999999999944488848768742172978818416595458984375
[INFO] Setting timing derate to: 5%
[INFO] Setting RC values…
[INFO RSZ-0094] Found 32 endpoints with setup violations.
[INFO RSZ-0099] Repairing 32 out of 32 (100.00%) violating endpoints...
   Iter   | Removed | Resized | Inserted | Cloned |  Pin  |    WNS   |   TNS      |  Viol  | Worst
          | Buffers |  Gates  | Buffers  |  Gates | Swaps |          |            | Endpts | Endpt
---------------------------------------------------------------------------------------------------
        0 |       0 |       0 |        0 |      0 |     0 |   -2.630 |      -36.6 |     32 | _1427_/D
       10 |       0 |       4 |        6 |      0 |     2 |   -2.538 |      -35.9 |     32 | _1426_/D
       20 |       0 |      11 |        9 |      0 |     4 |   -2.176 |      -32.3 |     32 | _1427_/D
       30 |       0 |      14 |       19 |      0 |     7 |   -2.026 |      -31.3 |     32 | _1427_/D
       40 |       0 |      18 |       26 |      0 |    10 |   -1.970 |      -31.4 |     32 | _1426_/D
       50 |       0 |      24 |       28 |      0 |    13 |   -1.950 |      -30.9 |     32 | _1431_/D
       60 |       0 |      32 |       31 |      0 |    14 |   -1.824 |      -29.9 |     32 | _1427_/D
       70 |       0 |      41 |       31 |      0 |    15 |   -1.818 |      -29.9 |     32 | _1427_/D
       80 |       0 |      48 |       37 |      0 |    17 |   -1.804 |      -29.6 |     32 | _1426_/D
       90 |       0 |      53 |       41 |      0 |    20 |   -1.840 |      -29.6 |     32 | _1427_/D
      100 |       0 |      55 |       51 |      0 |    23 |   -1.733 |      -28.9 |     32 | _1427_/D
      110 |       0 |      61 |       63 |      0 |    24 |   -1.627 |      -27.8 |     32 | _1427_/D
      120 |       0 |      65 |       74 |      0 |    25 |   -1.669 |      -27.9 |     32 | _1427_/D
      130 |       0 |      70 |       80 |      0 |    27 |   -1.698 |      -28.2 |     32 | _1427_/D
      140 |       0 |      78 |       82 |      0 |    28 |   -1.740 |      -28.4 |     32 | _1431_/D
      150 |       0 |      83 |       89 |      0 |    30 |   -1.684 |      -28.2 |     32 | _1427_/D
      160 |       0 |      89 |       95 |      0 |    32 |   -1.667 |      -28.1 |     32 | _1426_/D
      165 |       0 |      66 |       81 |      0 |    25 |   -1.556 |      -27.1 |     32 | _1427_/D
      170 |       0 |      67 |       85 |      0 |    26 |   -1.756 |      -27.8 |     32 | _1427_/D
      180 |       0 |      70 |       95 |      0 |    28 |   -1.906 |      -28.4 |     32 | _1427_/D
      190 |       0 |      77 |      101 |      0 |    29 |   -1.844 |      -27.8 |     32 | _1427_/D
      200 |       0 |      82 |      109 |      0 |    30 |   -1.814 |      -28.0 |     32 | _1427_/D
      210 |       0 |      86 |      115 |      1 |    32 |   -1.811 |      -28.4 |     32 | _1427_/D
      216 |       0 |      70 |       98 |      0 |    25 |   -1.556 |      -27.1 |     32 | _1427_/D
      220 |       0 |      73 |       98 |      0 |    25 |   -1.579 |      -27.0 |     32 | _1427_/D
      230 |       0 |      80 |      102 |      0 |    26 |   -1.633 |      -27.2 |     32 | _1427_/D
      240 |       0 |      87 |      108 |      0 |    26 |   -1.714 |      -28.3 |     32 | _1427_/D
      250 |       0 |      95 |      114 |      0 |    26 |   -1.678 |      -27.6 |     32 | _1427_/D
      260 |       0 |     103 |      118 |      0 |    26 |   -1.652 |      -27.3 |     32 | _1427_/D
      268 |       0 |      77 |      109 |      0 |    25 |   -1.556 |      -27.0 |     32 | _1427_/D
      270 |       0 |      78 |      109 |      0 |    25 |   -1.567 |      -26.9 |     32 | _1427_/D
      280 |       0 |      85 |      115 |      0 |    25 |   -1.612 |      -27.1 |     32 | _1427_/D
      290 |       0 |      90 |      124 |      0 |    26 |   -1.714 |      -28.1 |     32 | _1427_/D
      300 |       0 |      98 |      129 |      0 |    26 |   -1.664 |      -27.6 |     32 | _1427_/D
      310 |       0 |     103 |      135 |      0 |    28 |   -1.822 |      -27.8 |     32 | _1427_/D
      319 |       0 |      84 |      123 |      0 |    25 |   -1.556 |      -27.0 |     32 | _1427_/D
      320 |       0 |      84 |      123 |      0 |    25 |   -1.556 |      -27.0 |     32 | _1427_/D
      330 |       0 |      91 |      129 |      0 |    25 |   -1.612 |      -26.9 |     32 | _1427_/D
      340 |       0 |      97 |      138 |      0 |    25 |   -1.714 |      -28.2 |     32 | _1427_/D
      350 |       0 |     104 |      144 |      0 |    25 |   -1.883 |      -28.1 |     32 | _1427_/D
      360 |       0 |     109 |      156 |      0 |    25 |   -1.862 |      -28.1 |     32 | _1427_/D
      370 |       0 |     117 |      161 |      0 |    25 |   -1.831 |      -27.8 |     32 | _1427_/D
      370 |       0 |      91 |      140 |      0 |    25 |   -1.556 |      -27.0 |     32 | _1427_/D
      380 |       0 |      97 |      146 |      0 |    25 |   -1.625 |      -27.1 |     32 | _1427_/D
      390 |       0 |     104 |      152 |      0 |    25 |   -1.736 |      -28.4 |     32 | _1427_/D
      400 |       0 |     112 |      158 |      0 |    25 |   -1.669 |      -27.9 |     32 | _1427_/D
      410 |       0 |     119 |      165 |      0 |    25 |   -1.818 |      -27.7 |     32 | _1427_/D
      420 |       0 |     123 |      175 |      0 |    27 |   -1.826 |      -27.6 |     32 | _1427_/D
      421 |       0 |      99 |      155 |      0 |    25 |   -1.556 |      -27.0 |     32 | _1427_/D
      430 |       0 |     103 |      163 |      0 |    25 |   -1.653 |      -27.7 |     32 | _1427_/D
      440 |       0 |     110 |      169 |      0 |    26 |   -1.608 |      -27.6 |     32 | _1431_/D
      450 |       0 |     116 |      171 |      0 |    29 |   -1.595 |      -27.6 |     32 | _1427_/D
      460 |       0 |     122 |      173 |      1 |    31 |   -1.648 |      -27.8 |     32 | _1431_/D
      470 |       0 |     132 |      173 |      1 |    31 |   -1.642 |      -27.5 |     32 | _1431_/D
      471 |       0 |     108 |      163 |      0 |    25 |   -1.556 |      -27.0 |     32 | _1427_/D
      480 |       0 |     111 |      173 |      0 |    25 |   -1.739 |      -27.8 |     32 | _1427_/D
      490 |       0 |     119 |      178 |      0 |    25 |   -1.811 |      -28.8 |     32 | _1427_/D
      500 |       0 |     125 |      187 |      0 |    25 |   -1.791 |      -28.9 |     32 | _1426_/D
      510 |       0 |     132 |      190 |      0 |    27 |   -1.753 |      -28.4 |     32 | _1427_/D
      520 |       0 |     138 |      196 |      1 |    28 |   -1.872 |      -29.0 |     32 | _1427_/D
      522 |       0 |     117 |      177 |      0 |    25 |   -1.556 |      -27.0 |     32 | _1427_/D
      530 |       0 |     122 |      179 |      0 |    26 |   -1.618 |      -27.5 |     32 | _1431_/D
      540 |       0 |     127 |      190 |      0 |    26 |   -1.754 |      -29.1 |     32 | _1431_/D
      550 |       0 |     136 |      194 |      0 |    26 |   -1.766 |      -29.1 |     32 | _1427_/D
      560 |       0 |     142 |      202 |      0 |    27 |   -1.705 |      -28.4 |     32 | _1427_/D
      566 |       0 |     125 |      188 |      0 |    25 |   -1.556 |      -27.0 |     32 | _1427_/D
      570 |       0 |     127 |      188 |      0 |    26 |   -1.556 |      -24.9 |     32 | _1427_/D
      580 |       0 |     135 |      188 |      0 |    28 |   -1.556 |      -24.6 |     32 | _1427_/D
      590 |       0 |     140 |      193 |      0 |    32 |   -1.556 |      -23.1 |     32 | _1427_/D
      600 |       0 |     145 |      200 |      1 |    34 |   -1.556 |      -21.5 |     32 | _1427_/D
      608 |       0 |     150 |      200 |      2 |    36 |   -1.556 |      -21.4 |     32 | _1427_/D
      610 |       0 |     151 |      200 |      2 |    36 |   -1.556 |      -21.4 |     32 | _1427_/D
      618 |       0 |     152 |      213 |      2 |    37 |   -1.556 |      -21.9 |     32 | _1427_/D
      620 |       0 |     152 |      213 |      2 |    38 |   -1.556 |      -21.9 |     32 | _1427_/D
      620 |       0 |     152 |      213 |      2 |    38 |   -1.556 |      -21.9 |     32 | _1427_/D
      630 |       0 |     154 |      223 |      2 |    40 |   -1.556 |      -22.0 |     32 | _1427_/D
      631 |       0 |     154 |      219 |      2 |    40 |   -1.556 |      -22.0 |     32 | _1427_/D
      640 |       0 |     155 |      231 |      2 |    41 |   -1.556 |      -22.2 |     32 | _1427_/D
      640 |       0 |     154 |      225 |      2 |    40 |   -1.556 |      -22.0 |     32 | _1427_/D
      648 |       0 |     154 |      231 |      2 |    41 |   -1.556 |      -21.9 |     32 | _1427_/D
      650 |       0 |     155 |      231 |      2 |    41 |   -1.556 |      -21.7 |     32 | _1427_/D
      660 |       0 |     156 |      247 |      2 |    42 |   -1.556 |      -22.3 |     32 | _1427_/D
      663 |       0 |     158 |      247 |      2 |    43 |   -1.556 |      -22.3 |     32 | _1427_/D
      665 |       0 |     159 |      247 |      2 |    43 |   -1.556 |      -22.3 |     32 | _1427_/D
      670 |       0 |     162 |      249 |      2 |    43 |   -1.556 |      -22.0 |     32 | _1427_/D
      675 |       0 |     163 |      249 |      2 |    47 |   -1.556 |      -22.1 |     32 | _1427_/D
      680 |       0 |     165 |      249 |      2 |    49 |   -1.556 |      -21.9 |     32 | _1427_/D
      683 |       0 |     167 |      249 |      2 |    50 |   -1.556 |      -21.7 |     32 | _1427_/D
      685 |       0 |     168 |      249 |      2 |    50 |   -1.556 |      -22.0 |     32 | _1427_/D
      687 |       0 |     168 |      249 |      2 |    50 |   -1.556 |      -22.0 |     32 | _1427_/D
      690 |       0 |     170 |      249 |      2 |    50 |   -1.556 |      -22.0 |     32 | _1427_/D
      700 |       0 |     177 |      249 |      2 |    53 |   -1.556 |      -21.7 |     32 | _1427_/D
      710 |       0 |     184 |      251 |      2 |    55 |   -1.556 |      -21.6 |     32 | _1427_/D
      720 |       0 |     191 |      258 |      2 |    55 |   -1.556 |      -21.6 |     32 | _1427_/D
      730 |       0 |     199 |      258 |      2 |    57 |   -1.560 |      -21.5 |     32 | _1427_/D
      740 |       0 |     205 |      266 |      2 |    58 |   -1.560 |      -21.4 |     32 | _1427_/D
      750 |       0 |     212 |      268 |      3 |    59 |   -1.560 |      -22.5 |     32 | _1427_/D
      760 |       0 |     216 |      272 |      4 |    62 |   -1.560 |      -22.5 |     32 | _1427_/D
      763 |       0 |     194 |      262 |      2 |    55 |   -1.556 |      -21.6 |     32 | _1427_/D
      766 |       0 |     194 |      262 |      2 |    57 |   -1.556 |      -21.5 |     32 | _1427_/D
      770 |       0 |     197 |      262 |      2 |    57 |   -1.556 |      -21.5 |     32 | _1427_/D
      780 |       0 |     205 |      264 |      2 |    58 |   -1.556 |      -21.5 |     32 | _1427_/D
      790 |       0 |     210 |      270 |      2 |    60 |   -1.556 |      -21.3 |     32 | _1427_/D
      800 |       0 |     215 |      281 |      2 |    61 |   -1.556 |      -21.3 |     32 | _1427_/D
      810 |       0 |     218 |      290 |      2 |    64 |   -1.556 |      -22.5 |     32 | _1427_/D
      820 |       0 |     224 |      292 |      2 |    67 |   -1.556 |      -22.2 |     32 | _1427_/D
      830 |       0 |     233 |      292 |      3 |    67 |   -1.556 |      -22.2 |     32 | _1427_/D
      832 |       0 |     218 |      279 |      2 |    60 |   -1.556 |      -21.3 |     31 | _1427_/D
      835 |       0 |     218 |      279 |      2 |    62 |   -1.556 |      -21.2 |     31 | _1427_/D
      839 |       0 |     219 |      279 |      2 |    64 |   -1.556 |      -21.2 |     31 | _1427_/D
      840 |       0 |     219 |      279 |      2 |    64 |   -1.556 |      -21.2 |     31 | _1427_/D
      841 |       0 |     219 |      279 |      2 |    65 |   -1.556 |      -21.2 |     31 | _1427_/D
      845 |       0 |     221 |      279 |      2 |    66 |   -1.556 |      -21.3 |     31 | _1427_/D
      847 |       0 |     221 |      279 |      2 |    67 |   -1.556 |      -21.2 |     31 | _1427_/D
      848 |       0 |     221 |      279 |      2 |    67 |   -1.556 |      -21.2 |     30 | _1427_/D
      850 |       0 |     221 |      279 |      2 |    68 |   -1.556 |      -21.2 |     30 | _1427_/D
      851 |       0 |     222 |      279 |      2 |    68 |   -1.556 |      -21.2 |     30 | _1427_/D
      852 |       0 |     222 |      279 |      2 |    68 |   -1.556 |      -21.2 |     29 | _1427_/D
     853* |       0 |     222 |      279 |      2 |    68 |   -1.556 |      -21.2 |     32 | _1427_/D
     855* |       0 |     223 |      279 |      2 |    68 |   -1.556 |      -21.2 |     32 | _1427_/D
     856* |       0 |     223 |      279 |      2 |    68 |   -1.556 |      -21.2 |     32 | _1427_/D
     857* |       0 |     223 |      279 |      2 |    68 |   -1.556 |      -21.2 |     32 | _1427_/D
     858* |       0 |     223 |      279 |      2 |    68 |   -1.556 |      -21.2 |     32 | _1427_/D
     859* |       0 |     223 |      279 |      2 |    68 |   -1.556 |      -21.2 |     32 | _1427_/D
     860* |       0 |     223 |      279 |      2 |    68 |   -1.556 |      -21.2 |     32 | _1427_/D
     860* |       0 |     223 |      279 |      2 |    68 |   -1.556 |      -21.2 |     32 | _1427_/D
     861* |       0 |     223 |      279 |      2 |    68 |   -1.556 |      -21.2 |     32 | _1427_/D
     862* |       0 |     223 |      279 |      2 |    68 |   -1.556 |      -21.2 |     32 | _1427_/D
     863* |       0 |     223 |      279 |      2 |    68 |   -1.556 |      -21.2 |     32 | _1427_/D
     864* |       0 |     223 |      279 |      2 |    68 |   -1.556 |      -21.2 |     32 | _1427_/D
     865* |       0 |     223 |      279 |      2 |    68 |   -1.556 |      -21.2 |     32 | _1427_/D
     866* |       0 |     223 |      279 |      2 |    68 |   -1.556 |      -21.2 |     32 | _1427_/D
     867* |       0 |     223 |      279 |      2 |    68 |   -1.556 |      -21.2 |     32 | _1427_/D
     869* |       0 |     224 |      279 |      2 |    68 |   -1.556 |      -21.2 |     32 | _1427_/D
     870* |       0 |     224 |      279 |      2 |    68 |   -1.556 |      -21.2 |     32 | _1427_/D
     875* |       0 |     229 |      279 |      2 |    68 |   -1.556 |      -20.7 |     30 | _1427_/D
     880* |       0 |     233 |      279 |      2 |    68 |   -1.556 |      -20.2 |     30 | _1427_/D
     881* |       0 |     234 |      279 |      2 |    68 |   -1.556 |      -20.1 |     28 | _1427_/D
     882* |       0 |     234 |      279 |      2 |    68 |   -1.556 |      -20.1 |     28 | _1427_/D
     883* |       0 |     234 |      279 |      2 |    68 |   -1.556 |      -20.1 |     28 | _1427_/D
     884* |       0 |     234 |      279 |      2 |    68 |   -1.556 |      -20.1 |     28 | _1427_/D
     885* |       0 |     234 |      279 |      2 |    68 |   -1.556 |      -20.1 |     28 | _1427_/D
     886* |       0 |     234 |      279 |      2 |    68 |   -1.556 |      -20.1 |     28 | _1427_/D
     887* |       0 |     234 |      279 |      2 |    68 |   -1.556 |      -20.1 |     28 | _1427_/D
     888* |       0 |     234 |      279 |      2 |    68 |   -1.556 |      -20.1 |     28 | _1427_/D
     889* |       0 |     234 |      279 |      2 |    68 |   -1.556 |      -20.1 |     28 | _1427_/D
     890* |       0 |     234 |      279 |      2 |    68 |   -1.556 |      -20.1 |     28 | _1427_/D
     890* |       0 |     234 |      279 |      2 |    68 |   -1.556 |      -20.1 |     28 | _1427_/D
     891* |       0 |     234 |      279 |      2 |    68 |   -1.556 |      -20.1 |     28 | _1427_/D
     893* |       0 |     235 |      279 |      2 |    68 |   -1.556 |      -20.1 |     28 | _1427_/D
     894* |       0 |     235 |      279 |      2 |    68 |   -1.556 |      -20.1 |     28 | _1427_/D
     895* |       0 |     235 |      279 |      2 |    68 |   -1.556 |      -20.1 |     28 | _1427_/D
     896* |       0 |     235 |      279 |      2 |    68 |   -1.556 |      -20.1 |     28 | _1427_/D
     897* |       0 |     235 |      279 |      2 |    68 |   -1.556 |      -20.1 |     28 | _1427_/D
    final |       0 |     235 |      279 |      2 |    68 |   -1.556 |      -20.1 |     28 | _1427_/D
---------------------------------------------------------------------------------------------------
[INFO RSZ-0040] Inserted 74 buffers.
[INFO RSZ-0041] Resized 235 instances.
[INFO RSZ-0043] Swapped pins on 68 instances.
[INFO RSZ-0049] Cloned 2 instances.
[WARNING RSZ-0062] Unable to repair all setup violations.
[INFO RSZ-0046] Found 25 endpoints with hold violations.
Iteration | Resized | Buffers | Cloned Gates |   WNS   |   TNS   | Endpoint
---------------------------------------------------------------------------
        0 |       0 |       0 |            0 |   0.053 |   0.000 | _1425_/D
    final |       0 |      30 |            0 |   0.101 |   0.000 | _1385_/D
---------------------------------------------------------------------------
[INFO RSZ-0032] Inserted 30 hold buffers.
Placement Analysis
---------------------------------
total displacement       1053.1 u
average displacement        0.7 u
max displacement           13.8 u
original HPWL           20441.9 u
legalized HPWL          22112.3 u
delta HPWL                    8 %

[INFO DPL-0020] Mirrored 450 instances
[INFO DPL-0021] HPWL before           22112.3 u
[INFO DPL-0022] HPWL after            21167.7 u
[INFO DPL-0023] HPWL delta               -4.3 %
[INFO] Setting RC values…
Setting global connections for newly added cells…
[INFO] Setting global connections...
Updating metrics…
Cell type report:                       Count       Area
  Fill cell                               106     397.88
  Tap cell                                302     377.86
  Clock buffer                             12     253.99
  Timing Repair Buffer                    238    1830.51
  Inverter                                 22     105.10
  Clock inverter                            4      50.05
  Sequential cell                          67    1355.05
  Multi-Input combinational cell          665    6742.72
  Total                                  1416   11113.16
Writing OpenROAD database to '/home/anils_0611/vlsi_projects/pe_asic/pnr/config/runs/reg_run1/36-openroad-resizertimingpostcts/PE.odb'…
Writing netlist to '/home/anils_0611/vlsi_projects/pe_asic/pnr/config/runs/reg_run1/36-openroad-resizertimingpostcts/PE.nl.v'…
Writing powered netlist to '/home/anils_0611/vlsi_projects/pe_asic/pnr/config/runs/reg_run1/36-openroad-resizertimingpostcts/PE.pnl.v'…
Writing layout to '/home/anils_0611/vlsi_projects/pe_asic/pnr/config/runs/reg_run1/36-openroad-resizertimingpostcts/PE.def'…
Writing timing constraints to '/home/anils_0611/vlsi_projects/pe_asic/pnr/config/runs/reg_run1/36-openroad-resizertimingpostcts/PE.sdc'…
