
===========================================================================
Violator List
============================================================================
[setup in-reg] b_in[1] -> _1426_/D : -2.062207
[setup in-reg] b_in[1] -> _1428_/D : -1.993874
[setup in-reg] b_in[1] -> _1427_/D : -1.954413
[setup in-reg] b_in[1] -> _1430_/D : -1.829029
[setup in-reg] b_in[1] -> _1432_/D : -1.822866
[setup in-reg] b_in[1] -> _1431_/D : -1.801792
[setup in-reg] b_in[1] -> _1424_/D : -1.740400
[setup in-reg] b_in[1] -> _1429_/D : -1.730182
[setup in-reg] b_in[1] -> _1425_/D : -1.549245
[setup reg-reg] _1376_/Q -> _1388_/D : -0.810064
[setup reg-reg] _1376_/Q -> _1402_/D : -0.802247
[setup reg-reg] _1376_/Q -> _1401_/D : -0.795471
[setup reg-reg] _1376_/Q -> _1406_/D : -0.782520
[setup in-reg] b_in[1] -> _1423_/D : -0.745279
[setup reg-reg] _1376_/Q -> _1393_/D : -0.737436
[setup reg-reg] _1376_/Q -> _1394_/D : -0.731951
[setup reg-reg] _1376_/Q -> _1400_/D : -0.726612
[setup reg-reg] _1376_/Q -> _1399_/D : -0.725672
[setup reg-reg] _1376_/Q -> _1396_/D : -0.685294
[setup reg-reg] _1376_/Q -> _1390_/D : -0.661384
[setup reg-reg] _1376_/Q -> _1392_/D : -0.577531
[setup reg-reg] _1376_/Q -> _1398_/D : -0.565309
[setup reg-reg] _1376_/Q -> _1397_/D : -0.547887
[setup reg-reg] _1376_/Q -> _1395_/D : -0.446065
[setup reg-reg] _1376_/Q -> _1405_/D : -0.433324
[setup in-reg] b_in[1] -> _1422_/D : -0.400523
[setup reg-reg] _1376_/Q -> _1389_/D : -0.366697
[setup reg-reg] _1376_/Q -> _1404_/D : -0.363602
[setup reg-reg] _1376_/Q -> _1391_/D : -0.342278
[setup reg-reg] _1376_/Q -> _1386_/D : -0.308901
[setup reg-reg] _1376_/Q -> _1387_/D : -0.281970
[setup reg-reg] _1376_/Q -> _1403_/D : -0.115810
[setup in-reg] b_in[1] -> _1420_/D : -0.013554
