Clock: clk
Sources: clk 
Generated: no
Virtual: yes
Propagated: no
Period: 5.000000

===========================================================================
report_clock_properties
============================================================================
Clock                   Period          Waveform
----------------------------------------------------
clk                   5.000000    0.000000  2.500000

===========================================================================
report_clock_latency
============================================================================
Clock clk
rise -> rise
    min     max
0.000000 0.000000 source latency
0.736261         network latency _1419_/CLK
        0.749557 network latency _1382_/CLK
---------------
0.736261 0.749557 latency
        0.013297 skew

fall -> fall
    min     max
0.000000 0.000000 source latency
0.679812         network latency _1419_/CLK
        0.691168 network latency _1382_/CLK
---------------
0.679812 0.691168 latency
        0.011356 skew



===========================================================================
report_clock_min_period
============================================================================
clk period_min = 5.97 fmax = 167.42
