
===========================================================================
Violator List
============================================================================
[setup in-reg] b_in[5] -> _1426_/D : -2.180758
[setup in-reg] b_in[5] -> _1432_/D : -2.146828
[setup in-reg] b_in[5] -> _1427_/D : -2.124337
[setup in-reg] b_in[5] -> _1429_/D : -2.123459
[setup in-reg] b_in[5] -> _1431_/D : -2.103492
[setup in-reg] b_in[5] -> _1428_/D : -2.083438
[setup in-reg] b_in[5] -> _1430_/D : -1.960341
[setup in-reg] b_in[5] -> _1425_/D : -1.560596
[setup in-reg] b_in[5] -> _1424_/D : -1.520406
[setup reg-reg] _1376_/Q -> _1393_/D : -0.972930
[setup reg-reg] _1376_/Q -> _1402_/D : -0.951847
[setup reg-reg] _1376_/Q -> _1394_/D : -0.941421
[setup reg-reg] _1376_/Q -> _1397_/D : -0.933477
[setup reg-reg] _1376_/Q -> _1396_/D : -0.910510
[setup reg-reg] _1376_/Q -> _1395_/D : -0.852487
[setup reg-reg] _1376_/Q -> _1406_/D : -0.819497
[setup in-reg] b_in[5] -> _1423_/D : -0.784333
[setup reg-reg] _1376_/Q -> _1401_/D : -0.779309
[setup reg-reg] _1376_/Q -> _1400_/D : -0.730043
[setup reg-reg] _1376_/Q -> _1399_/D : -0.723479
[setup reg-reg] _1376_/Q -> _1391_/D : -0.682722
[setup reg-reg] _1376_/Q -> _1392_/D : -0.584675
[setup reg-reg] _1376_/Q -> _1405_/D : -0.555091
[setup reg-reg] _1376_/Q -> _1398_/D : -0.537985
[setup in-reg] b_in[5] -> _1422_/D : -0.508291
[setup reg-reg] _1376_/Q -> _1404_/D : -0.431650
[setup reg-reg] _1376_/Q -> _1390_/D : -0.398630
[setup reg-reg] _1376_/Q -> _1388_/D : -0.373862
[setup reg-out] _1376_/Q -> psum[1] : -0.251428
[setup reg-reg] _1376_/Q -> _1389_/D : -0.189566
[setup reg-reg] _1376_/Q -> _1386_/D : -0.075147
[setup reg-reg] _1376_/Q -> _1387_/D : -0.039352
[setup reg-reg] _1376_/Q -> _1403_/D : -0.038536
