
===========================================================================
report_checks -unconstrained
===========================================================================
======================= max_ff_n40C_1v95 Corner ===================================

Startpoint: b_in[2] (input port clocked by clk)
Endpoint: _1432_ (rising edge-triggered flip-flop clocked by clk)
Path Group: clk
Path Type: max

Fanout         Cap        Slew       Delay        Time   Description
---------------------------------------------------------------------------------------------
                                  0.000000    0.000000   clock clk (rise edge)
                                  0.000000    0.000000   clock network delay (propagated)
                                  0.000000    0.000000 ^ input external delay
     1    0.003252    0.015537    0.008474    0.008474 ^ b_in[2] (in)
                                                         b_in[2] (net)
                      0.015539    0.000000    0.008474 ^ input11/A (sky130_fd_sc_hd__buf_1)
     2    0.012713    0.115672    0.105837    0.114310 ^ input11/X (sky130_fd_sc_hd__buf_1)
                                                         net11 (net)
                      0.115680    0.000776    0.115086 ^ fanout127/A (sky130_fd_sc_hd__buf_4)
    10    0.077081    0.161834    0.182583    0.297670 ^ fanout127/X (sky130_fd_sc_hd__buf_4)
                                                         net127 (net)
                      0.162108    0.005465    0.303135 ^ fanout126/A (sky130_fd_sc_hd__buf_6)
    10    0.066066    0.104111    0.129285    0.432420 ^ fanout126/X (sky130_fd_sc_hd__buf_6)
                                                         net126 (net)
                      0.105583    0.009902    0.442322 ^ _0694_/A (sky130_fd_sc_hd__clkinv_4)
     7    0.069523    0.104451    0.103976    0.546298 v _0694_/Y (sky130_fd_sc_hd__clkinv_4)
                                                         _0074_ (net)
                      0.105092    0.006711    0.553009 v _1070_/A1 (sky130_fd_sc_hd__o211ai_2)
     1    0.011965    0.148937    0.178428    0.731437 ^ _1070_/Y (sky130_fd_sc_hd__o211ai_2)
                                                         _0400_ (net)
                      0.148939    0.001007    0.732444 ^ _1077_/A (sky130_fd_sc_hd__nand3_4)
     5    0.037793    0.104849    0.099755    0.832198 v _1077_/Y (sky130_fd_sc_hd__nand3_4)
                                                         _0407_ (net)
                      0.104923    0.002224    0.834423 v _1147_/A1 (sky130_fd_sc_hd__a21oi_4)
     5    0.027346    0.171339    0.181959    1.016382 ^ _1147_/Y (sky130_fd_sc_hd__a21oi_4)
                                                         _0476_ (net)
                      0.171360    0.001476    1.017858 ^ _1148_/B1 (sky130_fd_sc_hd__o21ai_4)
     6    0.030722    0.072072    0.062283    1.080141 v _1148_/Y (sky130_fd_sc_hd__o21ai_4)
                                                         _0477_ (net)
                      0.072209    0.002595    1.082735 v rebuffer44/A (sky130_fd_sc_hd__buf_6)
     1    0.009942    0.019118    0.092102    1.174837 v rebuffer44/X (sky130_fd_sc_hd__buf_6)
                                                         net176 (net)
                      0.019118    0.000489    1.175326 v _1167_/B1 (sky130_fd_sc_hd__o211ai_4)
     2    0.021230    0.175220    0.075238    1.250564 ^ _1167_/Y (sky130_fd_sc_hd__o211ai_4)
                                                         _0496_ (net)
                      0.175223    0.001399    1.251963 ^ _1170_/C1 (sky130_fd_sc_hd__o211ai_4)
     2    0.017137    0.071051    0.053446    1.305409 v _1170_/Y (sky130_fd_sc_hd__o211ai_4)
                                                         _0499_ (net)
                      0.071101    0.001418    1.306827 v _1177_/B2 (sky130_fd_sc_hd__o221a_4)
     1    0.008876    0.036214    0.149797    1.456624 v _1177_/X (sky130_fd_sc_hd__o221a_4)
                                                         _0506_ (net)
                      0.036214    0.000443    1.457067 v _1180_/B2 (sky130_fd_sc_hd__o221ai_4)
     4    0.022673    0.182350    0.150559    1.607626 ^ _1180_/Y (sky130_fd_sc_hd__o221ai_4)
                                                         _0509_ (net)
                      0.182354    0.001545    1.609171 ^ _1239_/A (sky130_fd_sc_hd__nand4_4)
     1    0.009747    0.077468    0.063012    1.672184 v _1239_/Y (sky130_fd_sc_hd__nand4_4)
                                                         _0566_ (net)
                      0.077468    0.000476    1.672660 v _1328_/A1 (sky130_fd_sc_hd__o21ai_4)
     4    0.022779    0.153000    0.168487    1.841146 ^ _1328_/Y (sky130_fd_sc_hd__o21ai_4)
                                                         _0653_ (net)
                      0.153095    0.001952    1.843098 ^ rebuffer112/A (sky130_fd_sc_hd__clkbuf_1)
     1    0.005613    0.056287    0.077045    1.920144 ^ rebuffer112/X (sky130_fd_sc_hd__clkbuf_1)
                                                         net244 (net)
                      0.056289    0.000405    1.920548 ^ _1350_/A (sky130_fd_sc_hd__nand3_2)
     2    0.008599    0.065696    0.047637    1.968185 v _1350_/Y (sky130_fd_sc_hd__nand3_2)
                                                         _0673_ (net)
                      0.065725    0.000556    1.968741 v _1360_/A2_N (sky130_fd_sc_hd__o2bb2ai_1)
     1    0.003571    0.065864    0.079399    2.048141 v _1360_/Y (sky130_fd_sc_hd__o2bb2ai_1)
                                                         _0683_ (net)
                      0.065864    0.000251    2.048392 v _1365_/A2 (sky130_fd_sc_hd__a31oi_1)
     1    0.002736    0.091371    0.118141    2.166533 ^ _1365_/Y (sky130_fd_sc_hd__a31oi_1)
                                                         _0058_ (net)
                      0.091371    0.000202    2.166734 ^ _1432_/D (sky130_fd_sc_hd__dfxtp_1)
                                              2.166734   data arrival time

                                  4.000000    4.000000   clock clk (rise edge)
                                  0.000000    4.000000   clock source latency
     1    0.025233    0.089128    0.061863    4.061862 ^ clk (in)
                                                         clk (net)
                      0.089177    0.000000    4.061862 ^ clkbuf_0_clk/A (sky130_fd_sc_hd__clkbuf_16)
     8    0.085794    0.079339    0.134334    4.196197 ^ clkbuf_0_clk/X (sky130_fd_sc_hd__clkbuf_16)
                                                         clknet_0_clk (net)
                      0.080371    0.007157    4.203353 ^ clkbuf_3_4__f_clk/A (sky130_fd_sc_hd__clkbuf_16)
     6    0.031461    0.039533    0.105289    4.308642 ^ clkbuf_3_4__f_clk/X (sky130_fd_sc_hd__clkbuf_16)
                                                         clknet_3_4__leaf_clk (net)
                      0.039557    0.001528    4.310170 ^ _1432_/CLK (sky130_fd_sc_hd__dfxtp_1)
                                 -0.250000    4.060170   clock uncertainty
                                  0.000000    4.060170   clock reconvergence pessimism
                                 -0.034101    4.026069   library setup time
                                              4.026069   data required time
---------------------------------------------------------------------------------------------
                                              4.026069   data required time
                                             -2.166734   data arrival time
---------------------------------------------------------------------------------------------
                                              1.859335   slack (MET)




===========================================================================
report_checks --slack_max -0.01
============================================================================
======================= max_ff_n40C_1v95 Corner ===================================

No paths found.


===========================================================================
 report_check_types -max_slew -max_cap -max_fanout -violators
============================================================================
======================= max_ff_n40C_1v95 Corner ===================================

max fanout

Pin                                   Limit Fanout  Slack
---------------------------------------------------------
clkbuf_3_2__f_clk/X                      10     11        (VIOLATED)
clkbuf_3_3__f_clk/X                      10     11        (VIOLATED)
clkbuf_3_7__f_clk/X                      10     11        (VIOLATED)



===========================================================================
report_parasitic_annotation -report_unannotated
============================================================================
Found 6 unannotated drivers.
 clkload0/X
 clkload1/Y
 clkload2/Y
 clkload3/Y
 clkload4/Y
 clkload5/X
Found 0 partially unannotated drivers.

===========================================================================
max slew violation count 0
max fanout violation count 3
max cap violation count 0
============================================================================

===========================================================================
check_setup -verbose -unconstrained_endpoints -multiple_clock -no_clock -no_input_delay -loops -generated_clocks
===========================================================================
