Clock: clk
Sources: clk 
Generated: no
Virtual: yes
Propagated: no
Period: 6.000000

===========================================================================
report_clock_properties
============================================================================
Clock                   Period          Waveform
----------------------------------------------------
clk                   6.000000    0.000000  3.000000

===========================================================================
report_clock_latency
============================================================================
Clock clk
rise -> rise
    min     max
0.000000 0.000000 source latency
0.742334         network latency _1422_/CLK
        0.760875 network latency _1380_/CLK
---------------
0.742334 0.760875 latency
        0.018541 skew

fall -> fall
    min     max
0.000000 0.000000 source latency
0.682518         network latency _1422_/CLK
        0.698970 network latency _1380_/CLK
---------------
0.682518 0.698970 latency
        0.016452 skew



===========================================================================
report_clock_min_period
============================================================================
clk period_min = 6.95 fmax = 143.81
