Reading OpenROAD database at '/home/anils_0611/vlsi_projects/pe_asic/pnr/config/runs/reg_run3/41-openroad-repairantennas/1-diodeinsertion/PE.odb'…
Reading library file at '/home/anils_0611/.volare/volare/sky130/versions/0fe599b2afb6708d281543108caf8310912f54af/sky130A/libs.ref/sky130_fd_sc_hd/lib/sky130_fd_sc_hd__tt_025C_1v80.lib'…
Reading design constraints file at '/nix/store/9hhfv2x4r4x6v55799pa58jc2yni6awy-python3.11-openlane-2.3.10/lib/python3.11/site-packages/openlane/scripts/base.sdc'…
[INFO] Using clock clk…
[INFO] Setting output delay to: 1
[INFO] Setting input delay to: 1
[INFO] Setting load to: 0.033442
[INFO] Setting clock uncertainty to: 0.25
[INFO] Setting clock transition to: 0.1499999999999999944488848768742172978818416595458984375
[INFO] Setting timing derate to: 5%
[INFO ORD-0030] Using 12 thread(s).
[INFO DRT-0149] Reading tech and libs.
[WARNING DRT-0349] LEF58_ENCLOSURE with no CUTCLASS is not supported. Skipping for layer mcon
[WARNING DRT-0349] LEF58_ENCLOSURE with no CUTCLASS is not supported. Skipping for layer mcon
[WARNING DRT-0349] LEF58_ENCLOSURE with no CUTCLASS is not supported. Skipping for layer via
[WARNING DRT-0349] LEF58_ENCLOSURE with no CUTCLASS is not supported. Skipping for layer via
[WARNING DRT-0349] LEF58_ENCLOSURE with no CUTCLASS is not supported. Skipping for layer via2
[WARNING DRT-0349] LEF58_ENCLOSURE with no CUTCLASS is not supported. Skipping for layer via2
[WARNING DRT-0349] LEF58_ENCLOSURE with no CUTCLASS is not supported. Skipping for layer via3
[WARNING DRT-0349] LEF58_ENCLOSURE with no CUTCLASS is not supported. Skipping for layer via3
[WARNING DRT-0349] LEF58_ENCLOSURE with no CUTCLASS is not supported. Skipping for layer via4
[WARNING DRT-0349] LEF58_ENCLOSURE with no CUTCLASS is not supported. Skipping for layer via4

Units:                1000
Number of layers:     13
Number of macros:     441
Number of vias:       28
Number of viarulegen: 25

[INFO DRT-0150] Reading design.

Design:                   PE
Die area:                 ( 0 0 ) ( 155925 166645 )
Number of track patterns: 12
Number of DEF vias:       0
Number of components:     1447
Number of terminals:      73
Number of snets:          2
Number of nets:           1052

[INFO DRT-0167] List of default vias:
  Layer via
    default via: M1M2_PR
  Layer via2
    default via: M2M3_PR
  Layer via3
    default via: M3M4_PR
  Layer via4
    default via: M4M5_PR
[INFO DRT-0162] Library cell analysis.
[INFO DRT-0163] Instance analysis.
[INFO DRT-0164] Number of unique instances = 315.
[INFO DRT-0168] Init region query.
[INFO DRT-0024]   Complete FR_MASTERSLICE.
[INFO DRT-0024]   Complete licon.
[INFO DRT-0024]   Complete li1.
[INFO DRT-0024]   Complete mcon.
[INFO DRT-0024]   Complete met1.
[INFO DRT-0024]   Complete via.
[INFO DRT-0024]   Complete met2.
[INFO DRT-0024]   Complete via2.
[INFO DRT-0024]   Complete met3.
[INFO DRT-0024]   Complete via3.
[INFO DRT-0024]   Complete met4.
[INFO DRT-0024]   Complete via4.
[INFO DRT-0024]   Complete met5.
[INFO DRT-0033] FR_MASTERSLICE shape region query size = 0.
[INFO DRT-0033] licon shape region query size = 0.
[INFO DRT-0033] li1 shape region query size = 36368.
[INFO DRT-0033] mcon shape region query size = 0.
[INFO DRT-0033] met1 shape region query size = 3595.
[INFO DRT-0033] via shape region query size = 270.
[INFO DRT-0033] met2 shape region query size = 192.
[INFO DRT-0033] via2 shape region query size = 216.
[INFO DRT-0033] met3 shape region query size = 203.
[INFO DRT-0033] via3 shape region query size = 216.
[INFO DRT-0033] met4 shape region query size = 58.
[INFO DRT-0033] via4 shape region query size = 0.
[INFO DRT-0033] met5 shape region query size = 0.
[INFO DRT-0165] Start pin access.
[INFO DRT-0076]   Complete 1000 pins.
[INFO DRT-0078]   Complete 1243 pins.
[INFO DRT-0079]   Complete 100 unique inst patterns.
[INFO DRT-0079]   Complete 200 unique inst patterns.
[INFO DRT-0079]   Complete 300 unique inst patterns.
[INFO DRT-0081]   Complete 309 unique inst patterns.
[INFO DRT-0084]   Complete 606 groups.
#scanned instances     = 1447
#unique  instances     = 315
#stdCellGenAp          = 9415
#stdCellValidPlanarAp  = 0
#stdCellValidViaAp     = 7183
#stdCellPinNoAp        = 0
#stdCellPinCnt         = 3719
#instTermValidViaApCnt = 0
#macroGenAp            = 0
#macroValidPlanarAp    = 0
#macroValidViaAp       = 0
#macroNoAp             = 0
[INFO DRT-0166] Complete pin access.
[INFO DRT-0267] cpu time = 00:01:11, elapsed time = 00:00:06, memory = 147.39 (MB), peak = 147.39 (MB)

[INFO DRT-0157] Number of guides:     7923

[INFO DRT-0169] Post process guides.
[INFO DRT-0176] GCELLGRID X 0 DO 22 STEP 6900 ;
[INFO DRT-0177] GCELLGRID Y 0 DO 24 STEP 6900 ;
[INFO DRT-0028]   Complete FR_MASTERSLICE.
[INFO DRT-0028]   Complete licon.
[INFO DRT-0028]   Complete li1.
[INFO DRT-0028]   Complete mcon.
[INFO DRT-0028]   Complete met1.
[INFO DRT-0028]   Complete via.
[INFO DRT-0028]   Complete met2.
[INFO DRT-0028]   Complete via2.
[INFO DRT-0028]   Complete met3.
[INFO DRT-0028]   Complete via3.
[INFO DRT-0028]   Complete met4.
[INFO DRT-0028]   Complete via4.
[INFO DRT-0028]   Complete met5.
[INFO DRT-0178] Init guide query.
[INFO DRT-0035]   Complete FR_MASTERSLICE (guide).
[INFO DRT-0035]   Complete licon (guide).
[INFO DRT-0035]   Complete li1 (guide).
[INFO DRT-0035]   Complete mcon (guide).
[INFO DRT-0035]   Complete met1 (guide).
[INFO DRT-0035]   Complete via (guide).
[INFO DRT-0035]   Complete met2 (guide).
[INFO DRT-0035]   Complete via2 (guide).
[INFO DRT-0035]   Complete met3 (guide).
[INFO DRT-0035]   Complete via3 (guide).
[INFO DRT-0035]   Complete met4 (guide).
[INFO DRT-0035]   Complete via4 (guide).
[INFO DRT-0035]   Complete met5 (guide).
[INFO DRT-0036] FR_MASTERSLICE guide region query size = 0.
[INFO DRT-0036] licon guide region query size = 0.
[INFO DRT-0036] li1 guide region query size = 2865.
[INFO DRT-0036] mcon guide region query size = 0.
[INFO DRT-0036] met1 guide region query size = 2200.
[INFO DRT-0036] via guide region query size = 0.
[INFO DRT-0036] met2 guide region query size = 1182.
[INFO DRT-0036] via2 guide region query size = 0.
[INFO DRT-0036] met3 guide region query size = 61.
[INFO DRT-0036] via3 guide region query size = 0.
[INFO DRT-0036] met4 guide region query size = 3.
[INFO DRT-0036] via4 guide region query size = 0.
[INFO DRT-0036] met5 guide region query size = 0.
[INFO DRT-0179] Init gr pin query.
[INFO DRT-0245] skipped writing guide updates to database.
[INFO DRT-0185] Post process initialize RPin region query.
[INFO DRT-0181] Start track assignment.
[INFO DRT-0184] Done with 4050 vertical wires in 1 frboxes and 2261 horizontal wires in 1 frboxes.
[INFO DRT-0186] Done with 354 vertical wires in 1 frboxes and 718 horizontal wires in 1 frboxes.
[INFO DRT-0182] Complete track assignment.
[INFO DRT-0267] cpu time = 00:00:05, elapsed time = 00:00:00, memory = 162.50 (MB), peak = 168.64 (MB)
[INFO DRT-0187] Start routing data preparation.
[INFO DRT-0267] cpu time = 00:00:00, elapsed time = 00:00:00, memory = 162.50 (MB), peak = 168.64 (MB)
[INFO DRT-0194] Start detail routing.
[INFO DRT-0195] Start 0th optimization iteration.
    Completing 10% with 0 violations.
    elapsed time = 00:00:00, memory = 225.51 (MB).
    Completing 20% with 0 violations.
    elapsed time = 00:00:03, memory = 204.14 (MB).
    Completing 30% with 87 violations.
    elapsed time = 00:00:03, memory = 262.02 (MB).
    Completing 40% with 87 violations.
    elapsed time = 00:00:05, memory = 294.39 (MB).
    Completing 50% with 87 violations.
    elapsed time = 00:00:06, memory = 294.39 (MB).
    Completing 60% with 198 violations.
    elapsed time = 00:00:06, memory = 321.77 (MB).
    Completing 70% with 198 violations.
    elapsed time = 00:00:08, memory = 336.89 (MB).
    Completing 80% with 245 violations.
    elapsed time = 00:00:08, memory = 337.77 (MB).
    Completing 90% with 245 violations.
    elapsed time = 00:00:08, memory = 337.77 (MB).
    Completing 100% with 348 violations.
    elapsed time = 00:00:10, memory = 337.77 (MB).
[INFO DRT-0199]   Number of violations = 424.
Viol/Layer         li1   mcon   met1   met2   met3
Cut Spacing          0      1      0      0      0
Metal Spacing       11      0     77     14     13
Recheck              0      0     59     16      1
Short                0      0    217     15      0
[INFO DRT-0267] cpu time = 00:00:27, elapsed time = 00:00:10, memory = 692.39 (MB), peak = 692.39 (MB)
Total wire length = 24438 um.
Total wire length on LAYER li1 = 0 um.
Total wire length on LAYER met1 = 12545 um.
Total wire length on LAYER met2 = 11111 um.
Total wire length on LAYER met3 = 691 um.
Total wire length on LAYER met4 = 89 um.
Total wire length on LAYER met5 = 0 um.
Total number of vias = 7580.
Up-via summary (total 7580):

-----------------------
 FR_MASTERSLICE       0
            li1    3722
           met1    3763
           met2      86
           met3       9
           met4       0
-----------------------
                   7580


[INFO DRT-0195] Start 1st optimization iteration.
    Completing 10% with 424 violations.
    elapsed time = 00:00:00, memory = 708.14 (MB).
    Completing 20% with 424 violations.
    elapsed time = 00:00:01, memory = 711.43 (MB).
    Completing 30% with 387 violations.
    elapsed time = 00:00:01, memory = 719.80 (MB).
    Completing 40% with 387 violations.
    elapsed time = 00:00:03, memory = 723.80 (MB).
    Completing 50% with 387 violations.
    elapsed time = 00:00:04, memory = 724.93 (MB).
    Completing 60% with 312 violations.
    elapsed time = 00:00:04, memory = 742.18 (MB).
    Completing 70% with 312 violations.
    elapsed time = 00:00:05, memory = 742.18 (MB).
    Completing 80% with 260 violations.
    elapsed time = 00:00:05, memory = 750.80 (MB).
    Completing 90% with 260 violations.
    elapsed time = 00:00:06, memory = 752.05 (MB).
    Completing 100% with 179 violations.
    elapsed time = 00:00:07, memory = 756.55 (MB).
[INFO DRT-0199]   Number of violations = 179.
Viol/Layer        mcon   met1   met2   met3
Cut Spacing          1      0      0      0
Metal Spacing        0     23      9      5
Short                0    136      5      0
[INFO DRT-0267] cpu time = 00:00:23, elapsed time = 00:00:07, memory = 756.55 (MB), peak = 756.55 (MB)
Total wire length = 24107 um.
Total wire length on LAYER li1 = 0 um.
Total wire length on LAYER met1 = 12336 um.
Total wire length on LAYER met2 = 10994 um.
Total wire length on LAYER met3 = 680 um.
Total wire length on LAYER met4 = 96 um.
Total wire length on LAYER met5 = 0 um.
Total number of vias = 7543.
Up-via summary (total 7543):

-----------------------
 FR_MASTERSLICE       0
            li1    3721
           met1    3716
           met2      98
           met3       8
           met4       0
-----------------------
                   7543


[INFO DRT-0195] Start 2nd optimization iteration.
    Completing 10% with 179 violations.
    elapsed time = 00:00:00, memory = 756.55 (MB).
    Completing 20% with 179 violations.
    elapsed time = 00:00:00, memory = 756.55 (MB).
    Completing 30% with 161 violations.
    elapsed time = 00:00:01, memory = 756.55 (MB).
    Completing 40% with 161 violations.
    elapsed time = 00:00:01, memory = 781.05 (MB).
    Completing 50% with 161 violations.
    elapsed time = 00:00:02, memory = 781.05 (MB).
    Completing 60% with 170 violations.
    elapsed time = 00:00:02, memory = 781.05 (MB).
    Completing 70% with 170 violations.
    elapsed time = 00:00:02, memory = 781.05 (MB).
    Completing 80% with 170 violations.
    elapsed time = 00:00:05, memory = 797.37 (MB).
    Completing 90% with 136 violations.
    elapsed time = 00:00:06, memory = 827.12 (MB).
    Completing 100% with 109 violations.
    elapsed time = 00:00:07, memory = 835.99 (MB).
[INFO DRT-0199]   Number of violations = 109.
Viol/Layer        met1   met2
Metal Spacing       32      9
Short               68      0
[INFO DRT-0267] cpu time = 00:00:23, elapsed time = 00:00:07, memory = 836.12 (MB), peak = 836.12 (MB)
Total wire length = 24102 um.
Total wire length on LAYER li1 = 0 um.
Total wire length on LAYER met1 = 12323 um.
Total wire length on LAYER met2 = 11003 um.
Total wire length on LAYER met3 = 677 um.
Total wire length on LAYER met4 = 97 um.
Total wire length on LAYER met5 = 0 um.
Total number of vias = 7561.
Up-via summary (total 7561):

-----------------------
 FR_MASTERSLICE       0
            li1    3721
           met1    3743
           met2      88
           met3       9
           met4       0
-----------------------
                   7561


[INFO DRT-0195] Start 3rd optimization iteration.
    Completing 10% with 109 violations.
    elapsed time = 00:00:00, memory = 839.74 (MB).
    Completing 20% with 109 violations.
    elapsed time = 00:00:00, memory = 839.74 (MB).
    Completing 30% with 83 violations.
    elapsed time = 00:00:00, memory = 839.74 (MB).
    Completing 40% with 83 violations.
    elapsed time = 00:00:01, memory = 856.74 (MB).
    Completing 50% with 83 violations.
    elapsed time = 00:00:03, memory = 865.12 (MB).
    Completing 60% with 51 violations.
    elapsed time = 00:00:03, memory = 865.12 (MB).
    Completing 70% with 51 violations.
    elapsed time = 00:00:04, memory = 886.37 (MB).
    Completing 80% with 34 violations.
    elapsed time = 00:00:04, memory = 886.37 (MB).
    Completing 90% with 34 violations.
    elapsed time = 00:00:04, memory = 886.37 (MB).
    Completing 100% with 0 violations.
    elapsed time = 00:00:05, memory = 886.37 (MB).
[INFO DRT-0199]   Number of violations = 0.
[INFO DRT-0267] cpu time = 00:00:15, elapsed time = 00:00:05, memory = 886.37 (MB), peak = 886.37 (MB)
Total wire length = 24062 um.
Total wire length on LAYER li1 = 0 um.
Total wire length on LAYER met1 = 12013 um.
Total wire length on LAYER met2 = 11003 um.
Total wire length on LAYER met3 = 908 um.
Total wire length on LAYER met4 = 138 um.
Total wire length on LAYER met5 = 0 um.
Total number of vias = 7618.
Up-via summary (total 7618):

-----------------------
 FR_MASTERSLICE       0
            li1    3721
           met1    3750
           met2     134
           met3      13
           met4       0
-----------------------
                   7618


[INFO DRT-0198] Complete detail routing.
Total wire length = 24062 um.
Total wire length on LAYER li1 = 0 um.
Total wire length on LAYER met1 = 12013 um.
Total wire length on LAYER met2 = 11003 um.
Total wire length on LAYER met3 = 908 um.
Total wire length on LAYER met4 = 138 um.
Total wire length on LAYER met5 = 0 um.
Total number of vias = 7618.
Up-via summary (total 7618):

-----------------------
 FR_MASTERSLICE       0
            li1    3721
           met1    3750
           met2     134
           met3      13
           met4       0
-----------------------
                   7618


[INFO DRT-0267] cpu time = 00:01:30, elapsed time = 00:00:31, memory = 886.37 (MB), peak = 886.37 (MB)

[INFO DRT-0180] Post processing.
Setting global connections for newly added cells…
[INFO] Setting global connections...
Updating metrics…
Cell type report:                       Count       Area
  Fill cell                               106     397.88
  Tap cell                                302     377.86
  Antenna cell                              2       5.00
  Clock buffer                              9     225.22
  Timing Repair Buffer                    268    2115.78
  Inverter                                 22     107.60
  Clock inverter                            6      90.09
  Sequential cell                          67    1358.80
  Multi-Input combinational cell          665    6975.44
  Total                                  1447   11653.68
Writing OpenROAD database to '/home/anils_0611/vlsi_projects/pe_asic/pnr/config/runs/reg_run3/43-openroad-detailedrouting/PE.odb'…
Writing netlist to '/home/anils_0611/vlsi_projects/pe_asic/pnr/config/runs/reg_run3/43-openroad-detailedrouting/PE.nl.v'…
Writing powered netlist to '/home/anils_0611/vlsi_projects/pe_asic/pnr/config/runs/reg_run3/43-openroad-detailedrouting/PE.pnl.v'…
Writing layout to '/home/anils_0611/vlsi_projects/pe_asic/pnr/config/runs/reg_run3/43-openroad-detailedrouting/PE.def'…
Writing timing constraints to '/home/anils_0611/vlsi_projects/pe_asic/pnr/config/runs/reg_run3/43-openroad-detailedrouting/PE.sdc'…
