
===========================================================================
report_checks -unconstrained
===========================================================================
======================= nom_tt_025C_1v80 Corner ===================================

Startpoint: b_in[1] (input port clocked by clk)
Endpoint: _1426_ (rising edge-triggered flip-flop clocked by clk)
Path Group: clk
Path Type: max

Fanout         Cap        Slew       Delay        Time   Description
---------------------------------------------------------------------------------------------
                                  0.000000    0.000000   clock clk (rise edge)
                                  0.000000    0.000000   clock network delay (propagated)
                                  1.000000    1.000000 ^ input external delay
    32    0.135521    0.609535    0.421202    1.421202 ^ b_in[1] (in)
                                                         b_in[1] (net)
                      0.609566    0.000000    1.421202 ^ _1000_/B (sky130_fd_sc_hd__nand4_2)
     4    0.015854    0.219853    0.269167    1.690369 v _1000_/Y (sky130_fd_sc_hd__nand4_2)
                                                         _0331_ (net)
                      0.219853    0.000022    1.690391 v _1003_/B2 (sky130_fd_sc_hd__a22o_2)
     2    0.013419    0.065510    0.325648    2.016038 v _1003_/X (sky130_fd_sc_hd__a22o_2)
                                                         _0334_ (net)
                      0.065510    0.000029    2.016067 v _1008_/C1 (sky130_fd_sc_hd__o221ai_4)
     5    0.028039    0.297142    0.112327    2.128394 ^ _1008_/Y (sky130_fd_sc_hd__o221ai_4)
                                                         _0339_ (net)
                      0.297142    0.000228    2.128622 ^ _1022_/A2_N (sky130_fd_sc_hd__o2bb2ai_2)
     4    0.017212    0.232104    0.192818    2.321440 ^ _1022_/Y (sky130_fd_sc_hd__o2bb2ai_2)
                                                         _0353_ (net)
                      0.232104    0.000000    2.321441 ^ _1030_/C1 (sky130_fd_sc_hd__o211ai_2)
     4    0.018872    0.152486    0.190160    2.511601 v _1030_/Y (sky130_fd_sc_hd__o211ai_2)
                                                         _0361_ (net)
                      0.152486    0.000111    2.511712 v _1051_/B1 (sky130_fd_sc_hd__a32oi_4)
     4    0.023657    0.284760    0.289917    2.801629 ^ _1051_/Y (sky130_fd_sc_hd__a32oi_4)
                                                         _0381_ (net)
                      0.284760    0.000274    2.801904 ^ _1107_/B (sky130_fd_sc_hd__nand3_4)
     5    0.026634    0.125696    0.162843    2.964747 v _1107_/Y (sky130_fd_sc_hd__nand3_4)
                                                         _0437_ (net)
                      0.125696    0.000140    2.964887 v _1113_/B (sky130_fd_sc_hd__nand3b_2)
     2    0.010143    0.103161    0.128046    3.092933 ^ _1113_/Y (sky130_fd_sc_hd__nand3b_2)
                                                         _0443_ (net)
                      0.103161    0.000023    3.092956 ^ _1117_/B (sky130_fd_sc_hd__nand3_2)
     1    0.004554    0.080556    0.082486    3.175443 v _1117_/Y (sky130_fd_sc_hd__nand3_2)
                                                         _0447_ (net)
                      0.080556    0.000007    3.175450 v _1184_/B1 (sky130_fd_sc_hd__o21ai_2)
     1    0.004802    0.105263    0.070813    3.246263 ^ _1184_/Y (sky130_fd_sc_hd__o21ai_2)
                                                         _0513_ (net)
                      0.105263    0.000008    3.246271 ^ _1186_/B1 (sky130_fd_sc_hd__o21ai_2)
     3    0.016187    0.078920    0.100370    3.346642 v _1186_/Y (sky130_fd_sc_hd__o21ai_2)
                                                         _0515_ (net)
                      0.078920    0.000157    3.346798 v _1235_/A2 (sky130_fd_sc_hd__o21a_2)
     2    0.007154    0.043967    0.215557    3.562356 v _1235_/X (sky130_fd_sc_hd__o21a_2)
                                                         _0563_ (net)
                      0.043967    0.000015    3.562371 v _1237_/A3 (sky130_fd_sc_hd__o311a_2)
     1    0.004695    0.061631    0.333108    3.895478 v _1237_/X (sky130_fd_sc_hd__o311a_2)
                                                         _0565_ (net)
                      0.061631    0.000013    3.895492 v _1238_/B1 (sky130_fd_sc_hd__a21o_4)
     1    0.001906    0.029033    0.175177    4.070668 v _1238_/X (sky130_fd_sc_hd__a21o_4)
                                                         _0052_ (net)
                      0.029033    0.000002    4.070671 v _1426_/D (sky130_fd_sc_hd__dfxtp_2)
                                              4.070671   data arrival time

                                  5.000000    5.000000   clock clk (rise edge)
                                  0.000000    5.000000   clock source latency
    67    0.174930    0.783919    0.540695    5.540696 ^ clk (in)
                                                         clk (net)
                      0.783931    0.000000    5.540696 ^ _1426_/CLK (sky130_fd_sc_hd__dfxtp_2)
                                 -0.250000    5.290696   clock uncertainty
                                  0.000000    5.290696   clock reconvergence pessimism
                                  0.025334    5.316030   library setup time
                                              5.316030   data required time
---------------------------------------------------------------------------------------------
                                              5.316030   data required time
                                             -4.070671   data arrival time
---------------------------------------------------------------------------------------------
                                              1.245359   slack (MET)




===========================================================================
report_checks --slack_max -0.01
============================================================================
======================= nom_tt_025C_1v80 Corner ===================================

No paths found.


===========================================================================
 report_check_types -max_slew -max_cap -max_fanout -violators
============================================================================
======================= nom_tt_025C_1v80 Corner ===================================

max slew

Pin                                        Limit        Slew       Slack
------------------------------------------------------------------------
_0718_/B1                               0.750000    1.527676   -0.777676 (VIOLATED)
_0888_/B                                0.750000    1.527676   -0.777676 (VIOLATED)
_0889_/B                                0.750000    1.527676   -0.777676 (VIOLATED)
_0901_/A2                               0.750000    1.527676   -0.777676 (VIOLATED)
_0909_/C                                0.750000    1.527676   -0.777676 (VIOLATED)
_0910_/A2                               0.750000    1.527676   -0.777676 (VIOLATED)
_0926_/C                                0.750000    1.527676   -0.777676 (VIOLATED)
_0927_/A2                               0.750000    1.527676   -0.777676 (VIOLATED)
_0953_/B1                               0.750000    1.527676   -0.777676 (VIOLATED)
_1366_/B                                0.750000    1.527676   -0.777676 (VIOLATED)
_1367_/B                                0.750000    1.527676   -0.777676 (VIOLATED)
_1369_/B                                0.750000    1.527676   -0.777676 (VIOLATED)
_1370_/B                                0.750000    1.527676   -0.777676 (VIOLATED)
_0896_/C                                0.750000    1.527675   -0.777675 (VIOLATED)
_0727_/B1                               0.750000    1.527674   -0.777674 (VIOLATED)
_0735_/B1                               0.750000    1.527674   -0.777674 (VIOLATED)
_0743_/B1                               0.750000    1.527673   -0.777673 (VIOLATED)
_0759_/B1                               0.750000    1.527673   -0.777673 (VIOLATED)
_0836_/B1                               0.750000    1.527673   -0.777673 (VIOLATED)
_0775_/C1                               0.750000    1.527672   -0.777672 (VIOLATED)
_0840_/C                                0.750000    1.527673   -0.777673 (VIOLATED)
_0843_/C                                0.750000    1.527673   -0.777673 (VIOLATED)
_0782_/C1                               0.750000    1.527672   -0.777672 (VIOLATED)
_0847_/C                                0.750000    1.527672   -0.777672 (VIOLATED)
_0852_/B1                               0.750000    1.527672   -0.777672 (VIOLATED)
_0789_/B1                               0.750000    1.527671   -0.777671 (VIOLATED)
_0893_/B                                0.750000    1.527672   -0.777672 (VIOLATED)
_1188_/B1                               0.750000    1.527672   -0.777672 (VIOLATED)
_0702_/Y                                0.750000    1.527669   -0.777669 (VIOLATED)
_0706_/B                                0.750000    1.527669   -0.777669 (VIOLATED)
_0796_/C1                               0.750000    1.527669   -0.777669 (VIOLATED)
_0807_/B1                               0.750000    1.527669   -0.777669 (VIOLATED)
_0814_/B1                               0.750000    1.527669   -0.777669 (VIOLATED)
_0823_/B1                               0.750000    1.527669   -0.777669 (VIOLATED)
_0829_/C1                               0.750000    1.527669   -0.777669 (VIOLATED)
_0858_/C                                0.750000    1.527669   -0.777669 (VIOLATED)
_0861_/C                                0.750000    1.527669   -0.777669 (VIOLATED)
_0865_/C                                0.750000    1.527669   -0.777669 (VIOLATED)
_0868_/C1                               0.750000    1.527669   -0.777669 (VIOLATED)
_0877_/C1                               0.750000    1.527669   -0.777669 (VIOLATED)
_0880_/B1                               0.750000    1.527669   -0.777669 (VIOLATED)
_0885_/B1                               0.750000    1.527669   -0.777669 (VIOLATED)
_0886_/B                                0.750000    1.527669   -0.777669 (VIOLATED)
_1304_/B1                               0.750000    1.527669   -0.777669 (VIOLATED)
_1347_/B1                               0.750000    1.527669   -0.777669 (VIOLATED)
_1364_/B1                               0.750000    1.527669   -0.777669 (VIOLATED)
_1413_/CLK                              0.750000    0.783976   -0.033976 (VIOLATED)
_1414_/CLK                              0.750000    0.783976   -0.033976 (VIOLATED)
_1439_/CLK                              0.750000    0.783975   -0.033975 (VIOLATED)
_1438_/CLK                              0.750000    0.783974   -0.033974 (VIOLATED)
_1440_/CLK                              0.750000    0.783974   -0.033974 (VIOLATED)
_1416_/CLK                              0.750000    0.783973   -0.033973 (VIOLATED)
_1407_/CLK                              0.750000    0.783972   -0.033972 (VIOLATED)
_1408_/CLK                              0.750000    0.783972   -0.033972 (VIOLATED)
_1390_/CLK                              0.750000    0.783971   -0.033971 (VIOLATED)
_1406_/CLK                              0.750000    0.783970   -0.033970 (VIOLATED)
_1405_/CLK                              0.750000    0.783969   -0.033969 (VIOLATED)
_1404_/CLK                              0.750000    0.783966   -0.033966 (VIOLATED)
_1403_/CLK                              0.750000    0.783965   -0.033965 (VIOLATED)
_1402_/CLK                              0.750000    0.783959   -0.033959 (VIOLATED)
_1401_/CLK                              0.750000    0.783959   -0.033959 (VIOLATED)
_1389_/CLK                              0.750000    0.783956   -0.033956 (VIOLATED)
_1388_/CLK                              0.750000    0.783956   -0.033956 (VIOLATED)
_1387_/CLK                              0.750000    0.783956   -0.033956 (VIOLATED)
_1400_/CLK                              0.750000    0.783953   -0.033953 (VIOLATED)
_1399_/CLK                              0.750000    0.783952   -0.033952 (VIOLATED)
_1398_/CLK                              0.750000    0.783951   -0.033951 (VIOLATED)
_1397_/CLK                              0.750000    0.783945   -0.033945 (VIOLATED)
_1395_/CLK                              0.750000    0.783944   -0.033944 (VIOLATED)
_1396_/CLK                              0.750000    0.783940   -0.033940 (VIOLATED)
_1394_/CLK                              0.750000    0.783937   -0.033937 (VIOLATED)
_1392_/CLK                              0.750000    0.783937   -0.033937 (VIOLATED)
_1386_/CLK                              0.750000    0.783934   -0.033934 (VIOLATED)
_1385_/CLK                              0.750000    0.783934   -0.033934 (VIOLATED)
_1432_/CLK                              0.750000    0.783934   -0.033934 (VIOLATED)
_1431_/CLK                              0.750000    0.783934   -0.033934 (VIOLATED)
_1384_/CLK                              0.750000    0.783934   -0.033934 (VIOLATED)
_1430_/CLK                              0.750000    0.783933   -0.033933 (VIOLATED)
_1383_/CLK                              0.750000    0.783933   -0.033933 (VIOLATED)
_1429_/CLK                              0.750000    0.783933   -0.033933 (VIOLATED)
_1382_/CLK                              0.750000    0.783933   -0.033933 (VIOLATED)
_1428_/CLK                              0.750000    0.783932   -0.033932 (VIOLATED)
_1393_/CLK                              0.750000    0.783932   -0.033932 (VIOLATED)
_1391_/CLK                              0.750000    0.783932   -0.033932 (VIOLATED)
_1427_/CLK                              0.750000    0.783932   -0.033932 (VIOLATED)
_1426_/CLK                              0.750000    0.783931   -0.033931 (VIOLATED)
_1415_/CLK                              0.750000    0.783930   -0.033930 (VIOLATED)
_1425_/CLK                              0.750000    0.783930   -0.033930 (VIOLATED)
_1424_/CLK                              0.750000    0.783929   -0.033929 (VIOLATED)
_1423_/CLK                              0.750000    0.783928   -0.033928 (VIOLATED)
_1422_/CLK                              0.750000    0.783927   -0.033927 (VIOLATED)
_1380_/CLK                              0.750000    0.783927   -0.033927 (VIOLATED)
_1374_/CLK                              0.750000    0.783927   -0.033927 (VIOLATED)
_1417_/CLK                              0.750000    0.783926   -0.033926 (VIOLATED)
_1381_/CLK                              0.750000    0.783926   -0.033926 (VIOLATED)
_1421_/CLK                              0.750000    0.783925   -0.033926 (VIOLATED)
_1412_/CLK                              0.750000    0.783925   -0.033925 (VIOLATED)
_1436_/CLK                              0.750000    0.783925   -0.033925 (VIOLATED)
_1437_/CLK                              0.750000    0.783925   -0.033925 (VIOLATED)
_1411_/CLK                              0.750000    0.783925   -0.033925 (VIOLATED)
_1435_/CLK                              0.750000    0.783925   -0.033925 (VIOLATED)
_1434_/CLK                              0.750000    0.783924   -0.033924 (VIOLATED)
_1410_/CLK                              0.750000    0.783924   -0.033924 (VIOLATED)
_1409_/CLK                              0.750000    0.783924   -0.033924 (VIOLATED)
_1433_/CLK                              0.750000    0.783924   -0.033924 (VIOLATED)
_1376_/CLK                              0.750000    0.783924   -0.033924 (VIOLATED)
_1420_/CLK                              0.750000    0.783924   -0.033924 (VIOLATED)
_1418_/CLK                              0.750000    0.783924   -0.033924 (VIOLATED)
_1419_/CLK                              0.750000    0.783924   -0.033924 (VIOLATED)
_1379_/CLK                              0.750000    0.783923   -0.033923 (VIOLATED)
_1375_/CLK                              0.750000    0.783923   -0.033923 (VIOLATED)
_1377_/CLK                              0.750000    0.783921   -0.033921 (VIOLATED)
_1378_/CLK                              0.750000    0.783920   -0.033920 (VIOLATED)
clk                                     0.750000    0.783919   -0.033919 (VIOLATED)

max fanout

Pin                                   Limit Fanout  Slack
---------------------------------------------------------
clk                                      10     67    -57 (VIOLATED)
_0702_/Y                                 10     45    -35 (VIOLATED)
b_in[1]                                  10     32    -22 (VIOLATED)
a_in[6]                                  10     30    -20 (VIOLATED)
_1374_/Q                                 10     30    -20 (VIOLATED)
b_in[4]                                  10     29    -19 (VIOLATED)
b_in[0]                                  10     28    -18 (VIOLATED)
a_in[1]                                  10     27    -17 (VIOLATED)
b_in[3]                                  10     27    -17 (VIOLATED)
a_in[2]                                  10     26    -16 (VIOLATED)
a_in[3]                                  10     26    -16 (VIOLATED)
a_in[5]                                  10     24    -14 (VIOLATED)
a_in[4]                                  10     23    -13 (VIOLATED)
b_in[5]                                  10     23    -13 (VIOLATED)
a_in[7]                                  10     20    -10 (VIOLATED)
b_in[2]                                  10     20    -10 (VIOLATED)
a_in[0]                                  10     19     -9 (VIOLATED)
b_in[6]                                  10     18     -8 (VIOLATED)
b_in[7]                                  10     18     -8 (VIOLATED)
_0835_/X                                 10     17     -7 (VIOLATED)
_0703_/X                                 10     15     -5 (VIOLATED)
_0854_/X                                 10     12     -2 (VIOLATED)
_0701_/Y                                 10     11        (VIOLATED)
_0704_/X                                 10     11        (VIOLATED)

max capacitance

Pin                                        Limit         Cap       Slack
------------------------------------------------------------------------
_0702_/Y                                0.141917    0.147143   -0.005226 (VIOLATED)



===========================================================================
report_parasitic_annotation -report_unannotated
============================================================================
Found 0 unannotated drivers.
Found 0 partially unannotated drivers.

===========================================================================
max slew violation count 114
Writing metric design__max_slew_violation__count__corner:nom_tt_025C_1v80: 114
max fanout violation count 24
Writing metric design__max_fanout_violation__count__corner:nom_tt_025C_1v80: 24
max cap violation count 1
Writing metric design__max_cap_violation__count__corner:nom_tt_025C_1v80: 1
============================================================================

===========================================================================
check_setup -verbose -unconstrained_endpoints -multiple_clock -no_clock -no_input_delay -loops -generated_clocks
===========================================================================
