Clock: clk
Sources: clk 
Generated: no
Virtual: yes
Propagated: no
Period: 5.000000

===========================================================================
report_clock_properties
============================================================================
Clock                   Period          Waveform
----------------------------------------------------
clk                   5.000000    0.000000  2.500000

===========================================================================
report_clock_latency
============================================================================
Clock clk
rise -> rise
    min     max
0.000000 0.000000 source latency
0.538993         network latency _1378_/CLK
        0.543671 network latency _1413_/CLK
---------------
0.538993 0.543671 latency
        0.004679 skew

fall -> fall
    min     max
0.000000 0.000000 source latency
0.261559         network latency _1378_/CLK
        0.265910 network latency _1413_/CLK
---------------
0.261559 0.265910 latency
        0.004352 skew



===========================================================================
report_clock_min_period
============================================================================
clk period_min = 3.32 fmax = 300.82
