
===========================================================================
report_checks -unconstrained
===========================================================================
======================= max_ss_100C_1v60 Corner ===================================

Startpoint: _1376_ (rising edge-triggered flip-flop clocked by clk)
Endpoint: _1391_ (rising edge-triggered flip-flop clocked by clk)
Path Group: clk
Path Type: max

Fanout         Cap        Slew       Delay        Time   Description
---------------------------------------------------------------------------------------------
                                  0.000000    0.000000   clock clk (rise edge)
                                  0.000000    0.000000   clock source latency
     1    0.025318    0.187170    0.129140    0.129140 ^ clk (in)
                                                         clk (net)
                      0.187191    0.000000    0.129140 ^ clkbuf_0_clk/A (sky130_fd_sc_hd__clkbuf_16)
     8    0.086393    0.157658    0.350995    0.480135 ^ clkbuf_0_clk/X (sky130_fd_sc_hd__clkbuf_16)
                                                         clknet_0_clk (net)
                      0.158329    0.007536    0.487671 ^ clkbuf_3_2__f_clk/A (sky130_fd_sc_hd__clkbuf_16)
    11    0.040312    0.095317    0.289271    0.776942 ^ clkbuf_3_2__f_clk/X (sky130_fd_sc_hd__clkbuf_16)
                                                         clknet_3_2__leaf_clk (net)
                      0.095413    0.002821    0.779763 ^ _1376_/CLK (sky130_fd_sc_hd__dfxtp_2)
     7    0.023318    0.199447    0.769903    1.549666 ^ _1376_/Q (sky130_fd_sc_hd__dfxtp_2)
                                                         net48 (net)
                      0.199451    0.001224    1.550890 ^ _0712_/B (sky130_fd_sc_hd__nor2_1)
     2    0.010693    0.111975    0.179686    1.730576 v _0712_/Y (sky130_fd_sc_hd__nor2_1)
                                                         _0089_ (net)
                      0.111975    0.000467    1.731043 v _0728_/A1 (sky130_fd_sc_hd__o31ai_4)
     4    0.016008    0.420107    0.533986    2.265029 ^ _0728_/Y (sky130_fd_sc_hd__o31ai_4)
                                                         _0103_ (net)
                      0.420108    0.001479    2.266508 ^ _0736_/A1 (sky130_fd_sc_hd__a21oi_2)
     3    0.014158    0.173767    0.291109    2.557617 v _0736_/Y (sky130_fd_sc_hd__a21oi_2)
                                                         _0110_ (net)
                      0.173772    0.001035    2.558653 v _0754_/B2 (sky130_fd_sc_hd__o221ai_4)
     4    0.013293    0.332005    0.323720    2.882373 ^ _0754_/Y (sky130_fd_sc_hd__o221ai_4)
                                                         _0126_ (net)
                      0.332005    0.000831    2.883204 ^ _0757_/C1 (sky130_fd_sc_hd__o211ai_1)
     1    0.005515    0.223162    0.320449    3.203653 v _0757_/Y (sky130_fd_sc_hd__o211ai_1)
                                                         _0129_ (net)
                      0.223162    0.000395    3.204048 v _0771_/C1 (sky130_fd_sc_hd__o211ai_2)
     3    0.014645    0.362370    0.227276    3.431324 ^ _0771_/Y (sky130_fd_sc_hd__o211ai_2)
                                                         _0141_ (net)
                      0.362370    0.001018    3.432342 ^ _0774_/D1 (sky130_fd_sc_hd__o2111ai_2)
     2    0.007901    0.260045    0.352907    3.785249 v _0774_/Y (sky130_fd_sc_hd__o2111ai_2)
                                                         _0144_ (net)
                      0.260046    0.000717    3.785966 v _0785_/B (sky130_fd_sc_hd__nand3_2)
     3    0.018434    0.189197    0.277919    4.063885 ^ _0785_/Y (sky130_fd_sc_hd__nand3_2)
                                                         _0153_ (net)
                      0.189199    0.001032    4.064917 ^ _0803_/C1 (sky130_fd_sc_hd__o211ai_2)
     1    0.012550    0.224675    0.278183    4.343100 v _0803_/Y (sky130_fd_sc_hd__o211ai_2)
                                                         _0169_ (net)
                      0.224677    0.001105    4.344205 v _0818_/A2 (sky130_fd_sc_hd__a21boi_4)
     7    0.030512    0.393798    0.491876    4.836081 ^ _0818_/Y (sky130_fd_sc_hd__a21boi_4)
                                                         _0182_ (net)
                      0.393970    0.002686    4.838768 ^ _0835_/A2 (sky130_fd_sc_hd__o211a_1)
     1    0.005780    0.111792    0.411479    5.250247 ^ _0835_/X (sky130_fd_sc_hd__o211a_1)
                                                         _0197_ (net)
                      0.111792    0.000453    5.250700 ^ fanout72/A (sky130_fd_sc_hd__clkbuf_2)
     8    0.028777    0.250251    0.340074    5.590773 ^ fanout72/X (sky130_fd_sc_hd__clkbuf_2)
                                                         net72 (net)
                      0.250265    0.002105    5.592878 ^ fanout71/A (sky130_fd_sc_hd__clkbuf_4)
    10    0.035245    0.183806    0.413329    6.006207 ^ fanout71/X (sky130_fd_sc_hd__clkbuf_4)
                                                         net71 (net)
                      0.183874    0.003337    6.009544 ^ _0837_/A2 (sky130_fd_sc_hd__a21oi_1)
     1    0.001959    0.080674    0.162186    6.171731 v _0837_/Y (sky130_fd_sc_hd__a21oi_1)
                                                         _0017_ (net)
                      0.080674    0.000091    6.171822 v hold140/A (sky130_fd_sc_hd__dlygate4sd3_1)
     1    0.002063    0.099446    1.115543    7.287364 v hold140/X (sky130_fd_sc_hd__dlygate4sd3_1)
                                                         net272 (net)
                      0.099446    0.000145    7.287509 v _1391_/D (sky130_fd_sc_hd__dfxtp_2)
                                              7.287509   data arrival time

                                  6.000000    6.000000   clock clk (rise edge)
                                  0.000000    6.000000   clock source latency
     1    0.025318    0.187170    0.129140    6.129139 ^ clk (in)
                                                         clk (net)
                      0.187191    0.000000    6.129139 ^ clkbuf_0_clk/A (sky130_fd_sc_hd__clkbuf_16)
     8    0.086393    0.157658    0.350995    6.480134 ^ clkbuf_0_clk/X (sky130_fd_sc_hd__clkbuf_16)
                                                         clknet_0_clk (net)
                      0.158329    0.007536    6.487670 ^ clkbuf_3_2__f_clk/A (sky130_fd_sc_hd__clkbuf_16)
    11    0.040312    0.095317    0.289271    6.776942 ^ clkbuf_3_2__f_clk/X (sky130_fd_sc_hd__clkbuf_16)
                                                         clknet_3_2__leaf_clk (net)
                      0.095329    0.001321    6.778263 ^ _1391_/CLK (sky130_fd_sc_hd__dfxtp_2)
                                 -0.250000    6.528263   clock uncertainty
                                  0.000000    6.528263   clock reconvergence pessimism
                                 -0.279761    6.248502   library setup time
                                              6.248502   data required time
---------------------------------------------------------------------------------------------
                                              6.248502   data required time
                                             -7.287509   data arrival time
---------------------------------------------------------------------------------------------
                                             -1.039007   slack (VIOLATED)




===========================================================================
report_checks --slack_max -0.01
============================================================================
======================= max_ss_100C_1v60 Corner ===================================

Startpoint: _1376_ (rising edge-triggered flip-flop clocked by clk)
Endpoint: _1391_ (rising edge-triggered flip-flop clocked by clk)
Path Group: clk
Path Type: max

Fanout         Cap        Slew       Delay        Time   Description
---------------------------------------------------------------------------------------------
                                  0.000000    0.000000   clock clk (rise edge)
                                  0.000000    0.000000   clock source latency
     1    0.025318    0.187170    0.129140    0.129140 ^ clk (in)
                                                         clk (net)
                      0.187191    0.000000    0.129140 ^ clkbuf_0_clk/A (sky130_fd_sc_hd__clkbuf_16)
     8    0.086393    0.157658    0.350995    0.480135 ^ clkbuf_0_clk/X (sky130_fd_sc_hd__clkbuf_16)
                                                         clknet_0_clk (net)
                      0.158329    0.007536    0.487671 ^ clkbuf_3_2__f_clk/A (sky130_fd_sc_hd__clkbuf_16)
    11    0.040312    0.095317    0.289271    0.776942 ^ clkbuf_3_2__f_clk/X (sky130_fd_sc_hd__clkbuf_16)
                                                         clknet_3_2__leaf_clk (net)
                      0.095413    0.002821    0.779763 ^ _1376_/CLK (sky130_fd_sc_hd__dfxtp_2)
     7    0.023318    0.199447    0.769903    1.549666 ^ _1376_/Q (sky130_fd_sc_hd__dfxtp_2)
                                                         net48 (net)
                      0.199451    0.001224    1.550890 ^ _0712_/B (sky130_fd_sc_hd__nor2_1)
     2    0.010693    0.111975    0.179686    1.730576 v _0712_/Y (sky130_fd_sc_hd__nor2_1)
                                                         _0089_ (net)
                      0.111975    0.000467    1.731043 v _0728_/A1 (sky130_fd_sc_hd__o31ai_4)
     4    0.016008    0.420107    0.533986    2.265029 ^ _0728_/Y (sky130_fd_sc_hd__o31ai_4)
                                                         _0103_ (net)
                      0.420108    0.001479    2.266508 ^ _0736_/A1 (sky130_fd_sc_hd__a21oi_2)
     3    0.014158    0.173767    0.291109    2.557617 v _0736_/Y (sky130_fd_sc_hd__a21oi_2)
                                                         _0110_ (net)
                      0.173772    0.001035    2.558653 v _0754_/B2 (sky130_fd_sc_hd__o221ai_4)
     4    0.013293    0.332005    0.323720    2.882373 ^ _0754_/Y (sky130_fd_sc_hd__o221ai_4)
                                                         _0126_ (net)
                      0.332005    0.000831    2.883204 ^ _0757_/C1 (sky130_fd_sc_hd__o211ai_1)
     1    0.005515    0.223162    0.320449    3.203653 v _0757_/Y (sky130_fd_sc_hd__o211ai_1)
                                                         _0129_ (net)
                      0.223162    0.000395    3.204048 v _0771_/C1 (sky130_fd_sc_hd__o211ai_2)
     3    0.014645    0.362370    0.227276    3.431324 ^ _0771_/Y (sky130_fd_sc_hd__o211ai_2)
                                                         _0141_ (net)
                      0.362370    0.001018    3.432342 ^ _0774_/D1 (sky130_fd_sc_hd__o2111ai_2)
     2    0.007901    0.260045    0.352907    3.785249 v _0774_/Y (sky130_fd_sc_hd__o2111ai_2)
                                                         _0144_ (net)
                      0.260046    0.000717    3.785966 v _0785_/B (sky130_fd_sc_hd__nand3_2)
     3    0.018434    0.189197    0.277919    4.063885 ^ _0785_/Y (sky130_fd_sc_hd__nand3_2)
                                                         _0153_ (net)
                      0.189199    0.001032    4.064917 ^ _0803_/C1 (sky130_fd_sc_hd__o211ai_2)
     1    0.012550    0.224675    0.278183    4.343100 v _0803_/Y (sky130_fd_sc_hd__o211ai_2)
                                                         _0169_ (net)
                      0.224677    0.001105    4.344205 v _0818_/A2 (sky130_fd_sc_hd__a21boi_4)
     7    0.030512    0.393798    0.491876    4.836081 ^ _0818_/Y (sky130_fd_sc_hd__a21boi_4)
                                                         _0182_ (net)
                      0.393970    0.002686    4.838768 ^ _0835_/A2 (sky130_fd_sc_hd__o211a_1)
     1    0.005780    0.111792    0.411479    5.250247 ^ _0835_/X (sky130_fd_sc_hd__o211a_1)
                                                         _0197_ (net)
                      0.111792    0.000453    5.250700 ^ fanout72/A (sky130_fd_sc_hd__clkbuf_2)
     8    0.028777    0.250251    0.340074    5.590773 ^ fanout72/X (sky130_fd_sc_hd__clkbuf_2)
                                                         net72 (net)
                      0.250265    0.002105    5.592878 ^ fanout71/A (sky130_fd_sc_hd__clkbuf_4)
    10    0.035245    0.183806    0.413329    6.006207 ^ fanout71/X (sky130_fd_sc_hd__clkbuf_4)
                                                         net71 (net)
                      0.183874    0.003337    6.009544 ^ _0837_/A2 (sky130_fd_sc_hd__a21oi_1)
     1    0.001959    0.080674    0.162186    6.171731 v _0837_/Y (sky130_fd_sc_hd__a21oi_1)
                                                         _0017_ (net)
                      0.080674    0.000091    6.171822 v hold140/A (sky130_fd_sc_hd__dlygate4sd3_1)
     1    0.002063    0.099446    1.115543    7.287364 v hold140/X (sky130_fd_sc_hd__dlygate4sd3_1)
                                                         net272 (net)
                      0.099446    0.000145    7.287509 v _1391_/D (sky130_fd_sc_hd__dfxtp_2)
                                              7.287509   data arrival time

                                  6.000000    6.000000   clock clk (rise edge)
                                  0.000000    6.000000   clock source latency
     1    0.025318    0.187170    0.129140    6.129139 ^ clk (in)
                                                         clk (net)
                      0.187191    0.000000    6.129139 ^ clkbuf_0_clk/A (sky130_fd_sc_hd__clkbuf_16)
     8    0.086393    0.157658    0.350995    6.480134 ^ clkbuf_0_clk/X (sky130_fd_sc_hd__clkbuf_16)
                                                         clknet_0_clk (net)
                      0.158329    0.007536    6.487670 ^ clkbuf_3_2__f_clk/A (sky130_fd_sc_hd__clkbuf_16)
    11    0.040312    0.095317    0.289271    6.776942 ^ clkbuf_3_2__f_clk/X (sky130_fd_sc_hd__clkbuf_16)
                                                         clknet_3_2__leaf_clk (net)
                      0.095329    0.001321    6.778263 ^ _1391_/CLK (sky130_fd_sc_hd__dfxtp_2)
                                 -0.250000    6.528263   clock uncertainty
                                  0.000000    6.528263   clock reconvergence pessimism
                                 -0.279761    6.248502   library setup time
                                              6.248502   data required time
---------------------------------------------------------------------------------------------
                                              6.248502   data required time
                                             -7.287509   data arrival time
---------------------------------------------------------------------------------------------
                                             -1.039007   slack (VIOLATED)




===========================================================================
 report_check_types -max_slew -max_cap -max_fanout -violators
============================================================================
======================= max_ss_100C_1v60 Corner ===================================

max slew

Pin                                        Limit        Slew       Slack
------------------------------------------------------------------------
_1357_/Y                                0.750000    0.752203   -0.002203 (VIOLATED)
_1360_/B1                               0.750000    0.752203   -0.002203 (VIOLATED)
max_cap73/A                             0.750000    0.752203   -0.002203 (VIOLATED)

max fanout

Pin                                   Limit Fanout  Slack
---------------------------------------------------------
clkbuf_3_2__f_clk/X                      10     11        (VIOLATED)
clkbuf_3_3__f_clk/X                      10     11        (VIOLATED)
clkbuf_3_7__f_clk/X                      10     11        (VIOLATED)



===========================================================================
report_parasitic_annotation -report_unannotated
============================================================================
Found 7 unannotated drivers.
 clkload0/X
 clkload1/Y
 clkload2/X
 clkload3/Y
 clkload4/Y
 clkload5/Y
 clkload6/X
Found 0 partially unannotated drivers.

===========================================================================
max slew violation count 3
max fanout violation count 3
max cap violation count 0
============================================================================

===========================================================================
check_setup -verbose -unconstrained_endpoints -multiple_clock -no_clock -no_input_delay -loops -generated_clocks
===========================================================================
