Clock: clk
Sources: clk 
Generated: no
Virtual: yes
Propagated: no
Period: 6.000000

===========================================================================
report_clock_properties
============================================================================
Clock                   Period          Waveform
----------------------------------------------------
clk                   6.000000    0.000000  3.000000

===========================================================================
report_clock_latency
============================================================================
Clock clk
rise -> rise
    min     max
0.000000 0.000000 source latency
0.761004         network latency _1422_/CLK
        0.781497 network latency _1380_/CLK
---------------
0.761004 0.781497 latency
        0.020493 skew

fall -> fall
    min     max
0.000000 0.000000 source latency
0.695875         network latency _1422_/CLK
        0.714002 network latency _1380_/CLK
---------------
0.695875 0.714002 latency
        0.018126 skew



===========================================================================
report_clock_min_period
============================================================================
clk period_min = 7.04 fmax = 142.07
