
===========================================================================
Violator List
============================================================================
[setup reg-reg] _1376_/Q -> _1391_/D : -1.039007
[setup reg-reg] _1376_/Q -> _1401_/D : -1.003528
[setup in-reg] b_in[4] -> _1431_/D : -0.955577
[setup in-reg] b_in[4] -> _1432_/D : -0.939518
[setup in-reg] b_in[4] -> _1430_/D : -0.931859
[setup in-reg] b_in[2] -> _1426_/D : -0.923631
[setup in-reg] b_in[2] -> _1427_/D : -0.832278
[setup in-reg] b_in[4] -> _1429_/D : -0.820865
[setup in-reg] b_in[2] -> _1428_/D : -0.760938
[setup in-reg] b_in[2] -> _1425_/D : -0.451970
[setup reg-reg] _1376_/Q -> _1393_/D : -0.371849
[setup in-reg] b_in[2] -> _1424_/D : -0.340850
[setup reg-reg] _1376_/Q -> _1396_/D : -0.332313
[setup reg-reg] _1376_/Q -> _1397_/D : -0.295309
[setup reg-reg] _1376_/Q -> _1394_/D : -0.288050
[setup reg-reg] _1376_/Q -> _1395_/D : -0.187156
[setup reg-reg] _1376_/Q -> _1402_/D : -0.065003
