
===========================================================================
report_checks -unconstrained
===========================================================================
======================= nom_ff_n40C_1v95 Corner ===================================

Startpoint: b_in[2] (input port clocked by clk)
Endpoint: _1432_ (rising edge-triggered flip-flop clocked by clk)
Path Group: clk
Path Type: max

Fanout         Cap        Slew       Delay        Time   Description
---------------------------------------------------------------------------------------------
                                  0.000000    0.000000   clock clk (rise edge)
                                  0.000000    0.000000   clock network delay (propagated)
                                  1.000000    1.000000 ^ input external delay
     1    0.003101    0.014990    0.008030    1.008030 ^ b_in[2] (in)
                                                         b_in[2] (net)
                      0.014995    0.000000    1.008030 ^ input11/A (sky130_fd_sc_hd__clkbuf_1)
     2    0.020620    0.183118    0.151468    1.159499 ^ input11/X (sky130_fd_sc_hd__clkbuf_1)
                                                         net11 (net)
                      0.183133    0.001374    1.160873 ^ fanout129/A (sky130_fd_sc_hd__buf_4)
    10    0.057957    0.123648    0.164616    1.325489 ^ fanout129/X (sky130_fd_sc_hd__buf_4)
                                                         net129 (net)
                      0.123737    0.002718    1.328207 ^ _0694_/A (sky130_fd_sc_hd__clkinv_4)
     7    0.066766    0.103712    0.105976    1.434183 v _0694_/Y (sky130_fd_sc_hd__clkinv_4)
                                                         _0074_ (net)
                      0.104306    0.006445    1.440628 v _1070_/A1 (sky130_fd_sc_hd__o211ai_4)
     1    0.009576    0.123548    0.159291    1.599919 ^ _1070_/Y (sky130_fd_sc_hd__o211ai_4)
                                                         _0400_ (net)
                      0.123548    0.000212    1.600130 ^ _1077_/B (sky130_fd_sc_hd__nand3_4)
     6    0.036912    0.094685    0.095738    1.695868 v _1077_/Y (sky130_fd_sc_hd__nand3_4)
                                                         _0407_ (net)
                      0.094694    0.000729    1.696597 v _1147_/A2 (sky130_fd_sc_hd__a21oi_4)
     4    0.023548    0.153942    0.180140    1.876738 ^ _1147_/Y (sky130_fd_sc_hd__a21oi_4)
                                                         _0476_ (net)
                      0.153943    0.000696    1.877434 ^ _1148_/B1 (sky130_fd_sc_hd__o21ai_4)
     6    0.024456    0.059844    0.053112    1.930546 v _1148_/Y (sky130_fd_sc_hd__o21ai_4)
                                                         _0477_ (net)
                      0.059873    0.001064    1.931610 v rebuffer49/A (sky130_fd_sc_hd__buf_1)
     1    0.006276    0.031087    0.079171    2.010781 v rebuffer49/X (sky130_fd_sc_hd__buf_1)
                                                         net184 (net)
                      0.031088    0.000248    2.011030 v rebuffer22/A (sky130_fd_sc_hd__buf_2)
     1    0.009377    0.027048    0.083861    2.094891 v rebuffer22/X (sky130_fd_sc_hd__buf_2)
                                                         net157 (net)
                      0.027051    0.000304    2.095195 v _1166_/A1_N (sky130_fd_sc_hd__o2bb2ai_4)
     1    0.008970    0.045178    0.076256    2.171450 v _1166_/Y (sky130_fd_sc_hd__o2bb2ai_4)
                                                         _0495_ (net)
                      0.045178    0.000208    2.171658 v _1171_/C1 (sky130_fd_sc_hd__o2111ai_4)
     3    0.026564    0.222557    0.098995    2.270652 ^ _1171_/Y (sky130_fd_sc_hd__o2111ai_4)
                                                         _0500_ (net)
                      0.222558    0.000827    2.271480 ^ _1175_/A1 (sky130_fd_sc_hd__a21oi_4)
     3    0.022752    0.073502    0.062566    2.334045 v _1175_/Y (sky130_fd_sc_hd__a21oi_4)
                                                         _0504_ (net)
                      0.073507    0.000450    2.334495 v _1180_/B1 (sky130_fd_sc_hd__o221ai_4)
     4    0.030766    0.215470    0.208873    2.543368 ^ _1180_/Y (sky130_fd_sc_hd__o221ai_4)
                                                         _0509_ (net)
                      0.215472    0.001162    2.544530 ^ _1239_/A (sky130_fd_sc_hd__nand4_4)
     1    0.009092    0.077326    0.062577    2.607107 v _1239_/Y (sky130_fd_sc_hd__nand4_4)
                                                         _0566_ (net)
                      0.077327    0.000188    2.607295 v _1328_/A1 (sky130_fd_sc_hd__o21ai_4)
     4    0.018096    0.132353    0.153412    2.760707 ^ _1328_/Y (sky130_fd_sc_hd__o21ai_4)
                                                         _0653_ (net)
                      0.132354    0.000761    2.761468 ^ _1350_/A (sky130_fd_sc_hd__nand3_1)
     2    0.008347    0.084022    0.075700    2.837169 v _1350_/Y (sky130_fd_sc_hd__nand3_1)
                                                         _0673_ (net)
                      0.084023    0.000220    2.837389 v _1360_/A2_N (sky130_fd_sc_hd__o2bb2ai_1)
     1    0.003991    0.067555    0.088024    2.925413 v _1360_/Y (sky130_fd_sc_hd__o2bb2ai_1)
                                                         _0683_ (net)
                      0.067555    0.000128    2.925540 v _1365_/A2 (sky130_fd_sc_hd__a31oi_1)
     1    0.002496    0.088038    0.115959    3.041499 ^ _1365_/Y (sky130_fd_sc_hd__a31oi_1)
                                                         _0058_ (net)
                      0.088038    0.000071    3.041570 ^ _1432_/D (sky130_fd_sc_hd__dfxtp_1)
                                              3.041570   data arrival time

                                  5.000000    5.000000   clock clk (rise edge)
                                  0.000000    5.000000   clock source latency
     1    0.019707    0.070777    0.048555    5.048555 ^ clk (in)
                                                         clk (net)
                      0.070800    0.000000    5.048555 ^ clkbuf_0_clk/A (sky130_fd_sc_hd__clkbuf_16)
     8    0.089198    0.081153    0.134058    5.182613 ^ clkbuf_0_clk/X (sky130_fd_sc_hd__clkbuf_16)
                                                         clknet_0_clk (net)
                      0.081294    0.002720    5.185334 ^ clkbuf_3_2__f_clk/A (sky130_fd_sc_hd__clkbuf_16)
    10    0.036410    0.042943    0.108535    5.293868 ^ clkbuf_3_2__f_clk/X (sky130_fd_sc_hd__clkbuf_16)
                                                         clknet_3_2__leaf_clk (net)
                      0.043021    0.001458    5.295327 ^ _1432_/CLK (sky130_fd_sc_hd__dfxtp_1)
                                 -0.250000    5.045327   clock uncertainty
                                  0.000000    5.045327   clock reconvergence pessimism
                                 -0.033692    5.011634   library setup time
                                              5.011634   data required time
---------------------------------------------------------------------------------------------
                                              5.011634   data required time
                                             -3.041570   data arrival time
---------------------------------------------------------------------------------------------
                                              1.970064   slack (MET)




===========================================================================
report_checks --slack_max -0.01
============================================================================
======================= nom_ff_n40C_1v95 Corner ===================================

No paths found.


===========================================================================
 report_check_types -max_slew -max_cap -max_fanout -violators
============================================================================
======================= nom_ff_n40C_1v95 Corner ===================================

max fanout

Pin                                   Limit Fanout  Slack
---------------------------------------------------------
clkbuf_3_5__f_clk/X                      10     12     -2 (VIOLATED)
clkbuf_3_7__f_clk/X                      10     12     -2 (VIOLATED)



===========================================================================
report_parasitic_annotation -report_unannotated
============================================================================
Found 6 unannotated drivers.
 clkload0/Y
 clkload1/Y
 clkload2/Y
 clkload3/Y
 clkload4/Y
 clkload5/Y
Found 0 partially unannotated drivers.

===========================================================================
max slew violation count 0
max fanout violation count 2
max cap violation count 0
============================================================================

===========================================================================
check_setup -verbose -unconstrained_endpoints -multiple_clock -no_clock -no_input_delay -loops -generated_clocks
===========================================================================
