Clock: clk
Sources: clk 
Generated: no
Virtual: yes
Propagated: no
Period: 5.000000

===========================================================================
report_clock_properties
============================================================================
Clock                   Period          Waveform
----------------------------------------------------
clk                   5.000000    0.000000  2.500000

===========================================================================
report_clock_latency
============================================================================
Clock clk
rise -> rise
    min     max
0.000000 0.000000 source latency
0.289508         network latency _1383_/CLK
        0.298650 network latency _1437_/CLK
---------------
0.289508 0.298650 latency
        0.009143 skew

fall -> fall
    min     max
0.000000 0.000000 source latency
0.257771         network latency _1383_/CLK
        0.265553 network latency _1437_/CLK
---------------
0.257771 0.265553 latency
        0.007782 skew



===========================================================================
report_clock_min_period
============================================================================
clk period_min = 2.04 fmax = 490.76
