Clock: clk
Sources: clk 
Generated: no
Virtual: yes
Propagated: no
Period: 5.000000

===========================================================================
report_clock_properties
============================================================================
Clock                   Period          Waveform
----------------------------------------------------
clk                   5.000000    0.000000  2.500000

===========================================================================
report_clock_latency
============================================================================
Clock clk
rise -> rise
    min     max
0.000000 0.000000 source latency
0.735758         network latency _1423_/CLK
        0.754555 network latency _1382_/CLK
---------------
0.735758 0.754555 latency
        0.018796 skew

fall -> fall
    min     max
0.000000 0.000000 source latency
0.678551         network latency _1423_/CLK
        0.695235 network latency _1382_/CLK
---------------
0.678551 0.695235 latency
        0.016685 skew



===========================================================================
report_clock_min_period
============================================================================
clk period_min = 5.99 fmax = 166.99
