
===========================================================================
Violator List
============================================================================
[setup in-reg] b_in[4] -> _1427_/D : -1.786928
[setup in-reg] a_in[7] -> _1431_/D : -1.779171
[setup in-reg] a_in[7] -> _1432_/D : -1.766520
[setup in-reg] a_in[7] -> _1430_/D : -1.756951
[setup in-reg] a_in[6] -> _1426_/D : -1.740496
[setup in-reg] a_in[7] -> _1429_/D : -1.651473
[setup in-reg] b_in[4] -> _1428_/D : -1.574076
[setup in-reg] a_in[6] -> _1425_/D : -1.270749
[setup in-reg] a_in[6] -> _1424_/D : -1.182278
[setup reg-reg] _1376_/Q -> _1393_/D : -0.988428
[setup reg-reg] _1376_/Q -> _1394_/D : -0.973601
[setup reg-reg] _1376_/Q -> _1397_/D : -0.969666
[setup reg-reg] _1376_/Q -> _1396_/D : -0.964213
[setup reg-reg] _1376_/Q -> _1402_/D : -0.884798
[setup reg-reg] _1376_/Q -> _1395_/D : -0.880732
[setup reg-reg] _1376_/Q -> _1401_/D : -0.763884
[setup reg-reg] _1376_/Q -> _1399_/D : -0.731377
[setup reg-reg] _1376_/Q -> _1400_/D : -0.730676
[setup reg-reg] _1376_/Q -> _1391_/D : -0.686170
[setup reg-reg] _1376_/Q -> _1406_/D : -0.682819
[setup reg-reg] _1376_/Q -> _1405_/D : -0.609955
[setup reg-reg] _1376_/Q -> _1390_/D : -0.474278
[setup reg-reg] _1376_/Q -> _1392_/D : -0.460709
[setup in-reg] b_in[5] -> _1423_/D : -0.442078
[setup reg-reg] _1376_/Q -> _1398_/D : -0.434207
[setup reg-reg] _1376_/Q -> _1388_/D : -0.413253
[setup reg-reg] _1376_/Q -> _1404_/D : -0.344509
[setup in-reg] b_in[5] -> _1422_/D : -0.279721
[setup reg-reg] _1376_/Q -> _1389_/D : -0.258158
[setup reg-reg] _1376_/Q -> _1403_/D : -0.198922
[setup reg-reg] _1418_/Q -> _1377_/D : -0.130068
[setup reg-reg] _1376_/Q -> _1386_/D : -0.115884
[setup reg-reg] _1376_/Q -> _1387_/D : -0.086609
