
===========================================================================
Violator List
============================================================================
[setup in-reg] a_in[6] -> _1428_/D : -2.629924
[setup in-reg] a_in[6] -> _1427_/D : -2.583863
[setup in-reg] a_in[6] -> _1432_/D : -2.472571
[setup in-reg] b_in[1] -> _1426_/D : -2.463121
[setup in-reg] a_in[6] -> _1430_/D : -2.427192
[setup in-reg] a_in[6] -> _1431_/D : -2.386276
[setup in-reg] a_in[6] -> _1429_/D : -2.321653
[setup in-reg] b_in[1] -> _1424_/D : -2.136555
[setup in-reg] b_in[1] -> _1425_/D : -1.978595
[setup in-reg] b_in[1] -> _1423_/D : -1.232697
[setup reg-reg] _1376_/Q -> _1388_/D : -1.131670
[setup reg-reg] _1376_/Q -> _1406_/D : -1.064114
[setup reg-reg] _1376_/Q -> _1402_/D : -1.002120
[setup reg-reg] _1376_/Q -> _1401_/D : -0.968622
[setup reg-reg] _1376_/Q -> _1393_/D : -0.922225
[setup reg-reg] _1376_/Q -> _1394_/D : -0.898571
[setup reg-reg] _1376_/Q -> _1400_/D : -0.896616
[setup reg-reg] _1376_/Q -> _1399_/D : -0.876609
[setup reg-reg] _1376_/Q -> _1396_/D : -0.869439
[setup reg-reg] _1376_/Q -> _1392_/D : -0.843143
[setup reg-reg] _1376_/Q -> _1398_/D : -0.840743
[setup reg-reg] _1376_/Q -> _1390_/D : -0.836307
[setup reg-reg] _1376_/Q -> _1397_/D : -0.702575
[setup in-reg] b_in[1] -> _1422_/D : -0.701589
[setup reg-reg] _1376_/Q -> _1405_/D : -0.630585
[setup reg-reg] _1376_/Q -> _1404_/D : -0.630465
[setup reg-reg] _1376_/Q -> _1395_/D : -0.612096
[setup reg-reg] _1376_/Q -> _1387_/D : -0.554032
[setup reg-reg] _1376_/Q -> _1389_/D : -0.546311
[setup reg-reg] _1376_/Q -> _1386_/D : -0.521974
[setup reg-reg] _1376_/Q -> _1391_/D : -0.509281
[setup reg-reg] _1376_/Q -> _1403_/D : -0.297686
[setup in-reg] b_in[1] -> _1420_/D : -0.229245
[setup reg-reg] _1376_/Q -> _1384_/D : -0.073944
[setup reg-reg] _1376_/Q -> _1385_/D : -0.003151
