
===========================================================================
report_checks -unconstrained
===========================================================================
======================= nom_tt_025C_1v80 Corner ===================================

Startpoint: a_in[6] (input port clocked by clk)
Endpoint: _1426_ (rising edge-triggered flip-flop clocked by clk)
Path Group: clk
Path Type: max

Fanout         Cap        Slew       Delay        Time   Description
---------------------------------------------------------------------------------------------
                                  0.000000    0.000000   clock clk (rise edge)
                                  0.000000    0.000000   clock network delay (propagated)
                                  1.000000    1.000000 v input external delay
     1    0.003515    0.010294    0.005654    1.005654 v a_in[6] (in)
                                                         a_in[6] (net)
                      0.010298    0.000000    1.005654 v input7/A (sky130_fd_sc_hd__clkbuf_2)
     1    0.007369    0.038537    0.097779    1.103433 v input7/X (sky130_fd_sc_hd__clkbuf_2)
                                                         net7 (net)
                      0.038540    0.000347    1.103780 v fanout96/A (sky130_fd_sc_hd__buf_6)
     2    0.009736    0.025197    0.111876    1.215657 v fanout96/X (sky130_fd_sc_hd__buf_6)
                                                         net96 (net)
                      0.025197    0.000310    1.215966 v fanout95/A (sky130_fd_sc_hd__buf_8)
     6    0.041864    0.045725    0.129888    1.345854 v fanout95/X (sky130_fd_sc_hd__buf_8)
                                                         net95 (net)
                      0.045754    0.001081    1.346935 v fanout94/A (sky130_fd_sc_hd__buf_12)
     8    0.052011    0.042601    0.143620    1.490555 v fanout94/X (sky130_fd_sc_hd__buf_12)
                                                         net94 (net)
                      0.042626    0.000985    1.491540 v fanout93/A (sky130_fd_sc_hd__buf_12)
    10    0.057809    0.044921    0.144066    1.635606 v fanout93/X (sky130_fd_sc_hd__buf_12)
                                                         net93 (net)
                      0.045055    0.001941    1.637548 v _1066_/A1 (sky130_fd_sc_hd__a22oi_4)
     5    0.038863    0.328272    0.311044    1.948591 ^ _1066_/Y (sky130_fd_sc_hd__a22oi_4)
                                                         _0396_ (net)
                      0.328280    0.001259    1.949850 ^ _1072_/B2 (sky130_fd_sc_hd__o22ai_4)
     3    0.017331    0.106749    0.139667    2.089517 v _1072_/Y (sky130_fd_sc_hd__o22ai_4)
                                                         _0402_ (net)
                      0.106749    0.000339    2.089856 v _1075_/B1 (sky130_fd_sc_hd__o211a_4)
     3    0.020346    0.058826    0.187351    2.277207 v _1075_/X (sky130_fd_sc_hd__o211a_4)
                                                         _0405_ (net)
                      0.058862    0.000772    2.277979 v _1147_/B1 (sky130_fd_sc_hd__a21oi_4)
     3    0.018789    0.176199    0.174061    2.452041 ^ _1147_/Y (sky130_fd_sc_hd__a21oi_4)
                                                         _0476_ (net)
                      0.176199    0.000492    2.452533 ^ rebuffer4/A (sky130_fd_sc_hd__clkbuf_2)
     3    0.008964    0.059571    0.156687    2.609220 ^ rebuffer4/X (sky130_fd_sc_hd__clkbuf_2)
                                                         net136 (net)
                      0.059571    0.000314    2.609534 ^ rebuffer5/A (sky130_fd_sc_hd__buf_1)
     1    0.010339    0.128695    0.145179    2.754713 ^ rebuffer5/X (sky130_fd_sc_hd__buf_1)
                                                         net137 (net)
                      0.128696    0.000294    2.755007 ^ _1164_/B1 (sky130_fd_sc_hd__o221ai_4)
     1    0.009907    0.092357    0.131611    2.886617 v _1164_/Y (sky130_fd_sc_hd__o221ai_4)
                                                         _0493_ (net)
                      0.092357    0.000406    2.887023 v _1169_/B (sky130_fd_sc_hd__nand3_4)
     4    0.023611    0.105872    0.126813    3.013836 ^ _1169_/Y (sky130_fd_sc_hd__nand3_4)
                                                         _0498_ (net)
                      0.105874    0.001012    3.014848 ^ rebuffer21/A (sky130_fd_sc_hd__buf_6)
     1    0.009985    0.033678    0.110765    3.125613 ^ rebuffer21/X (sky130_fd_sc_hd__buf_6)
                                                         net153 (net)
                      0.033678    0.000282    3.125894 ^ _1175_/A1 (sky130_fd_sc_hd__a21oi_4)
     3    0.018457    0.079602    0.059605    3.185499 v _1175_/Y (sky130_fd_sc_hd__a21oi_4)
                                                         _0504_ (net)
                      0.079610    0.000731    3.186230 v _1180_/B1 (sky130_fd_sc_hd__o221ai_4)
     4    0.022908    0.265980    0.253813    3.440043 ^ _1180_/Y (sky130_fd_sc_hd__o221ai_4)
                                                         _0509_ (net)
                      0.265980    0.000512    3.440555 ^ _1183_/B1 (sky130_fd_sc_hd__o21ai_2)
     2    0.005767    0.072683    0.099313    3.539868 v _1183_/Y (sky130_fd_sc_hd__o21ai_2)
                                                         _0512_ (net)
                      0.072683    0.000095    3.539963 v _1235_/A1 (sky130_fd_sc_hd__o21a_1)
     2    0.006168    0.050373    0.206659    3.746622 v _1235_/X (sky130_fd_sc_hd__o21a_1)
                                                         _0563_ (net)
                      0.050373    0.000217    3.746839 v _1237_/A3 (sky130_fd_sc_hd__o311a_1)
     1    0.002807    0.051299    0.282312    4.029150 v _1237_/X (sky130_fd_sc_hd__o311a_1)
                                                         _0565_ (net)
                      0.051299    0.000062    4.029212 v _1238_/B1 (sky130_fd_sc_hd__a21o_1)
     1    0.002423    0.031286    0.147255    4.176467 v _1238_/X (sky130_fd_sc_hd__a21o_1)
                                                         _0052_ (net)
                      0.031286    0.000055    4.176522 v _1426_/D (sky130_fd_sc_hd__dfxtp_2)
                                              4.176522   data arrival time

                                  6.000000    6.000000   clock clk (rise edge)
                                  0.000000    6.000000   clock source latency
     1    0.017029    0.082485    0.056720    6.056720 ^ clk (in)
                                                         clk (net)
                      0.082499    0.000000    6.056720 ^ clkbuf_0_clk/A (sky130_fd_sc_hd__clkbuf_16)
     8    0.077998    0.095262    0.182396    6.239116 ^ clkbuf_0_clk/X (sky130_fd_sc_hd__clkbuf_16)
                                                         clknet_0_clk (net)
                      0.095429    0.002703    6.241819 ^ clkbuf_3_3__f_clk/A (sky130_fd_sc_hd__clkbuf_16)
    11    0.032324    0.053048    0.154524    6.396344 ^ clkbuf_3_3__f_clk/X (sky130_fd_sc_hd__clkbuf_16)
                                                         clknet_3_3__leaf_clk (net)
                      0.053051    0.000747    6.397091 ^ _1426_/CLK (sky130_fd_sc_hd__dfxtp_2)
                                 -0.250000    6.147091   clock uncertainty
                                  0.000000    6.147091   clock reconvergence pessimism
                                 -0.105020    6.042071   library setup time
                                              6.042071   data required time
---------------------------------------------------------------------------------------------
                                              6.042071   data required time
                                             -4.176522   data arrival time
---------------------------------------------------------------------------------------------
                                              1.865549   slack (MET)




===========================================================================
report_checks --slack_max -0.01
============================================================================
======================= nom_tt_025C_1v80 Corner ===================================

No paths found.


===========================================================================
 report_check_types -max_slew -max_cap -max_fanout -violators
============================================================================
======================= nom_tt_025C_1v80 Corner ===================================

max fanout

Pin                                   Limit Fanout  Slack
---------------------------------------------------------
clkbuf_3_2__f_clk/X                      10     11        (VIOLATED)
clkbuf_3_3__f_clk/X                      10     11        (VIOLATED)
clkbuf_3_7__f_clk/X                      10     11        (VIOLATED)



===========================================================================
report_parasitic_annotation -report_unannotated
============================================================================
Found 7 unannotated drivers.
 clkload0/X
 clkload1/Y
 clkload2/X
 clkload3/Y
 clkload4/Y
 clkload5/Y
 clkload6/X
Found 0 partially unannotated drivers.

===========================================================================
max slew violation count 0
Writing metric design__max_slew_violation__count__corner:nom_tt_025C_1v80: 0
max fanout violation count 3
Writing metric design__max_fanout_violation__count__corner:nom_tt_025C_1v80: 3
max cap violation count 0
Writing metric design__max_cap_violation__count__corner:nom_tt_025C_1v80: 0
============================================================================

===========================================================================
check_setup -verbose -unconstrained_endpoints -multiple_clock -no_clock -no_input_delay -loops -generated_clocks
===========================================================================
