Clock: clk
Sources: clk 
Generated: no
Virtual: yes
Propagated: no
Period: 6.000000

===========================================================================
report_clock_properties
============================================================================
Clock                   Period          Waveform
----------------------------------------------------
clk                   6.000000    0.000000  3.000000

===========================================================================
report_clock_latency
============================================================================
Clock clk
rise -> rise
    min     max
0.000000 0.000000 source latency
0.392282         network latency _1423_/CLK
        0.400911 network latency _1376_/CLK
---------------
0.392282 0.400911 latency
        0.008629 skew

fall -> fall
    min     max
0.000000 0.000000 source latency
0.359956         network latency _1423_/CLK
        0.367851 network latency _1376_/CLK
---------------
0.359956 0.367851 latency
        0.007895 skew



===========================================================================
report_clock_min_period
============================================================================
clk period_min = 3.64 fmax = 274.60
