
 /----------------------------------------------------------------------------\
 |  yosys -- Yosys Open SYnthesis Suite                                       |
 |  Copyright (C) 2012 - 2024  Claire Xenia Wolf <claire@yosyshq.com>         |
 |  Distributed under an ISC-like license, type "license" to see terms        |
 \----------------------------------------------------------------------------/
 Yosys 0.46 (git sha1 e97731b9dda91fa5fa53ed87df7c34163ba59a41, clang++ 17.0.6 -fPIC -O3)
Loaded SDC plugin

1. Executing Liberty frontend: /home/anils_0611/.volare/volare/sky130/versions/0fe599b2afb6708d281543108caf8310912f54af/sky130A/libs.ref/sky130_fd_sc_hd/lib/sky130_fd_sc_hd__tt_025C_1v80.lib
Imported 428 cell types from liberty file.
[INFO] Using SDC file '/home/anils_0611/vlsi_projects/pe_asic/pnr/config/runs/PE_run1/06-yosys-synthesis/synthesis.abc.sdc' for ABC…

2. Executing Verilog-2005 frontend: /home/anils_0611/vlsi_projects/pe_asic/pnr/config/PE.sv
Parsing SystemVerilog input from `/home/anils_0611/vlsi_projects/pe_asic/pnr/config/PE.sv' to AST representation.
Storing AST representation for module `$abstract\PE'.
Successfully finished Verilog frontend.

3. Executing HIERARCHY pass (managing design hierarchy).

4. Executing AST frontend in derive mode using pre-parsed AST for module `\PE'.
Generating RTLIL representation for module `\PE'.

4.1. Analyzing design hierarchy..
Top module:  \PE

4.2. Analyzing design hierarchy..
Top module:  \PE
Removing unused module `$abstract\PE'.
Removed 1 unused modules.
Renaming module PE to PE.

5. Generating Graphviz representation of design.
Writing dot description to `/home/anils_0611/vlsi_projects/pe_asic/pnr/config/runs/PE_run1/06-yosys-synthesis/hierarchy.dot'.
Dumping module PE to page 1.

6. Executing TRIBUF pass.

7. Executing HIERARCHY pass (managing design hierarchy).

7.1. Analyzing design hierarchy..
Top module:  \PE

7.2. Analyzing design hierarchy..
Top module:  \PE
Removed 0 unused modules.

8. Executing PROC_CLEAN pass (remove empty switches from decision trees).
Cleaned up 0 empty switches.

9. Executing PROC_RMDEAD pass (remove dead branches from decision trees).
Marked 1 switch rules as full_case in process $proc$/home/anils_0611/vlsi_projects/pe_asic/pnr/config/PE.sv:40$6 in module PE.
Marked 1 switch rules as full_case in process $proc$/home/anils_0611/vlsi_projects/pe_asic/pnr/config/PE.sv:20$1 in module PE.
Removed a total of 0 dead cases.

10. Executing PROC_PRUNE pass (remove redundant assignments in processes).
Removed 5 redundant assignments.
Promoted 0 assignments to connections.

11. Executing PROC_INIT pass (extract init attributes).

12. Executing PROC_ARST pass (detect async resets in processes).

13. Executing PROC_ROM pass (convert switches to ROMs).
Converted 0 switches.
<suppressed ~4 debug messages>

14. Executing PROC_MUX pass (convert decision trees to multiplexers).
Creating decoders for process `\PE.$proc$/home/anils_0611/vlsi_projects/pe_asic/pnr/config/PE.sv:40$6'.
     1/1: $0\psum[31:0]
Creating decoders for process `\PE.$proc$/home/anils_0611/vlsi_projects/pe_asic/pnr/config/PE.sv:20$1'.
     1/6: $0\v_pipe[0:0]
     2/6: $0\v_b_out[0:0]
     3/6: $0\v_a_out[0:0]
     4/6: $0\b_out[7:0]
     5/6: $0\a_out[7:0]
     6/6: $0\product_reg[31:0]

15. Executing PROC_DLATCH pass (convert process syncs to latches).

16. Executing PROC_DFF pass (convert process syncs to FFs).
Creating register for signal `\PE.\psum' using process `\PE.$proc$/home/anils_0611/vlsi_projects/pe_asic/pnr/config/PE.sv:40$6'.
  created $dff cell `$procdff$34' with positive edge clock.
Creating register for signal `\PE.\v_a_out' using process `\PE.$proc$/home/anils_0611/vlsi_projects/pe_asic/pnr/config/PE.sv:20$1'.
  created $dff cell `$procdff$35' with positive edge clock.
Creating register for signal `\PE.\v_b_out' using process `\PE.$proc$/home/anils_0611/vlsi_projects/pe_asic/pnr/config/PE.sv:20$1'.
  created $dff cell `$procdff$36' with positive edge clock.
Creating register for signal `\PE.\a_out' using process `\PE.$proc$/home/anils_0611/vlsi_projects/pe_asic/pnr/config/PE.sv:20$1'.
  created $dff cell `$procdff$37' with positive edge clock.
Creating register for signal `\PE.\b_out' using process `\PE.$proc$/home/anils_0611/vlsi_projects/pe_asic/pnr/config/PE.sv:20$1'.
  created $dff cell `$procdff$38' with positive edge clock.
Creating register for signal `\PE.\product_reg' using process `\PE.$proc$/home/anils_0611/vlsi_projects/pe_asic/pnr/config/PE.sv:20$1'.
  created $dff cell `$procdff$39' with positive edge clock.
Creating register for signal `\PE.\v_pipe' using process `\PE.$proc$/home/anils_0611/vlsi_projects/pe_asic/pnr/config/PE.sv:20$1'.
  created $dff cell `$procdff$40' with positive edge clock.

17. Executing PROC_MEMWR pass (convert process memory writes to cells).

18. Executing PROC_CLEAN pass (remove empty switches from decision trees).
Found and cleaned up 2 empty switches in `\PE.$proc$/home/anils_0611/vlsi_projects/pe_asic/pnr/config/PE.sv:40$6'.
Removing empty process `PE.$proc$/home/anils_0611/vlsi_projects/pe_asic/pnr/config/PE.sv:40$6'.
Found and cleaned up 2 empty switches in `\PE.$proc$/home/anils_0611/vlsi_projects/pe_asic/pnr/config/PE.sv:20$1'.
Removing empty process `PE.$proc$/home/anils_0611/vlsi_projects/pe_asic/pnr/config/PE.sv:20$1'.
Cleaned up 4 empty switches.

19. Executing CHECK pass (checking for obvious problems).
Checking module PE...
Found and reported 0 problems.

20. Executing OPT_EXPR pass (perform const folding).
Optimizing module PE.

21. Executing FLATTEN pass (flatten design).

22. Executing OPT_EXPR pass (perform const folding).
Optimizing module PE.

23. Executing OPT_CLEAN pass (remove unused cells and wires).
Finding unused cells or wires in module \PE..
Removed 0 unused cells and 16 unused wires.
<suppressed ~1 debug messages>

24. Executing OPT_EXPR pass (perform const folding).
Optimizing module PE.

25. Executing OPT_MERGE pass (detect identical cells).
Finding identical cells in module `\PE'.
<suppressed ~6 debug messages>
Removed a total of 2 cells.

26. Executing OPT_MUXTREE pass (detect dead branches in mux trees).
Running muxtree optimizer on module \PE..
  Creating internal representation of mux trees.
  Evaluating internal representation of mux trees.
  Analyzing evaluation results.
Removed 0 multiplexer ports.
<suppressed ~7 debug messages>

27. Executing OPT_REDUCE pass (consolidate $*mux and $reduce_* inputs).
  Optimizing cells in module \PE.
Performed a total of 0 changes.

28. Executing OPT_MERGE pass (detect identical cells).
Finding identical cells in module `\PE'.
Removed a total of 0 cells.

29. Executing OPT_DFF pass (perform DFF optimizations).

30. Executing OPT_CLEAN pass (remove unused cells and wires).
Finding unused cells or wires in module \PE..
Removed 0 unused cells and 2 unused wires.
<suppressed ~1 debug messages>

31. Executing OPT_EXPR pass (perform const folding).
Optimizing module PE.

32. Rerunning OPT passes. (Maybe there is more to do…)

33. Executing OPT_MUXTREE pass (detect dead branches in mux trees).
Running muxtree optimizer on module \PE..
  Creating internal representation of mux trees.
  Evaluating internal representation of mux trees.
  Analyzing evaluation results.
Removed 0 multiplexer ports.
<suppressed ~7 debug messages>

34. Executing OPT_REDUCE pass (consolidate $*mux and $reduce_* inputs).
  Optimizing cells in module \PE.
Performed a total of 0 changes.

35. Executing OPT_MERGE pass (detect identical cells).
Finding identical cells in module `\PE'.
Removed a total of 0 cells.

36. Executing OPT_DFF pass (perform DFF optimizations).

37. Executing OPT_CLEAN pass (remove unused cells and wires).
Finding unused cells or wires in module \PE..

38. Executing OPT_EXPR pass (perform const folding).
Optimizing module PE.

39. Executing FSM pass (extract and optimize FSM).

39.1. Executing FSM_DETECT pass (finding FSMs in design).

39.2. Executing FSM_EXTRACT pass (extracting FSM from design).

39.3. Executing FSM_OPT pass (simple optimizations of FSMs).

39.4. Executing OPT_CLEAN pass (remove unused cells and wires).
Finding unused cells or wires in module \PE..

39.5. Executing FSM_OPT pass (simple optimizations of FSMs).

39.6. Executing FSM_RECODE pass (re-assigning FSM state encoding).

39.7. Executing FSM_INFO pass (dumping all available information on FSM cells).

39.8. Executing FSM_MAP pass (mapping FSMs to basic logic).

40. Executing OPT_EXPR pass (perform const folding).
Optimizing module PE.

41. Executing OPT_MERGE pass (detect identical cells).
Finding identical cells in module `\PE'.
Removed a total of 0 cells.

42. Executing OPT_MUXTREE pass (detect dead branches in mux trees).
Running muxtree optimizer on module \PE..
  Creating internal representation of mux trees.
  Evaluating internal representation of mux trees.
  Analyzing evaluation results.
Removed 0 multiplexer ports.
<suppressed ~7 debug messages>

43. Executing OPT_REDUCE pass (consolidate $*mux and $reduce_* inputs).
  Optimizing cells in module \PE.
Performed a total of 0 changes.

44. Executing OPT_MERGE pass (detect identical cells).
Finding identical cells in module `\PE'.
Removed a total of 0 cells.

45. Executing OPT_DFF pass (perform DFF optimizations).
Adding SRST signal on $procdff$40 ($dff) from module PE (D = $logic_and$/home/anils_0611/vlsi_projects/pe_asic/pnr/config/PE.sv:34$3_Y, Q = \v_pipe, rval = 1'0).
Adding SRST signal on $procdff$39 ($dff) from module PE (D = $procmux$29_Y, Q = \product_reg, rval = 0).
Adding EN signal on $auto$ff.cc:266:slice$42 ($sdff) from module PE (D = $mul$/home/anils_0611/vlsi_projects/pe_asic/pnr/config/PE.sv:36$5_Y, Q = \product_reg).
Adding SRST signal on $procdff$38 ($dff) from module PE (D = \b_in, Q = \b_out, rval = 8'00000000).
Adding SRST signal on $procdff$37 ($dff) from module PE (D = \a_in, Q = \a_out, rval = 8'00000000).
Adding SRST signal on $procdff$36 ($dff) from module PE (D = \v_b_in, Q = \v_b_out, rval = 1'0).
Adding SRST signal on $procdff$35 ($dff) from module PE (D = \v_a_in, Q = \v_a_out, rval = 1'0).
Adding SRST signal on $procdff$34 ($dff) from module PE (D = $procmux$9_Y, Q = \psum, rval = 0).
Adding EN signal on $auto$ff.cc:266:slice$48 ($sdff) from module PE (D = $add$/home/anils_0611/vlsi_projects/pe_asic/pnr/config/PE.sv:44$8_Y, Q = \psum).

46. Executing OPT_CLEAN pass (remove unused cells and wires).
Finding unused cells or wires in module \PE..
Removed 9 unused cells and 9 unused wires.
<suppressed ~10 debug messages>

47. Executing OPT_EXPR pass (perform const folding).
Optimizing module PE.

48. Rerunning OPT passes. (Maybe there is more to do…)

49. Executing OPT_MUXTREE pass (detect dead branches in mux trees).
Running muxtree optimizer on module \PE..
  Creating internal representation of mux trees.
  No muxes found in this module.
Removed 0 multiplexer ports.

50. Executing OPT_REDUCE pass (consolidate $*mux and $reduce_* inputs).
  Optimizing cells in module \PE.
Performed a total of 0 changes.

51. Executing OPT_MERGE pass (detect identical cells).
Finding identical cells in module `\PE'.
Removed a total of 0 cells.

52. Executing OPT_DFF pass (perform DFF optimizations).

53. Executing OPT_CLEAN pass (remove unused cells and wires).
Finding unused cells or wires in module \PE..

54. Executing OPT_EXPR pass (perform const folding).
Optimizing module PE.

55. Executing WREDUCE pass (reducing word size of cells).
Removed top 16 bits (of 32) from port Y of cell PE.$mul$/home/anils_0611/vlsi_projects/pe_asic/pnr/config/PE.sv:36$5 ($mul).
Removed top 16 bits (of 32) from FF cell PE.$auto$ff.cc:266:slice$43 ($sdffe).
Removed top 16 bits (of 32) from port B of cell PE.$add$/home/anils_0611/vlsi_projects/pe_asic/pnr/config/PE.sv:44$8 ($add).
Removed top 16 bits (of 32) from wire PE.$mul$/home/anils_0611/vlsi_projects/pe_asic/pnr/config/PE.sv:36$5_Y.
Removed top 16 bits (of 32) from wire PE.product_reg.

56. Executing PEEPOPT pass (run peephole optimizers).

57. Executing OPT_CLEAN pass (remove unused cells and wires).
Finding unused cells or wires in module \PE..
Removed 0 unused cells and 2 unused wires.
<suppressed ~1 debug messages>

58. Executing ALUMACC pass (create $alu and $macc cells).
Extracting $alu and $macc cells in module PE:
  creating $macc model for $add$/home/anils_0611/vlsi_projects/pe_asic/pnr/config/PE.sv:44$8 ($add).
  creating $macc model for $mul$/home/anils_0611/vlsi_projects/pe_asic/pnr/config/PE.sv:36$5 ($mul).
  creating $alu model for $macc $add$/home/anils_0611/vlsi_projects/pe_asic/pnr/config/PE.sv:44$8.
  creating $macc cell for $mul$/home/anils_0611/vlsi_projects/pe_asic/pnr/config/PE.sv:36$5: $auto$alumacc.cc:365:replace_macc$52
  creating $alu cell for $add$/home/anils_0611/vlsi_projects/pe_asic/pnr/config/PE.sv:44$8: $auto$alumacc.cc:485:replace_alu$53
  created 1 $alu and 1 $macc cells.

59. Executing SHARE pass (SAT-based resource sharing).

60. Executing OPT_EXPR pass (perform const folding).
Optimizing module PE.

61. Executing OPT_MERGE pass (detect identical cells).
Finding identical cells in module `\PE'.
Removed a total of 0 cells.

62. Executing OPT_MUXTREE pass (detect dead branches in mux trees).
Running muxtree optimizer on module \PE..
  Creating internal representation of mux trees.
  No muxes found in this module.
Removed 0 multiplexer ports.

63. Executing OPT_REDUCE pass (consolidate $*mux and $reduce_* inputs).
  Optimizing cells in module \PE.
Performed a total of 0 changes.

64. Executing OPT_MERGE pass (detect identical cells).
Finding identical cells in module `\PE'.
Removed a total of 0 cells.

65. Executing OPT_DFF pass (perform DFF optimizations).

66. Executing OPT_CLEAN pass (remove unused cells and wires).
Finding unused cells or wires in module \PE..

67. Executing OPT_EXPR pass (perform const folding).
Optimizing module PE.

68. Executing MEMORY pass.

68.1. Executing OPT_MEM pass (optimize memories).
Performed a total of 0 transformations.

68.2. Executing OPT_MEM_PRIORITY pass (removing unnecessary memory write priority relations).
Performed a total of 0 transformations.

68.3. Executing OPT_MEM_FEEDBACK pass (finding memory read-to-write feedback paths).

68.4. Executing MEMORY_BMUX2ROM pass (converting muxes to ROMs).

68.5. Executing MEMORY_DFF pass (merging $dff cells to $memrd).

68.6. Executing OPT_CLEAN pass (remove unused cells and wires).
Finding unused cells or wires in module \PE..

68.7. Executing MEMORY_SHARE pass (consolidating $memrd/$memwr cells).

68.8. Executing OPT_MEM_WIDEN pass (optimize memories where all ports are wide).
Performed a total of 0 transformations.

68.9. Executing OPT_CLEAN pass (remove unused cells and wires).
Finding unused cells or wires in module \PE..

68.10. Executing MEMORY_COLLECT pass (generating $mem cells).

69. Executing OPT_CLEAN pass (remove unused cells and wires).
Finding unused cells or wires in module \PE..

70. Executing OPT_EXPR pass (perform const folding).
Optimizing module PE.

71. Executing OPT_MERGE pass (detect identical cells).
Finding identical cells in module `\PE'.
Removed a total of 0 cells.

72. Executing OPT_DFF pass (perform DFF optimizations).

73. Executing OPT_CLEAN pass (remove unused cells and wires).
Finding unused cells or wires in module \PE..

74. Executing MEMORY_MAP pass (converting memories to logic and flip-flops).

75. Executing OPT_EXPR pass (perform const folding).
Optimizing module PE.

76. Executing OPT_MERGE pass (detect identical cells).
Finding identical cells in module `\PE'.
Removed a total of 0 cells.

77. Executing OPT_MUXTREE pass (detect dead branches in mux trees).
Running muxtree optimizer on module \PE..
  Creating internal representation of mux trees.
  No muxes found in this module.
Removed 0 multiplexer ports.

78. Executing OPT_REDUCE pass (consolidate $*mux and $reduce_* inputs).
  Optimizing cells in module \PE.
Performed a total of 0 changes.

79. Executing OPT_MERGE pass (detect identical cells).
Finding identical cells in module `\PE'.
Removed a total of 0 cells.

80. Executing OPT_SHARE pass.

81. Executing OPT_DFF pass (perform DFF optimizations).

82. Executing OPT_CLEAN pass (remove unused cells and wires).
Finding unused cells or wires in module \PE..

83. Executing OPT_EXPR pass (perform const folding).
Optimizing module PE.

84. Executing TECHMAP pass (map to technology primitives).

84.1. Executing Verilog-2005 frontend: /nix/store/9r0bh7sp051dpm8km8bqlb028anpd3v3-yosys/bin/../share/yosys/techmap.v
Parsing Verilog input from `/nix/store/9r0bh7sp051dpm8km8bqlb028anpd3v3-yosys/bin/../share/yosys/techmap.v' to AST representation.
Generating RTLIL representation for module `\_90_simplemap_bool_ops'.
Generating RTLIL representation for module `\_90_simplemap_reduce_ops'.
Generating RTLIL representation for module `\_90_simplemap_logic_ops'.
Generating RTLIL representation for module `\_90_simplemap_compare_ops'.
Generating RTLIL representation for module `\_90_simplemap_various'.
Generating RTLIL representation for module `\_90_simplemap_registers'.
Generating RTLIL representation for module `\_90_shift_ops_shr_shl_sshl_sshr'.
Generating RTLIL representation for module `\_90_shift_shiftx'.
Generating RTLIL representation for module `\_90_fa'.
Generating RTLIL representation for module `\_90_lcu_brent_kung'.
Generating RTLIL representation for module `\_90_alu'.
Generating RTLIL representation for module `\_90_macc'.
Generating RTLIL representation for module `\_90_alumacc'.
Generating RTLIL representation for module `\$__div_mod_u'.
Generating RTLIL representation for module `\$__div_mod_trunc'.
Generating RTLIL representation for module `\_90_div'.
Generating RTLIL representation for module `\_90_mod'.
Generating RTLIL representation for module `\$__div_mod_floor'.
Generating RTLIL representation for module `\_90_divfloor'.
Generating RTLIL representation for module `\_90_modfloor'.
Generating RTLIL representation for module `\_90_pow'.
Generating RTLIL representation for module `\_90_pmux'.
Generating RTLIL representation for module `\_90_demux'.
Generating RTLIL representation for module `\_90_lut'.
Successfully finished Verilog frontend.

84.2. Continuing TECHMAP pass.
Using extmapper maccmap for cells of type $macc.
  add \a_in * \b_in (8x8 bits, unsigned)
Using extmapper simplemap for cells of type $logic_or.
Using extmapper simplemap for cells of type $logic_and.
Using extmapper simplemap for cells of type $sdff.
Using template $paramod$2bd81f420048247ff6903399c560fe0f8bd48ccc\_90_alu for cells of type $alu.
Using extmapper simplemap for cells of type $sdffe.
Using extmapper simplemap for cells of type $and.
Using template $paramod\_90_fa\WIDTH=32'00000000000000000000000000010000 for cells of type $fa.
Using template $paramod$6df0329addda9228fcc2546de2aaf14ad26c98e1\_90_alu for cells of type $alu.
Using extmapper simplemap for cells of type $xor.
Using template $paramod\_90_lcu_brent_kung\WIDTH=32'00000000000000000000000000100000 for cells of type $lcu.
Using extmapper simplemap for cells of type $pos.
Using extmapper simplemap for cells of type $mux.
Using extmapper simplemap for cells of type $not.
Using extmapper simplemap for cells of type $or.
Using template $paramod\_90_lcu_brent_kung\WIDTH=32'00000000000000000000000000010000 for cells of type $lcu.
No more expansions possible.
<suppressed ~659 debug messages>

85. Executing OPT_EXPR pass (perform const folding).
Optimizing module PE.
<suppressed ~497 debug messages>

86. Executing OPT_MERGE pass (detect identical cells).
Finding identical cells in module `\PE'.
Removed a total of 0 cells.

87. Executing OPT_DFF pass (perform DFF optimizations).

88. Executing OPT_CLEAN pass (remove unused cells and wires).
Finding unused cells or wires in module \PE..
Removed 61 unused cells and 185 unused wires.
<suppressed ~62 debug messages>

89. Executing OPT_EXPR pass (perform const folding).
Optimizing module PE.

90. Executing OPT_MERGE pass (detect identical cells).
Finding identical cells in module `\PE'.
Removed a total of 0 cells.

91. Executing OPT_DFF pass (perform DFF optimizations).

92. Executing OPT_CLEAN pass (remove unused cells and wires).
Finding unused cells or wires in module \PE..

93. Executing ABC pass (technology mapping using ABC).

93.1. Extracting gate netlist of module `\PE' to `<abc-temp-dir>/input.blif'..
Extracted 501 gates and 569 wires to a netlist network with 68 inputs and 50 outputs.

93.1.1. Executing ABC.
Running ABC command: "/nix/store/6l3aj1gi4lja8z5s4lan2k2cfz9mqkrz-yosys-abc/bin/abc" -s -f <abc-temp-dir>/abc.script 2>&1
ABC: ABC command line: "source <abc-temp-dir>/abc.script".
ABC: 
ABC: + read_blif <abc-temp-dir>/input.blif 
ABC: + read_library <abc-temp-dir>/stdcells.genlib 
ABC: Entered genlib library with 13 gates from file "<abc-temp-dir>/stdcells.genlib".
ABC: + strash 
ABC: + dretime 
ABC: + map 
ABC: + write_blif <abc-temp-dir>/output.blif 

93.1.2. Re-integrating ABC results.
ABC RESULTS:               NOT cells:        6
ABC RESULTS:             ORNOT cells:       11
ABC RESULTS:               NOR cells:       41
ABC RESULTS:                OR cells:       56
ABC RESULTS:              NAND cells:       40
ABC RESULTS:            ANDNOT cells:      124
ABC RESULTS:               AND cells:       71
ABC RESULTS:               XOR cells:      117
ABC RESULTS:              XNOR cells:       41
ABC RESULTS:        internal signals:      451
ABC RESULTS:           input signals:       68
ABC RESULTS:          output signals:       50
Removing temp directory.

94. Executing OPT pass (performing simple optimizations).

94.1. Executing OPT_EXPR pass (perform const folding).
Optimizing module PE.

94.2. Executing OPT_MERGE pass (detect identical cells).
Finding identical cells in module `\PE'.
Removed a total of 0 cells.

94.3. Executing OPT_DFF pass (perform DFF optimizations).

94.4. Executing OPT_CLEAN pass (remove unused cells and wires).
Finding unused cells or wires in module \PE..
Removed 0 unused cells and 238 unused wires.
<suppressed ~1 debug messages>

94.5. Finished fast OPT passes.

95. Executing HIERARCHY pass (managing design hierarchy).

95.1. Analyzing design hierarchy..
Top module:  \PE

95.2. Analyzing design hierarchy..
Top module:  \PE
Removed 0 unused modules.

96. Executing CHECK pass (checking for obvious problems).
Checking module PE...
Found and reported 0 problems.

97. Printing statistics.

=== PE ===

   Number of wires:                482
   Number of wire bits:            723
   Number of public wires:          14
   Number of public wire bits:      88
   Number of ports:                 12
   Number of port bits:             71
   Number of memories:               0
   Number of memory bits:            0
   Number of processes:              0
   Number of cells:                574
     $_ANDNOT_                     124
     $_AND_                         71
     $_NAND_                        40
     $_NOR_                         41
     $_NOT_                          6
     $_ORNOT_                       11
     $_OR_                          56
     $_SDFFE_PP0P_                  48
     $_SDFF_PP0_                    19
     $_XNOR_                        41
     $_XOR_                        117

98. Generating Graphviz representation of design.
Writing dot description to `/home/anils_0611/vlsi_projects/pe_asic/pnr/config/runs/PE_run1/06-yosys-synthesis/primitive_techmap.dot'.
Dumping module PE to page 1.

99. Executing OPT pass (performing simple optimizations).

99.1. Executing OPT_EXPR pass (perform const folding).
Optimizing module PE.

99.2. Executing OPT_MERGE pass (detect identical cells).
Finding identical cells in module `\PE'.
Removed a total of 0 cells.

99.3. Executing OPT_MUXTREE pass (detect dead branches in mux trees).
Running muxtree optimizer on module \PE..
  Creating internal representation of mux trees.
  No muxes found in this module.
Removed 0 multiplexer ports.

99.4. Executing OPT_REDUCE pass (consolidate $*mux and $reduce_* inputs).
  Optimizing cells in module \PE.
Performed a total of 0 changes.

99.5. Executing OPT_MERGE pass (detect identical cells).
Finding identical cells in module `\PE'.
Removed a total of 0 cells.

99.6. Executing OPT_DFF pass (perform DFF optimizations).

99.7. Executing OPT_CLEAN pass (remove unused cells and wires).
Finding unused cells or wires in module \PE..

99.8. Executing OPT_EXPR pass (perform const folding).
Optimizing module PE.

99.9. Finished OPT passes. (There is nothing left to do.)

100. Executing OPT_CLEAN pass (remove unused cells and wires).
Finding unused cells or wires in module \PE..
{
   "creator": "Yosys 0.46 (git sha1 e97731b9dda91fa5fa53ed87df7c34163ba59a41, clang++ 17.0.6 -fPIC -O3)",
   "invocation": "stat -json -liberty /home/anils_0611/vlsi_projects/pe_asic/pnr/config/runs/PE_run1/tmp/7c6b0fcfbb3d4028b16df77334415f12.lib ",
   "modules": {
      "\\PE": {
         "num_wires":         482,
         "num_wire_bits":     723,
         "num_pub_wires":     14,
         "num_pub_wire_bits": 88,
         "num_ports":         12,
         "num_port_bits":     71,
         "num_memories":      0,
         "num_memory_bits":   0,
         "num_processes":     0,
         "num_cells":         574,
         "num_cells_by_type": {
            "$_ANDNOT_": 124,
            "$_AND_": 71,
            "$_NAND_": 40,
            "$_NOR_": 41,
            "$_NOT_": 6,
            "$_ORNOT_": 11,
            "$_OR_": 56,
            "$_SDFFE_PP0P_": 48,
            "$_SDFF_PP0_": 19,
            "$_XNOR_": 41,
            "$_XOR_": 117
         }
      }
   },
      "design": {
         "num_wires":         482,
         "num_wire_bits":     723,
         "num_pub_wires":     14,
         "num_pub_wire_bits": 88,
         "num_ports":         12,
         "num_port_bits":     71,
         "num_memories":      0,
         "num_memory_bits":   0,
         "num_processes":     0,
         "num_cells":         574,
         "num_cells_by_type": {
            "$_ANDNOT_": 124,
            "$_AND_": 71,
            "$_NAND_": 40,
            "$_NOR_": 41,
            "$_NOT_": 6,
            "$_ORNOT_": 11,
            "$_OR_": 56,
            "$_SDFFE_PP0P_": 48,
            "$_SDFF_PP0_": 19,
            "$_XNOR_": 41,
            "$_XOR_": 117
         }
      }
}

101. Printing statistics.

=== PE ===

   Number of wires:                482
   Number of wire bits:            723
   Number of public wires:          14
   Number of public wire bits:      88
   Number of ports:                 12
   Number of port bits:             71
   Number of memories:               0
   Number of memory bits:            0
   Number of processes:              0
   Number of cells:                574
     $_ANDNOT_                     124
     $_AND_                         71
     $_NAND_                        40
     $_NOR_                         41
     $_NOT_                          6
     $_ORNOT_                       11
     $_OR_                          56
     $_SDFFE_PP0P_                  48
     $_SDFF_PP0_                    19
     $_XNOR_                        41
     $_XOR_                        117

   Area for cell type $_NOT_ is unknown!
   Area for cell type $_AND_ is unknown!
   Area for cell type $_NAND_ is unknown!
   Area for cell type $_OR_ is unknown!
   Area for cell type $_NOR_ is unknown!
   Area for cell type $_XOR_ is unknown!
   Area for cell type $_XNOR_ is unknown!
   Area for cell type $_ANDNOT_ is unknown!
   Area for cell type $_ORNOT_ is unknown!
   Area for cell type $_SDFF_PP0_ is unknown!
   Area for cell type $_SDFFE_PP0P_ is unknown!

[INFO] Applying tri-state buffer mapping from '/home/anils_0611/.volare/volare/sky130/versions/0fe599b2afb6708d281543108caf8310912f54af/sky130A/libs.tech/openlane/sky130_fd_sc_hd/tribuff_map.v'…

102. Executing TECHMAP pass (map to technology primitives).

102.1. Executing Verilog-2005 frontend: /home/anils_0611/.volare/volare/sky130/versions/0fe599b2afb6708d281543108caf8310912f54af/sky130A/libs.tech/openlane/sky130_fd_sc_hd/tribuff_map.v
Parsing Verilog input from `/home/anils_0611/.volare/volare/sky130/versions/0fe599b2afb6708d281543108caf8310912f54af/sky130A/libs.tech/openlane/sky130_fd_sc_hd/tribuff_map.v' to AST representation.
Generating RTLIL representation for module `\$_TBUF_'.
Successfully finished Verilog frontend.

102.2. Continuing TECHMAP pass.
No more expansions possible.
<suppressed ~3 debug messages>

103. Executing SIMPLEMAP pass (map simple cells to gate primitives).
[INFO] Applying latch mapping from '/home/anils_0611/.volare/volare/sky130/versions/0fe599b2afb6708d281543108caf8310912f54af/sky130A/libs.tech/openlane/sky130_fd_sc_hd/latch_map.v'…

104. Executing TECHMAP pass (map to technology primitives).

104.1. Executing Verilog-2005 frontend: /home/anils_0611/.volare/volare/sky130/versions/0fe599b2afb6708d281543108caf8310912f54af/sky130A/libs.tech/openlane/sky130_fd_sc_hd/latch_map.v
Parsing Verilog input from `/home/anils_0611/.volare/volare/sky130/versions/0fe599b2afb6708d281543108caf8310912f54af/sky130A/libs.tech/openlane/sky130_fd_sc_hd/latch_map.v' to AST representation.
Generating RTLIL representation for module `\$_DLATCH_P_'.
Generating RTLIL representation for module `\$_DLATCH_N_'.
Successfully finished Verilog frontend.

104.2. Continuing TECHMAP pass.
No more expansions possible.
<suppressed ~4 debug messages>

105. Executing SIMPLEMAP pass (map simple cells to gate primitives).

106. Executing DFFLIBMAP pass (mapping DFF cells to sequential cells from liberty file).
  cell sky130_fd_sc_hd__dfxtp_2 (noninv, pins=3, area=21.27) is a direct match for cell type $_DFF_P_.
  cell sky130_fd_sc_hd__dfrtp_2 (noninv, pins=4, area=26.28) is a direct match for cell type $_DFF_PN0_.
  cell sky130_fd_sc_hd__dfstp_2 (noninv, pins=4, area=26.28) is a direct match for cell type $_DFF_PN1_.
  cell sky130_fd_sc_hd__dfbbn_2 (noninv, pins=6, area=35.03) is a direct match for cell type $_DFFSR_NNN_.
  final dff cell mappings:
    unmapped dff cell: $_DFF_N_
    \sky130_fd_sc_hd__dfxtp_2 _DFF_P_ (.CLK( C), .D( D), .Q( Q));
    unmapped dff cell: $_DFF_NN0_
    unmapped dff cell: $_DFF_NN1_
    unmapped dff cell: $_DFF_NP0_
    unmapped dff cell: $_DFF_NP1_
    \sky130_fd_sc_hd__dfrtp_2 _DFF_PN0_ (.CLK( C), .D( D), .Q( Q), .RESET_B( R));
    \sky130_fd_sc_hd__dfstp_2 _DFF_PN1_ (.CLK( C), .D( D), .Q( Q), .SET_B( R));
    unmapped dff cell: $_DFF_PP0_
    unmapped dff cell: $_DFF_PP1_
    \sky130_fd_sc_hd__dfbbn_2 _DFFSR_NNN_ (.CLK_N( C), .D( D), .Q( Q), .Q_N(~Q), .RESET_B( R), .SET_B( S));
    unmapped dff cell: $_DFFSR_NNP_
    unmapped dff cell: $_DFFSR_NPN_
    unmapped dff cell: $_DFFSR_NPP_
    unmapped dff cell: $_DFFSR_PNN_
    unmapped dff cell: $_DFFSR_PNP_
    unmapped dff cell: $_DFFSR_PPN_
    unmapped dff cell: $_DFFSR_PPP_

106.1. Executing DFFLEGALIZE pass (convert FFs to types supported by the target).
Mapping DFF cells in module `\PE':
  mapped 67 $_DFF_P_ cells to \sky130_fd_sc_hd__dfxtp_2 cells.
{
   "creator": "Yosys 0.46 (git sha1 e97731b9dda91fa5fa53ed87df7c34163ba59a41, clang++ 17.0.6 -fPIC -O3)",
   "invocation": "stat -json -liberty /home/anils_0611/vlsi_projects/pe_asic/pnr/config/runs/PE_run1/tmp/7c6b0fcfbb3d4028b16df77334415f12.lib ",
   "modules": {
      "\\PE": {
         "num_wires":         597,
         "num_wire_bits":     838,
         "num_pub_wires":     14,
         "num_pub_wire_bits": 88,
         "num_ports":         12,
         "num_port_bits":     71,
         "num_memories":      0,
         "num_memory_bits":   0,
         "num_processes":     0,
         "num_cells":         689,
         "area":              1425.116800,
         "num_cells_by_type": {
            "$_ANDNOT_": 124,
            "$_AND_": 71,
            "$_MUX_": 115,
            "$_NAND_": 40,
            "$_NOR_": 41,
            "$_NOT_": 6,
            "$_ORNOT_": 11,
            "$_OR_": 56,
            "$_XNOR_": 41,
            "$_XOR_": 117,
            "sky130_fd_sc_hd__dfxtp_2": 67
         }
      }
   },
      "design": {
         "num_wires":         597,
         "num_wire_bits":     838,
         "num_pub_wires":     14,
         "num_pub_wire_bits": 88,
         "num_ports":         12,
         "num_port_bits":     71,
         "num_memories":      0,
         "num_memory_bits":   0,
         "num_processes":     0,
         "num_cells":         689,
         "area":              1425.116800,
         "num_cells_by_type": {
            "$_ANDNOT_": 124,
            "$_AND_": 71,
            "$_MUX_": 115,
            "$_NAND_": 40,
            "$_NOR_": 41,
            "$_NOT_": 6,
            "$_ORNOT_": 11,
            "$_OR_": 56,
            "$_XNOR_": 41,
            "$_XOR_": 117,
            "sky130_fd_sc_hd__dfxtp_2": 67
         }
      }
}

107. Printing statistics.

=== PE ===

   Number of wires:                597
   Number of wire bits:            838
   Number of public wires:          14
   Number of public wire bits:      88
   Number of ports:                 12
   Number of port bits:             71
   Number of memories:               0
   Number of memory bits:            0
   Number of processes:              0
   Number of cells:                689
     $_ANDNOT_                     124
     $_AND_                         71
     $_MUX_                        115
     $_NAND_                        40
     $_NOR_                         41
     $_NOT_                          6
     $_ORNOT_                       11
     $_OR_                          56
     $_XNOR_                        41
     $_XOR_                        117
     sky130_fd_sc_hd__dfxtp_2       67

   Area for cell type $_NOT_ is unknown!
   Area for cell type $_AND_ is unknown!
   Area for cell type $_NAND_ is unknown!
   Area for cell type $_OR_ is unknown!
   Area for cell type $_NOR_ is unknown!
   Area for cell type $_XOR_ is unknown!
   Area for cell type $_XNOR_ is unknown!
   Area for cell type $_ANDNOT_ is unknown!
   Area for cell type $_ORNOT_ is unknown!
   Area for cell type $_MUX_ is unknown!

   Chip area for module '\PE': 1425.116800
     of which used for sequential elements: 1425.116800 (100.00%)

[INFO] Using generated ABC script '/home/anils_0611/vlsi_projects/pe_asic/pnr/config/runs/PE_run1/06-yosys-synthesis/DELAY_0.abc'…

108. Executing ABC pass (technology mapping using ABC).

108.1. Extracting gate netlist of module `\PE' to `/tmp/yosys-abc-VdkI2L/input.blif'..
Extracted 622 gates and 692 wires to a netlist network with 69 inputs and 67 outputs.

108.1.1. Executing ABC.
Running ABC command: "/nix/store/6l3aj1gi4lja8z5s4lan2k2cfz9mqkrz-yosys-abc/bin/abc" -s -f /tmp/yosys-abc-VdkI2L/abc.script 2>&1
ABC: ABC command line: "source /tmp/yosys-abc-VdkI2L/abc.script".
ABC: 
ABC: + read_blif /tmp/yosys-abc-VdkI2L/input.blif 
ABC: + read_lib -w /home/anils_0611/vlsi_projects/pe_asic/pnr/config/runs/PE_run1/tmp/7c6b0fcfbb3d4028b16df77334415f12.lib 
ABC: Parsing finished successfully.  Parsing time =     0.05 sec
ABC: Scl_LibertyReadGenlib() skipped sequential cell "sky130_fd_sc_hd__dfbbn_2".
ABC: Scl_LibertyReadGenlib() skipped sequential cell "sky130_fd_sc_hd__dfrbp_2".
ABC: Scl_LibertyReadGenlib() skipped sequential cell "sky130_fd_sc_hd__dfrtp_2".
ABC: Scl_LibertyReadGenlib() skipped sequential cell "sky130_fd_sc_hd__dfrtp_4".
ABC: Scl_LibertyReadGenlib() skipped sequential cell "sky130_fd_sc_hd__dfsbp_2".
ABC: Scl_LibertyReadGenlib() skipped sequential cell "sky130_fd_sc_hd__dfstp_2".
ABC: Scl_LibertyReadGenlib() skipped sequential cell "sky130_fd_sc_hd__dfstp_4".
ABC: Scl_LibertyReadGenlib() skipped sequential cell "sky130_fd_sc_hd__dfxbp_2".
ABC: Scl_LibertyReadGenlib() skipped sequential cell "sky130_fd_sc_hd__dfxtp_2".
ABC: Scl_LibertyReadGenlib() skipped sequential cell "sky130_fd_sc_hd__dfxtp_4".
ABC: Scl_LibertyReadGenlib() skipped sequential cell "sky130_fd_sc_hd__dlxtn_1".
ABC: Scl_LibertyReadGenlib() skipped sequential cell "sky130_fd_sc_hd__dlxtn_2".
ABC: Scl_LibertyReadGenlib() skipped sequential cell "sky130_fd_sc_hd__dlxtn_4".
ABC: Scl_LibertyReadGenlib() skipped sequential cell "sky130_fd_sc_hd__dlxtp_1".
ABC: Scl_LibertyReadGenlib() skipped three-state cell "sky130_fd_sc_hd__ebufn_2".
ABC: Scl_LibertyReadGenlib() skipped three-state cell "sky130_fd_sc_hd__ebufn_4".
ABC: Scl_LibertyReadGenlib() skipped three-state cell "sky130_fd_sc_hd__ebufn_8".
ABC: Library "sky130_fd_sc_hd__tt_025C_1v80" from "/home/anils_0611/vlsi_projects/pe_asic/pnr/config/runs/PE_run1/tmp/7c6b0fcfbb3d4028b16df77334415f12.lib" has 175 cells (17 skipped: 14 seq; 3 tri-state; 0 no func; 0 dont_use).  Time =     0.07 sec
ABC: Memory =    9.54 MB. Time =     0.07 sec
ABC: Warning: Detected 2 multi-output gates (for example, "sky130_fd_sc_hd__fa_1").
ABC: + read_constr -v /home/anils_0611/vlsi_projects/pe_asic/pnr/config/runs/PE_run1/06-yosys-synthesis/synthesis.abc.sdc 
ABC: Setting driving cell to be "sky130_fd_sc_hd__inv_2/Y".
ABC: Setting output load to be 33.442001.
ABC: + source /home/anils_0611/vlsi_projects/pe_asic/pnr/config/runs/PE_run1/06-yosys-synthesis/DELAY_0.abc 
ABC: Error: The network is combinational.
ABC: The cell areas are multiplied by the factor: <num_fanins> ^ (0.90).
ABC: The cell delays are multiplied by the factor: <num_fanins> ^ (0.20).
ABC: Cannot find the default PI driving cell (sky130_fd_sc_hd__inv_2/Y) in the library.
ABC: Cannot find the default PI driving cell (sky130_fd_sc_hd__inv_2/Y) in the library.
ABC: Cannot find the default PI driving cell (sky130_fd_sc_hd__inv_2/Y) in the library.
ABC: WireLoad = "none"  Gates =    687 (  3.2 %)   Cap = 13.9 ff (  3.0 %)   Area =     6971.69 ( 91.6 %)   Delay =  2537.55 ps  ( 13.2 %)               
ABC: Path  0 --      64 : 0   30 pi                         A =   0.00  Df =   0.0   -0.0 ps  S =   0.0 ps  Cin =  0.0 ff  Cout = 112.1 ff  Cmax =   0.0 ff  G =    0  
ABC: Path  1 --     446 : 4    5 sky130_fd_sc_hd__a22oi_4   A =  21.27  Df = 267.2 -181.3 ps  S = 276.4 ps  Cin =  8.5 ff  Cout =  28.7 ff  Cmax = 293.9 ff  G =  321  
ABC: Path  2 --     514 : 3    2 sky130_fd_sc_hd__o21a_4    A =  15.01  Df = 448.9 -139.1 ps  S =  60.3 ps  Cin =  4.6 ff  Cout =  13.4 ff  Cmax = 510.0 ff  G =  281  
ABC: Path  3 --     527 : 3    6 sky130_fd_sc_hd__nand3_4   A =  17.52  Df = 595.7  -18.3 ps  S = 156.8 ps  Cin =  8.7 ff  Cout =  40.3 ff  Cmax = 469.7 ff  G =  449  
ABC: Path  4 --     597 : 3    5 sky130_fd_sc_hd__a21oi_4   A =  16.27  Df = 828.5 -129.0 ps  S = 223.6 ps  Cin =  8.8 ff  Cout =  25.3 ff  Cmax = 221.6 ff  G =  277  
ABC: Path  5 --     598 : 3    6 sky130_fd_sc_hd__o21ai_4   A =  16.27  Df = 960.7  -59.8 ps  S = 247.3 ps  Cin =  8.8 ff  Cout =  28.1 ff  Cmax = 224.3 ff  G =  309  
ABC: Path  6 --     617 : 4    2 sky130_fd_sc_hd__o211ai_2  A =  12.51  Df =1119.5  -33.2 ps  S = 219.5 ps  Cin =  4.4 ff  Cout =  13.1 ff  Cmax = 133.7 ff  G =  291  
ABC: Path  7 --     620 : 4    2 sky130_fd_sc_hd__o211ai_4  A =  21.27  Df =1235.1  -42.3 ps  S = 161.1 ps  Cin =  8.8 ff  Cout =   9.0 ff  Cmax = 215.2 ff  G =   97  
ABC: Path  8 --     627 : 5    1 sky130_fd_sc_hd__o221a_4   A =  20.02  Df =1448.3  -19.5 ps  S =  57.3 ps  Cin =  4.5 ff  Cout =   9.2 ff  Cmax = 488.0 ff  G =  198  
ABC: Path  9 --     630 : 5    4 sky130_fd_sc_hd__o221ai_4  A =  26.28  Df =1724.4  -88.0 ps  S = 227.6 ps  Cin =  8.6 ff  Cout =  15.8 ff  Cmax = 216.1 ff  G =  179  
ABC: Path 10 --     689 : 4    1 sky130_fd_sc_hd__nand4_2   A =  12.51  Df =1861.4  -92.6 ps  S = 120.7 ps  Cin =  4.4 ff  Cout =   9.1 ff  Cmax = 200.5 ff  G =  194  
ABC: Path 11 --     778 : 3    4 sky130_fd_sc_hd__o21ai_4   A =  16.27  Df =1972.1   -7.0 ps  S = 183.1 ps  Cin =  8.8 ff  Cout =  18.1 ff  Cmax = 224.3 ff  G =  200  
ABC: Path 12 --     800 : 3    2 sky130_fd_sc_hd__nand3_2   A =  10.01  Df =2079.5  -30.1 ps  S =  94.3 ps  Cin =  4.4 ff  Cout =   9.1 ff  Cmax = 260.0 ff  G =  198  
ABC: Path 13 --     810 : 4    1 sky130_fd_sc_hd__o2bb2ai_2 A =  15.01  Df =2229.3  -58.3 ps  S = 150.4 ps  Cin =  4.6 ff  Cout =   8.7 ff  Cmax = 134.6 ff  G =  181  
ABC: Path 14 --     815 : 4    1 sky130_fd_sc_hd__a31oi_4   A =  21.27  Df =2537.6 -196.6 ps  S = 311.4 ps  Cin =  8.5 ff  Cout =  33.4 ff  Cmax = 211.5 ff  G =  393  
ABC: Start-point = pi63 (\a_in [6]).  End-point = po58 ($auto$rtlil.cc:2739:MuxGate$2289).
ABC: netlist                       : i/o =   69/   67  lat =    0  nd =   687  edge =   2271  area =2399.58  delay =1405.96  lev = 16
ABC: + write_blif /tmp/yosys-abc-VdkI2L/output.blif 

108.1.2. Re-integrating ABC results.
ABC RESULTS:   sky130_fd_sc_hd__o31ai_4 cells:        1
ABC RESULTS:   sky130_fd_sc_hd__a221o_2 cells:        1
ABC RESULTS:   sky130_fd_sc_hd__o221a_2 cells:        1
ABC RESULTS:   sky130_fd_sc_hd__a21boi_4 cells:        1
ABC RESULTS:   sky130_fd_sc_hd__a211o_2 cells:        4
ABC RESULTS:   sky130_fd_sc_hd__o211a_4 cells:        1
ABC RESULTS:   sky130_fd_sc_hd__a311oi_2 cells:        1
ABC RESULTS:   sky130_fd_sc_hd__a311oi_4 cells:        1
ABC RESULTS:   sky130_fd_sc_hd__nor3b_2 cells:        1
ABC RESULTS:   sky130_fd_sc_hd__o22a_2 cells:        2
ABC RESULTS:   sky130_fd_sc_hd__nor3_2 cells:        1
ABC RESULTS:   sky130_fd_sc_hd__a32oi_2 cells:        1
ABC RESULTS:   sky130_fd_sc_hd__or4_4 cells:        1
ABC RESULTS:   sky130_fd_sc_hd__xor2_2 cells:        1
ABC RESULTS:   sky130_fd_sc_hd__a32o_2 cells:        3
ABC RESULTS:   sky130_fd_sc_hd__a32oi_4 cells:        1
ABC RESULTS:   sky130_fd_sc_hd__o21a_4 cells:        1
ABC RESULTS:   sky130_fd_sc_hd__nand2_4 cells:        1
ABC RESULTS:   sky130_fd_sc_hd__and4_4 cells:        2
ABC RESULTS:   sky130_fd_sc_hd__o22ai_4 cells:        1
ABC RESULTS:   sky130_fd_sc_hd__o2bb2a_2 cells:        3
ABC RESULTS:   sky130_fd_sc_hd__a22oi_4 cells:        3
ABC RESULTS:   sky130_fd_sc_hd__o2111ai_4 cells:        1
ABC RESULTS:   sky130_fd_sc_hd__and4b_2 cells:        4
ABC RESULTS:   sky130_fd_sc_hd__or3_2 cells:        3
ABC RESULTS:   sky130_fd_sc_hd__nand3_4 cells:        3
ABC RESULTS:   sky130_fd_sc_hd__o211ai_4 cells:        3
ABC RESULTS:   sky130_fd_sc_hd__o221a_4 cells:        1
ABC RESULTS:   sky130_fd_sc_hd__o221ai_4 cells:        2
ABC RESULTS:   sky130_fd_sc_hd__o2111a_2 cells:        4
ABC RESULTS:   sky130_fd_sc_hd__o2111ai_2 cells:        9
ABC RESULTS:   sky130_fd_sc_hd__nand4b_2 cells:        1
ABC RESULTS:   sky130_fd_sc_hd__a2bb2oi_2 cells:        4
ABC RESULTS:   sky130_fd_sc_hd__a41oi_2 cells:        3
ABC RESULTS:   sky130_fd_sc_hd__o22ai_2 cells:        9
ABC RESULTS:   sky130_fd_sc_hd__a21o_4 cells:        1
ABC RESULTS:   sky130_fd_sc_hd__or2_2 cells:       22
ABC RESULTS:   sky130_fd_sc_hd__a2bb2o_4 cells:        1
ABC RESULTS:   sky130_fd_sc_hd__and4_2 cells:       23
ABC RESULTS:   sky130_fd_sc_hd__a221oi_2 cells:        1
ABC RESULTS:   sky130_fd_sc_hd__o211a_2 cells:       25
ABC RESULTS:   sky130_fd_sc_hd__a41o_2 cells:        8
ABC RESULTS:   sky130_fd_sc_hd__o21bai_2 cells:        8
ABC RESULTS:   sky130_fd_sc_hd__nand3b_2 cells:        7
ABC RESULTS:   sky130_fd_sc_hd__a21oi_4 cells:        2
ABC RESULTS:   sky130_fd_sc_hd__o221ai_2 cells:        9
ABC RESULTS:   sky130_fd_sc_hd__nand4_2 cells:       43
ABC RESULTS:   sky130_fd_sc_hd__a22o_2 cells:       33
ABC RESULTS:   sky130_fd_sc_hd__and3_2 cells:       33
ABC RESULTS:   sky130_fd_sc_hd__a211oi_2 cells:        2
ABC RESULTS:   sky130_fd_sc_hd__and2b_2 cells:        1
ABC RESULTS:   sky130_fd_sc_hd__nand2b_2 cells:        2
ABC RESULTS:   sky130_fd_sc_hd__o21ai_4 cells:        2
ABC RESULTS:   sky130_fd_sc_hd__o2bb2ai_4 cells:        2
ABC RESULTS:   sky130_fd_sc_hd__o32ai_2 cells:        1
ABC RESULTS:   sky130_fd_sc_hd__a22oi_2 cells:       27
ABC RESULTS:   sky130_fd_sc_hd__a31o_2 cells:       21
ABC RESULTS:   sky130_fd_sc_hd__a21o_2 cells:       21
ABC RESULTS:   sky130_fd_sc_hd__nand2_2 cells:       62
ABC RESULTS:   sky130_fd_sc_hd__xnor2_2 cells:        2
ABC RESULTS:   sky130_fd_sc_hd__o21a_2 cells:       12
ABC RESULTS:   sky130_fd_sc_hd__a311o_2 cells:        2
ABC RESULTS:   sky130_fd_sc_hd__nor4_2 cells:        1
ABC RESULTS:   sky130_fd_sc_hd__a21oi_2 cells:       34
ABC RESULTS:   sky130_fd_sc_hd__inv_2 cells:       22
ABC RESULTS:   sky130_fd_sc_hd__a31oi_2 cells:        4
ABC RESULTS:   sky130_fd_sc_hd__a2bb2o_2 cells:        5
ABC RESULTS:   sky130_fd_sc_hd__or4b_2 cells:        1
ABC RESULTS:   sky130_fd_sc_hd__o31a_2 cells:        3
ABC RESULTS:   sky130_fd_sc_hd__a2111oi_2 cells:        2
ABC RESULTS:   sky130_fd_sc_hd__nand3_2 cells:       26
ABC RESULTS:   sky130_fd_sc_hd__o2bb2ai_2 cells:       14
ABC RESULTS:   sky130_fd_sc_hd__o211ai_2 cells:       27
ABC RESULTS:   sky130_fd_sc_hd__o41ai_2 cells:        2
ABC RESULTS:   sky130_fd_sc_hd__o311a_2 cells:        4
ABC RESULTS:   sky130_fd_sc_hd__o21ai_2 cells:       43
ABC RESULTS:   sky130_fd_sc_hd__a31oi_4 cells:        2
ABC RESULTS:   sky130_fd_sc_hd__and2_2 cells:       18
ABC RESULTS:   sky130_fd_sc_hd__nor2_2 cells:       26
ABC RESULTS:        internal signals:      556
ABC RESULTS:           input signals:       69
ABC RESULTS:          output signals:       67
Removing temp directory.

109. Executing SETUNDEF pass (replace undef values with defined constants).

110. Executing HILOMAP pass (mapping to constant drivers).

111. Executing SPLITNETS pass (splitting up multi-bit signals).

112. Executing OPT_CLEAN pass (remove unused cells and wires).
Finding unused cells or wires in module \PE..
Removed 19 unused cells and 838 unused wires.
<suppressed ~20 debug messages>

113. Executing INSBUF pass (insert buffer cells for connected wires).

114. Executing CHECK pass (checking for obvious problems).
Checking module PE...
Found and reported 0 problems.
{
   "creator": "Yosys 0.46 (git sha1 e97731b9dda91fa5fa53ed87df7c34163ba59a41, clang++ 17.0.6 -fPIC -O3)",
   "invocation": "stat -json -liberty /home/anils_0611/vlsi_projects/pe_asic/pnr/config/runs/PE_run1/tmp/7c6b0fcfbb3d4028b16df77334415f12.lib ",
   "modules": {
      "\\PE": {
         "num_wires":         716,
         "num_wire_bits":     775,
         "num_pub_wires":     29,
         "num_pub_wire_bits": 88,
         "num_ports":         12,
         "num_port_bits":     71,
         "num_memories":      0,
         "num_memory_bits":   0,
         "num_processes":     0,
         "num_cells":         754,
         "area":              8396.803200,
         "num_cells_by_type": {
            "sky130_fd_sc_hd__a2111oi_2": 2,
            "sky130_fd_sc_hd__a211o_2": 4,
            "sky130_fd_sc_hd__a211oi_2": 2,
            "sky130_fd_sc_hd__a21boi_4": 1,
            "sky130_fd_sc_hd__a21o_2": 21,
            "sky130_fd_sc_hd__a21o_4": 1,
            "sky130_fd_sc_hd__a21oi_2": 34,
            "sky130_fd_sc_hd__a21oi_4": 2,
            "sky130_fd_sc_hd__a221o_2": 1,
            "sky130_fd_sc_hd__a221oi_2": 1,
            "sky130_fd_sc_hd__a22o_2": 33,
            "sky130_fd_sc_hd__a22oi_2": 27,
            "sky130_fd_sc_hd__a22oi_4": 3,
            "sky130_fd_sc_hd__a2bb2o_2": 5,
            "sky130_fd_sc_hd__a2bb2o_4": 1,
            "sky130_fd_sc_hd__a2bb2oi_2": 4,
            "sky130_fd_sc_hd__a311o_2": 2,
            "sky130_fd_sc_hd__a311oi_2": 1,
            "sky130_fd_sc_hd__a311oi_4": 1,
            "sky130_fd_sc_hd__a31o_2": 21,
            "sky130_fd_sc_hd__a31oi_2": 4,
            "sky130_fd_sc_hd__a31oi_4": 2,
            "sky130_fd_sc_hd__a32o_2": 3,
            "sky130_fd_sc_hd__a32oi_2": 1,
            "sky130_fd_sc_hd__a32oi_4": 1,
            "sky130_fd_sc_hd__a41o_2": 8,
            "sky130_fd_sc_hd__a41oi_2": 3,
            "sky130_fd_sc_hd__and2_2": 18,
            "sky130_fd_sc_hd__and2b_2": 1,
            "sky130_fd_sc_hd__and3_2": 33,
            "sky130_fd_sc_hd__and4_2": 23,
            "sky130_fd_sc_hd__and4_4": 2,
            "sky130_fd_sc_hd__and4b_2": 4,
            "sky130_fd_sc_hd__dfxtp_2": 67,
            "sky130_fd_sc_hd__inv_2": 22,
            "sky130_fd_sc_hd__nand2_2": 62,
            "sky130_fd_sc_hd__nand2_4": 1,
            "sky130_fd_sc_hd__nand2b_2": 2,
            "sky130_fd_sc_hd__nand3_2": 26,
            "sky130_fd_sc_hd__nand3_4": 3,
            "sky130_fd_sc_hd__nand3b_2": 7,
            "sky130_fd_sc_hd__nand4_2": 43,
            "sky130_fd_sc_hd__nand4b_2": 1,
            "sky130_fd_sc_hd__nor2_2": 26,
            "sky130_fd_sc_hd__nor3_2": 1,
            "sky130_fd_sc_hd__nor3b_2": 1,
            "sky130_fd_sc_hd__nor4_2": 1,
            "sky130_fd_sc_hd__o2111a_2": 4,
            "sky130_fd_sc_hd__o2111ai_2": 9,
            "sky130_fd_sc_hd__o2111ai_4": 1,
            "sky130_fd_sc_hd__o211a_2": 25,
            "sky130_fd_sc_hd__o211a_4": 1,
            "sky130_fd_sc_hd__o211ai_2": 27,
            "sky130_fd_sc_hd__o211ai_4": 3,
            "sky130_fd_sc_hd__o21a_2": 12,
            "sky130_fd_sc_hd__o21a_4": 1,
            "sky130_fd_sc_hd__o21ai_2": 43,
            "sky130_fd_sc_hd__o21ai_4": 2,
            "sky130_fd_sc_hd__o21bai_2": 8,
            "sky130_fd_sc_hd__o221a_2": 1,
            "sky130_fd_sc_hd__o221a_4": 1,
            "sky130_fd_sc_hd__o221ai_2": 9,
            "sky130_fd_sc_hd__o221ai_4": 2,
            "sky130_fd_sc_hd__o22a_2": 2,
            "sky130_fd_sc_hd__o22ai_2": 9,
            "sky130_fd_sc_hd__o22ai_4": 1,
            "sky130_fd_sc_hd__o2bb2a_2": 3,
            "sky130_fd_sc_hd__o2bb2ai_2": 14,
            "sky130_fd_sc_hd__o2bb2ai_4": 2,
            "sky130_fd_sc_hd__o311a_2": 4,
            "sky130_fd_sc_hd__o31a_2": 3,
            "sky130_fd_sc_hd__o31ai_4": 1,
            "sky130_fd_sc_hd__o32ai_2": 1,
            "sky130_fd_sc_hd__o41ai_2": 2,
            "sky130_fd_sc_hd__or2_2": 22,
            "sky130_fd_sc_hd__or3_2": 3,
            "sky130_fd_sc_hd__or4_4": 1,
            "sky130_fd_sc_hd__or4b_2": 1,
            "sky130_fd_sc_hd__xnor2_2": 2,
            "sky130_fd_sc_hd__xor2_2": 1
         }
      }
   },
      "design": {
         "num_wires":         716,
         "num_wire_bits":     775,
         "num_pub_wires":     29,
         "num_pub_wire_bits": 88,
         "num_ports":         12,
         "num_port_bits":     71,
         "num_memories":      0,
         "num_memory_bits":   0,
         "num_processes":     0,
         "num_cells":         754,
         "area":              8396.803200,
         "num_cells_by_type": {
            "sky130_fd_sc_hd__a2111oi_2": 2,
            "sky130_fd_sc_hd__a211o_2": 4,
            "sky130_fd_sc_hd__a211oi_2": 2,
            "sky130_fd_sc_hd__a21boi_4": 1,
            "sky130_fd_sc_hd__a21o_2": 21,
            "sky130_fd_sc_hd__a21o_4": 1,
            "sky130_fd_sc_hd__a21oi_2": 34,
            "sky130_fd_sc_hd__a21oi_4": 2,
            "sky130_fd_sc_hd__a221o_2": 1,
            "sky130_fd_sc_hd__a221oi_2": 1,
            "sky130_fd_sc_hd__a22o_2": 33,
            "sky130_fd_sc_hd__a22oi_2": 27,
            "sky130_fd_sc_hd__a22oi_4": 3,
            "sky130_fd_sc_hd__a2bb2o_2": 5,
            "sky130_fd_sc_hd__a2bb2o_4": 1,
            "sky130_fd_sc_hd__a2bb2oi_2": 4,
            "sky130_fd_sc_hd__a311o_2": 2,
            "sky130_fd_sc_hd__a311oi_2": 1,
            "sky130_fd_sc_hd__a311oi_4": 1,
            "sky130_fd_sc_hd__a31o_2": 21,
            "sky130_fd_sc_hd__a31oi_2": 4,
            "sky130_fd_sc_hd__a31oi_4": 2,
            "sky130_fd_sc_hd__a32o_2": 3,
            "sky130_fd_sc_hd__a32oi_2": 1,
            "sky130_fd_sc_hd__a32oi_4": 1,
            "sky130_fd_sc_hd__a41o_2": 8,
            "sky130_fd_sc_hd__a41oi_2": 3,
            "sky130_fd_sc_hd__and2_2": 18,
            "sky130_fd_sc_hd__and2b_2": 1,
            "sky130_fd_sc_hd__and3_2": 33,
            "sky130_fd_sc_hd__and4_2": 23,
            "sky130_fd_sc_hd__and4_4": 2,
            "sky130_fd_sc_hd__and4b_2": 4,
            "sky130_fd_sc_hd__dfxtp_2": 67,
            "sky130_fd_sc_hd__inv_2": 22,
            "sky130_fd_sc_hd__nand2_2": 62,
            "sky130_fd_sc_hd__nand2_4": 1,
            "sky130_fd_sc_hd__nand2b_2": 2,
            "sky130_fd_sc_hd__nand3_2": 26,
            "sky130_fd_sc_hd__nand3_4": 3,
            "sky130_fd_sc_hd__nand3b_2": 7,
            "sky130_fd_sc_hd__nand4_2": 43,
            "sky130_fd_sc_hd__nand4b_2": 1,
            "sky130_fd_sc_hd__nor2_2": 26,
            "sky130_fd_sc_hd__nor3_2": 1,
            "sky130_fd_sc_hd__nor3b_2": 1,
            "sky130_fd_sc_hd__nor4_2": 1,
            "sky130_fd_sc_hd__o2111a_2": 4,
            "sky130_fd_sc_hd__o2111ai_2": 9,
            "sky130_fd_sc_hd__o2111ai_4": 1,
            "sky130_fd_sc_hd__o211a_2": 25,
            "sky130_fd_sc_hd__o211a_4": 1,
            "sky130_fd_sc_hd__o211ai_2": 27,
            "sky130_fd_sc_hd__o211ai_4": 3,
            "sky130_fd_sc_hd__o21a_2": 12,
            "sky130_fd_sc_hd__o21a_4": 1,
            "sky130_fd_sc_hd__o21ai_2": 43,
            "sky130_fd_sc_hd__o21ai_4": 2,
            "sky130_fd_sc_hd__o21bai_2": 8,
            "sky130_fd_sc_hd__o221a_2": 1,
            "sky130_fd_sc_hd__o221a_4": 1,
            "sky130_fd_sc_hd__o221ai_2": 9,
            "sky130_fd_sc_hd__o221ai_4": 2,
            "sky130_fd_sc_hd__o22a_2": 2,
            "sky130_fd_sc_hd__o22ai_2": 9,
            "sky130_fd_sc_hd__o22ai_4": 1,
            "sky130_fd_sc_hd__o2bb2a_2": 3,
            "sky130_fd_sc_hd__o2bb2ai_2": 14,
            "sky130_fd_sc_hd__o2bb2ai_4": 2,
            "sky130_fd_sc_hd__o311a_2": 4,
            "sky130_fd_sc_hd__o31a_2": 3,
            "sky130_fd_sc_hd__o31ai_4": 1,
            "sky130_fd_sc_hd__o32ai_2": 1,
            "sky130_fd_sc_hd__o41ai_2": 2,
            "sky130_fd_sc_hd__or2_2": 22,
            "sky130_fd_sc_hd__or3_2": 3,
            "sky130_fd_sc_hd__or4_4": 1,
            "sky130_fd_sc_hd__or4b_2": 1,
            "sky130_fd_sc_hd__xnor2_2": 2,
            "sky130_fd_sc_hd__xor2_2": 1
         }
      }
}

115. Printing statistics.

=== PE ===

   Number of wires:                716
   Number of wire bits:            775
   Number of public wires:          29
   Number of public wire bits:      88
   Number of ports:                 12
   Number of port bits:             71
   Number of memories:               0
   Number of memory bits:            0
   Number of processes:              0
   Number of cells:                754
     sky130_fd_sc_hd__a2111oi_2      2
     sky130_fd_sc_hd__a211o_2        4
     sky130_fd_sc_hd__a211oi_2       2
     sky130_fd_sc_hd__a21boi_4       1
     sky130_fd_sc_hd__a21o_2        21
     sky130_fd_sc_hd__a21o_4         1
     sky130_fd_sc_hd__a21oi_2       34
     sky130_fd_sc_hd__a21oi_4        2
     sky130_fd_sc_hd__a221o_2        1
     sky130_fd_sc_hd__a221oi_2       1
     sky130_fd_sc_hd__a22o_2        33
     sky130_fd_sc_hd__a22oi_2       27
     sky130_fd_sc_hd__a22oi_4        3
     sky130_fd_sc_hd__a2bb2o_2       5
     sky130_fd_sc_hd__a2bb2o_4       1
     sky130_fd_sc_hd__a2bb2oi_2      4
     sky130_fd_sc_hd__a311o_2        2
     sky130_fd_sc_hd__a311oi_2       1
     sky130_fd_sc_hd__a311oi_4       1
     sky130_fd_sc_hd__a31o_2        21
     sky130_fd_sc_hd__a31oi_2        4
     sky130_fd_sc_hd__a31oi_4        2
     sky130_fd_sc_hd__a32o_2         3
     sky130_fd_sc_hd__a32oi_2        1
     sky130_fd_sc_hd__a32oi_4        1
     sky130_fd_sc_hd__a41o_2         8
     sky130_fd_sc_hd__a41oi_2        3
     sky130_fd_sc_hd__and2_2        18
     sky130_fd_sc_hd__and2b_2        1
     sky130_fd_sc_hd__and3_2        33
     sky130_fd_sc_hd__and4_2        23
     sky130_fd_sc_hd__and4_4         2
     sky130_fd_sc_hd__and4b_2        4
     sky130_fd_sc_hd__dfxtp_2       67
     sky130_fd_sc_hd__inv_2         22
     sky130_fd_sc_hd__nand2_2       62
     sky130_fd_sc_hd__nand2_4        1
     sky130_fd_sc_hd__nand2b_2       2
     sky130_fd_sc_hd__nand3_2       26
     sky130_fd_sc_hd__nand3_4        3
     sky130_fd_sc_hd__nand3b_2       7
     sky130_fd_sc_hd__nand4_2       43
     sky130_fd_sc_hd__nand4b_2       1
     sky130_fd_sc_hd__nor2_2        26
     sky130_fd_sc_hd__nor3_2         1
     sky130_fd_sc_hd__nor3b_2        1
     sky130_fd_sc_hd__nor4_2         1
     sky130_fd_sc_hd__o2111a_2       4
     sky130_fd_sc_hd__o2111ai_2      9
     sky130_fd_sc_hd__o2111ai_4      1
     sky130_fd_sc_hd__o211a_2       25
     sky130_fd_sc_hd__o211a_4        1
     sky130_fd_sc_hd__o211ai_2      27
     sky130_fd_sc_hd__o211ai_4       3
     sky130_fd_sc_hd__o21a_2        12
     sky130_fd_sc_hd__o21a_4         1
     sky130_fd_sc_hd__o21ai_2       43
     sky130_fd_sc_hd__o21ai_4        2
     sky130_fd_sc_hd__o21bai_2       8
     sky130_fd_sc_hd__o221a_2        1
     sky130_fd_sc_hd__o221a_4        1
     sky130_fd_sc_hd__o221ai_2       9
     sky130_fd_sc_hd__o221ai_4       2
     sky130_fd_sc_hd__o22a_2         2
     sky130_fd_sc_hd__o22ai_2        9
     sky130_fd_sc_hd__o22ai_4        1
     sky130_fd_sc_hd__o2bb2a_2       3
     sky130_fd_sc_hd__o2bb2ai_2     14
     sky130_fd_sc_hd__o2bb2ai_4      2
     sky130_fd_sc_hd__o311a_2        4
     sky130_fd_sc_hd__o31a_2         3
     sky130_fd_sc_hd__o31ai_4        1
     sky130_fd_sc_hd__o32ai_2        1
     sky130_fd_sc_hd__o41ai_2        2
     sky130_fd_sc_hd__or2_2         22
     sky130_fd_sc_hd__or3_2          3
     sky130_fd_sc_hd__or4_4          1
     sky130_fd_sc_hd__or4b_2         1
     sky130_fd_sc_hd__xnor2_2        2
     sky130_fd_sc_hd__xor2_2         1

   Chip area for module '\PE': 8396.803200
     of which used for sequential elements: 1425.116800 (16.97%)

116. Executing Verilog backend.
Dumping module `\PE'.

117. Executing JSON backend.
