Clock: clk
Sources: clk 
Generated: no
Virtual: yes
Propagated: no
Period: 5.000000

===========================================================================
report_clock_properties
============================================================================
Clock                   Period          Waveform
----------------------------------------------------
clk                   5.000000    0.000000  2.500000

===========================================================================
report_clock_latency
============================================================================
Clock clk
rise -> rise
    min     max
0.000000 0.000000 source latency
0.750514         network latency _1419_/CLK
        0.766851 network latency _1382_/CLK
---------------
0.750514 0.766851 latency
        0.016337 skew

fall -> fall
    min     max
0.000000 0.000000 source latency
0.690096         network latency _1419_/CLK
        0.704155 network latency _1382_/CLK
---------------
0.690096 0.704155 latency
        0.014059 skew



===========================================================================
report_clock_min_period
============================================================================
clk period_min = 6.04 fmax = 165.47
