
===========================================================================
Violator List
============================================================================
[setup in-reg] b_in[5] -> _1426_/D : -2.314795
[setup in-reg] b_in[5] -> _1432_/D : -2.279204
[setup in-reg] b_in[5] -> _1429_/D : -2.259090
[setup in-reg] b_in[5] -> _1427_/D : -2.247064
[setup in-reg] b_in[5] -> _1431_/D : -2.234305
[setup in-reg] b_in[5] -> _1428_/D : -2.208377
[setup in-reg] b_in[5] -> _1430_/D : -2.094308
[setup in-reg] b_in[5] -> _1425_/D : -1.675392
[setup in-reg] b_in[5] -> _1424_/D : -1.621067
[setup reg-reg] _1376_/Q -> _1393_/D : -1.043272
[setup reg-reg] _1376_/Q -> _1402_/D : -1.033873
[setup reg-reg] _1376_/Q -> _1394_/D : -1.008738
[setup reg-reg] _1376_/Q -> _1397_/D : -0.997851
[setup reg-reg] _1376_/Q -> _1396_/D : -0.977475
[setup reg-reg] _1376_/Q -> _1395_/D : -0.921895
[setup in-reg] b_in[5] -> _1423_/D : -0.888931
[setup reg-reg] _1376_/Q -> _1406_/D : -0.879055
[setup reg-reg] _1376_/Q -> _1401_/D : -0.843600
[setup reg-reg] _1376_/Q -> _1400_/D : -0.793407
[setup reg-reg] _1376_/Q -> _1399_/D : -0.784865
[setup reg-reg] _1376_/Q -> _1391_/D : -0.750199
[setup reg-reg] _1376_/Q -> _1392_/D : -0.645716
[setup in-reg] b_in[5] -> _1422_/D : -0.617030
[setup reg-reg] _1376_/Q -> _1405_/D : -0.615378
[setup reg-reg] _1376_/Q -> _1398_/D : -0.596596
[setup reg-reg] _1376_/Q -> _1404_/D : -0.486999
[setup reg-reg] _1376_/Q -> _1390_/D : -0.448136
[setup reg-reg] _1376_/Q -> _1388_/D : -0.428308
[setup reg-out] _1376_/Q -> psum[1] : -0.290886
[setup reg-reg] _1376_/Q -> _1389_/D : -0.240480
[setup reg-reg] _1376_/Q -> _1386_/D : -0.121189
[setup reg-reg] _1376_/Q -> _1403_/D : -0.094323
[setup reg-reg] _1376_/Q -> _1387_/D : -0.089973
[setup in-reg] a_in[2] -> _1420_/D : -0.078271
[setup reg-reg] _1418_/Q -> _1376_/D : -0.025485
