Clock: clk
Sources: clk 
Generated: no
Virtual: yes
Propagated: no
Period: 6.000000

===========================================================================
report_clock_properties
============================================================================
Clock                   Period          Waveform
----------------------------------------------------
clk                   6.000000    0.000000  3.000000

===========================================================================
report_clock_latency
============================================================================
Clock clk
rise -> rise
    min     max
0.000000 0.000000 source latency
0.310606         network latency _1422_/CLK
        0.320779 network latency _1380_/CLK
---------------
0.310606 0.320779 latency
        0.010173 skew

fall -> fall
    min     max
0.000000 0.000000 source latency
0.270935         network latency _1422_/CLK
        0.279839 network latency _1380_/CLK
---------------
0.270935 0.279839 latency
        0.008904 skew



===========================================================================
report_clock_min_period
============================================================================
clk period_min = 2.44 fmax = 410.46
