
===========================================================================
report_checks -unconstrained
===========================================================================
======================= nom_ff_n40C_1v95 Corner ===================================

Startpoint: b_in[5] (input port clocked by clk)
Endpoint: _1432_ (rising edge-triggered flip-flop clocked by clk)
Path Group: clk
Path Type: max

Fanout         Cap        Slew       Delay        Time   Description
---------------------------------------------------------------------------------------------
                                  0.000000    0.000000   clock clk (rise edge)
                                  0.000000    0.000000   clock network delay (propagated)
                                  1.000000    1.000000 ^ input external delay
     1    0.009854    0.038034    0.024820    1.024820 ^ b_in[5] (in)
                                                         b_in[5] (net)
                      0.038037    0.000000    1.024820 ^ input14/A (sky130_fd_sc_hd__clkbuf_1)
     1    0.012414    0.113234    0.109530    1.134349 ^ input14/X (sky130_fd_sc_hd__clkbuf_1)
                                                         net14 (net)
                      0.113237    0.000437    1.134786 ^ fanout120/A (sky130_fd_sc_hd__clkbuf_2)
     5    0.047705    0.199917    0.201391    1.336177 ^ fanout120/X (sky130_fd_sc_hd__clkbuf_2)
                                                         net120 (net)
                      0.199978    0.002879    1.339056 ^ fanout119/A (sky130_fd_sc_hd__clkbuf_4)
    10    0.065020    0.150931    0.209289    1.548345 ^ fanout119/X (sky130_fd_sc_hd__clkbuf_4)
                                                         net119 (net)
                      0.151181    0.005031    1.553376 ^ _0698_/A (sky130_fd_sc_hd__clkinv_4)
    10    0.065540    0.107831    0.112056    1.665431 v _0698_/Y (sky130_fd_sc_hd__clkinv_4)
                                                         _0078_ (net)
                      0.107933    0.002432    1.667864 v _1032_/A2 (sky130_fd_sc_hd__o21a_1)
     3    0.013202    0.056060    0.165518    1.833382 v _1032_/X (sky130_fd_sc_hd__o21a_1)
                                                         _0363_ (net)
                      0.056060    0.000278    1.833660 v _1035_/D (sky130_fd_sc_hd__or4_4)
     4    0.026757    0.084334    0.287975    2.121635 v _1035_/X (sky130_fd_sc_hd__or4_4)
                                                         _0366_ (net)
                      0.084335    0.000623    2.122258 v _1038_/A (sky130_fd_sc_hd__nand2_2)
     4    0.021254    0.093557    0.103400    2.225658 ^ _1038_/Y (sky130_fd_sc_hd__nand2_2)
                                                         _0369_ (net)
                      0.093559    0.000329    2.225987 ^ _1051_/B2 (sky130_fd_sc_hd__a32oi_4)
     3    0.015617    0.084184    0.046250    2.272237 v _1051_/Y (sky130_fd_sc_hd__a32oi_4)
                                                         _0381_ (net)
                      0.084185    0.000471    2.272708 v rebuffer10/A (sky130_fd_sc_hd__dlygate4sd1_1)
     2    0.013840    0.054159    0.196156    2.468864 v rebuffer10/X (sky130_fd_sc_hd__dlygate4sd1_1)
                                                         net146 (net)
                      0.054161    0.000373    2.469236 v _1182_/A2 (sky130_fd_sc_hd__o2111ai_4)
     5    0.027021    0.224546    0.207379    2.676615 ^ _1182_/Y (sky130_fd_sc_hd__o2111ai_4)
                                                         _0511_ (net)
                      0.224547    0.000794    2.677409 ^ _1239_/C (sky130_fd_sc_hd__nand4_4)
     1    0.009846    0.073448    0.069367    2.746776 v _1239_/Y (sky130_fd_sc_hd__nand4_4)
                                                         _0566_ (net)
                      0.073448    0.000331    2.747107 v _1328_/A1 (sky130_fd_sc_hd__o21ai_4)
     4    0.024454    0.160550    0.172860    2.919967 ^ _1328_/Y (sky130_fd_sc_hd__o21ai_4)
                                                         _0653_ (net)
                      0.160620    0.001299    2.921266 ^ rebuffer58/A (sky130_fd_sc_hd__buf_6)
     1    0.009629    0.026877    0.076452    2.997717 ^ rebuffer58/X (sky130_fd_sc_hd__buf_6)
                                                         net194 (net)
                      0.026878    0.000306    2.998023 ^ _1350_/A (sky130_fd_sc_hd__nand3_4)
     2    0.013583    0.070520    0.041478    3.039501 v _1350_/Y (sky130_fd_sc_hd__nand3_4)
                                                         _0673_ (net)
                      0.070533    0.000496    3.039997 v _1360_/A2_N (sky130_fd_sc_hd__o2bb2ai_2)
     1    0.003410    0.061840    0.081474    3.121471 v _1360_/Y (sky130_fd_sc_hd__o2bb2ai_2)
                                                         _0683_ (net)
                      0.061840    0.000106    3.121578 v _1365_/A1 (sky130_fd_sc_hd__a31oi_1)
     1    0.002822    0.092560    0.094960    3.216538 ^ _1365_/Y (sky130_fd_sc_hd__a31oi_1)
                                                         _0058_ (net)
                      0.092560    0.000087    3.216625 ^ _1432_/D (sky130_fd_sc_hd__dfxtp_1)
                                              3.216625   data arrival time

                                  5.000000    5.000000   clock clk (rise edge)
                                  0.000000    5.000000   clock source latency
     1    0.022295    0.079096    0.054876    5.054876 ^ clk (in)
                                                         clk (net)
                      0.079150    0.000000    5.054876 ^ clkbuf_0_clk/A (sky130_fd_sc_hd__clkbuf_16)
     8    0.089782    0.081602    0.136720    5.191596 ^ clkbuf_0_clk/X (sky130_fd_sc_hd__clkbuf_16)
                                                         clknet_0_clk (net)
                      0.081721    0.002065    5.193660 ^ clkbuf_3_0__f_clk/A (sky130_fd_sc_hd__clkbuf_16)
     8    0.031442    0.039612    0.106134    5.299794 ^ clkbuf_3_0__f_clk/X (sky130_fd_sc_hd__clkbuf_16)
                                                         clknet_3_0__leaf_clk (net)
                      0.039617    0.000786    5.300580 ^ _1432_/CLK (sky130_fd_sc_hd__dfxtp_1)
                                 -0.250000    5.050580   clock uncertainty
                                  0.000000    5.050580   clock reconvergence pessimism
                                 -0.034206    5.016374   library setup time
                                              5.016374   data required time
---------------------------------------------------------------------------------------------
                                              5.016374   data required time
                                             -3.216625   data arrival time
---------------------------------------------------------------------------------------------
                                              1.799749   slack (MET)




===========================================================================
report_checks --slack_max -0.01
============================================================================
======================= nom_ff_n40C_1v95 Corner ===================================

No paths found.


===========================================================================
 report_check_types -max_slew -max_cap -max_fanout -violators
============================================================================
======================= nom_ff_n40C_1v95 Corner ===================================

max fanout

Pin                                   Limit Fanout  Slack
---------------------------------------------------------
clkbuf_3_2__f_clk/X                      10     11        (VIOLATED)
clkbuf_3_5__f_clk/X                      10     11        (VIOLATED)
clkbuf_3_6__f_clk/X                      10     11        (VIOLATED)
clkbuf_3_7__f_clk/X                      10     11        (VIOLATED)



===========================================================================
report_parasitic_annotation -report_unannotated
============================================================================
Found 7 unannotated drivers.
 clkload0/Y
 clkload1/Y
 clkload2/X
 clkload3/Y
 clkload4/Y
 clkload5/X
 clkload6/X
Found 0 partially unannotated drivers.

===========================================================================
max slew violation count 0
max fanout violation count 4
max cap violation count 0
============================================================================

===========================================================================
check_setup -verbose -unconstrained_endpoints -multiple_clock -no_clock -no_input_delay -loops -generated_clocks
===========================================================================
