Clock: clk
Sources: clk 
Generated: no
Virtual: yes
Propagated: no
Period: 5.000000

===========================================================================
report_clock_properties
============================================================================
Clock                   Period          Waveform
----------------------------------------------------
clk                   5.000000    0.000000  2.500000

===========================================================================
report_clock_latency
============================================================================
Clock clk
rise -> rise
    min     max
0.000000 0.000000 source latency
0.298591         network latency _1419_/CLK
        0.305927 network latency _1382_/CLK
---------------
0.298591 0.305927 latency
        0.007336 skew

fall -> fall
    min     max
0.000000 0.000000 source latency
0.263181         network latency _1419_/CLK
        0.269702 network latency _1382_/CLK
---------------
0.263181 0.269702 latency
        0.006522 skew



===========================================================================
report_clock_min_period
============================================================================
clk period_min = 2.08 fmax = 479.72
