Reading OpenROAD database at '/home/anils_0611/vlsi_projects/pe_asic/pnr/config/runs/reg_run1/41-openroad-repairantennas/1-diodeinsertion/PE.odb'…
Reading library file at '/home/anils_0611/.volare/volare/sky130/versions/0fe599b2afb6708d281543108caf8310912f54af/sky130A/libs.ref/sky130_fd_sc_hd/lib/sky130_fd_sc_hd__tt_025C_1v80.lib'…
Reading design constraints file at '/nix/store/9hhfv2x4r4x6v55799pa58jc2yni6awy-python3.11-openlane-2.3.10/lib/python3.11/site-packages/openlane/scripts/base.sdc'…
[INFO] Using clock clk…
[INFO] Setting output delay to: 1
[INFO] Setting input delay to: 1
[INFO] Setting load to: 0.033442
[INFO] Setting clock uncertainty to: 0.25
[INFO] Setting clock transition to: 0.1499999999999999944488848768742172978818416595458984375
[INFO] Setting timing derate to: 5%
[INFO ORD-0030] Using 12 thread(s).
[INFO DRT-0149] Reading tech and libs.
[WARNING DRT-0349] LEF58_ENCLOSURE with no CUTCLASS is not supported. Skipping for layer mcon
[WARNING DRT-0349] LEF58_ENCLOSURE with no CUTCLASS is not supported. Skipping for layer mcon
[WARNING DRT-0349] LEF58_ENCLOSURE with no CUTCLASS is not supported. Skipping for layer via
[WARNING DRT-0349] LEF58_ENCLOSURE with no CUTCLASS is not supported. Skipping for layer via
[WARNING DRT-0349] LEF58_ENCLOSURE with no CUTCLASS is not supported. Skipping for layer via2
[WARNING DRT-0349] LEF58_ENCLOSURE with no CUTCLASS is not supported. Skipping for layer via2
[WARNING DRT-0349] LEF58_ENCLOSURE with no CUTCLASS is not supported. Skipping for layer via3
[WARNING DRT-0349] LEF58_ENCLOSURE with no CUTCLASS is not supported. Skipping for layer via3
[WARNING DRT-0349] LEF58_ENCLOSURE with no CUTCLASS is not supported. Skipping for layer via4
[WARNING DRT-0349] LEF58_ENCLOSURE with no CUTCLASS is not supported. Skipping for layer via4

Units:                1000
Number of layers:     13
Number of macros:     441
Number of vias:       28
Number of viarulegen: 25

[INFO DRT-0150] Reading design.

Design:                   PE
Die area:                 ( 0 0 ) ( 155925 166645 )
Number of track patterns: 12
Number of DEF vias:       0
Number of components:     1416
Number of terminals:      73
Number of snets:          2
Number of nets:           1022

[INFO DRT-0167] List of default vias:
  Layer via
    default via: M1M2_PR
  Layer via2
    default via: M2M3_PR
  Layer via3
    default via: M3M4_PR
  Layer via4
    default via: M4M5_PR
[INFO DRT-0162] Library cell analysis.
[INFO DRT-0163] Instance analysis.
[INFO DRT-0164] Number of unique instances = 302.
[INFO DRT-0168] Init region query.
[INFO DRT-0024]   Complete FR_MASTERSLICE.
[INFO DRT-0024]   Complete licon.
[INFO DRT-0024]   Complete li1.
[INFO DRT-0024]   Complete mcon.
[INFO DRT-0024]   Complete met1.
[INFO DRT-0024]   Complete via.
[INFO DRT-0024]   Complete met2.
[INFO DRT-0024]   Complete via2.
[INFO DRT-0024]   Complete met3.
[INFO DRT-0024]   Complete via3.
[INFO DRT-0024]   Complete met4.
[INFO DRT-0024]   Complete via4.
[INFO DRT-0024]   Complete met5.
[INFO DRT-0033] FR_MASTERSLICE shape region query size = 0.
[INFO DRT-0033] licon shape region query size = 0.
[INFO DRT-0033] li1 shape region query size = 35114.
[INFO DRT-0033] mcon shape region query size = 0.
[INFO DRT-0033] met1 shape region query size = 3524.
[INFO DRT-0033] via shape region query size = 270.
[INFO DRT-0033] met2 shape region query size = 193.
[INFO DRT-0033] via2 shape region query size = 216.
[INFO DRT-0033] met3 shape region query size = 202.
[INFO DRT-0033] via3 shape region query size = 216.
[INFO DRT-0033] met4 shape region query size = 58.
[INFO DRT-0033] via4 shape region query size = 0.
[INFO DRT-0033] met5 shape region query size = 0.
[INFO DRT-0165] Start pin access.
[INFO DRT-0076]   Complete 1000 pins.
[INFO DRT-0078]   Complete 1190 pins.
[INFO DRT-0079]   Complete 100 unique inst patterns.
[INFO DRT-0079]   Complete 200 unique inst patterns.
[INFO DRT-0081]   Complete 296 unique inst patterns.
[INFO DRT-0084]   Complete 601 groups.
#scanned instances     = 1416
#unique  instances     = 302
#stdCellGenAp          = 8995
#stdCellValidPlanarAp  = 0
#stdCellValidViaAp     = 6892
#stdCellPinNoAp        = 0
#stdCellPinCnt         = 3660
#instTermValidViaApCnt = 0
#macroGenAp            = 0
#macroValidPlanarAp    = 0
#macroValidViaAp       = 0
#macroNoAp             = 0
[INFO DRT-0166] Complete pin access.
[INFO DRT-0267] cpu time = 00:00:42, elapsed time = 00:00:03, memory = 146.57 (MB), peak = 146.57 (MB)

[INFO DRT-0157] Number of guides:     7667

[INFO DRT-0169] Post process guides.
[INFO DRT-0176] GCELLGRID X 0 DO 22 STEP 6900 ;
[INFO DRT-0177] GCELLGRID Y 0 DO 24 STEP 6900 ;
[INFO DRT-0028]   Complete FR_MASTERSLICE.
[INFO DRT-0028]   Complete licon.
[INFO DRT-0028]   Complete li1.
[INFO DRT-0028]   Complete mcon.
[INFO DRT-0028]   Complete met1.
[INFO DRT-0028]   Complete via.
[INFO DRT-0028]   Complete met2.
[INFO DRT-0028]   Complete via2.
[INFO DRT-0028]   Complete met3.
[INFO DRT-0028]   Complete via3.
[INFO DRT-0028]   Complete met4.
[INFO DRT-0028]   Complete via4.
[INFO DRT-0028]   Complete met5.
[INFO DRT-0178] Init guide query.
[INFO DRT-0035]   Complete FR_MASTERSLICE (guide).
[INFO DRT-0035]   Complete licon (guide).
[INFO DRT-0035]   Complete li1 (guide).
[INFO DRT-0035]   Complete mcon (guide).
[INFO DRT-0035]   Complete met1 (guide).
[INFO DRT-0035]   Complete via (guide).
[INFO DRT-0035]   Complete met2 (guide).
[INFO DRT-0035]   Complete via2 (guide).
[INFO DRT-0035]   Complete met3 (guide).
[INFO DRT-0035]   Complete via3 (guide).
[INFO DRT-0035]   Complete met4 (guide).
[INFO DRT-0035]   Complete via4 (guide).
[INFO DRT-0035]   Complete met5 (guide).
[INFO DRT-0036] FR_MASTERSLICE guide region query size = 0.
[INFO DRT-0036] licon guide region query size = 0.
[INFO DRT-0036] li1 guide region query size = 2781.
[INFO DRT-0036] mcon guide region query size = 0.
[INFO DRT-0036] met1 guide region query size = 2144.
[INFO DRT-0036] via guide region query size = 0.
[INFO DRT-0036] met2 guide region query size = 1126.
[INFO DRT-0036] via2 guide region query size = 0.
[INFO DRT-0036] met3 guide region query size = 54.
[INFO DRT-0036] via3 guide region query size = 0.
[INFO DRT-0036] met4 guide region query size = 4.
[INFO DRT-0036] via4 guide region query size = 0.
[INFO DRT-0036] met5 guide region query size = 0.
[INFO DRT-0179] Init gr pin query.
[INFO DRT-0245] skipped writing guide updates to database.
[INFO DRT-0185] Post process initialize RPin region query.
[INFO DRT-0181] Start track assignment.
[INFO DRT-0184] Done with 3911 vertical wires in 1 frboxes and 2198 horizontal wires in 1 frboxes.
[INFO DRT-0186] Done with 322 vertical wires in 1 frboxes and 672 horizontal wires in 1 frboxes.
[INFO DRT-0182] Complete track assignment.
[INFO DRT-0267] cpu time = 00:00:03, elapsed time = 00:00:00, memory = 158.82 (MB), peak = 158.82 (MB)
[INFO DRT-0187] Start routing data preparation.
[INFO DRT-0267] cpu time = 00:00:00, elapsed time = 00:00:00, memory = 158.82 (MB), peak = 158.82 (MB)
[INFO DRT-0194] Start detail routing.
[INFO DRT-0195] Start 0th optimization iteration.
    Completing 10% with 0 violations.
    elapsed time = 00:00:01, memory = 229.80 (MB).
    Completing 20% with 0 violations.
    elapsed time = 00:00:01, memory = 198.59 (MB).
    Completing 30% with 74 violations.
    elapsed time = 00:00:01, memory = 243.46 (MB).
    Completing 40% with 74 violations.
    elapsed time = 00:00:03, memory = 257.34 (MB).
    Completing 50% with 74 violations.
    elapsed time = 00:00:03, memory = 235.75 (MB).
    Completing 60% with 124 violations.
    elapsed time = 00:00:03, memory = 278.13 (MB).
    Completing 70% with 124 violations.
    elapsed time = 00:00:04, memory = 258.25 (MB).
    Completing 80% with 194 violations.
    elapsed time = 00:00:04, memory = 262.62 (MB).
    Completing 90% with 194 violations.
    elapsed time = 00:00:04, memory = 268.50 (MB).
    Completing 100% with 240 violations.
    elapsed time = 00:00:05, memory = 268.50 (MB).
[INFO DRT-0199]   Number of violations = 297.
Viol/Layer         li1   met1   met2   met3
Metal Spacing       12     53      9      8
Min Hole             0      1      0      0
Recheck              1     45     11      0
Short                0    154      3      0
[INFO DRT-0267] cpu time = 00:00:23, elapsed time = 00:00:06, memory = 625.75 (MB), peak = 625.75 (MB)
Total wire length = 24139 um.
Total wire length on LAYER li1 = 0 um.
Total wire length on LAYER met1 = 11844 um.
Total wire length on LAYER met2 = 11780 um.
Total wire length on LAYER met3 = 371 um.
Total wire length on LAYER met4 = 142 um.
Total wire length on LAYER met5 = 0 um.
Total number of vias = 7401.
Up-via summary (total 7401):

-----------------------
 FR_MASTERSLICE       0
            li1    3661
           met1    3668
           met2      66
           met3       6
           met4       0
-----------------------
                   7401


[INFO DRT-0195] Start 1st optimization iteration.
    Completing 10% with 297 violations.
    elapsed time = 00:00:00, memory = 675.62 (MB).
    Completing 20% with 297 violations.
    elapsed time = 00:00:01, memory = 675.88 (MB).
    Completing 30% with 280 violations.
    elapsed time = 00:00:01, memory = 716.00 (MB).
    Completing 40% with 280 violations.
    elapsed time = 00:00:00, memory = 721.75 (MB).
    Completing 50% with 280 violations.
    elapsed time = 00:00:01, memory = 696.91 (MB).
    Completing 60% with 251 violations.
    elapsed time = 00:00:02, memory = 736.54 (MB).
    Completing 70% with 251 violations.
    elapsed time = 00:00:02, memory = 739.16 (MB).
    Completing 80% with 198 violations.
    elapsed time = 00:00:03, memory = 742.54 (MB).
    Completing 90% with 198 violations.
    elapsed time = 00:00:03, memory = 743.29 (MB).
    Completing 100% with 145 violations.
    elapsed time = 00:00:04, memory = 743.29 (MB).
[INFO DRT-0199]   Number of violations = 145.
Viol/Layer        mcon   met1   met2   met3
Cut Spacing          1      0      0      0
Metal Spacing        0     24      6      4
Short                0    102      8      0
[INFO DRT-0267] cpu time = 00:00:23, elapsed time = 00:00:04, memory = 743.41 (MB), peak = 743.41 (MB)
Total wire length = 23974 um.
Total wire length on LAYER li1 = 0 um.
Total wire length on LAYER met1 = 11765 um.
Total wire length on LAYER met2 = 11700 um.
Total wire length on LAYER met3 = 365 um.
Total wire length on LAYER met4 = 142 um.
Total wire length on LAYER met5 = 0 um.
Total number of vias = 7440.
Up-via summary (total 7440):

-----------------------
 FR_MASTERSLICE       0
            li1    3660
           met1    3707
           met2      67
           met3       6
           met4       0
-----------------------
                   7440


[INFO DRT-0195] Start 2nd optimization iteration.
    Completing 10% with 145 violations.
    elapsed time = 00:00:00, memory = 743.41 (MB).
    Completing 20% with 145 violations.
    elapsed time = 00:00:00, memory = 743.41 (MB).
    Completing 30% with 132 violations.
    elapsed time = 00:00:00, memory = 774.16 (MB).
    Completing 40% with 132 violations.
    elapsed time = 00:00:00, memory = 777.54 (MB).
    Completing 50% with 132 violations.
    elapsed time = 00:00:02, memory = 778.79 (MB).
    Completing 60% with 124 violations.
    elapsed time = 00:00:02, memory = 778.79 (MB).
    Completing 70% with 124 violations.
    elapsed time = 00:00:02, memory = 791.04 (MB).
    Completing 80% with 124 violations.
    elapsed time = 00:00:03, memory = 794.66 (MB).
    Completing 90% with 118 violations.
    elapsed time = 00:00:04, memory = 850.79 (MB).
    Completing 100% with 85 violations.
    elapsed time = 00:00:04, memory = 850.79 (MB).
[INFO DRT-0199]   Number of violations = 85.
Viol/Layer        met1   met2
Metal Spacing       16      2
Short               66      1
[INFO DRT-0267] cpu time = 00:00:21, elapsed time = 00:00:05, memory = 850.91 (MB), peak = 850.91 (MB)
Total wire length = 23907 um.
Total wire length on LAYER li1 = 0 um.
Total wire length on LAYER met1 = 11716 um.
Total wire length on LAYER met2 = 11652 um.
Total wire length on LAYER met3 = 396 um.
Total wire length on LAYER met4 = 142 um.
Total wire length on LAYER met5 = 0 um.
Total number of vias = 7359.
Up-via summary (total 7359):

-----------------------
 FR_MASTERSLICE       0
            li1    3660
           met1    3622
           met2      71
           met3       6
           met4       0
-----------------------
                   7359


[INFO DRT-0195] Start 3rd optimization iteration.
    Completing 10% with 85 violations.
    elapsed time = 00:00:00, memory = 890.16 (MB).
    Completing 20% with 85 violations.
    elapsed time = 00:00:01, memory = 891.04 (MB).
    Completing 30% with 55 violations.
    elapsed time = 00:00:01, memory = 891.04 (MB).
    Completing 40% with 55 violations.
    elapsed time = 00:00:01, memory = 891.04 (MB).
    Completing 50% with 55 violations.
    elapsed time = 00:00:01, memory = 891.04 (MB).
    Completing 60% with 45 violations.
    elapsed time = 00:00:01, memory = 891.04 (MB).
    Completing 70% with 45 violations.
    elapsed time = 00:00:02, memory = 891.04 (MB).
    Completing 80% with 19 violations.
    elapsed time = 00:00:02, memory = 891.04 (MB).
    Completing 90% with 19 violations.
    elapsed time = 00:00:02, memory = 891.04 (MB).
    Completing 100% with 0 violations.
    elapsed time = 00:00:02, memory = 891.04 (MB).
[INFO DRT-0199]   Number of violations = 0.
[INFO DRT-0267] cpu time = 00:00:15, elapsed time = 00:00:03, memory = 891.04 (MB), peak = 891.04 (MB)
Total wire length = 23871 um.
Total wire length on LAYER li1 = 0 um.
Total wire length on LAYER met1 = 11519 um.
Total wire length on LAYER met2 = 11669 um.
Total wire length on LAYER met3 = 539 um.
Total wire length on LAYER met4 = 142 um.
Total wire length on LAYER met5 = 0 um.
Total number of vias = 7439.
Up-via summary (total 7439):

-----------------------
 FR_MASTERSLICE       0
            li1    3660
           met1    3671
           met2     102
           met3       6
           met4       0
-----------------------
                   7439


[INFO DRT-0198] Complete detail routing.
Total wire length = 23871 um.
Total wire length on LAYER li1 = 0 um.
Total wire length on LAYER met1 = 11519 um.
Total wire length on LAYER met2 = 11669 um.
Total wire length on LAYER met3 = 539 um.
Total wire length on LAYER met4 = 142 um.
Total wire length on LAYER met5 = 0 um.
Total number of vias = 7439.
Up-via summary (total 7439):

-----------------------
 FR_MASTERSLICE       0
            li1    3660
           met1    3671
           met2     102
           met3       6
           met4       0
-----------------------
                   7439


[INFO DRT-0267] cpu time = 00:01:24, elapsed time = 00:00:19, memory = 891.04 (MB), peak = 891.04 (MB)

[INFO DRT-0180] Post processing.
Setting global connections for newly added cells…
[INFO] Setting global connections...
Updating metrics…
Cell type report:                       Count       Area
  Fill cell                               106     397.88
  Tap cell                                302     377.86
  Clock buffer                             12     253.99
  Timing Repair Buffer                    238    1830.51
  Inverter                                 22     105.10
  Clock inverter                            4      50.05
  Sequential cell                          67    1355.05
  Multi-Input combinational cell          665    6742.72
  Total                                  1416   11113.16
Writing OpenROAD database to '/home/anils_0611/vlsi_projects/pe_asic/pnr/config/runs/reg_run1/43-openroad-detailedrouting/PE.odb'…
Writing netlist to '/home/anils_0611/vlsi_projects/pe_asic/pnr/config/runs/reg_run1/43-openroad-detailedrouting/PE.nl.v'…
Writing powered netlist to '/home/anils_0611/vlsi_projects/pe_asic/pnr/config/runs/reg_run1/43-openroad-detailedrouting/PE.pnl.v'…
Writing layout to '/home/anils_0611/vlsi_projects/pe_asic/pnr/config/runs/reg_run1/43-openroad-detailedrouting/PE.def'…
Writing timing constraints to '/home/anils_0611/vlsi_projects/pe_asic/pnr/config/runs/reg_run1/43-openroad-detailedrouting/PE.sdc'…
