
===========================================================================
Violator List
============================================================================
[setup in-reg] b_in[4] -> _1427_/D : -1.851507
[setup in-reg] a_in[7] -> _1431_/D : -1.845129
[setup in-reg] a_in[7] -> _1432_/D : -1.831596
[setup in-reg] a_in[7] -> _1430_/D : -1.824260
[setup in-reg] b_in[4] -> _1426_/D : -1.802333
[setup in-reg] a_in[7] -> _1429_/D : -1.717828
[setup in-reg] b_in[4] -> _1428_/D : -1.638520
[setup in-reg] b_in[4] -> _1425_/D : -1.330537
[setup in-reg] b_in[4] -> _1424_/D : -1.217343
[setup reg-reg] _1376_/Q -> _1393_/D : -1.068822
[setup reg-reg] _1376_/Q -> _1394_/D : -1.050131
[setup reg-reg] _1376_/Q -> _1397_/D : -1.044205
[setup reg-reg] _1376_/Q -> _1396_/D : -1.037283
[setup reg-reg] _1376_/Q -> _1395_/D : -0.961568
[setup reg-reg] _1376_/Q -> _1402_/D : -0.957580
[setup reg-reg] _1376_/Q -> _1401_/D : -0.833830
[setup reg-reg] _1376_/Q -> _1399_/D : -0.801331
[setup reg-reg] _1376_/Q -> _1400_/D : -0.798567
[setup reg-reg] _1376_/Q -> _1391_/D : -0.759335
[setup reg-reg] _1376_/Q -> _1406_/D : -0.747761
[setup reg-reg] _1376_/Q -> _1405_/D : -0.675326
[setup reg-reg] _1376_/Q -> _1390_/D : -0.532976
[setup reg-reg] _1376_/Q -> _1392_/D : -0.527659
[setup in-reg] b_in[5] -> _1423_/D : -0.515061
[setup reg-reg] _1376_/Q -> _1398_/D : -0.501794
[setup reg-reg] _1376_/Q -> _1388_/D : -0.468197
[setup reg-reg] _1376_/Q -> _1404_/D : -0.410377
[setup in-reg] b_in[5] -> _1422_/D : -0.353645
[setup reg-reg] _1376_/Q -> _1389_/D : -0.316533
[setup reg-reg] _1376_/Q -> _1403_/D : -0.257686
[setup reg-reg] _1376_/Q -> _1386_/D : -0.162578
[setup reg-reg] _1418_/Q -> _1377_/D : -0.160177
[setup reg-reg] _1376_/Q -> _1387_/D : -0.139007
[setup reg-reg] _1418_/Q -> _1418_/D : -0.004070
