
===========================================================================
Violator List
============================================================================
[hold in-reg] reset -> _1380_/D : -0.154581
[hold in-reg] reset -> _1431_/D : -0.141650
[hold in-reg] v_b_in -> _1408_/D : -0.121383
[hold in-reg] v_a_in -> _1407_/D : -0.120884
[hold in-reg] reset -> _1382_/D : -0.101179
[hold in-reg] v_b_in -> _1418_/D : -0.078442
[hold in-reg] v_b_in -> _1419_/D : -0.078437
[hold in-reg] v_b_in -> _1420_/D : -0.078437
[hold in-reg] v_b_in -> _1428_/D : -0.071991
[hold in-reg] v_b_in -> _1432_/D : -0.060738
[hold in-reg] v_b_in -> _1429_/D : -0.052667
[hold in-reg] a_in[0] -> _1409_/D : -0.034727
[hold in-reg] v_b_in -> _1423_/D : -0.029340
[hold in-reg] a_in[7] -> _1416_/D : -0.018510
[hold in-reg] b_in[7] -> _1440_/D : -0.013546
[hold in-reg] clear_acc -> _1374_/D : -0.008920
[hold in-reg] a_in[2] -> _1411_/D : -0.007452
[hold in-reg] a_in[1] -> _1410_/D : -0.003845
[hold in-reg] a_in[3] -> _1412_/D : -0.003217
[hold in-reg] b_in[3] -> _1436_/D : -0.001572
[hold in-reg] b_in[2] -> _1435_/D : -0.000429
