
===========================================================================
report_checks -unconstrained
===========================================================================
======================= nom_tt_025C_1v80 Corner ===================================

Startpoint: a_in[6] (input port clocked by clk)
Endpoint: _1431_ (rising edge-triggered flip-flop clocked by clk)
Path Group: clk
Path Type: max

Fanout         Cap        Slew       Delay        Time   Description
---------------------------------------------------------------------------------------------
                                  0.000000    0.000000   clock clk (rise edge)
                                  0.000000    0.000000   clock network delay (propagated)
                                  0.000000    0.000000 v input external delay
     1    0.005871    0.015509    0.009545    0.009545 v a_in[6] (in)
                                                         a_in[6] (net)
                      0.015511    0.000000    0.009545 v input7/A (sky130_fd_sc_hd__buf_6)
     1    0.007064    0.023211    0.099012    0.108557 v input7/X (sky130_fd_sc_hd__buf_6)
                                                         net7 (net)
                      0.023211    0.000315    0.108872 v fanout97/A (sky130_fd_sc_hd__buf_6)
     2    0.009435    0.024970    0.104861    0.213733 v fanout97/X (sky130_fd_sc_hd__buf_6)
                                                         net97 (net)
                      0.024970    0.000177    0.213910 v fanout96/A (sky130_fd_sc_hd__buf_8)
     2    0.011414    0.025799    0.108766    0.322677 v fanout96/X (sky130_fd_sc_hd__buf_8)
                                                         net96 (net)
                      0.025799    0.000276    0.322953 v fanout95/A (sky130_fd_sc_hd__buf_12)
     5    0.020426    0.028768    0.116759    0.439712 v fanout95/X (sky130_fd_sc_hd__buf_12)
                                                         net95 (net)
                      0.028768    0.000618    0.440330 v fanout94/A (sky130_fd_sc_hd__buf_12)
     5    0.023553    0.030042    0.119710    0.560039 v fanout94/X (sky130_fd_sc_hd__buf_12)
                                                         net94 (net)
                      0.030088    0.000918    0.560958 v _1066_/A1 (sky130_fd_sc_hd__a22oi_4)
     6    0.030648    0.278183    0.266552    0.827510 ^ _1066_/Y (sky130_fd_sc_hd__a22oi_4)
                                                         _0396_ (net)
                      0.278269    0.001051    0.828560 ^ _1072_/B1 (sky130_fd_sc_hd__o22ai_4)
     3    0.019064    0.102069    0.147960    0.976520 v _1072_/Y (sky130_fd_sc_hd__o22ai_4)
                                                         _0402_ (net)
                      0.102070    0.000795    0.977315 v _1076_/C1 (sky130_fd_sc_hd__o211ai_4)
     4    0.022940    0.242672    0.132518    1.109834 ^ _1076_/Y (sky130_fd_sc_hd__o211ai_4)
                                                         _0406_ (net)
                      0.242673    0.000877    1.110711 ^ rebuffer82/A (sky130_fd_sc_hd__buf_6)
     1    0.010257    0.037024    0.141750    1.252460 ^ rebuffer82/X (sky130_fd_sc_hd__buf_6)
                                                         net214 (net)
                      0.037036    0.000270    1.252730 ^ _1091_/B1 (sky130_fd_sc_hd__o211ai_4)
     2    0.018776    0.093254    0.094703    1.347433 v _1091_/Y (sky130_fd_sc_hd__o211ai_4)
                                                         _0421_ (net)
                      0.093255    0.000725    1.348158 v _1097_/B1 (sky130_fd_sc_hd__a22oi_4)
     5    0.022765    0.231451    0.216517    1.564675 ^ _1097_/Y (sky130_fd_sc_hd__a22oi_4)
                                                         _0427_ (net)
                      0.231453    0.001315    1.565989 ^ rebuffer7/A (sky130_fd_sc_hd__clkbuf_1)
     1    0.005491    0.075000    0.138946    1.704935 ^ rebuffer7/X (sky130_fd_sc_hd__clkbuf_1)
                                                         net139 (net)
                      0.075000    0.000136    1.705072 ^ _1168_/A2 (sky130_fd_sc_hd__o21ai_2)
     1    0.009122    0.091708    0.069717    1.774789 v _1168_/Y (sky130_fd_sc_hd__o21ai_2)
                                                         _0497_ (net)
                      0.091709    0.000237    1.775025 v _1169_/B (sky130_fd_sc_hd__nand3_4)
     5    0.030060    0.122845    0.139834    1.914860 ^ _1169_/Y (sky130_fd_sc_hd__nand3_4)
                                                         _0498_ (net)
                      0.122848    0.000811    1.915671 ^ rebuffer9/A (sky130_fd_sc_hd__buf_6)
     1    0.009852    0.033665    0.116116    2.031787 ^ rebuffer9/X (sky130_fd_sc_hd__buf_6)
                                                         net141 (net)
                      0.033666    0.000355    2.032142 ^ _1175_/A1 (sky130_fd_sc_hd__a21oi_4)
     3    0.017011    0.081324    0.057613    2.089755 v _1175_/Y (sky130_fd_sc_hd__a21oi_4)
                                                         _0504_ (net)
                      0.081325    0.000556    2.090312 v _1180_/B1 (sky130_fd_sc_hd__o221ai_4)
     4    0.022447    0.263182    0.252175    2.342486 ^ _1180_/Y (sky130_fd_sc_hd__o221ai_4)
                                                         _0509_ (net)
                      0.263183    0.000971    2.343457 ^ _1239_/A (sky130_fd_sc_hd__nand4_4)
     1    0.010059    0.111314    0.127407    2.470865 v _1239_/Y (sky130_fd_sc_hd__nand4_4)
                                                         _0566_ (net)
                      0.111314    0.000310    2.471175 v _1328_/A1 (sky130_fd_sc_hd__o21ai_4)
     4    0.019398    0.184541    0.227610    2.698785 ^ _1328_/Y (sky130_fd_sc_hd__o21ai_4)
                                                         _0653_ (net)
                      0.184544    0.000952    2.699737 ^ rebuffer112/A (sky130_fd_sc_hd__clkbuf_1)
     1    0.005332    0.072932    0.130903    2.830640 ^ rebuffer112/X (sky130_fd_sc_hd__clkbuf_1)
                                                         net244 (net)
                      0.072932    0.000185    2.830825 ^ _1350_/A (sky130_fd_sc_hd__nand3_2)
     2    0.007523    0.088495    0.075449    2.906273 v _1350_/Y (sky130_fd_sc_hd__nand3_2)
                                                         _0673_ (net)
                      0.088495    0.000131    2.906404 v _1359_/A (sky130_fd_sc_hd__nand3_1)
     1    0.006078    0.089179    0.103411    3.009815 ^ _1359_/Y (sky130_fd_sc_hd__nand3_1)
                                                         _0682_ (net)
                      0.089179    0.000236    3.010051 ^ _1361_/C1 (sky130_fd_sc_hd__o211ai_2)
     1    0.007374    0.084702    0.096580    3.106631 v _1361_/Y (sky130_fd_sc_hd__o211ai_2)
                                                         _0684_ (net)
                      0.084703    0.000406    3.107037 v _1362_/B1 (sky130_fd_sc_hd__o41ai_1)
     1    0.002919    0.262671    0.074351    3.181388 ^ _1362_/Y (sky130_fd_sc_hd__o41ai_1)
                                                         _0057_ (net)
                      0.262671    0.000094    3.181482 ^ _1431_/D (sky130_fd_sc_hd__dfxtp_1)
                                              3.181482   data arrival time

                                  4.000000    4.000000   clock clk (rise edge)
                                  0.000000    4.000000   clock source latency
     1    0.017029    0.082485    0.056720    4.056720 ^ clk (in)
                                                         clk (net)
                      0.082499    0.000000    4.056720 ^ clkbuf_0_clk/A (sky130_fd_sc_hd__clkbuf_16)
     8    0.077339    0.094647    0.181848    4.238568 ^ clkbuf_0_clk/X (sky130_fd_sc_hd__clkbuf_16)
                                                         clknet_0_clk (net)
                      0.094812    0.002678    4.241247 ^ clkbuf_3_3__f_clk/A (sky130_fd_sc_hd__clkbuf_16)
    11    0.032738    0.053359    0.154474    4.395721 ^ clkbuf_3_3__f_clk/X (sky130_fd_sc_hd__clkbuf_16)
                                                         clknet_3_3__leaf_clk (net)
                      0.053381    0.001296    4.397017 ^ _1431_/CLK (sky130_fd_sc_hd__dfxtp_1)
                                 -0.250000    4.147017   clock uncertainty
                                  0.000000    4.147017   clock reconvergence pessimism
                                 -0.103016    4.044001   library setup time
                                              4.044001   data required time
---------------------------------------------------------------------------------------------
                                              4.044001   data required time
                                             -3.181482   data arrival time
---------------------------------------------------------------------------------------------
                                              0.862519   slack (MET)




===========================================================================
report_checks --slack_max -0.01
============================================================================
======================= nom_tt_025C_1v80 Corner ===================================

No paths found.


===========================================================================
 report_check_types -max_slew -max_cap -max_fanout -violators
============================================================================
======================= nom_tt_025C_1v80 Corner ===================================

max fanout

Pin                                   Limit Fanout  Slack
---------------------------------------------------------
clkbuf_3_2__f_clk/X                      10     11        (VIOLATED)
clkbuf_3_3__f_clk/X                      10     11        (VIOLATED)
clkbuf_3_7__f_clk/X                      10     11        (VIOLATED)



===========================================================================
report_parasitic_annotation -report_unannotated
============================================================================
Found 6 unannotated drivers.
 clkload0/X
 clkload1/Y
 clkload2/Y
 clkload3/Y
 clkload4/Y
 clkload5/X
Found 0 partially unannotated drivers.

===========================================================================
max slew violation count 0
Writing metric design__max_slew_violation__count__corner:nom_tt_025C_1v80: 0
max fanout violation count 3
Writing metric design__max_fanout_violation__count__corner:nom_tt_025C_1v80: 3
max cap violation count 0
Writing metric design__max_cap_violation__count__corner:nom_tt_025C_1v80: 0
============================================================================

===========================================================================
check_setup -verbose -unconstrained_endpoints -multiple_clock -no_clock -no_input_delay -loops -generated_clocks
===========================================================================
