Clock: clk
Sources: clk 
Generated: no
Virtual: yes
Propagated: no
Period: 5.000000

===========================================================================
report_clock_properties
============================================================================
Clock                   Period          Waveform
----------------------------------------------------
clk                   5.000000    0.000000  2.500000

===========================================================================
report_clock_latency
============================================================================
Clock clk
rise -> rise
    min     max
0.000000 0.000000 source latency
0.726071         network latency _1383_/CLK
        0.746130 network latency _1437_/CLK
---------------
0.726071 0.746130 latency
        0.020059 skew

fall -> fall
    min     max
0.000000 0.000000 source latency
0.674034         network latency _1383_/CLK
        0.691511 network latency _1437_/CLK
---------------
0.674034 0.691511 latency
        0.017476 skew



===========================================================================
report_clock_min_period
============================================================================
clk period_min = 5.87 fmax = 170.24
