
===========================================================================
Violator List
============================================================================
[setup in-reg] b_in[2] -> _1431_/D : -1.993937
[setup in-reg] b_in[2] -> _1432_/D : -1.956647
[setup in-reg] a_in[4] -> _1426_/D : -1.865995
[setup in-reg] b_in[2] -> _1430_/D : -1.766748
[setup in-reg] b_in[1] -> _1428_/D : -1.729438
[setup in-reg] b_in[2] -> _1429_/D : -1.726626
[setup in-reg] a_in[1] -> _1427_/D : -1.713155
[setup in-reg] a_in[4] -> _1425_/D : -1.389391
[setup in-reg] b_in[2] -> _1424_/D : -1.210600
[setup reg-reg] _1376_/Q -> _1397_/D : -0.874184
[setup reg-reg] _1376_/Q -> _1396_/D : -0.858885
[setup reg-reg] _1376_/Q -> _1394_/D : -0.857923
[setup reg-reg] _1376_/Q -> _1402_/D : -0.835841
[setup reg-reg] _1376_/Q -> _1393_/D : -0.822610
[setup reg-reg] _1376_/Q -> _1395_/D : -0.781033
[setup reg-reg] _1376_/Q -> _1401_/D : -0.713912
[setup reg-reg] _1376_/Q -> _1399_/D : -0.693988
[setup reg-reg] _1376_/Q -> _1400_/D : -0.655094
[setup reg-reg] _1376_/Q -> _1391_/D : -0.620300
[setup reg-reg] _1376_/Q -> _1406_/D : -0.605107
[setup reg-reg] _1376_/Q -> _1390_/D : -0.439820
[setup reg-reg] _1376_/Q -> _1398_/D : -0.386837
[setup reg-reg] _1376_/Q -> _1405_/D : -0.348864
[setup reg-reg] _1376_/Q -> _1392_/D : -0.335182
[setup reg-reg] _1376_/Q -> _1388_/D : -0.311099
[setup in-reg] b_in[1] -> _1423_/D : -0.270828
[setup reg-out] _1376_/Q -> psum[1] : -0.225298
[setup reg-reg] _1376_/Q -> _1404_/D : -0.222493
[setup reg-reg] _1376_/Q -> _1389_/D : -0.202927
[setup in-reg] a_in[3] -> _1422_/D : -0.187018
[setup reg-reg] _1376_/Q -> _1386_/D : -0.024731
[setup reg-reg] _1376_/Q -> _1403_/D : -0.011231
