Reading OpenROAD database at '/home/anils_0611/vlsi_projects/pe_asic/pnr/config/runs/reg_run4/24-openroad-ioplacement/PE.odb'…
Reading library file at '/home/anils_0611/.volare/volare/sky130/versions/0fe599b2afb6708d281543108caf8310912f54af/sky130A/libs.ref/sky130_fd_sc_hd/lib/sky130_fd_sc_hd__tt_025C_1v80.lib'…
Reading design constraints file at '/nix/store/9hhfv2x4r4x6v55799pa58jc2yni6awy-python3.11-openlane-2.3.10/lib/python3.11/site-packages/openlane/scripts/base.sdc'…
[INFO] Using clock clk…
[INFO] Setting output delay to: 0
[INFO] Setting input delay to: 0
[INFO] Setting load to: 0.033442
[INFO] Setting clock uncertainty to: 0.25
[INFO] Setting clock transition to: 0.1499999999999999944488848768742172978818416595458984375
[INFO] Setting timing derate to: 5%
[INFO] Setting RC values…
[INFO] Setting signal min routing layer to: met1 and clock min routing layer to met1. 
[INFO] Setting signal max routing layer to: met5 and clock max routing layer to met5. 
+ global_placement -density 0.45 -timing_driven -routability_driven -pad_right 0 -pad_left 0 -init_wirelength_coef 0.25
[INFO GPL-0002] DBU: 1000
[INFO GPL-0003] SiteSize: (  0.460  2.720 ) um
[INFO GPL-0004] CoreBBox: (  5.520 10.880 ) ( 149.960 155.040 ) um
[INFO GPL-0006] NumInstances:              1162
[INFO GPL-0007] NumPlaceInstances:          754
[INFO GPL-0008] NumFixedInstances:          408
[INFO GPL-0009] NumDummyInstances:            0
[INFO GPL-0010] NumNets:                    775
[INFO GPL-0011] NumPins:                   3230
[INFO GPL-0012] DieBBox:  (  0.000  0.000 ) ( 155.925 166.645 ) um
[INFO GPL-0013] CoreBBox: (  5.520 10.880 ) ( 149.960 155.040 ) um
[INFO GPL-0016] CoreArea:             20822.470 um^2
[INFO GPL-0017] NonPlaceInstsArea:      775.744 um^2
[INFO GPL-0018] PlaceInstsArea:        8396.803 um^2
[INFO GPL-0019] Util:                    41.886 %
[INFO GPL-0020] StdInstsArea:          8396.803 um^2
[INFO GPL-0021] MacroInstsArea:           0.000 um^2
[InitialPlace]  Iter: 1 CG residual: 0.00000012 HPWL: 20456188
[InitialPlace]  Iter: 2 CG residual: 0.00000010 HPWL: 13809950
[InitialPlace]  Iter: 3 CG residual: 0.00000009 HPWL: 13549623
[InitialPlace]  Iter: 4 CG residual: 0.00000009 HPWL: 13434823
[InitialPlace]  Iter: 5 CG residual: 0.00000009 HPWL: 13319819
[INFO GPL-0031] FillerInit:NumGCells:       811
[INFO GPL-0032] FillerInit:NumGNets:        775
[INFO GPL-0033] FillerInit:NumGPins:       3230
[INFO GPL-0023] TargetDensity:            0.450
[INFO GPL-0024] AvrgPlaceInstArea:       11.136 um^2
[INFO GPL-0025] IdealBinArea:            24.747 um^2
[INFO GPL-0026] IdealBinCnt:                841
[INFO GPL-0027] TotalBinArea:         20822.470 um^2
[INFO GPL-0028] BinCnt:        16     16
[INFO GPL-0029] BinSize: (  9.028  9.010 )
[INFO GPL-0030] NumBins: 256
[NesterovSolve] Iter:    1 overflow: 0.841 HPWL: 8343546
[INFO GPL-0100] Timing-driven: executing resizer for reweighting nets.
[INFO GPL-0101] Timing-driven: worst slack 6.82e-10
[INFO GPL-0103] Timing-driven: weighted 77 nets.
[NesterovSolve] Iter:   10 overflow: 0.766 HPWL: 9080915
[NesterovSolve] Iter:   20 overflow: 0.736 HPWL: 9413540
[NesterovSolve] Iter:   30 overflow: 0.731 HPWL: 9560799
[NesterovSolve] Iter:   40 overflow: 0.734 HPWL: 9522464
[NesterovSolve] Iter:   50 overflow: 0.731 HPWL: 9451764
[NesterovSolve] Iter:   60 overflow: 0.730 HPWL: 9433403
[NesterovSolve] Iter:   70 overflow: 0.730 HPWL: 9450378
[NesterovSolve] Iter:   80 overflow: 0.731 HPWL: 9468143
[NesterovSolve] Iter:   90 overflow: 0.731 HPWL: 9470335
[NesterovSolve] Iter:  100 overflow: 0.729 HPWL: 9464783
[NesterovSolve] Iter:  110 overflow: 0.727 HPWL: 9469407
[NesterovSolve] Iter:  120 overflow: 0.726 HPWL: 9490051
[NesterovSolve] Iter:  130 overflow: 0.725 HPWL: 9519909
[NesterovSolve] Iter:  140 overflow: 0.722 HPWL: 9558552
[NesterovSolve] Iter:  150 overflow: 0.717 HPWL: 9620591
[NesterovSolve] Iter:  160 overflow: 0.712 HPWL: 9723672
[NesterovSolve] Iter:  170 overflow: 0.693 HPWL: 9880770
[NesterovSolve] Iter:  180 overflow: 0.679 HPWL: 10092664
[NesterovSolve] Iter:  190 overflow: 0.654 HPWL: 10379397
[INFO GPL-0100] Timing-driven: executing resizer for reweighting nets.
[INFO GPL-0101] Timing-driven: worst slack 6.76e-10
[INFO GPL-0103] Timing-driven: weighted 77 nets.
[NesterovSolve] Iter:  200 overflow: 0.630 HPWL: 10720835
[NesterovSolve] Iter:  210 overflow: 0.598 HPWL: 11021533
[NesterovSolve] Snapshot saved at iter = 209
[NesterovSolve] Iter:  220 overflow: 0.567 HPWL: 11364050
[NesterovSolve] Iter:  230 overflow: 0.525 HPWL: 11770682
[NesterovSolve] Iter:  240 overflow: 0.483 HPWL: 12077739
[INFO GPL-0100] Timing-driven: executing resizer for reweighting nets.
[INFO GPL-0101] Timing-driven: worst slack 6.46e-10
[INFO GPL-0103] Timing-driven: weighted 77 nets.
[NesterovSolve] Iter:  250 overflow: 0.441 HPWL: 12510275
[NesterovSolve] Iter:  260 overflow: 0.387 HPWL: 12789064
[NesterovSolve] Iter:  270 overflow: 0.345 HPWL: 13106318
[NesterovSolve] Iter:  280 overflow: 0.315 HPWL: 13306701
[INFO GPL-0075] Routability numCall: 1 inflationIterCnt: 1 bloatIterCnt: 0
[INFO GPL-0036] TileBBox: (    0    0 ) ( 6900 6900 ) DBU
[INFO GPL-0038] TileCnt:      22   24
[INFO GPL-0040] NumTiles: 528
[INFO GPL-0081] TotalRouteOverflow: 0
[INFO GPL-0082] OverflowTileCnt: 0
[INFO GPL-0083] 0.5%RC: 0.8042699893315634
[INFO GPL-0084] 1.0%RC: 0.7942712207635244
[INFO GPL-0085] 2.0%RC: 0.7722164717587557
[INFO GPL-0086] 5.0%RC: 0.7285891550558584
[INFO GPL-0087] FinalRC: 0.79927063
[INFO GPL-0077] FinalRC lower than targetRC(1.01), routability not needed.
[NesterovSolve] Iter:  290 overflow: 0.284 HPWL: 13473552
[INFO GPL-0100] Timing-driven: executing resizer for reweighting nets.
[INFO GPL-0101] Timing-driven: worst slack 7.6e-10
[INFO GPL-0103] Timing-driven: weighted 77 nets.
[NesterovSolve] Iter:  300 overflow: 0.255 HPWL: 13659060
[NesterovSolve] Iter:  310 overflow: 0.227 HPWL: 13832755
[NesterovSolve] Iter:  320 overflow: 0.207 HPWL: 14035509
[INFO GPL-0100] Timing-driven: executing resizer for reweighting nets.
[INFO GPL-0101] Timing-driven: worst slack 7.55e-10
[INFO GPL-0103] Timing-driven: weighted 71 nets.
[NesterovSolve] Iter:  330 overflow: 0.188 HPWL: 14211275
[NesterovSolve] Iter:  340 overflow: 0.166 HPWL: 14344905
[NesterovSolve] Iter:  350 overflow: 0.144 HPWL: 14463533
[INFO GPL-0100] Timing-driven: executing resizer for reweighting nets.
[INFO GPL-0101] Timing-driven: worst slack 7.62e-10
[INFO GPL-0103] Timing-driven: weighted 76 nets.
[NesterovSolve] Iter:  360 overflow: 0.124 HPWL: 14570107
[NesterovSolve] Iter:  370 overflow: 0.107 HPWL: 14657938
[NesterovSolve] Finished with Overflow: 0.099527
[INFO] Setting RC values…
Setting global connections for newly added cells…
[INFO] Setting global connections...
Updating metrics…
Cell type report:                       Count       Area
  Fill cell                               106     397.88
  Tap cell                                302     377.86
  Inverter                                 22      82.58
  Sequential cell                          67    1425.12
  Multi-Input combinational cell          665    6889.11
  Total                                  1162    9172.55
Writing OpenROAD database to '/home/anils_0611/vlsi_projects/pe_asic/pnr/config/runs/reg_run4/27-openroad-globalplacement/PE.odb'…
Writing netlist to '/home/anils_0611/vlsi_projects/pe_asic/pnr/config/runs/reg_run4/27-openroad-globalplacement/PE.nl.v'…
Writing powered netlist to '/home/anils_0611/vlsi_projects/pe_asic/pnr/config/runs/reg_run4/27-openroad-globalplacement/PE.pnl.v'…
Writing layout to '/home/anils_0611/vlsi_projects/pe_asic/pnr/config/runs/reg_run4/27-openroad-globalplacement/PE.def'…
Writing timing constraints to '/home/anils_0611/vlsi_projects/pe_asic/pnr/config/runs/reg_run4/27-openroad-globalplacement/PE.sdc'…
