
===========================================================================
report_checks -unconstrained
===========================================================================
======================= min_ff_n40C_1v95 Corner ===================================

Startpoint: a_in[6] (input port clocked by clk)
Endpoint: _1432_ (rising edge-triggered flip-flop clocked by clk)
Path Group: clk
Path Type: max

Fanout         Cap        Slew       Delay        Time   Description
---------------------------------------------------------------------------------------------
                                  0.000000    0.000000   clock clk (rise edge)
                                  0.000000    0.000000   clock network delay (propagated)
                                  1.000000    1.000000 ^ input external delay
     1    0.002787    0.013871    0.007187    1.007187 ^ a_in[6] (in)
                                                         a_in[6] (net)
                      0.013871    0.000000    1.007187 ^ input7/A (sky130_fd_sc_hd__clkbuf_1)
     1    0.009128    0.085185    0.084794    1.091981 ^ input7/X (sky130_fd_sc_hd__clkbuf_1)
                                                         net7 (net)
                      0.085186    0.000215    1.092196 ^ fanout96/A (sky130_fd_sc_hd__buf_6)
     2    0.007633    0.022451    0.067461    1.159658 ^ fanout96/X (sky130_fd_sc_hd__buf_6)
                                                         net96 (net)
                      0.022451    0.000073    1.159731 ^ fanout95/A (sky130_fd_sc_hd__buf_6)
     6    0.050530    0.080408    0.099250    1.258981 ^ fanout95/X (sky130_fd_sc_hd__buf_6)
                                                         net95 (net)
                      0.080410    0.000310    1.259291 ^ fanout94/A (sky130_fd_sc_hd__buf_12)
     4    0.020957    0.029981    0.076641    1.335932 ^ fanout94/X (sky130_fd_sc_hd__buf_12)
                                                         net94 (net)
                      0.029983    0.000409    1.336341 ^ fanout93/A (sky130_fd_sc_hd__buf_12)
    10    0.063482    0.062203    0.092313    1.428654 ^ fanout93/X (sky130_fd_sc_hd__buf_12)
                                                         net93 (net)
                      0.062203    0.000232    1.428886 ^ _1066_/A1 (sky130_fd_sc_hd__a22oi_4)
     4    0.017729    0.056894    0.053237    1.482123 v _1066_/Y (sky130_fd_sc_hd__a22oi_4)
                                                         _0396_ (net)
                      0.056894    0.000287    1.482411 v rebuffer33/A (sky130_fd_sc_hd__buf_6)
     2    0.019694    0.024827    0.093222    1.575633 v rebuffer33/X (sky130_fd_sc_hd__buf_6)
                                                         net165 (net)
                      0.024831    0.000339    1.575972 v _1071_/A1 (sky130_fd_sc_hd__o21bai_4)
     1    0.010490    0.092743    0.102194    1.678166 ^ _1071_/Y (sky130_fd_sc_hd__o21bai_4)
                                                         _0401_ (net)
                      0.092743    0.000139    1.678305 ^ _1077_/C (sky130_fd_sc_hd__nand3_4)
     6    0.041371    0.108907    0.096096    1.774400 v _1077_/Y (sky130_fd_sc_hd__nand3_4)
                                                         _0407_ (net)
                      0.108911    0.000515    1.774915 v _1147_/A1 (sky130_fd_sc_hd__a21oi_4)
     3    0.017663    0.127284    0.150062    1.924977 ^ _1147_/Y (sky130_fd_sc_hd__a21oi_4)
                                                         _0476_ (net)
                      0.127284    0.000315    1.925292 ^ rebuffer4/A (sky130_fd_sc_hd__clkbuf_2)
     3    0.009120    0.045814    0.098993    2.024285 ^ rebuffer4/X (sky130_fd_sc_hd__clkbuf_2)
                                                         net136 (net)
                      0.045814    0.000100    2.024385 ^ rebuffer5/A (sky130_fd_sc_hd__clkbuf_2)
     1    0.009638    0.046378    0.082863    2.107248 ^ rebuffer5/X (sky130_fd_sc_hd__clkbuf_2)
                                                         net137 (net)
                      0.046378    0.000082    2.107330 ^ _1164_/B1 (sky130_fd_sc_hd__o221ai_4)
     1    0.009774    0.057767    0.055469    2.162799 v _1164_/Y (sky130_fd_sc_hd__o221ai_4)
                                                         _0493_ (net)
                      0.057767    0.000142    2.162941 v _1169_/B (sky130_fd_sc_hd__nand3_4)
     4    0.024820    0.084905    0.089346    2.252287 ^ _1169_/Y (sky130_fd_sc_hd__nand3_4)
                                                         _0498_ (net)
                      0.084906    0.000542    2.252829 ^ rebuffer25/A (sky130_fd_sc_hd__buf_6)
     1    0.009826    0.025150    0.069858    2.322687 ^ rebuffer25/X (sky130_fd_sc_hd__buf_6)
                                                         net157 (net)
                      0.025150    0.000116    2.322803 ^ _1175_/A1 (sky130_fd_sc_hd__a21oi_4)
     3    0.019452    0.062658    0.038257    2.361060 v _1175_/Y (sky130_fd_sc_hd__a21oi_4)
                                                         _0504_ (net)
                      0.062659    0.000358    2.361418 v _1180_/B1 (sky130_fd_sc_hd__o221ai_4)
     4    0.023015    0.183814    0.178396    2.539813 ^ _1180_/Y (sky130_fd_sc_hd__o221ai_4)
                                                         _0509_ (net)
                      0.183814    0.000375    2.540188 ^ _1239_/A (sky130_fd_sc_hd__nand4_4)
     1    0.009589    0.077030    0.062743    2.602931 v _1239_/Y (sky130_fd_sc_hd__nand4_4)
                                                         _0566_ (net)
                      0.077030    0.000110    2.603041 v _1328_/A1 (sky130_fd_sc_hd__o21ai_4)
     4    0.014565    0.116880    0.141747    2.744788 ^ _1328_/Y (sky130_fd_sc_hd__o21ai_4)
                                                         _0653_ (net)
                      0.116881    0.000369    2.745157 ^ _1350_/A (sky130_fd_sc_hd__nand3_1)
     2    0.006300    0.067709    0.063230    2.808386 v _1350_/Y (sky130_fd_sc_hd__nand3_1)
                                                         _0673_ (net)
                      0.067709    0.000071    2.808457 v _1360_/A2_N (sky130_fd_sc_hd__o2bb2ai_1)
     1    0.003534    0.063398    0.080146    2.888603 v _1360_/Y (sky130_fd_sc_hd__o2bb2ai_1)
                                                         _0683_ (net)
                      0.063398    0.000043    2.888646 v _1365_/A2 (sky130_fd_sc_hd__a31oi_1)
     1    0.002291    0.086325    0.112079    3.000725 ^ _1365_/Y (sky130_fd_sc_hd__a31oi_1)
                                                         _0058_ (net)
                      0.086325    0.000013    3.000738 ^ _1432_/D (sky130_fd_sc_hd__dfxtp_1)
                                              3.000738   data arrival time

                                  5.000000    5.000000   clock clk (rise edge)
                                  0.000000    5.000000   clock source latency
     1    0.021963    0.078218    0.053740    5.053740 ^ clk (in)
                                                         clk (net)
                      0.078230    0.000000    5.053740 ^ clkbuf_0_clk/A (sky130_fd_sc_hd__clkbuf_16)
     8    0.083760    0.077166    0.133023    5.186763 ^ clkbuf_0_clk/X (sky130_fd_sc_hd__clkbuf_16)
                                                         clknet_0_clk (net)
                      0.077358    0.002720    5.189483 ^ clkbuf_3_5__f_clk/A (sky130_fd_sc_hd__clkbuf_16)
     8    0.032142    0.040031    0.105403    5.294887 ^ clkbuf_3_5__f_clk/X (sky130_fd_sc_hd__clkbuf_16)
                                                         clknet_3_5__leaf_clk (net)
                      0.040033    0.000507    5.295393 ^ _1432_/CLK (sky130_fd_sc_hd__dfxtp_1)
                                 -0.250000    5.045393   clock uncertainty
                                  0.000000    5.045393   clock reconvergence pessimism
                                 -0.033632    5.011761   library setup time
                                              5.011761   data required time
---------------------------------------------------------------------------------------------
                                              5.011761   data required time
                                             -3.000738   data arrival time
---------------------------------------------------------------------------------------------
                                              2.011024   slack (MET)




===========================================================================
report_checks --slack_max -0.01
============================================================================
======================= min_ff_n40C_1v95 Corner ===================================

No paths found.


===========================================================================
 report_check_types -max_slew -max_cap -max_fanout -violators
============================================================================
======================= min_ff_n40C_1v95 Corner ===================================

max fanout

Pin                                   Limit Fanout  Slack
---------------------------------------------------------
clkbuf_3_2__f_clk/X                      10     11        (VIOLATED)
clkbuf_3_3__f_clk/X                      10     11        (VIOLATED)
clkbuf_3_7__f_clk/X                      10     11        (VIOLATED)



===========================================================================
report_parasitic_annotation -report_unannotated
============================================================================
Found 7 unannotated drivers.
 clkload0/X
 clkload1/Y
 clkload2/X
 clkload3/Y
 clkload4/Y
 clkload5/Y
 clkload6/X
Found 0 partially unannotated drivers.

===========================================================================
max slew violation count 0
max fanout violation count 3
max cap violation count 0
============================================================================

===========================================================================
check_setup -verbose -unconstrained_endpoints -multiple_clock -no_clock -no_input_delay -loops -generated_clocks
===========================================================================
