Clock: clk
Sources: clk 
Generated: no
Virtual: yes
Propagated: no
Period: 6.000000

===========================================================================
report_clock_properties
============================================================================
Clock                   Period          Waveform
----------------------------------------------------
clk                   6.000000    0.000000  3.000000

===========================================================================
report_clock_latency
============================================================================
Clock clk
rise -> rise
    min     max
0.000000 0.000000 source latency
0.434473         network latency _1422_/CLK
        0.445406 network latency _1380_/CLK
---------------
0.434473 0.445406 latency
        0.010933 skew

fall -> fall
    min     max
0.000000 0.000000 source latency
0.384969         network latency _1422_/CLK
        0.394400 network latency _1380_/CLK
---------------
0.384969 0.394400 latency
        0.009430 skew



===========================================================================
report_clock_min_period
============================================================================
clk period_min = 3.71 fmax = 269.65
