
===========================================================================
report_checks -unconstrained
===========================================================================
======================= max_ff_n40C_1v95 Corner ===================================

Startpoint: b_in[5] (input port clocked by clk)
Endpoint: _1432_ (rising edge-triggered flip-flop clocked by clk)
Path Group: clk
Path Type: max

Fanout         Cap        Slew       Delay        Time   Description
---------------------------------------------------------------------------------------------
                                  0.000000    0.000000   clock clk (rise edge)
                                  0.000000    0.000000   clock network delay (propagated)
                                  1.000000    1.000000 ^ input external delay
     1    0.010354    0.039730    0.026132    1.026132 ^ b_in[5] (in)
                                                         b_in[5] (net)
                      0.039737    0.000000    1.026132 ^ input14/A (sky130_fd_sc_hd__clkbuf_1)
     1    0.013188    0.119925    0.113981    1.140113 ^ input14/X (sky130_fd_sc_hd__clkbuf_1)
                                                         net14 (net)
                      0.119941    0.001160    1.141273 ^ fanout120/A (sky130_fd_sc_hd__clkbuf_2)
     5    0.051227    0.214378    0.211017    1.352290 ^ fanout120/X (sky130_fd_sc_hd__clkbuf_2)
                                                         net120 (net)
                      0.214593    0.005588    1.357878 ^ fanout119/A (sky130_fd_sc_hd__clkbuf_4)
    10    0.067385    0.156712    0.212099    1.569977 ^ fanout119/X (sky130_fd_sc_hd__clkbuf_4)
                                                         net119 (net)
                      0.157729    0.010214    1.580191 ^ _0698_/A (sky130_fd_sc_hd__clkinv_4)
    10    0.068959    0.115323    0.114749    1.694940 v _0698_/Y (sky130_fd_sc_hd__clkinv_4)
                                                         _0078_ (net)
                      0.115711    0.005584    1.700524 v _1032_/A2 (sky130_fd_sc_hd__o21a_1)
     3    0.013500    0.056949    0.169174    1.869698 v _1032_/X (sky130_fd_sc_hd__o21a_1)
                                                         _0363_ (net)
                      0.056956    0.000668    1.870367 v _1035_/D (sky130_fd_sc_hd__or4_4)
     4    0.027740    0.085267    0.289280    2.159646 v _1035_/X (sky130_fd_sc_hd__or4_4)
                                                         _0366_ (net)
                      0.085296    0.001458    2.161104 v _1038_/A (sky130_fd_sc_hd__nand2_2)
     4    0.021634    0.095023    0.104499    2.265603 ^ _1038_/Y (sky130_fd_sc_hd__nand2_2)
                                                         _0369_ (net)
                      0.095033    0.000763    2.266366 ^ _1051_/B2 (sky130_fd_sc_hd__a32oi_4)
     3    0.016148    0.085781    0.046768    2.313134 v _1051_/Y (sky130_fd_sc_hd__a32oi_4)
                                                         _0381_ (net)
                      0.085784    0.000968    2.314102 v rebuffer10/A (sky130_fd_sc_hd__dlygate4sd1_1)
     2    0.014036    0.054697    0.196957    2.511059 v rebuffer10/X (sky130_fd_sc_hd__dlygate4sd1_1)
                                                         net146 (net)
                      0.054714    0.000908    2.511967 v _1182_/A2 (sky130_fd_sc_hd__o2111ai_4)
     5    0.027933    0.228519    0.210352    2.722319 ^ _1182_/Y (sky130_fd_sc_hd__o2111ai_4)
                                                         _0511_ (net)
                      0.228523    0.001794    2.724113 ^ _1239_/C (sky130_fd_sc_hd__nand4_4)
     1    0.009977    0.074234    0.069632    2.793745 v _1239_/Y (sky130_fd_sc_hd__nand4_4)
                                                         _0566_ (net)
                      0.074236    0.000793    2.794538 v _1328_/A1 (sky130_fd_sc_hd__o21ai_4)
     4    0.025017    0.163047    0.174190    2.968728 ^ _1328_/Y (sky130_fd_sc_hd__o21ai_4)
                                                         _0653_ (net)
                      0.163145    0.003030    2.971759 ^ rebuffer58/A (sky130_fd_sc_hd__buf_6)
     1    0.009762    0.027079    0.076542    3.048301 ^ rebuffer58/X (sky130_fd_sc_hd__buf_6)
                                                         net194 (net)
                      0.027089    0.000749    3.049050 ^ _1350_/A (sky130_fd_sc_hd__nand3_4)
     2    0.013983    0.071815    0.041887    3.090938 v _1350_/Y (sky130_fd_sc_hd__nand3_4)
                                                         _0673_ (net)
                      0.071844    0.001085    3.092023 v _1360_/A2_N (sky130_fd_sc_hd__o2bb2ai_2)
     1    0.003600    0.062922    0.082429    3.174451 v _1360_/Y (sky130_fd_sc_hd__o2bb2ai_2)
                                                         _0683_ (net)
                      0.062923    0.000232    3.174683 v _1365_/A1 (sky130_fd_sc_hd__a31oi_1)
     1    0.002892    0.093497    0.096039    3.270722 ^ _1365_/Y (sky130_fd_sc_hd__a31oi_1)
                                                         _0058_ (net)
                      0.093497    0.000217    3.270939 ^ _1432_/D (sky130_fd_sc_hd__dfxtp_1)
                                              3.270939   data arrival time

                                  5.000000    5.000000   clock clk (rise edge)
                                  0.000000    5.000000   clock source latency
     1    0.023114    0.081774    0.057145    5.057145 ^ clk (in)
                                                         clk (net)
                      0.081887    0.000000    5.057145 ^ clkbuf_0_clk/A (sky130_fd_sc_hd__clkbuf_16)
     8    0.092080    0.083413    0.136727    5.193871 ^ clkbuf_0_clk/X (sky130_fd_sc_hd__clkbuf_16)
                                                         clknet_0_clk (net)
                      0.083892    0.005069    5.198941 ^ clkbuf_3_0__f_clk/A (sky130_fd_sc_hd__clkbuf_16)
     8    0.032881    0.040565    0.107244    5.306185 ^ clkbuf_3_0__f_clk/X (sky130_fd_sc_hd__clkbuf_16)
                                                         clknet_3_0__leaf_clk (net)
                      0.040612    0.001634    5.307819 ^ _1432_/CLK (sky130_fd_sc_hd__dfxtp_1)
                                 -0.250000    5.057819   clock uncertainty
                                  0.000000    5.057819   clock reconvergence pessimism
                                 -0.034258    5.023561   library setup time
                                              5.023561   data required time
---------------------------------------------------------------------------------------------
                                              5.023561   data required time
                                             -3.270939   data arrival time
---------------------------------------------------------------------------------------------
                                              1.752622   slack (MET)




===========================================================================
report_checks --slack_max -0.01
============================================================================
======================= max_ff_n40C_1v95 Corner ===================================

No paths found.


===========================================================================
 report_check_types -max_slew -max_cap -max_fanout -violators
============================================================================
======================= max_ff_n40C_1v95 Corner ===================================

max fanout

Pin                                   Limit Fanout  Slack
---------------------------------------------------------
clkbuf_3_2__f_clk/X                      10     11        (VIOLATED)
clkbuf_3_5__f_clk/X                      10     11        (VIOLATED)
clkbuf_3_6__f_clk/X                      10     11        (VIOLATED)
clkbuf_3_7__f_clk/X                      10     11        (VIOLATED)



===========================================================================
report_parasitic_annotation -report_unannotated
============================================================================
Found 7 unannotated drivers.
 clkload0/Y
 clkload1/Y
 clkload2/X
 clkload3/Y
 clkload4/Y
 clkload5/X
 clkload6/X
Found 0 partially unannotated drivers.

===========================================================================
max slew violation count 0
max fanout violation count 4
max cap violation count 0
============================================================================

===========================================================================
check_setup -verbose -unconstrained_endpoints -multiple_clock -no_clock -no_input_delay -loops -generated_clocks
===========================================================================
