Clock: clk
Sources: clk 
Generated: no
Virtual: yes
Propagated: no
Period: 5.000000

===========================================================================
report_clock_properties
============================================================================
Clock                   Period          Waveform
----------------------------------------------------
clk                   5.000000    0.000000  2.500000

===========================================================================
report_clock_latency
============================================================================
Clock clk
rise -> rise
    min     max
0.000000 0.000000 source latency
0.305471         network latency _1419_/CLK
        0.315152 network latency _1382_/CLK
---------------
0.305471 0.315152 latency
        0.009680 skew

fall -> fall
    min     max
0.000000 0.000000 source latency
0.268742         network latency _1419_/CLK
        0.277436 network latency _1382_/CLK
---------------
0.268742 0.277436 latency
        0.008694 skew



===========================================================================
report_clock_min_period
============================================================================
clk period_min = 2.11 fmax = 473.02
