Reading timing models for corner nom_tt_025C_1v80…
Reading timing library for the 'nom_tt_025C_1v80' corner at '/home/anils_0611/.volare/volare/sky130/versions/0fe599b2afb6708d281543108caf8310912f54af/sky130A/libs.ref/sky130_fd_sc_hd/lib/sky130_fd_sc_hd__tt_025C_1v80.lib'…
Reading timing models for corner nom_ff_n40C_1v95…
Reading timing library for the 'nom_ff_n40C_1v95' corner at '/home/anils_0611/.volare/volare/sky130/versions/0fe599b2afb6708d281543108caf8310912f54af/sky130A/libs.ref/sky130_fd_sc_hd/lib/sky130_fd_sc_hd__ff_n40C_1v95.lib'…
Reading timing models for corner nom_ss_100C_1v60…
Reading timing library for the 'nom_ss_100C_1v60' corner at '/home/anils_0611/.volare/volare/sky130/versions/0fe599b2afb6708d281543108caf8310912f54af/sky130A/libs.ref/sky130_fd_sc_hd/lib/sky130_fd_sc_hd__ss_100C_1v60.lib'…
Reading OpenROAD database at '/home/anils_0611/vlsi_projects/pe_asic/pnr/config/runs/PE_run2/96-openroad-globalplacement/PE.odb'…
Reading design constraints file at '/nix/store/9hhfv2x4r4x6v55799pa58jc2yni6awy-python3.11-openlane-2.3.10/lib/python3.11/site-packages/openlane/scripts/base.sdc'…
[INFO] Using clock clk…
[INFO] Setting output delay to: 1.0
[INFO] Setting input delay to: 1.0
[INFO] Setting load to: 0.033442
[INFO] Setting clock uncertainty to: 0.25
[INFO] Setting clock transition to: 0.1499999999999999944488848768742172978818416595458984375
[INFO] Setting timing derate to: 5%
[INFO] Setting RC values…
[INFO RSZ-0027] Inserted 20 input buffers.
[INFO RSZ-0028] Inserted 50 output buffers.
[INFO RSZ-0058] Using max wire length 6335um.
Iteration | Resized | Buffers | Nets repaired | Remaining
---------------------------------------------------------
        0 |       0 |       0 |             0 |       845
      100 |      96 |       2 |             1 |       745
      200 |     183 |       3 |             2 |       645
      300 |     256 |       3 |             2 |       545
      400 |     339 |       3 |             2 |       445
      500 |     419 |       4 |             3 |       345
      600 |     504 |       4 |             3 |       245
      700 |     603 |       4 |             3 |       145
      800 |     694 |      17 |            10 |        45
    final |     763 |      66 |            26 |         0
---------------------------------------------------------
[INFO RSZ-0034] Found 3 slew violations.
[INFO RSZ-0035] Found 23 fanout violations.
[INFO RSZ-0038] Inserted 66 buffers in 26 nets.
[INFO RSZ-0039] Resized 763 instances.
Placement Analysis
---------------------------------
total displacement       2769.3 u
average displacement        2.4 u
max displacement           15.1 u
original HPWL           15698.7 u
legalized HPWL          18543.1 u
delta HPWL                   18 %

[INFO DPL-0020] Mirrored 376 instances
[INFO DPL-0021] HPWL before           18543.1 u
[INFO DPL-0022] HPWL after            17933.9 u
[INFO DPL-0023] HPWL delta               -3.3 %
[INFO] Setting RC values…
Setting global connections for newly added cells…
[INFO] Setting global connections...
Updating metrics…
Cell type report:                       Count       Area
  Fill cell                                86     322.81
  Tap cell                                202     252.74
  Timing Repair Buffer                    136     745.72
  Inverter                                 22     105.10
  Sequential cell                          67    1343.79
  Multi-Input combinational cell          665    6140.89
  Total                                  1178    8911.05
Writing OpenROAD database to '/home/anils_0611/vlsi_projects/pe_asic/pnr/config/runs/PE_run2/100-openroad-repairdesignpostgpl/PE.odb'…
Writing netlist to '/home/anils_0611/vlsi_projects/pe_asic/pnr/config/runs/PE_run2/100-openroad-repairdesignpostgpl/PE.nl.v'…
Writing powered netlist to '/home/anils_0611/vlsi_projects/pe_asic/pnr/config/runs/PE_run2/100-openroad-repairdesignpostgpl/PE.pnl.v'…
Writing layout to '/home/anils_0611/vlsi_projects/pe_asic/pnr/config/runs/PE_run2/100-openroad-repairdesignpostgpl/PE.def'…
Writing timing constraints to '/home/anils_0611/vlsi_projects/pe_asic/pnr/config/runs/PE_run2/100-openroad-repairdesignpostgpl/PE.sdc'…
