
===========================================================================
Violator List
============================================================================
[setup in-reg] b_in[2] -> _1431_/D : -1.924853
[setup in-reg] b_in[2] -> _1432_/D : -1.892237
[setup in-reg] a_in[4] -> _1426_/D : -1.796955
[setup in-reg] b_in[2] -> _1430_/D : -1.706765
[setup in-reg] b_in[1] -> _1428_/D : -1.673534
[setup in-reg] b_in[2] -> _1429_/D : -1.661849
[setup in-reg] b_in[1] -> _1427_/D : -1.656575
[setup in-reg] a_in[4] -> _1425_/D : -1.320075
[setup in-reg] b_in[2] -> _1424_/D : -1.155801
[setup reg-reg] _1376_/Q -> _1397_/D : -0.824814
[setup reg-reg] _1376_/Q -> _1396_/D : -0.809188
[setup reg-reg] _1376_/Q -> _1394_/D : -0.806381
[setup reg-reg] _1376_/Q -> _1402_/D : -0.784298
[setup reg-reg] _1376_/Q -> _1393_/D : -0.771691
[setup reg-reg] _1376_/Q -> _1395_/D : -0.729874
[setup reg-reg] _1376_/Q -> _1401_/D : -0.663822
[setup reg-reg] _1376_/Q -> _1399_/D : -0.646863
[setup reg-reg] _1376_/Q -> _1400_/D : -0.605745
[setup reg-reg] _1376_/Q -> _1391_/D : -0.567025
[setup reg-reg] _1376_/Q -> _1406_/D : -0.558359
[setup reg-reg] _1376_/Q -> _1390_/D : -0.397878
[setup reg-reg] _1376_/Q -> _1398_/D : -0.344159
[setup reg-reg] _1376_/Q -> _1405_/D : -0.304420
[setup reg-reg] _1376_/Q -> _1392_/D : -0.293399
[setup reg-reg] _1376_/Q -> _1388_/D : -0.273402
[setup in-reg] b_in[1] -> _1423_/D : -0.222538
[setup reg-out] _1376_/Q -> psum[1] : -0.186424
[setup reg-reg] _1376_/Q -> _1404_/D : -0.178729
[setup reg-reg] _1376_/Q -> _1389_/D : -0.163722
[setup in-reg] a_in[3] -> _1422_/D : -0.134580
